<?xml version="1.0" encoding="UTF-8"?>
<coverage generated="1776994081766" clover="3.2.0">
  <project timestamp="1776994081766" name="All files">
    <metrics statements="930" coveredstatements="630" conditionals="1286" coveredconditionals="672" methods="286" coveredmethods="166" elements="2502" coveredelements="1468" complexity="0" loc="930" ncloc="930" packages="3" files="9" classes="9"/>
    <package name="src">
      <metrics statements="52" coveredstatements="32" conditionals="26" coveredconditionals="16" methods="11" coveredmethods="9"/>
      <file name="App.js" path="C:\Users\msntc\Repos\Source\sns_dashboard_web\src\App.js">
        <metrics statements="52" coveredstatements="32" conditionals="26" coveredconditionals="16" methods="11" coveredmethods="9"/>
        <line num="15" count="27" type="stmt"/>
        <line num="16" count="27" type="stmt"/>
        <line num="17" count="27" type="stmt"/>
        <line num="18" count="27" type="stmt"/>
        <line num="19" count="27" type="stmt"/>
        <line num="20" count="27" type="stmt"/>
        <line num="21" count="27" type="stmt"/>
        <line num="23" count="27" type="stmt"/>
        <line num="24" count="12" type="stmt"/>
        <line num="25" count="12" type="stmt"/>
        <line num="26" count="12" type="stmt"/>
        <line num="27" count="12" type="stmt"/>
        <line num="29" count="12" type="stmt"/>
        <line num="32" count="12" type="stmt"/>
        <line num="40" count="12" type="stmt"/>
        <line num="42" count="12" type="stmt"/>
        <line num="43" count="12" type="stmt"/>
        <line num="50" count="0" type="stmt"/>
        <line num="51" count="0" type="stmt"/>
        <line num="53" count="12" type="stmt"/>
        <line num="57" count="27" type="stmt"/>
        <line num="58" count="12" type="stmt"/>
        <line num="61" count="27" type="stmt"/>
        <line num="62" count="0" type="stmt"/>
        <line num="64" count="0" type="cond" truecount="0" falsecount="5"/>
        <line num="66" count="0" type="stmt"/>
        <line num="67" count="0" type="stmt"/>
        <line num="70" count="0" type="stmt"/>
        <line num="78" count="0" type="stmt"/>
        <line num="81" count="0" type="stmt"/>
        <line num="89" count="0" type="stmt"/>
        <line num="92" count="0" type="stmt"/>
        <line num="93" count="0" type="stmt"/>
        <line num="94" count="0" type="stmt"/>
        <line num="97" count="0" type="stmt"/>
        <line num="105" count="0" type="cond" truecount="0" falsecount="2"/>
        <line num="107" count="0" type="stmt"/>
        <line num="108" count="0" type="stmt"/>
        <line num="117" count="27" type="stmt"/>
        <line num="124" count="33" type="stmt"/>
        <line num="126" count="27" type="cond" truecount="2" falsecount="0"/>
        <line num="127" count="12" type="stmt"/>
        <line num="145" count="15" type="cond" truecount="1" falsecount="1"/>
        <line num="146" count="0" type="stmt"/>
        <line num="167" count="15" type="stmt"/>
        <line num="209" count="60" type="stmt"/>
        <line num="211" count="3" type="stmt"/>
        <line num="223" count="1" type="stmt"/>
        <line num="231" count="21" type="stmt"/>
        <line num="237" count="4" type="stmt"/>
        <line num="240" count="0" type="stmt"/>
        <line num="241" count="0" type="stmt"/>
      </file>
    </package>
    <package name="src.components">
      <metrics statements="536" coveredstatements="355" conditionals="861" coveredconditionals="395" methods="191" coveredmethods="98"/>
      <file name="DashboardExecutivo.js" path="C:\Users\msntc\Repos\Source\sns_dashboard_web\src\components\DashboardExecutivo.js">
        <metrics statements="91" coveredstatements="70" conditionals="182" coveredconditionals="82" methods="33" coveredmethods="19"/>
        <line num="5" count="2" type="stmt"/>
        <line num="6" count="77" type="stmt"/>
        <line num="7" count="77" type="stmt"/>
        <line num="8" count="77" type="stmt"/>
        <line num="9" count="77" type="stmt"/>
        <line num="10" count="77" type="stmt"/>
        <line num="12" count="77" type="stmt"/>
        <line num="13" count="45" type="cond" truecount="4" falsecount="0"/>
        <line num="15" count="42" type="stmt"/>
        <line num="16" count="30" type="stmt"/>
        <line num="18" count="30" type="stmt"/>
        <line num="19" count="30" type="cond" truecount="1" falsecount="1"/>
        <line num="20" count="0" type="cond" truecount="0" falsecount="2"/>
        <line num="21" count="0" type="cond" truecount="0" falsecount="6"/>
        <line num="23" count="30" type="stmt"/>
        <line num="30" count="30" type="stmt"/>
        <line num="32" count="42" type="stmt"/>
        <line num="33" count="42" type="stmt"/>
        <line num="36" count="42" type="stmt"/>
        <line num="37" count="30" type="cond" truecount="1" falsecount="1"/>
        <line num="38" count="30" type="cond" truecount="1" falsecount="1"/>
        <line num="39" count="30" type="cond" truecount="1" falsecount="1"/>
        <line num="40" count="30" type="cond" truecount="1" falsecount="1"/>
        <line num="41" count="30" type="cond" truecount="1" falsecount="1"/>
        <line num="42" count="30" type="cond" truecount="1" falsecount="1"/>
        <line num="43" count="30" type="cond" truecount="1" falsecount="1"/>
        <line num="44" count="30" type="stmt"/>
        <line num="47" count="42" type="stmt"/>
        <line num="48" count="42" type="cond" truecount="2" falsecount="0"/>
        <line num="57" count="42" type="stmt"/>
        <line num="64" count="252" type="stmt"/>
        <line num="66" count="42" type="stmt"/>
        <line num="67" count="42" type="stmt"/>
        <line num="70" count="42" type="stmt"/>
        <line num="71" count="42" type="stmt"/>
        <line num="72" count="30" type="stmt"/>
        <line num="73" count="30" type="cond" truecount="1" falsecount="1"/>
        <line num="74" count="30" type="stmt"/>
        <line num="75" count="30" type="stmt"/>
        <line num="77" count="29" type="cond" truecount="2" falsecount="0"/>
        <line num="81" count="30" type="cond" truecount="1" falsecount="1"/>
        <line num="82" count="30" type="cond" truecount="1" falsecount="1"/>
        <line num="83" count="30" type="cond" truecount="1" falsecount="1"/>
        <line num="84" count="30" type="cond" truecount="1" falsecount="1"/>
        <line num="85" count="30" type="cond" truecount="1" falsecount="1"/>
        <line num="86" count="30" type="cond" truecount="1" falsecount="1"/>
        <line num="87" count="30" type="cond" truecount="1" falsecount="1"/>
        <line num="90" count="42" type="stmt"/>
        <line num="91" count="0" type="stmt"/>
        <line num="92" count="42" type="stmt"/>
        <line num="95" count="42" type="cond" truecount="2" falsecount="0"/>
        <line num="97" count="0" type="stmt"/>
        <line num="98" count="0" type="cond" truecount="0" falsecount="2"/>
        <line num="99" count="0" type="cond" truecount="0" falsecount="2"/>
        <line num="100" count="0" type="cond" truecount="0" falsecount="2"/>
        <line num="101" count="0" type="cond" truecount="0" falsecount="2"/>
        <line num="103" count="0" type="stmt"/>
        <line num="110" count="0" type="stmt"/>
        <line num="112" count="42" type="stmt"/>
        <line num="113" count="42" type="stmt"/>
        <line num="118" count="77" type="stmt"/>
        <line num="119" count="124" type="cond" truecount="1" falsecount="1"/>
        <line num="120" count="124" type="cond" truecount="1" falsecount="1"/>
        <line num="121" count="124" type="cond" truecount="1" falsecount="1"/>
        <line num="122" count="124" type="cond" truecount="1" falsecount="1"/>
        <line num="123" count="124" type="stmt"/>
        <line num="126" count="77" type="stmt"/>
        <line num="127" count="124" type="cond" truecount="2" falsecount="2"/>
        <line num="128" count="124" type="stmt"/>
        <line num="130" count="0" type="cond" truecount="0" falsecount="2"/>
        <line num="131" count="0" type="cond" truecount="0" falsecount="2"/>
        <line num="132" count="0" type="stmt"/>
        <line num="135" count="77" type="cond" truecount="5" falsecount="0"/>
        <line num="136" count="15" type="stmt"/>
        <line num="160" count="62" type="stmt"/>
        <line num="266" count="0" type="stmt"/>
        <line num="268" count="0" type="stmt"/>
        <line num="273" count="0" type="stmt"/>
        <line num="300" count="0" type="stmt"/>
        <line num="302" count="0" type="stmt"/>
        <line num="305" count="180" type="stmt"/>
        <line num="322" count="30" type="cond" truecount="1" falsecount="1"/>
        <line num="327" count="60" type="cond" truecount="1" falsecount="1"/>
        <line num="332" count="90" type="cond" truecount="1" falsecount="1"/>
        <line num="337" count="120" type="cond" truecount="1" falsecount="1"/>
        <line num="342" count="150" type="cond" truecount="1" falsecount="1"/>
        <line num="347" count="180" type="cond" truecount="1" falsecount="1"/>
        <line num="369" count="30" type="stmt"/>
        <line num="495" count="0" type="stmt"/>
        <line num="497" count="0" type="stmt"/>
        <line num="503" count="0" type="stmt"/>
      </file>
      <file name="DashboardFinanceiro.js" path="C:\Users\msntc\Repos\Source\sns_dashboard_web\src\components\DashboardFinanceiro.js">
        <metrics statements="93" coveredstatements="71" conditionals="112" coveredconditionals="51" methods="35" coveredmethods="22"/>
        <line num="5" count="2" type="stmt"/>
        <line num="6" count="6" type="stmt"/>
        <line num="7" count="6" type="stmt"/>
        <line num="8" count="6" type="stmt"/>
        <line num="9" count="6" type="stmt"/>
        <line num="11" count="6" type="stmt"/>
        <line num="12" count="5" type="cond" truecount="5" falsecount="0"/>
        <line num="14" count="1" type="stmt"/>
        <line num="15" count="1" type="stmt"/>
        <line num="16" count="2" type="stmt"/>
        <line num="26" count="1" type="stmt"/>
        <line num="27" count="2" type="cond" truecount="1" falsecount="1"/>
        <line num="28" count="2" type="cond" truecount="1" falsecount="1"/>
        <line num="29" count="2" type="cond" truecount="3" falsecount="3"/>
        <line num="31" count="2" type="stmt"/>
        <line num="32" count="2" type="stmt"/>
        <line num="33" count="2" type="stmt"/>
        <line num="34" count="2" type="stmt"/>
        <line num="38" count="2" type="stmt"/>
        <line num="44" count="1" type="stmt"/>
        <line num="47" count="1" type="stmt"/>
        <line num="48" count="2" type="stmt"/>
        <line num="50" count="2" type="stmt"/>
        <line num="51" count="2" type="cond" truecount="1" falsecount="1"/>
        <line num="52" count="2" type="cond" truecount="3" falsecount="3"/>
        <line num="54" count="2" type="cond" truecount="1" falsecount="1"/>
        <line num="55" count="0" type="stmt"/>
        <line num="56" count="0" type="stmt"/>
        <line num="57" count="0" type="stmt"/>
        <line num="59" count="2" type="stmt"/>
        <line num="66" count="2" type="stmt"/>
        <line num="68" count="2" type="stmt"/>
        <line num="73" count="1" type="stmt"/>
        <line num="74" count="1" type="stmt"/>
        <line num="77" count="1" type="stmt"/>
        <line num="78" count="1" type="stmt"/>
        <line num="79" count="4" type="stmt"/>
        <line num="89" count="1" type="stmt"/>
        <line num="90" count="3" type="stmt"/>
        <line num="91" count="2" type="cond" truecount="3" falsecount="1"/>
        <line num="92" count="2" type="cond" truecount="1" falsecount="1"/>
        <line num="93" count="2" type="cond" truecount="3" falsecount="3"/>
        <line num="95" count="2" type="stmt"/>
        <line num="96" count="2" type="stmt"/>
        <line num="97" count="2" type="stmt"/>
        <line num="98" count="2" type="stmt"/>
        <line num="99" count="2" type="stmt"/>
        <line num="103" count="1" type="stmt"/>
        <line num="104" count="4" type="stmt"/>
        <line num="105" count="2" type="stmt"/>
        <line num="111" count="1" type="stmt"/>
        <line num="114" count="1" type="cond" truecount="2" falsecount="0"/>
        <line num="116" count="0" type="stmt"/>
        <line num="117" count="0" type="cond" truecount="0" falsecount="2"/>
        <line num="118" count="0" type="cond" truecount="0" falsecount="2"/>
        <line num="120" count="0" type="cond" truecount="0" falsecount="2"/>
        <line num="121" count="0" type="stmt"/>
        <line num="122" count="0" type="stmt"/>
        <line num="123" count="0" type="cond" truecount="0" falsecount="2"/>
        <line num="125" count="0" type="stmt"/>
        <line num="132" count="0" type="stmt"/>
        <line num="134" count="1" type="stmt"/>
        <line num="135" count="1" type="stmt"/>
        <line num="140" count="6" type="stmt"/>
        <line num="141" count="8" type="cond" truecount="2" falsecount="0"/>
        <line num="142" count="2" type="cond" truecount="1" falsecount="1"/>
        <line num="143" count="2" type="cond" truecount="1" falsecount="1"/>
        <line num="144" count="2" type="stmt"/>
        <line num="147" count="6" type="stmt"/>
        <line num="149" count="6" type="cond" truecount="5" falsecount="0"/>
        <line num="150" count="4" type="stmt"/>
        <line num="174" count="2" type="stmt"/>
        <line num="175" count="2" type="stmt"/>
        <line num="176" count="2" type="cond" truecount="2" falsecount="0"/>
        <line num="178" count="2" type="stmt"/>
        <line num="283" count="0" type="stmt"/>
        <line num="284" count="0" type="stmt"/>
        <line num="286" count="0" type="stmt"/>
        <line num="292" count="0" type="stmt"/>
        <line num="329" count="0" type="stmt"/>
        <line num="331" count="0" type="stmt"/>
        <line num="334" count="2" type="stmt"/>
        <line num="361" count="1" type="stmt"/>
        <line num="363" count="2" type="stmt"/>
        <line num="394" count="2" type="cond" truecount="2" falsecount="2"/>
        <line num="395" count="2" type="cond" truecount="2" falsecount="2"/>
        <line num="396" count="2" type="cond" truecount="2" falsecount="2"/>
        <line num="397" count="2" type="cond" truecount="2" falsecount="2"/>
        <line num="399" count="2" type="stmt"/>
        <line num="455" count="0" type="stmt"/>
        <line num="456" count="0" type="stmt"/>
        <line num="458" count="0" type="stmt"/>
        <line num="464" count="0" type="stmt"/>
      </file>
      <file name="DashboardOperacional.js" path="C:\Users\msntc\Repos\Source\sns_dashboard_web\src\components\DashboardOperacional.js">
        <metrics statements="147" coveredstatements="69" conditionals="280" coveredconditionals="120" methods="65" coveredmethods="15"/>
        <line num="5" count="2" type="stmt"/>
        <line num="6" count="160" type="stmt"/>
        <line num="7" count="160" type="stmt"/>
        <line num="8" count="160" type="stmt"/>
        <line num="9" count="160" type="stmt"/>
        <line num="10" count="160" type="stmt"/>
        <line num="11" count="160" type="stmt"/>
        <line num="13" count="160" type="stmt"/>
        <line num="14" count="83" type="cond" truecount="4" falsecount="0"/>
        <line num="16" count="77" type="stmt"/>
        <line num="17" count="124" type="cond" truecount="3" falsecount="0"/>
        <line num="19" count="0" type="stmt"/>
        <line num="20" count="0" type="cond" truecount="0" falsecount="2"/>
        <line num="21" count="0" type="cond" truecount="0" falsecount="2"/>
        <line num="22" count="0" type="cond" truecount="0" falsecount="6"/>
        <line num="23" count="0" type="cond" truecount="0" falsecount="2"/>
        <line num="24" count="0" type="cond" truecount="0" falsecount="2"/>
        <line num="25" count="0" type="stmt"/>
        <line num="27" count="0" type="stmt"/>
        <line num="36" count="0" type="stmt"/>
        <line num="38" count="0" type="stmt"/>
        <line num="44" count="77" type="stmt"/>
        <line num="45" count="77" type="stmt"/>
        <line num="48" count="77" type="stmt"/>
        <line num="49" count="77" type="stmt"/>
        <line num="50" count="124" type="cond" truecount="3" falsecount="0"/>
        <line num="52" count="0" type="stmt"/>
        <line num="53" count="0" type="cond" truecount="0" falsecount="2"/>
        <line num="54" count="0" type="stmt"/>
        <line num="55" count="0" type="stmt"/>
        <line num="68" count="0" type="cond" truecount="0" falsecount="2"/>
        <line num="69" count="0" type="cond" truecount="0" falsecount="6"/>
        <line num="70" count="0" type="cond" truecount="0" falsecount="2"/>
        <line num="71" count="0" type="cond" truecount="0" falsecount="2"/>
        <line num="72" count="0" type="stmt"/>
        <line num="75" count="77" type="stmt"/>
        <line num="76" count="0" type="stmt"/>
        <line num="83" count="77" type="stmt"/>
        <line num="84" count="77" type="stmt"/>
        <line num="87" count="77" type="cond" truecount="2" falsecount="0"/>
        <line num="89" count="0" type="stmt"/>
        <line num="90" count="0" type="cond" truecount="0" falsecount="2"/>
        <line num="91" count="0" type="cond" truecount="0" falsecount="2"/>
        <line num="92" count="0" type="cond" truecount="0" falsecount="2"/>
        <line num="93" count="0" type="cond" truecount="0" falsecount="2"/>
        <line num="94" count="0" type="cond" truecount="0" falsecount="6"/>
        <line num="96" count="0" type="cond" truecount="0" falsecount="6"/>
        <line num="97" count="0" type="cond" truecount="0" falsecount="2"/>
        <line num="99" count="0" type="cond" truecount="0" falsecount="6"/>
        <line num="100" count="0" type="stmt"/>
        <line num="110" count="0" type="stmt"/>
        <line num="112" count="77" type="stmt"/>
        <line num="113" count="77" type="stmt"/>
        <line num="116" count="77" type="stmt"/>
        <line num="117" count="124" type="cond" truecount="2" falsecount="0"/>
        <line num="118" count="124" type="cond" truecount="2" falsecount="0"/>
        <line num="119" count="124" type="cond" truecount="2" falsecount="0"/>
        <line num="120" count="124" type="cond" truecount="2" falsecount="0"/>
        <line num="121" count="124" type="cond" truecount="2" falsecount="0"/>
        <line num="122" count="124" type="cond" truecount="2" falsecount="0"/>
        <line num="123" count="124" type="cond" truecount="2" falsecount="0"/>
        <line num="124" count="124" type="cond" truecount="2" falsecount="0"/>
        <line num="125" count="124" type="stmt"/>
        <line num="128" count="77" type="stmt"/>
        <line num="129" count="77" type="cond" truecount="2" falsecount="0"/>
        <line num="138" count="77" type="stmt"/>
        <line num="139" count="77" type="stmt"/>
        <line num="140" count="124" type="stmt"/>
        <line num="141" count="124" type="cond" truecount="2" falsecount="0"/>
        <line num="142" count="75" type="stmt"/>
        <line num="143" count="75" type="stmt"/>
        <line num="145" count="74" type="cond" truecount="2" falsecount="0"/>
        <line num="149" count="124" type="cond" truecount="2" falsecount="0"/>
        <line num="150" count="124" type="cond" truecount="2" falsecount="0"/>
        <line num="151" count="124" type="cond" truecount="2" falsecount="0"/>
        <line num="152" count="124" type="cond" truecount="2" falsecount="0"/>
        <line num="153" count="124" type="cond" truecount="2" falsecount="0"/>
        <line num="154" count="124" type="cond" truecount="2" falsecount="0"/>
        <line num="155" count="124" type="cond" truecount="2" falsecount="0"/>
        <line num="158" count="77" type="stmt"/>
        <line num="161" count="0" type="stmt"/>
        <line num="167" count="160" type="stmt"/>
        <line num="168" count="296" type="cond" truecount="1" falsecount="1"/>
        <line num="169" count="296" type="cond" truecount="1" falsecount="1"/>
        <line num="170" count="296" type="cond" truecount="1" falsecount="1"/>
        <line num="171" count="296" type="stmt"/>
        <line num="174" count="160" type="stmt"/>
        <line num="175" count="296" type="cond" truecount="1" falsecount="1"/>
        <line num="176" count="296" type="cond" truecount="1" falsecount="1"/>
        <line num="177" count="296" type="stmt"/>
        <line num="180" count="160" type="stmt"/>
        <line num="181" count="0" type="cond" truecount="0" falsecount="4"/>
        <line num="182" count="0" type="cond" truecount="0" falsecount="4"/>
        <line num="183" count="0" type="stmt"/>
        <line num="186" count="160" type="stmt"/>
        <line num="187" count="160" type="stmt"/>
        <line num="188" count="0" type="stmt"/>
        <line num="191" count="160" type="cond" truecount="5" falsecount="0"/>
        <line num="192" count="12" type="stmt"/>
        <line num="216" count="148" type="stmt"/>
        <line num="225" count="0" type="stmt"/>
        <line num="229" count="294" type="stmt"/>
        <line num="241" count="0" type="stmt"/>
        <line num="245" count="294" type="stmt"/>
        <line num="266" count="0" type="stmt"/>
        <line num="270" count="0" type="stmt"/>
        <line num="274" count="0" type="stmt"/>
        <line num="285" count="0" type="stmt"/>
        <line num="286" count="0" type="stmt"/>
        <line num="287" count="0" type="stmt"/>
        <line num="290" count="0" type="stmt"/>
        <line num="291" count="0" type="stmt"/>
        <line num="292" count="0" type="stmt"/>
        <line num="295" count="0" type="cond" truecount="1" falsecount="1"/>
        <line num="296" count="0" type="stmt"/>
        <line num="297" count="0" type="stmt"/>
        <line num="298" count="0" type="stmt"/>
        <line num="311" count="0" type="stmt"/>
        <line num="381" count="0" type="stmt"/>
        <line num="383" count="0" type="stmt"/>
        <line num="393" count="438" type="stmt"/>
        <line num="482" count="72" type="stmt"/>
        <line num="516" count="0" type="stmt"/>
        <line num="517" count="0" type="stmt"/>
        <line num="519" count="0" type="stmt"/>
        <line num="525" count="0" type="stmt"/>
        <line num="567" count="0" type="cond" truecount="0" falsecount="5"/>
        <line num="568" count="0" type="stmt"/>
        <line num="569" count="0" type="stmt"/>
        <line num="578" count="0" type="stmt"/>
        <line num="604" count="0" type="stmt"/>
        <line num="605" count="0" type="stmt"/>
        <line num="607" count="0" type="stmt"/>
        <line num="614" count="0" type="stmt"/>
        <line num="677" count="0" type="stmt"/>
        <line num="723" count="0" type="stmt"/>
        <line num="762" count="592" type="stmt"/>
        <line num="764" count="0" type="stmt"/>
        <line num="766" count="0" type="stmt"/>
        <line num="767" count="0" type="stmt"/>
        <line num="768" count="0" type="stmt"/>
        <line num="769" count="0" type="stmt"/>
        <line num="772" count="0" type="cond" truecount="0" falsecount="4"/>
        <line num="773" count="0" type="cond" truecount="0" falsecount="4"/>
        <line num="774" count="0" type="cond" truecount="0" falsecount="4"/>
        <line num="775" count="0" type="cond" truecount="0" falsecount="4"/>
        <line num="777" count="0" type="stmt"/>
      </file>
      <file name="DashboardRH.js" path="C:\Users\msntc\Repos\Source\sns_dashboard_web\src\components\DashboardRH.js">
        <metrics statements="110" coveredstatements="91" conditionals="242" coveredconditionals="119" methods="42" coveredmethods="31"/>
        <line num="5" count="2" type="stmt"/>
        <line num="6" count="7" type="stmt"/>
        <line num="7" count="7" type="stmt"/>
        <line num="8" count="7" type="stmt"/>
        <line num="9" count="7" type="stmt"/>
        <line num="10" count="7" type="stmt"/>
        <line num="12" count="7" type="stmt"/>
        <line num="13" count="6" type="cond" truecount="5" falsecount="0"/>
        <line num="15" count="1" type="stmt"/>
        <line num="16" count="1" type="stmt"/>
        <line num="17" count="2" type="cond" truecount="2" falsecount="1"/>
        <line num="19" count="2" type="stmt"/>
        <line num="20" count="2" type="cond" truecount="2" falsecount="0"/>
        <line num="21" count="1" type="stmt"/>
        <line num="22" count="1" type="stmt"/>
        <line num="35" count="2" type="cond" truecount="2" falsecount="4"/>
        <line num="36" count="2" type="cond" truecount="1" falsecount="1"/>
        <line num="37" count="2" type="cond" truecount="1" falsecount="1"/>
        <line num="38" count="2" type="cond" truecount="1" falsecount="1"/>
        <line num="39" count="2" type="cond" truecount="1" falsecount="1"/>
        <line num="40" count="2" type="cond" truecount="1" falsecount="1"/>
        <line num="41" count="2" type="stmt"/>
        <line num="45" count="1" type="stmt"/>
        <line num="46" count="1" type="stmt"/>
        <line num="48" count="1" type="stmt"/>
        <line num="49" count="1" type="stmt"/>
        <line num="51" count="1" type="stmt"/>
        <line num="61" count="2" type="stmt"/>
        <line num="64" count="1" type="stmt"/>
        <line num="65" count="1" type="stmt"/>
        <line num="68" count="1" type="stmt"/>
        <line num="69" count="2" type="cond" truecount="2" falsecount="4"/>
        <line num="71" count="2" type="stmt"/>
        <line num="72" count="2" type="cond" truecount="1" falsecount="1"/>
        <line num="73" count="0" type="cond" truecount="0" falsecount="2"/>
        <line num="74" count="0" type="cond" truecount="0" falsecount="2"/>
        <line num="75" count="0" type="cond" truecount="0" falsecount="2"/>
        <line num="76" count="0" type="cond" truecount="0" falsecount="2"/>
        <line num="77" count="0" type="stmt"/>
        <line num="79" count="2" type="stmt"/>
        <line num="88" count="2" type="stmt"/>
        <line num="91" count="2" type="stmt"/>
        <line num="92" count="2" type="stmt"/>
        <line num="94" count="2" type="stmt"/>
        <line num="103" count="1" type="stmt"/>
        <line num="104" count="1" type="stmt"/>
        <line num="107" count="1" type="stmt"/>
        <line num="108" count="1" type="stmt"/>
        <line num="109" count="1" type="stmt"/>
        <line num="118" count="1" type="stmt"/>
        <line num="119" count="1" type="stmt"/>
        <line num="122" count="1" type="stmt"/>
        <line num="123" count="1" type="stmt"/>
        <line num="124" count="2" type="stmt"/>
        <line num="135" count="1" type="stmt"/>
        <line num="136" count="1" type="cond" truecount="1" falsecount="1"/>
        <line num="137" count="1" type="stmt"/>
        <line num="138" count="1" type="stmt"/>
        <line num="139" count="1" type="stmt"/>
        <line num="140" count="1" type="stmt"/>
        <line num="141" count="1" type="stmt"/>
        <line num="145" count="1" type="stmt"/>
        <line num="146" count="2" type="stmt"/>
        <line num="148" count="1" type="stmt"/>
        <line num="149" count="1" type="stmt"/>
        <line num="151" count="1" type="stmt"/>
        <line num="161" count="1" type="stmt"/>
        <line num="164" count="1" type="cond" truecount="1" falsecount="1"/>
        <line num="165" count="1" type="stmt"/>
        <line num="170" count="1" type="cond" truecount="1" falsecount="1"/>
        <line num="171" count="1" type="cond" truecount="1" falsecount="1"/>
        <line num="172" count="1" type="stmt"/>
        <line num="185" count="1" type="stmt"/>
        <line num="191" count="7" type="stmt"/>
        <line num="192" count="7" type="cond" truecount="2" falsecount="0"/>
        <line num="193" count="5" type="cond" truecount="1" falsecount="1"/>
        <line num="194" count="0" type="stmt"/>
        <line num="197" count="7" type="stmt"/>
        <line num="198" count="2" type="stmt"/>
        <line num="199" count="2" type="cond" truecount="1" falsecount="1"/>
        <line num="200" count="2" type="cond" truecount="1" falsecount="1"/>
        <line num="201" count="2" type="stmt"/>
        <line num="204" count="7" type="cond" truecount="5" falsecount="0"/>
        <line num="205" count="5" type="stmt"/>
        <line num="229" count="2" type="stmt"/>
        <line num="230" count="2" type="stmt"/>
        <line num="231" count="2" type="stmt"/>
        <line num="232" count="2" type="cond" truecount="2" falsecount="0"/>
        <line num="233" count="2" type="cond" truecount="2" falsecount="0"/>
        <line num="234" count="1" type="stmt"/>
        <line num="236" count="2" type="stmt"/>
        <line num="297" count="0" type="stmt"/>
        <line num="299" count="0" type="stmt"/>
        <line num="312" count="9" type="stmt"/>
        <line num="417" count="2" type="stmt"/>
        <line num="449" count="0" type="stmt"/>
        <line num="450" count="0" type="stmt"/>
        <line num="452" count="0" type="stmt"/>
        <line num="459" count="0" type="stmt"/>
        <line num="510" count="0" type="cond" truecount="0" falsecount="5"/>
        <line num="511" count="0" type="stmt"/>
        <line num="512" count="0" type="stmt"/>
        <line num="522" count="0" type="stmt"/>
        <line num="541" count="1" type="stmt"/>
        <line num="589" count="1" type="stmt"/>
        <line num="647" count="1" type="stmt"/>
        <line num="648" count="0" type="stmt"/>
        <line num="651" count="0" type="stmt"/>
        <line num="652" count="0" type="stmt"/>
        <line num="694" count="1" type="stmt"/>
      </file>
      <file name="PeriodFilter.js" path="C:\Users\msntc\Repos\Source\sns_dashboard_web\src\components\PeriodFilter.js">
        <metrics statements="75" coveredstatements="37" conditionals="34" coveredconditionals="16" methods="14" coveredmethods="9"/>
        <line num="3" count="2" type="cond" truecount="1" falsecount="0"/>
        <line num="4" count="98" type="stmt"/>
        <line num="5" count="98" type="stmt"/>
        <line num="6" count="98" type="stmt"/>
        <line num="9" count="98" type="stmt"/>
        <line num="20" count="98" type="stmt"/>
        <line num="22" count="93" type="stmt"/>
        <line num="23" count="1" type="stmt"/>
        <line num="26" count="93" type="stmt"/>
        <line num="29" count="98" type="stmt"/>
        <line num="30" count="1" type="stmt"/>
        <line num="32" count="1" type="stmt"/>
        <line num="35" count="1" type="cond" truecount="1" falsecount="8"/>
        <line num="37" count="0" type="stmt"/>
        <line num="38" count="0" type="stmt"/>
        <line num="39" count="0" type="stmt"/>
        <line num="42" count="0" type="stmt"/>
        <line num="43" count="0" type="stmt"/>
        <line num="44" count="0" type="stmt"/>
        <line num="47" count="0" type="stmt"/>
        <line num="48" count="0" type="stmt"/>
        <line num="49" count="0" type="stmt"/>
        <line num="53" count="0" type="stmt"/>
        <line num="54" count="0" type="stmt"/>
        <line num="55" count="0" type="stmt"/>
        <line num="59" count="0" type="stmt"/>
        <line num="60" count="0" type="stmt"/>
        <line num="61" count="0" type="stmt"/>
        <line num="65" count="0" type="stmt"/>
        <line num="66" count="0" type="stmt"/>
        <line num="67" count="0" type="stmt"/>
        <line num="71" count="1" type="stmt"/>
        <line num="72" count="1" type="stmt"/>
        <line num="73" count="1" type="stmt"/>
        <line num="77" count="0" type="cond" truecount="0" falsecount="2"/>
        <line num="78" count="0" type="stmt"/>
        <line num="79" count="0" type="stmt"/>
        <line num="81" count="0" type="stmt"/>
        <line num="82" count="0" type="stmt"/>
        <line num="84" count="0" type="stmt"/>
        <line num="87" count="0" type="stmt"/>
        <line num="90" count="1" type="stmt"/>
        <line num="91" count="1" type="stmt"/>
        <line num="93" count="1" type="cond" truecount="1" falsecount="1"/>
        <line num="94" count="1" type="stmt"/>
        <line num="98" count="98" type="stmt"/>
        <line num="99" count="2" type="stmt"/>
        <line num="102" count="98" type="stmt"/>
        <line num="103" count="0" type="cond" truecount="0" falsecount="4"/>
        <line num="104" count="0" type="stmt"/>
        <line num="105" count="0" type="stmt"/>
        <line num="107" count="0" type="cond" truecount="0" falsecount="2"/>
        <line num="108" count="0" type="stmt"/>
        <line num="110" count="0" type="stmt"/>
        <line num="115" count="98" type="stmt"/>
        <line num="116" count="0" type="stmt"/>
        <line num="117" count="0" type="stmt"/>
        <line num="120" count="98" type="stmt"/>
        <line num="121" count="98" type="cond" truecount="4" falsecount="0"/>
        <line num="123" count="1" type="stmt"/>
        <line num="124" count="1" type="stmt"/>
        <line num="125" count="1" type="stmt"/>
        <line num="128" count="1" type="cond" truecount="3" falsecount="1"/>
        <line num="129" count="0" type="stmt"/>
        <line num="132" count="1" type="stmt"/>
        <line num="133" count="1" type="stmt"/>
        <line num="134" count="1" type="stmt"/>
        <line num="136" count="1" type="stmt"/>
        <line num="138" count="0" type="stmt"/>
        <line num="142" count="98" type="stmt"/>
        <line num="158" count="0" type="stmt"/>
        <line num="162" count="784" type="stmt"/>
        <line num="176" count="0" type="stmt"/>
        <line num="190" count="0" type="stmt"/>
        <line num="211" count="783" type="stmt"/>
      </file>
      <file name="PeriodSummary.js" path="C:\Users\msntc\Repos\Source\sns_dashboard_web\src\components\PeriodSummary.js">
        <metrics statements="20" coveredstatements="17" conditionals="11" coveredconditionals="7" methods="2" coveredmethods="2"/>
        <line num="4" count="2" type="stmt"/>
        <line num="5" count="3" type="cond" truecount="4" falsecount="1"/>
        <line num="6" count="0" type="stmt"/>
        <line num="10" count="3" type="stmt"/>
        <line num="11" count="6" type="stmt"/>
        <line num="18" count="3" type="stmt"/>
        <line num="19" count="3" type="stmt"/>
        <line num="20" count="3" type="stmt"/>
        <line num="21" count="3" type="stmt"/>
        <line num="22" count="3" type="stmt"/>
        <line num="23" count="3" type="stmt"/>
        <line num="26" count="3" type="stmt"/>
        <line num="29" count="3" type="stmt"/>
        <line num="30" count="3" type="stmt"/>
        <line num="33" count="3" type="cond" truecount="3" falsecount="1"/>
        <line num="34" count="3" type="stmt"/>
        <line num="35" count="0" type="cond" truecount="0" falsecount="2"/>
        <line num="37" count="0" type="stmt"/>
        <line num="41" count="3" type="stmt"/>
        <line num="43" count="3" type="stmt"/>
      </file>
    </package>
    <package name="src.utils">
      <metrics statements="342" coveredstatements="243" conditionals="399" coveredconditionals="261" methods="84" coveredmethods="59"/>
      <file name="dataLoader.js" path="C:\Users\msntc\Repos\Source\sns_dashboard_web\src\utils\dataLoader.js">
        <metrics statements="317" coveredstatements="218" conditionals="374" coveredconditionals="236" methods="79" coveredmethods="54"/>
        <line num="4" count="1" type="stmt"/>
        <line num="7" count="1" type="cond" truecount="1" falsecount="0"/>
        <line num="8" count="2" type="stmt"/>
        <line num="11" count="2" type="cond" truecount="1" falsecount="1"/>
        <line num="12" count="0" type="stmt"/>
        <line num="15" count="2" type="stmt"/>
        <line num="16" count="2" type="stmt"/>
        <line num="24" count="2" type="cond" truecount="1" falsecount="1"/>
        <line num="25" count="0" type="stmt"/>
        <line num="27" count="2" type="stmt"/>
        <line num="28" count="2" type="stmt"/>
        <line num="31" count="0" type="stmt"/>
        <line num="32" count="0" type="stmt"/>
        <line num="39" count="1" type="stmt"/>
        <line num="40" count="0" type="stmt"/>
        <line num="50" count="0" type="stmt"/>
        <line num="61" count="0" type="stmt"/>
        <line num="72" count="0" type="stmt"/>
        <line num="73" count="0" type="stmt"/>
        <line num="78" count="1" type="stmt"/>
        <line num="79" count="47" type="stmt"/>
        <line num="84" count="1" type="stmt"/>
        <line num="85" count="9" type="cond" truecount="3" falsecount="1"/>
        <line num="89" count="9" type="stmt"/>
        <line num="120" count="9" type="stmt"/>
        <line num="121" count="10" type="cond" truecount="2" falsecount="0"/>
        <line num="122" count="10" type="stmt"/>
        <line num="126" count="10" type="cond" truecount="7" falsecount="1"/>
        <line num="135" count="10" type="stmt"/>
        <line num="136" count="10" type="stmt"/>
        <line num="138" count="10" type="cond" truecount="2" falsecount="2"/>
        <line num="140" count="0" type="stmt"/>
        <line num="141" count="0" type="cond" truecount="0" falsecount="2"/>
        <line num="142" count="0" type="cond" truecount="0" falsecount="2"/>
        <line num="147" count="10" type="cond" truecount="2" falsecount="2"/>
        <line num="148" count="10" type="cond" truecount="2" falsecount="2"/>
        <line num="150" count="10" type="stmt"/>
        <line num="162" count="1" type="stmt"/>
        <line num="163" count="9" type="cond" truecount="3" falsecount="1"/>
        <line num="165" count="9" type="stmt"/>
        <line num="166" count="9" type="stmt"/>
        <line num="167" count="9" type="stmt"/>
        <line num="170" count="10" type="stmt"/>
        <line num="171" count="9" type="stmt"/>
        <line num="172" count="9" type="cond" truecount="1" falsecount="1"/>
        <line num="174" count="0" type="stmt"/>
        <line num="177" count="0" type="cond" truecount="0" falsecount="5"/>
        <line num="178" count="0" type="stmt"/>
        <line num="182" count="0" type="stmt"/>
        <line num="183" count="0" type="stmt"/>
        <line num="184" count="0" type="stmt"/>
        <line num="185" count="0" type="cond" truecount="0" falsecount="2"/>
        <line num="186" count="0" type="stmt"/>
        <line num="194" count="0" type="cond" truecount="0" falsecount="2"/>
        <line num="195" count="0" type="cond" truecount="0" falsecount="2"/>
        <line num="196" count="0" type="cond" truecount="0" falsecount="2"/>
        <line num="200" count="0" type="stmt"/>
        <line num="201" count="0" type="stmt"/>
        <line num="202" count="0" type="stmt"/>
        <line num="203" count="0" type="stmt"/>
        <line num="207" count="0" type="stmt"/>
        <line num="208" count="0" type="stmt"/>
        <line num="209" count="0" type="stmt"/>
        <line num="211" count="0" type="cond" truecount="0" falsecount="3"/>
        <line num="212" count="0" type="stmt"/>
        <line num="213" count="0" type="stmt"/>
        <line num="215" count="0" type="stmt"/>
        <line num="217" count="0" type="stmt"/>
        <line num="218" count="0" type="stmt"/>
        <line num="220" count="0" type="stmt"/>
        <line num="243" count="0" type="stmt"/>
        <line num="244" count="0" type="cond" truecount="0" falsecount="2"/>
        <line num="245" count="0" type="stmt"/>
        <line num="246" count="0" type="stmt"/>
        <line num="250" count="0" type="stmt"/>
        <line num="254" count="1" type="stmt"/>
        <line num="255" count="11" type="stmt"/>
        <line num="257" count="11" type="cond" truecount="4" falsecount="0"/>
        <line num="258" count="2" type="stmt"/>
        <line num="262" count="9" type="stmt"/>
        <line num="265" count="9" type="stmt"/>
        <line num="268" count="10" type="cond" truecount="2" falsecount="0"/>
        <line num="271" count="10" type="cond" truecount="2" falsecount="0"/>
        <line num="272" count="10" type="cond" truecount="2" falsecount="0"/>
        <line num="273" count="10" type="cond" truecount="2" falsecount="0"/>
        <line num="274" count="10" type="cond" truecount="2" falsecount="0"/>
        <line num="275" count="10" type="cond" truecount="2" falsecount="0"/>
        <line num="276" count="10" type="cond" truecount="2" falsecount="0"/>
        <line num="277" count="10" type="cond" truecount="2" falsecount="0"/>
        <line num="278" count="10" type="cond" truecount="2" falsecount="0"/>
        <line num="279" count="10" type="cond" truecount="2" falsecount="0"/>
        <line num="282" count="9" type="stmt"/>
        <line num="283" count="9" type="cond" truecount="2" falsecount="0"/>
        <line num="286" count="9" type="stmt"/>
        <line num="287" count="9" type="cond" truecount="2" falsecount="0"/>
        <line num="290" count="10" type="cond" truecount="2" falsecount="0"/>
        <line num="291" count="10" type="cond" truecount="2" falsecount="0"/>
        <line num="292" count="10" type="cond" truecount="2" falsecount="0"/>
        <line num="293" count="9" type="stmt"/>
        <line num="296" count="9" type="cond" truecount="2" falsecount="0"/>
        <line num="297" count="9" type="cond" truecount="2" falsecount="0"/>
        <line num="298" count="9" type="cond" truecount="2" falsecount="0"/>
        <line num="299" count="9" type="cond" truecount="2" falsecount="0"/>
        <line num="302" count="9" type="stmt"/>
        <line num="303" count="9" type="stmt"/>
        <line num="304" count="9" type="stmt"/>
        <line num="307" count="9" type="stmt"/>
        <line num="308" count="9" type="cond" truecount="2" falsecount="2"/>
        <line num="309" count="0" type="stmt"/>
        <line num="310" count="0" type="cond" truecount="0" falsecount="2"/>
        <line num="311" count="0" type="cond" truecount="0" falsecount="2"/>
        <line num="316" count="9" type="stmt"/>
        <line num="317" count="9" type="stmt"/>
        <line num="318" count="9" type="cond" truecount="2" falsecount="0"/>
        <line num="319" count="9" type="stmt"/>
        <line num="322" count="9" type="stmt"/>
        <line num="323" count="9" type="cond" truecount="1" falsecount="1"/>
        <line num="324" count="9" type="cond" truecount="2" falsecount="0"/>
        <line num="325" count="8" type="cond" truecount="1" falsecount="1"/>
        <line num="326" count="8" type="cond" truecount="2" falsecount="0"/>
        <line num="329" count="9" type="stmt"/>
        <line num="330" count="9" type="cond" truecount="2" falsecount="0"/>
        <line num="331" count="4" type="cond" truecount="1" falsecount="1"/>
        <line num="333" count="9" type="stmt"/>
        <line num="334" count="9" type="cond" truecount="2" falsecount="0"/>
        <line num="335" count="6" type="cond" truecount="1" falsecount="1"/>
        <line num="337" count="9" type="stmt"/>
        <line num="338" count="9" type="cond" truecount="1" falsecount="1"/>
        <line num="339" count="9" type="cond" truecount="1" falsecount="1"/>
        <line num="342" count="9" type="cond" truecount="2" falsecount="0"/>
        <line num="343" count="9" type="cond" truecount="1" falsecount="1"/>
        <line num="345" count="9" type="stmt"/>
        <line num="404" count="1" type="stmt"/>
        <line num="405" count="4" type="cond" truecount="4" falsecount="0"/>
        <line num="407" count="2" type="stmt"/>
        <line num="408" count="7" type="stmt"/>
        <line num="409" count="7" type="cond" truecount="2" falsecount="0"/>
        <line num="412" count="5" type="stmt"/>
        <line num="413" count="5" type="stmt"/>
        <line num="415" count="5" type="cond" truecount="2" falsecount="0"/>
        <line num="420" count="1" type="stmt"/>
        <line num="421" count="4" type="cond" truecount="4" falsecount="0"/>
        <line num="423" count="3" type="stmt"/>
        <line num="427" count="6" type="cond" truecount="2" falsecount="0"/>
        <line num="429" count="2" type="stmt"/>
        <line num="430" count="4" type="cond" truecount="2" falsecount="0"/>
        <line num="432" count="2" type="stmt"/>
        <line num="433" count="2" type="cond" truecount="1" falsecount="1"/>
        <line num="436" count="2" type="stmt"/>
        <line num="439" count="4" type="cond" truecount="2" falsecount="0"/>
        <line num="444" count="1" type="stmt"/>
        <line num="445" count="6" type="cond" truecount="5" falsecount="0"/>
        <line num="447" count="3" type="stmt"/>
        <line num="451" count="1" type="stmt"/>
        <line num="452" count="2" type="cond" truecount="5" falsecount="0"/>
        <line num="454" count="3" type="stmt"/>
        <line num="458" count="1" type="stmt"/>
        <line num="459" count="4" type="cond" truecount="4" falsecount="0"/>
        <line num="461" count="2" type="stmt"/>
        <line num="463" count="2" type="stmt"/>
        <line num="464" count="5" type="stmt"/>
        <line num="465" count="5" type="cond" truecount="2" falsecount="0"/>
        <line num="466" count="4" type="stmt"/>
        <line num="476" count="5" type="cond" truecount="1" falsecount="1"/>
        <line num="477" count="5" type="cond" truecount="6" falsecount="0"/>
        <line num="478" count="5" type="cond" truecount="2" falsecount="0"/>
        <line num="479" count="5" type="cond" truecount="2" falsecount="0"/>
        <line num="480" count="5" type="stmt"/>
        <line num="483" count="2" type="stmt"/>
        <line num="487" count="1" type="stmt"/>
        <line num="488" count="4" type="cond" truecount="5" falsecount="0"/>
        <line num="490" count="3" type="stmt"/>
        <line num="491" count="3" type="stmt"/>
        <line num="494" count="3" type="stmt"/>
        <line num="496" count="3" type="stmt"/>
        <line num="497" count="6" type="stmt"/>
        <line num="506" count="3" type="stmt"/>
        <line num="507" count="6" type="stmt"/>
        <line num="508" count="6" type="cond" truecount="1" falsecount="1"/>
        <line num="509" count="6" type="cond" truecount="1" falsecount="1"/>
        <line num="510" count="6" type="cond" truecount="6" falsecount="0"/>
        <line num="511" count="6" type="cond" truecount="1" falsecount="1"/>
        <line num="512" count="6" type="cond" truecount="1" falsecount="1"/>
        <line num="517" count="3" type="stmt"/>
        <line num="518" count="6" type="cond" truecount="2" falsecount="0"/>
        <line num="519" count="6" type="cond" truecount="2" falsecount="0"/>
        <line num="520" count="6" type="cond" truecount="2" falsecount="0"/>
        <line num="522" count="6" type="stmt"/>
        <line num="531" count="3" type="stmt"/>
        <line num="532" count="6" type="stmt"/>
        <line num="533" count="6" type="stmt"/>
        <line num="535" count="3" type="stmt"/>
        <line num="546" count="1" type="cond" truecount="2" falsecount="0"/>
        <line num="547" count="8" type="cond" truecount="4" falsecount="0"/>
        <line num="550" count="4" type="stmt"/>
        <line num="551" count="4" type="cond" truecount="2" falsecount="2"/>
        <line num="552" count="0" type="stmt"/>
        <line num="553" count="0" type="stmt"/>
        <line num="554" count="0" type="cond" truecount="0" falsecount="2"/>
        <line num="557" count="0" type="stmt"/>
        <line num="558" count="0" type="stmt"/>
        <line num="560" count="0" type="cond" truecount="0" falsecount="2"/>
        <line num="564" count="4" type="stmt"/>
        <line num="565" count="4" type="stmt"/>
        <line num="572" count="4" type="stmt"/>
        <line num="573" count="5" type="stmt"/>
        <line num="574" count="5" type="stmt"/>
        <line num="576" count="5" type="cond" truecount="2" falsecount="0"/>
        <line num="577" count="4" type="stmt"/>
        <line num="585" count="5" type="stmt"/>
        <line num="586" count="5" type="stmt"/>
        <line num="587" count="10" type="cond" truecount="2" falsecount="0"/>
        <line num="588" count="10" type="cond" truecount="2" falsecount="0"/>
        <line num="589" count="10" type="cond" truecount="2" falsecount="0"/>
        <line num="590" count="10" type="cond" truecount="2" falsecount="0"/>
        <line num="591" count="10" type="cond" truecount="2" falsecount="0"/>
        <line num="592" count="10" type="cond" truecount="2" falsecount="0"/>
        <line num="593" count="10" type="cond" truecount="2" falsecount="0"/>
        <line num="594" count="10" type="cond" truecount="2" falsecount="0"/>
        <line num="595" count="10" type="cond" truecount="4" falsecount="0"/>
        <line num="596" count="10" type="cond" truecount="2" falsecount="0"/>
        <line num="597" count="10" type="cond" truecount="2" falsecount="0"/>
        <line num="598" count="10" type="cond" truecount="2" falsecount="0"/>
        <line num="599" count="10" type="cond" truecount="2" falsecount="0"/>
        <line num="603" count="4" type="stmt"/>
        <line num="604" count="0" type="stmt"/>
        <line num="620" count="1" type="stmt"/>
        <line num="621" count="0" type="cond" truecount="0" falsecount="4"/>
        <line num="624" count="0" type="stmt"/>
        <line num="625" count="0" type="cond" truecount="0" falsecount="2"/>
        <line num="626" count="0" type="cond" truecount="0" falsecount="2"/>
        <line num="627" count="0" type="stmt"/>
        <line num="630" count="0" type="stmt"/>
        <line num="631" count="0" type="cond" truecount="0" falsecount="2"/>
        <line num="632" count="0" type="cond" truecount="0" falsecount="2"/>
        <line num="633" count="0" type="stmt"/>
        <line num="636" count="0" type="stmt"/>
        <line num="637" count="0" type="cond" truecount="0" falsecount="2"/>
        <line num="638" count="0" type="cond" truecount="0" falsecount="2"/>
        <line num="640" count="0" type="stmt"/>
        <line num="641" count="0" type="stmt"/>
        <line num="644" count="0" type="cond" truecount="0" falsecount="2"/>
        <line num="645" count="0" type="cond" truecount="0" falsecount="2"/>
        <line num="646" count="0" type="cond" truecount="0" falsecount="2"/>
        <line num="648" count="0" type="cond" truecount="0" falsecount="2"/>
        <line num="649" count="0" type="cond" truecount="0" falsecount="2"/>
        <line num="650" count="0" type="cond" truecount="0" falsecount="2"/>
        <line num="653" count="0" type="cond" truecount="0" falsecount="2"/>
        <line num="654" count="0" type="cond" truecount="0" falsecount="2"/>
        <line num="656" count="0" type="stmt"/>
        <line num="674" count="0" type="cond" truecount="0" falsecount="2"/>
        <line num="678" count="1" type="stmt"/>
        <line num="679" count="0" type="cond" truecount="0" falsecount="6"/>
        <line num="680" count="0" type="cond" truecount="0" falsecount="6"/>
        <line num="682" count="0" type="stmt"/>
        <line num="685" count="0" type="stmt"/>
        <line num="686" count="0" type="stmt"/>
        <line num="687" count="0" type="stmt"/>
        <line num="691" count="0" type="stmt"/>
        <line num="692" count="0" type="stmt"/>
        <line num="693" count="0" type="stmt"/>
        <line num="696" count="0" type="stmt"/>
        <line num="700" count="1" type="cond" truecount="2" falsecount="0"/>
        <line num="701" count="8" type="cond" truecount="4" falsecount="0"/>
        <line num="704" count="4" type="stmt"/>
        <line num="705" count="4" type="cond" truecount="2" falsecount="2"/>
        <line num="706" count="0" type="stmt"/>
        <line num="707" count="0" type="stmt"/>
        <line num="708" count="0" type="cond" truecount="0" falsecount="2"/>
        <line num="711" count="0" type="stmt"/>
        <line num="712" count="0" type="stmt"/>
        <line num="714" count="0" type="cond" truecount="0" falsecount="2"/>
        <line num="718" count="4" type="stmt"/>
        <line num="719" count="4" type="stmt"/>
        <line num="721" count="4" type="stmt"/>
        <line num="722" count="6" type="stmt"/>
        <line num="723" count="6" type="stmt"/>
        <line num="725" count="6" type="cond" truecount="2" falsecount="0"/>
        <line num="726" count="4" type="stmt"/>
        <line num="732" count="6" type="stmt"/>
        <line num="733" count="6" type="stmt"/>
        <line num="734" count="12" type="cond" truecount="2" falsecount="0"/>
        <line num="735" count="12" type="cond" truecount="2" falsecount="0"/>
        <line num="736" count="12" type="cond" truecount="2" falsecount="0"/>
        <line num="737" count="12" type="cond" truecount="2" falsecount="0"/>
        <line num="738" count="12" type="cond" truecount="2" falsecount="0"/>
        <line num="739" count="12" type="cond" truecount="2" falsecount="0"/>
        <line num="740" count="12" type="cond" truecount="2" falsecount="0"/>
        <line num="741" count="12" type="cond" truecount="2" falsecount="0"/>
        <line num="746" count="4" type="stmt"/>
        <line num="747" count="4" type="cond" truecount="1" falsecount="1"/>
        <line num="756" count="4" type="stmt"/>
        <line num="757" count="0" type="stmt"/>
        <line num="768" count="1" type="cond" truecount="2" falsecount="0"/>
        <line num="769" count="6" type="cond" truecount="4" falsecount="0"/>
        <line num="772" count="4" type="stmt"/>
        <line num="773" count="4" type="cond" truecount="2" falsecount="2"/>
        <line num="774" count="0" type="stmt"/>
        <line num="775" count="0" type="stmt"/>
        <line num="776" count="0" type="cond" truecount="0" falsecount="2"/>
        <line num="779" count="0" type="stmt"/>
        <line num="780" count="0" type="stmt"/>
        <line num="782" count="0" type="cond" truecount="0" falsecount="2"/>
        <line num="786" count="4" type="stmt"/>
        <line num="788" count="4" type="stmt"/>
        <line num="789" count="6" type="stmt"/>
        <line num="790" count="6" type="cond" truecount="2" falsecount="0"/>
        <line num="792" count="6" type="cond" truecount="2" falsecount="0"/>
        <line num="793" count="5" type="stmt"/>
        <line num="795" count="6" type="stmt"/>
        <line num="798" count="4" type="stmt"/>
        <line num="799" count="4" type="stmt"/>
        <line num="800" count="5" type="stmt"/>
        <line num="801" count="5" type="stmt"/>
        <line num="802" count="5" type="stmt"/>
        <line num="805" count="6" type="stmt"/>
        <line num="812" count="4" type="stmt"/>
      </file>
      <file name="formatters.js" path="C:\Users\msntc\Repos\Source\sns_dashboard_web\src\utils\formatters.js">
        <metrics statements="25" coveredstatements="25" conditionals="25" coveredconditionals="25" methods="5" coveredmethods="5"/>
        <line num="3" count="6" type="stmt"/>
        <line num="4" count="224" type="cond" truecount="5" falsecount="0"/>
        <line num="5" count="20" type="stmt"/>
        <line num="8" count="204" type="stmt"/>
        <line num="9" count="204" type="stmt"/>
        <line num="10" count="204" type="stmt"/>
        <line num="13" count="6" type="stmt"/>
        <line num="14" count="1567" type="cond" truecount="5" falsecount="0"/>
        <line num="15" count="130" type="stmt"/>
        <line num="18" count="1437" type="stmt"/>
        <line num="19" count="1437" type="stmt"/>
        <line num="20" count="1437" type="stmt"/>
        <line num="23" count="6" type="stmt"/>
        <line num="24" count="16" type="cond" truecount="5" falsecount="0"/>
        <line num="25" count="5" type="stmt"/>
        <line num="28" count="11" type="stmt"/>
        <line num="31" count="6" type="stmt"/>
        <line num="32" count="758" type="cond" truecount="5" falsecount="0"/>
        <line num="33" count="689" type="stmt"/>
        <line num="36" count="6" type="stmt"/>
        <line num="37" count="109" type="cond" truecount="5" falsecount="0"/>
        <line num="38" count="18" type="stmt"/>
        <line num="40" count="91" type="stmt"/>
        <line num="41" count="91" type="stmt"/>
        <line num="42" count="91" type="stmt"/>
      </file>
    </package>
  </project>
</coverage>
