{"C:\\Users\\msntc\\Repos\\Source\\sns_dashboard_web\\src\\App.js": {"path":"C:\\Users\\msntc\\Repos\\Source\\sns_dashboard_web\\src\\App.js","statementMap":{"0":{"start":{"line":15,"column":36},"end":{"line":15,"column":57}},"1":{"start":{"line":16,"column":26},"end":{"line":16,"column":40}},"2":{"start":{"line":17,"column":32},"end":{"line":17,"column":46}},"3":{"start":{"line":18,"column":32},"end":{"line":18,"column":46}},"4":{"start":{"line":19,"column":28},"end":{"line":19,"column":42}},"5":{"start":{"line":20,"column":36},"end":{"line":20,"column":72}},"6":{"start":{"line":21,"column":46},"end":{"line":21,"column":61}},"7":{"start":{"line":23,"column":19},"end":{"line":55,"column":3}},"8":{"start":{"line":24,"column":4},"end":{"line":54,"column":5}},"9":{"start":{"line":25,"column":6},"end":{"line":25,"column":23}},"10":{"start":{"line":26,"column":6},"end":{"line":26,"column":21}},"11":{"start":{"line":27,"column":6},"end":{"line":27,"column":19}},"12":{"start":{"line":29,"column":28},"end":{"line":29,"column":47}},"13":{"start":{"line":32,"column":27},"end":{"line":38,"column":7}},"14":{"start":{"line":40,"column":6},"end":{"line":40,"column":31}},"15":{"start":{"line":42,"column":22},"end":{"line":42,"column":52}},"16":{"start":{"line":43,"column":6},"end":{"line":48,"column":9}},"17":{"start":{"line":50,"column":6},"end":{"line":50,"column":52}},"18":{"start":{"line":51,"column":6},"end":{"line":51,"column":82}},"19":{"start":{"line":53,"column":6},"end":{"line":53,"column":24}},"20":{"start":{"line":57,"column":2},"end":{"line":59,"column":9}},"21":{"start":{"line":58,"column":4},"end":{"line":58,"column":15}},"22":{"start":{"line":61,"column":32},"end":{"line":115,"column":3}},"23":{"start":{"line":62,"column":4},"end":{"line":62,"column":33}},"24":{"start":{"line":64,"column":4},"end":{"line":114,"column":5}},"25":{"start":{"line":66,"column":35},"end":{"line":66,"column":83}},"26":{"start":{"line":67,"column":36},"end":{"line":67,"column":98}},"27":{"start":{"line":70,"column":27},"end":{"line":77,"column":7}},"28":{"start":{"line":78,"column":22},"end":{"line":78,"column":52}},"29":{"start":{"line":81,"column":27},"end":{"line":88,"column":7}},"30":{"start":{"line":89,"column":30},"end":{"line":89,"column":60}},"31":{"start":{"line":92,"column":36},"end":{"line":92,"column":95}},"32":{"start":{"line":93,"column":30},"end":{"line":93,"column":89}},"33":{"start":{"line":94,"column":39},"end":{"line":94,"column":100}},"34":{"start":{"line":97,"column":6},"end":{"line":104,"column":9}},"35":{"start":{"line":105,"column":11},"end":{"line":114,"column":5}},"36":{"start":{"line":107,"column":22},"end":{"line":107,"column":47}},"37":{"start":{"line":108,"column":6},"end":{"line":113,"column":9}},"38":{"start":{"line":117,"column":15},"end":{"line":122,"column":3}},"39":{"start":{"line":124,"column":26},"end":{"line":124,"column":75}},"40":{"start":{"line":124,"column":43},"end":{"line":124,"column":63}},"41":{"start":{"line":126,"column":2},"end":{"line":143,"column":3}},"42":{"start":{"line":127,"column":4},"end":{"line":142,"column":6}},"43":{"start":{"line":145,"column":2},"end":{"line":165,"column":3}},"44":{"start":{"line":146,"column":4},"end":{"line":164,"column":6}},"45":{"start":{"line":167,"column":2},"end":{"line":352,"column":4}},"46":{"start":{"line":209,"column":12},"end":{"line":215,"column":21}},"47":{"start":{"line":211,"column":29},"end":{"line":211,"column":49}},"48":{"start":{"line":223,"column":27},"end":{"line":223,"column":61}},"49":{"start":{"line":231,"column":63},"end":{"line":231,"column":81}},"50":{"start":{"line":237,"column":16},"end":{"line":246,"column":25}},"51":{"start":{"line":240,"column":20},"end":{"line":240,"column":41}},"52":{"start":{"line":241,"column":20},"end":{"line":241,"column":45}}},"fnMap":{"0":{"name":"App","decl":{"start":{"line":14,"column":9},"end":{"line":14,"column":12}},"loc":{"start":{"line":14,"column":15},"end":{"line":353,"column":1}},"line":14},"1":{"name":"(anonymous_1)","decl":{"start":{"line":23,"column":19},"end":{"line":23,"column":20}},"loc":{"start":{"line":23,"column":31},"end":{"line":55,"column":3}},"line":23},"2":{"name":"(anonymous_2)","decl":{"start":{"line":57,"column":12},"end":{"line":57,"column":13}},"loc":{"start":{"line":57,"column":18},"end":{"line":59,"column":3}},"line":57},"3":{"name":"(anonymous_3)","decl":{"start":{"line":61,"column":32},"end":{"line":61,"column":33}},"loc":{"start":{"line":61,"column":48},"end":{"line":115,"column":3}},"line":61},"4":{"name":"(anonymous_4)","decl":{"start":{"line":124,"column":36},"end":{"line":124,"column":37}},"loc":{"start":{"line":124,"column":43},"end":{"line":124,"column":63}},"line":124},"5":{"name":"(anonymous_5)","decl":{"start":{"line":208,"column":20},"end":{"line":208,"column":21}},"loc":{"start":{"line":209,"column":12},"end":{"line":215,"column":21}},"line":209},"6":{"name":"(anonymous_6)","decl":{"start":{"line":211,"column":23},"end":{"line":211,"column":24}},"loc":{"start":{"line":211,"column":29},"end":{"line":211,"column":49}},"line":211},"7":{"name":"(anonymous_7)","decl":{"start":{"line":223,"column":21},"end":{"line":223,"column":22}},"loc":{"start":{"line":223,"column":27},"end":{"line":223,"column":61}},"line":223},"8":{"name":"(anonymous_8)","decl":{"start":{"line":231,"column":58},"end":{"line":231,"column":59}},"loc":{"start":{"line":231,"column":63},"end":{"line":231,"column":81}},"line":231},"9":{"name":"(anonymous_9)","decl":{"start":{"line":236,"column":24},"end":{"line":236,"column":25}},"loc":{"start":{"line":237,"column":16},"end":{"line":246,"column":25}},"line":237},"10":{"name":"(anonymous_10)","decl":{"start":{"line":239,"column":27},"end":{"line":239,"column":28}},"loc":{"start":{"line":239,"column":33},"end":{"line":242,"column":19}},"line":239}},"branchMap":{"0":{"loc":{"start":{"line":64,"column":4},"end":{"line":114,"column":5}},"type":"if","locations":[{"start":{"line":64,"column":4},"end":{"line":114,"column":5}},{"start":{"line":105,"column":11},"end":{"line":114,"column":5}}],"line":64},"1":{"loc":{"start":{"line":64,"column":8},"end":{"line":64,"column":31}},"type":"binary-expr","locations":[{"start":{"line":64,"column":8},"end":{"line":64,"column":15}},{"start":{"line":64,"column":19},"end":{"line":64,"column":24}},{"start":{"line":64,"column":28},"end":{"line":64,"column":31}}],"line":64},"2":{"loc":{"start":{"line":105,"column":11},"end":{"line":114,"column":5}},"type":"if","locations":[{"start":{"line":105,"column":11},"end":{"line":114,"column":5}},{"start":{},"end":{}}],"line":105},"3":{"loc":{"start":{"line":126,"column":2},"end":{"line":143,"column":3}},"type":"if","locations":[{"start":{"line":126,"column":2},"end":{"line":143,"column":3}},{"start":{},"end":{}}],"line":126},"4":{"loc":{"start":{"line":145,"column":2},"end":{"line":165,"column":3}},"type":"if","locations":[{"start":{"line":145,"column":2},"end":{"line":165,"column":3}},{"start":{},"end":{}}],"line":145},"5":{"loc":{"start":{"line":212,"column":36},"end":{"line":212,"column":72}},"type":"cond-expr","locations":[{"start":{"line":212,"column":59},"end":{"line":212,"column":67}},{"start":{"line":212,"column":70},"end":{"line":212,"column":72}}],"line":212},"6":{"loc":{"start":{"line":226,"column":42},"end":{"line":226,"column":70}},"type":"cond-expr","locations":[{"start":{"line":226,"column":59},"end":{"line":226,"column":65}},{"start":{"line":226,"column":68},"end":{"line":226,"column":70}}],"line":226},"7":{"loc":{"start":{"line":234,"column":11},"end":{"line":249,"column":11}},"type":"binary-expr","locations":[{"start":{"line":234,"column":11},"end":{"line":234,"column":25}},{"start":{"line":235,"column":12},"end":{"line":248,"column":18}}],"line":234},"8":{"loc":{"start":{"line":243,"column":47},"end":{"line":243,"column":83}},"type":"cond-expr","locations":[{"start":{"line":243,"column":70},"end":{"line":243,"column":78}},{"start":{"line":243,"column":81},"end":{"line":243,"column":83}}],"line":243},"9":{"loc":{"start":{"line":256,"column":9},"end":{"line":271,"column":9}},"type":"binary-expr","locations":[{"start":{"line":256,"column":9},"end":{"line":256,"column":13}},{"start":{"line":257,"column":10},"end":{"line":270,"column":13}}],"line":256},"10":{"loc":{"start":{"line":264,"column":13},"end":{"line":269,"column":13}},"type":"binary-expr","locations":[{"start":{"line":264,"column":13},"end":{"line":264,"column":28}},{"start":{"line":264,"column":32},"end":{"line":264,"column":45}},{"start":{"line":265,"column":14},"end":{"line":268,"column":16}}],"line":264},"11":{"loc":{"start":{"line":273,"column":9},"end":{"line":278,"column":9}},"type":"binary-expr","locations":[{"start":{"line":273,"column":9},"end":{"line":273,"column":24}},{"start":{"line":274,"column":10},"end":{"line":277,"column":12}}],"line":273}},"s":{"0":27,"1":27,"2":27,"3":27,"4":27,"5":27,"6":27,"7":27,"8":12,"9":12,"10":12,"11":12,"12":12,"13":12,"14":12,"15":12,"16":12,"17":0,"18":0,"19":12,"20":27,"21":12,"22":27,"23":0,"24":0,"25":0,"26":0,"27":0,"28":0,"29":0,"30":0,"31":0,"32":0,"33":0,"34":0,"35":0,"36":0,"37":0,"38":27,"39":27,"40":33,"41":27,"42":12,"43":15,"44":0,"45":15,"46":60,"47":3,"48":1,"49":21,"50":4,"51":0,"52":0},"f":{"0":27,"1":12,"2":12,"3":0,"4":33,"5":60,"6":3,"7":1,"8":21,"9":4,"10":0},"b":{"0":[0,0],"1":[0,0,0],"2":[0,0],"3":[12,15],"4":[0,15],"5":[15,45],"6":[1,14],"7":[15,1],"8":[1,3],"9":[15,15],"10":[15,0,0],"11":[15,15]},"_coverageSchema":"1a1c01bbd47fc00a2c39e90264f33305004495a9","hash":"a3568a1637933115bf7b17963db24a76163db85f"}
,"C:\\Users\\msntc\\Repos\\Source\\sns_dashboard_web\\src\\components\\DashboardExecutivo.js": {"path":"C:\\Users\\msntc\\Repos\\Source\\sns_dashboard_web\\src\\components\\DashboardExecutivo.js","statementMap":{"0":{"start":{"line":5,"column":27},"end":{"line":571,"column":1}},"1":{"start":{"line":6,"column":46},"end":{"line":6,"column":58}},"2":{"start":{"line":7,"column":40},"end":{"line":7,"column":52}},"3":{"start":{"line":8,"column":54},"end":{"line":8,"column":66}},"4":{"start":{"line":9,"column":56},"end":{"line":9,"column":68}},"5":{"start":{"line":10,"column":58},"end":{"line":10,"column":70}},"6":{"start":{"line":12,"column":2},"end":{"line":115,"column":24}},"7":{"start":{"line":13,"column":4},"end":{"line":114,"column":5}},"8":{"start":{"line":15,"column":25},"end":{"line":31,"column":14}},"9":{"start":{"line":16,"column":23},"end":{"line":16,"column":48}},"10":{"start":{"line":18,"column":27},"end":{"line":18,"column":72}},"11":{"start":{"line":18,"column":44},"end":{"line":18,"column":71}},"12":{"start":{"line":19,"column":10},"end":{"line":29,"column":11}},"13":{"start":{"line":20,"column":12},"end":{"line":20,"column":69}},"14":{"start":{"line":21,"column":12},"end":{"line":21,"column":134}},"15":{"start":{"line":23,"column":12},"end":{"line":28,"column":15}},"16":{"start":{"line":30,"column":10},"end":{"line":30,"column":21}},"17":{"start":{"line":32,"column":31},"end":{"line":32,"column":95}},"18":{"start":{"line":32,"column":62},"end":{"line":32,"column":94}},"19":{"start":{"line":33,"column":6},"end":{"line":33,"column":42}},"20":{"start":{"line":36,"column":28},"end":{"line":45,"column":89}},"21":{"start":{"line":37,"column":8},"end":{"line":37,"column":55}},"22":{"start":{"line":38,"column":8},"end":{"line":38,"column":53}},"23":{"start":{"line":39,"column":8},"end":{"line":39,"column":53}},"24":{"start":{"line":40,"column":8},"end":{"line":40,"column":49}},"25":{"start":{"line":41,"column":8},"end":{"line":41,"column":47}},"26":{"start":{"line":42,"column":8},"end":{"line":42,"column":51}},"27":{"start":{"line":43,"column":8},"end":{"line":43,"column":48}},"28":{"start":{"line":44,"column":8},"end":{"line":44,"column":19}},"29":{"start":{"line":47,"column":30},"end":{"line":47,"column":49}},"30":{"start":{"line":48,"column":33},"end":{"line":55,"column":12}},"31":{"start":{"line":57,"column":22},"end":{"line":64,"column":38}},"32":{"start":{"line":64,"column":23},"end":{"line":64,"column":37}},"33":{"start":{"line":66,"column":6},"end":{"line":66,"column":30}},"34":{"start":{"line":67,"column":6},"end":{"line":67,"column":48}},"35":{"start":{"line":70,"column":35},"end":{"line":70,"column":37}},"36":{"start":{"line":71,"column":6},"end":{"line":88,"column":9}},"37":{"start":{"line":72,"column":23},"end":{"line":72,"column":40}},"38":{"start":{"line":73,"column":8},"end":{"line":80,"column":9}},"39":{"start":{"line":74,"column":30},"end":{"line":74,"column":86}},"40":{"start":{"line":74,"column":59},"end":{"line":74,"column":85}},"41":{"start":{"line":75,"column":10},"end":{"line":79,"column":12}},"42":{"start":{"line":77,"column":44},"end":{"line":77,"column":71}},"43":{"start":{"line":81,"column":8},"end":{"line":81,"column":80}},"44":{"start":{"line":82,"column":8},"end":{"line":82,"column":78}},"45":{"start":{"line":83,"column":8},"end":{"line":83,"column":78}},"46":{"start":{"line":84,"column":8},"end":{"line":84,"column":74}},"47":{"start":{"line":85,"column":8},"end":{"line":85,"column":72}},"48":{"start":{"line":86,"column":8},"end":{"line":86,"column":76}},"49":{"start":{"line":87,"column":8},"end":{"line":87,"column":73}},"50":{"start":{"line":90,"column":40},"end":{"line":91,"column":42}},"51":{"start":{"line":91,"column":24},"end":{"line":91,"column":41}},"52":{"start":{"line":92,"column":6},"end":{"line":92,"column":57}},"53":{"start":{"line":95,"column":24},"end":{"line":111,"column":14}},"54":{"start":{"line":97,"column":27},"end":{"line":97,"column":72}},"55":{"start":{"line":97,"column":44},"end":{"line":97,"column":71}},"56":{"start":{"line":98,"column":10},"end":{"line":109,"column":11}},"57":{"start":{"line":99,"column":12},"end":{"line":99,"column":55}},"58":{"start":{"line":100,"column":12},"end":{"line":100,"column":57}},"59":{"start":{"line":101,"column":12},"end":{"line":101,"column":71}},"60":{"start":{"line":103,"column":12},"end":{"line":108,"column":15}},"61":{"start":{"line":110,"column":10},"end":{"line":110,"column":21}},"62":{"start":{"line":112,"column":30},"end":{"line":112,"column":93}},"63":{"start":{"line":112,"column":60},"end":{"line":112,"column":92}},"64":{"start":{"line":113,"column":6},"end":{"line":113,"column":46}},"65":{"start":{"line":118,"column":24},"end":{"line":124,"column":3}},"66":{"start":{"line":119,"column":4},"end":{"line":119,"column":38}},"67":{"start":{"line":119,"column":21},"end":{"line":119,"column":38}},"68":{"start":{"line":120,"column":4},"end":{"line":120,"column":38}},"69":{"start":{"line":120,"column":21},"end":{"line":120,"column":38}},"70":{"start":{"line":121,"column":4},"end":{"line":121,"column":38}},"71":{"start":{"line":121,"column":21},"end":{"line":121,"column":38}},"72":{"start":{"line":122,"column":4},"end":{"line":122,"column":38}},"73":{"start":{"line":122,"column":21},"end":{"line":122,"column":38}},"74":{"start":{"line":123,"column":4},"end":{"line":123,"column":21}},"75":{"start":{"line":126,"column":25},"end":{"line":133,"column":3}},"76":{"start":{"line":127,"column":4},"end":{"line":129,"column":5}},"77":{"start":{"line":128,"column":6},"end":{"line":128,"column":30}},"78":{"start":{"line":130,"column":4},"end":{"line":130,"column":61}},"79":{"start":{"line":130,"column":36},"end":{"line":130,"column":61}},"80":{"start":{"line":131,"column":4},"end":{"line":131,"column":55}},"81":{"start":{"line":131,"column":31},"end":{"line":131,"column":55}},"82":{"start":{"line":132,"column":4},"end":{"line":132,"column":25}},"83":{"start":{"line":135,"column":2},"end":{"line":158,"column":3}},"84":{"start":{"line":136,"column":4},"end":{"line":157,"column":6}},"85":{"start":{"line":160,"column":2},"end":{"line":570,"column":4}},"86":{"start":{"line":266,"column":71},"end":{"line":266,"column":90}},"87":{"start":{"line":268,"column":44},"end":{"line":272,"column":17}},"88":{"start":{"line":273,"column":43},"end":{"line":273,"column":62}},"89":{"start":{"line":300,"column":61},"end":{"line":300,"column":80}},"90":{"start":{"line":302,"column":45},"end":{"line":302,"column":64}},"91":{"start":{"line":305,"column":18},"end":{"line":305,"column":67}},"92":{"start":{"line":322,"column":93},"end":{"line":322,"column":114}},"93":{"start":{"line":327,"column":96},"end":{"line":327,"column":116}},"94":{"start":{"line":332,"column":96},"end":{"line":332,"column":116}},"95":{"start":{"line":337,"column":95},"end":{"line":337,"column":113}},"96":{"start":{"line":342,"column":94},"end":{"line":342,"column":111}},"97":{"start":{"line":347,"column":94},"end":{"line":347,"column":113}},"98":{"start":{"line":369,"column":18},"end":{"line":381,"column":23}},"99":{"start":{"line":495,"column":71},"end":{"line":495,"column":90}},"100":{"start":{"line":497,"column":44},"end":{"line":502,"column":17}},"101":{"start":{"line":503,"column":43},"end":{"line":503,"column":62}}},"fnMap":{"0":{"name":"(anonymous_0)","decl":{"start":{"line":5,"column":27},"end":{"line":5,"column":28}},"loc":{"start":{"line":5,"column":52},"end":{"line":571,"column":1}},"line":5},"1":{"name":"(anonymous_1)","decl":{"start":{"line":12,"column":12},"end":{"line":12,"column":13}},"loc":{"start":{"line":12,"column":18},"end":{"line":115,"column":3}},"line":12},"2":{"name":"(anonymous_2)","decl":{"start":{"line":16,"column":16},"end":{"line":16,"column":17}},"loc":{"start":{"line":16,"column":23},"end":{"line":16,"column":48}},"line":16},"3":{"name":"(anonymous_3)","decl":{"start":{"line":17,"column":16},"end":{"line":17,"column":17}},"loc":{"start":{"line":17,"column":30},"end":{"line":31,"column":9}},"line":17},"4":{"name":"(anonymous_4)","decl":{"start":{"line":18,"column":36},"end":{"line":18,"column":37}},"loc":{"start":{"line":18,"column":44},"end":{"line":18,"column":71}},"line":18},"5":{"name":"(anonymous_5)","decl":{"start":{"line":32,"column":52},"end":{"line":32,"column":53}},"loc":{"start":{"line":32,"column":62},"end":{"line":32,"column":94}},"line":32},"6":{"name":"(anonymous_6)","decl":{"start":{"line":36,"column":52},"end":{"line":36,"column":53}},"loc":{"start":{"line":36,"column":66},"end":{"line":45,"column":7}},"line":36},"7":{"name":"(anonymous_7)","decl":{"start":{"line":64,"column":15},"end":{"line":64,"column":16}},"loc":{"start":{"line":64,"column":23},"end":{"line":64,"column":37}},"line":64},"8":{"name":"(anonymous_8)","decl":{"start":{"line":71,"column":31},"end":{"line":71,"column":32}},"loc":{"start":{"line":71,"column":38},"end":{"line":88,"column":7}},"line":71},"9":{"name":"(anonymous_9)","decl":{"start":{"line":74,"column":54},"end":{"line":74,"column":55}},"loc":{"start":{"line":74,"column":59},"end":{"line":74,"column":85}},"line":74},"10":{"name":"(anonymous_10)","decl":{"start":{"line":77,"column":39},"end":{"line":77,"column":40}},"loc":{"start":{"line":77,"column":44},"end":{"line":77,"column":71}},"line":77},"11":{"name":"(anonymous_11)","decl":{"start":{"line":91,"column":14},"end":{"line":91,"column":15}},"loc":{"start":{"line":91,"column":24},"end":{"line":91,"column":41}},"line":91},"12":{"name":"(anonymous_12)","decl":{"start":{"line":96,"column":16},"end":{"line":96,"column":17}},"loc":{"start":{"line":96,"column":30},"end":{"line":111,"column":9}},"line":96},"13":{"name":"(anonymous_13)","decl":{"start":{"line":97,"column":36},"end":{"line":97,"column":37}},"loc":{"start":{"line":97,"column":44},"end":{"line":97,"column":71}},"line":97},"14":{"name":"(anonymous_14)","decl":{"start":{"line":112,"column":50},"end":{"line":112,"column":51}},"loc":{"start":{"line":112,"column":60},"end":{"line":112,"column":92}},"line":112},"15":{"name":"(anonymous_15)","decl":{"start":{"line":118,"column":24},"end":{"line":118,"column":25}},"loc":{"start":{"line":118,"column":35},"end":{"line":124,"column":3}},"line":118},"16":{"name":"(anonymous_16)","decl":{"start":{"line":126,"column":25},"end":{"line":126,"column":26}},"loc":{"start":{"line":126,"column":37},"end":{"line":133,"column":3}},"line":126},"17":{"name":"(anonymous_17)","decl":{"start":{"line":266,"column":60},"end":{"line":266,"column":61}},"loc":{"start":{"line":266,"column":71},"end":{"line":266,"column":90}},"line":266},"18":{"name":"(anonymous_18)","decl":{"start":{"line":268,"column":27},"end":{"line":268,"column":28}},"loc":{"start":{"line":268,"column":44},"end":{"line":272,"column":17}},"line":268},"19":{"name":"(anonymous_19)","decl":{"start":{"line":273,"column":32},"end":{"line":273,"column":33}},"loc":{"start":{"line":273,"column":43},"end":{"line":273,"column":62}},"line":273},"20":{"name":"(anonymous_20)","decl":{"start":{"line":300,"column":50},"end":{"line":300,"column":51}},"loc":{"start":{"line":300,"column":61},"end":{"line":300,"column":80}},"line":300},"21":{"name":"(anonymous_21)","decl":{"start":{"line":302,"column":34},"end":{"line":302,"column":35}},"loc":{"start":{"line":302,"column":45},"end":{"line":302,"column":64}},"line":302},"22":{"name":"(anonymous_22)","decl":{"start":{"line":304,"column":33},"end":{"line":304,"column":34}},"loc":{"start":{"line":305,"column":18},"end":{"line":305,"column":67}},"line":305},"23":{"name":"(anonymous_23)","decl":{"start":{"line":322,"column":88},"end":{"line":322,"column":89}},"loc":{"start":{"line":322,"column":93},"end":{"line":322,"column":114}},"line":322},"24":{"name":"(anonymous_24)","decl":{"start":{"line":327,"column":91},"end":{"line":327,"column":92}},"loc":{"start":{"line":327,"column":96},"end":{"line":327,"column":116}},"line":327},"25":{"name":"(anonymous_25)","decl":{"start":{"line":332,"column":91},"end":{"line":332,"column":92}},"loc":{"start":{"line":332,"column":96},"end":{"line":332,"column":116}},"line":332},"26":{"name":"(anonymous_26)","decl":{"start":{"line":337,"column":90},"end":{"line":337,"column":91}},"loc":{"start":{"line":337,"column":95},"end":{"line":337,"column":113}},"line":337},"27":{"name":"(anonymous_27)","decl":{"start":{"line":342,"column":89},"end":{"line":342,"column":90}},"loc":{"start":{"line":342,"column":94},"end":{"line":342,"column":111}},"line":342},"28":{"name":"(anonymous_28)","decl":{"start":{"line":347,"column":89},"end":{"line":347,"column":90}},"loc":{"start":{"line":347,"column":94},"end":{"line":347,"column":113}},"line":347},"29":{"name":"(anonymous_29)","decl":{"start":{"line":368,"column":55},"end":{"line":368,"column":56}},"loc":{"start":{"line":369,"column":18},"end":{"line":381,"column":23}},"line":369},"30":{"name":"(anonymous_30)","decl":{"start":{"line":495,"column":60},"end":{"line":495,"column":61}},"loc":{"start":{"line":495,"column":71},"end":{"line":495,"column":90}},"line":495},"31":{"name":"(anonymous_31)","decl":{"start":{"line":497,"column":27},"end":{"line":497,"column":28}},"loc":{"start":{"line":497,"column":44},"end":{"line":502,"column":17}},"line":497},"32":{"name":"(anonymous_32)","decl":{"start":{"line":503,"column":32},"end":{"line":503,"column":33}},"loc":{"start":{"line":503,"column":43},"end":{"line":503,"column":62}},"line":503}},"branchMap":{"0":{"loc":{"start":{"line":13,"column":4},"end":{"line":114,"column":5}},"type":"if","locations":[{"start":{"line":13,"column":4},"end":{"line":114,"column":5}},{"start":{},"end":{}}],"line":13},"1":{"loc":{"start":{"line":13,"column":8},"end":{"line":13,"column":32}},"type":"binary-expr","locations":[{"start":{"line":13,"column":8},"end":{"line":13,"column":12}},{"start":{"line":13,"column":16},"end":{"line":13,"column":32}}],"line":13},"2":{"loc":{"start":{"line":19,"column":10},"end":{"line":29,"column":11}},"type":"if","locations":[{"start":{"line":19,"column":10},"end":{"line":29,"column":11}},{"start":{"line":22,"column":17},"end":{"line":29,"column":11}}],"line":19},"3":{"loc":{"start":{"line":20,"column":42},"end":{"line":20,"column":68}},"type":"binary-expr","locations":[{"start":{"line":20,"column":42},"end":{"line":20,"column":63}},{"start":{"line":20,"column":67},"end":{"line":20,"column":68}}],"line":20},"4":{"loc":{"start":{"line":21,"column":41},"end":{"line":21,"column":68}},"type":"binary-expr","locations":[{"start":{"line":21,"column":41},"end":{"line":21,"column":63}},{"start":{"line":21,"column":67},"end":{"line":21,"column":68}}],"line":21},"5":{"loc":{"start":{"line":21,"column":73},"end":{"line":21,"column":99}},"type":"binary-expr","locations":[{"start":{"line":21,"column":73},"end":{"line":21,"column":94}},{"start":{"line":21,"column":98},"end":{"line":21,"column":99}}],"line":21},"6":{"loc":{"start":{"line":21,"column":104},"end":{"line":21,"column":132}},"type":"binary-expr","locations":[{"start":{"line":21,"column":104},"end":{"line":21,"column":127}},{"start":{"line":21,"column":131},"end":{"line":21,"column":132}}],"line":21},"7":{"loc":{"start":{"line":25,"column":33},"end":{"line":25,"column":59}},"type":"binary-expr","locations":[{"start":{"line":25,"column":33},"end":{"line":25,"column":54}},{"start":{"line":25,"column":58},"end":{"line":25,"column":59}}],"line":25},"8":{"loc":{"start":{"line":26,"column":32},"end":{"line":26,"column":59}},"type":"binary-expr","locations":[{"start":{"line":26,"column":32},"end":{"line":26,"column":54}},{"start":{"line":26,"column":58},"end":{"line":26,"column":59}}],"line":26},"9":{"loc":{"start":{"line":26,"column":64},"end":{"line":26,"column":90}},"type":"binary-expr","locations":[{"start":{"line":26,"column":64},"end":{"line":26,"column":85}},{"start":{"line":26,"column":89},"end":{"line":26,"column":90}}],"line":26},"10":{"loc":{"start":{"line":26,"column":95},"end":{"line":26,"column":123}},"type":"binary-expr","locations":[{"start":{"line":26,"column":95},"end":{"line":26,"column":118}},{"start":{"line":26,"column":122},"end":{"line":26,"column":123}}],"line":26},"11":{"loc":{"start":{"line":27,"column":34},"end":{"line":27,"column":64}},"type":"binary-expr","locations":[{"start":{"line":27,"column":34},"end":{"line":27,"column":59}},{"start":{"line":27,"column":63},"end":{"line":27,"column":64}}],"line":27},"12":{"loc":{"start":{"line":27,"column":69},"end":{"line":27,"column":98}},"type":"binary-expr","locations":[{"start":{"line":27,"column":69},"end":{"line":27,"column":93}},{"start":{"line":27,"column":97},"end":{"line":27,"column":98}}],"line":27},"13":{"loc":{"start":{"line":37,"column":24},"end":{"line":37,"column":54}},"type":"binary-expr","locations":[{"start":{"line":37,"column":24},"end":{"line":37,"column":49}},{"start":{"line":37,"column":53},"end":{"line":37,"column":54}}],"line":37},"14":{"loc":{"start":{"line":38,"column":23},"end":{"line":38,"column":52}},"type":"binary-expr","locations":[{"start":{"line":38,"column":23},"end":{"line":38,"column":47}},{"start":{"line":38,"column":51},"end":{"line":38,"column":52}}],"line":38},"15":{"loc":{"start":{"line":39,"column":23},"end":{"line":39,"column":52}},"type":"binary-expr","locations":[{"start":{"line":39,"column":23},"end":{"line":39,"column":47}},{"start":{"line":39,"column":51},"end":{"line":39,"column":52}}],"line":39},"16":{"loc":{"start":{"line":40,"column":21},"end":{"line":40,"column":48}},"type":"binary-expr","locations":[{"start":{"line":40,"column":21},"end":{"line":40,"column":43}},{"start":{"line":40,"column":47},"end":{"line":40,"column":48}}],"line":40},"17":{"loc":{"start":{"line":41,"column":20},"end":{"line":41,"column":46}},"type":"binary-expr","locations":[{"start":{"line":41,"column":20},"end":{"line":41,"column":41}},{"start":{"line":41,"column":45},"end":{"line":41,"column":46}}],"line":41},"18":{"loc":{"start":{"line":42,"column":22},"end":{"line":42,"column":50}},"type":"binary-expr","locations":[{"start":{"line":42,"column":22},"end":{"line":42,"column":45}},{"start":{"line":42,"column":49},"end":{"line":42,"column":50}}],"line":42},"19":{"loc":{"start":{"line":43,"column":21},"end":{"line":43,"column":47}},"type":"binary-expr","locations":[{"start":{"line":43,"column":21},"end":{"line":43,"column":42}},{"start":{"line":43,"column":46},"end":{"line":43,"column":47}}],"line":43},"20":{"loc":{"start":{"line":48,"column":33},"end":{"line":55,"column":12}},"type":"cond-expr","locations":[{"start":{"line":48,"column":55},"end":{"line":55,"column":7}},{"start":{"line":55,"column":10},"end":{"line":55,"column":12}}],"line":48},"21":{"loc":{"start":{"line":73,"column":8},"end":{"line":80,"column":9}},"type":"if","locations":[{"start":{"line":73,"column":8},"end":{"line":80,"column":9}},{"start":{},"end":{}}],"line":73},"22":{"loc":{"start":{"line":76,"column":18},"end":{"line":76,"column":73}},"type":"binary-expr","locations":[{"start":{"line":76,"column":18},"end":{"line":76,"column":46}},{"start":{"line":76,"column":50},"end":{"line":76,"column":73}}],"line":76},"23":{"loc":{"start":{"line":77,"column":20},"end":{"line":77,"column":90}},"type":"binary-expr","locations":[{"start":{"line":77,"column":20},"end":{"line":77,"column":84}},{"start":{"line":77,"column":88},"end":{"line":77,"column":90}}],"line":77},"24":{"loc":{"start":{"line":81,"column":49},"end":{"line":81,"column":79}},"type":"binary-expr","locations":[{"start":{"line":81,"column":49},"end":{"line":81,"column":74}},{"start":{"line":81,"column":78},"end":{"line":81,"column":79}}],"line":81},"25":{"loc":{"start":{"line":82,"column":48},"end":{"line":82,"column":77}},"type":"binary-expr","locations":[{"start":{"line":82,"column":48},"end":{"line":82,"column":72}},{"start":{"line":82,"column":76},"end":{"line":82,"column":77}}],"line":82},"26":{"loc":{"start":{"line":83,"column":48},"end":{"line":83,"column":77}},"type":"binary-expr","locations":[{"start":{"line":83,"column":48},"end":{"line":83,"column":72}},{"start":{"line":83,"column":76},"end":{"line":83,"column":77}}],"line":83},"27":{"loc":{"start":{"line":84,"column":46},"end":{"line":84,"column":73}},"type":"binary-expr","locations":[{"start":{"line":84,"column":46},"end":{"line":84,"column":68}},{"start":{"line":84,"column":72},"end":{"line":84,"column":73}}],"line":84},"28":{"loc":{"start":{"line":85,"column":45},"end":{"line":85,"column":71}},"type":"binary-expr","locations":[{"start":{"line":85,"column":45},"end":{"line":85,"column":66}},{"start":{"line":85,"column":70},"end":{"line":85,"column":71}}],"line":85},"29":{"loc":{"start":{"line":86,"column":47},"end":{"line":86,"column":75}},"type":"binary-expr","locations":[{"start":{"line":86,"column":47},"end":{"line":86,"column":70}},{"start":{"line":86,"column":74},"end":{"line":86,"column":75}}],"line":86},"30":{"loc":{"start":{"line":87,"column":46},"end":{"line":87,"column":72}},"type":"binary-expr","locations":[{"start":{"line":87,"column":46},"end":{"line":87,"column":67}},{"start":{"line":87,"column":71},"end":{"line":87,"column":72}}],"line":87},"31":{"loc":{"start":{"line":95,"column":25},"end":{"line":95,"column":55}},"type":"binary-expr","locations":[{"start":{"line":95,"column":25},"end":{"line":95,"column":49}},{"start":{"line":95,"column":53},"end":{"line":95,"column":55}}],"line":95},"32":{"loc":{"start":{"line":98,"column":10},"end":{"line":109,"column":11}},"type":"if","locations":[{"start":{"line":98,"column":10},"end":{"line":109,"column":11}},{"start":{"line":102,"column":17},"end":{"line":109,"column":11}}],"line":98},"33":{"loc":{"start":{"line":99,"column":35},"end":{"line":99,"column":54}},"type":"binary-expr","locations":[{"start":{"line":99,"column":35},"end":{"line":99,"column":49}},{"start":{"line":99,"column":53},"end":{"line":99,"column":54}}],"line":99},"34":{"loc":{"start":{"line":100,"column":36},"end":{"line":100,"column":56}},"type":"binary-expr","locations":[{"start":{"line":100,"column":36},"end":{"line":100,"column":51}},{"start":{"line":100,"column":55},"end":{"line":100,"column":56}}],"line":100},"35":{"loc":{"start":{"line":101,"column":43},"end":{"line":101,"column":70}},"type":"binary-expr","locations":[{"start":{"line":101,"column":43},"end":{"line":101,"column":65}},{"start":{"line":101,"column":69},"end":{"line":101,"column":70}}],"line":101},"36":{"loc":{"start":{"line":105,"column":26},"end":{"line":105,"column":45}},"type":"binary-expr","locations":[{"start":{"line":105,"column":26},"end":{"line":105,"column":40}},{"start":{"line":105,"column":44},"end":{"line":105,"column":45}}],"line":105},"37":{"loc":{"start":{"line":106,"column":27},"end":{"line":106,"column":47}},"type":"binary-expr","locations":[{"start":{"line":106,"column":27},"end":{"line":106,"column":42}},{"start":{"line":106,"column":46},"end":{"line":106,"column":47}}],"line":106},"38":{"loc":{"start":{"line":107,"column":34},"end":{"line":107,"column":61}},"type":"binary-expr","locations":[{"start":{"line":107,"column":34},"end":{"line":107,"column":56}},{"start":{"line":107,"column":60},"end":{"line":107,"column":61}}],"line":107},"39":{"loc":{"start":{"line":119,"column":4},"end":{"line":119,"column":38}},"type":"if","locations":[{"start":{"line":119,"column":4},"end":{"line":119,"column":38}},{"start":{},"end":{}}],"line":119},"40":{"loc":{"start":{"line":120,"column":4},"end":{"line":120,"column":38}},"type":"if","locations":[{"start":{"line":120,"column":4},"end":{"line":120,"column":38}},{"start":{},"end":{}}],"line":120},"41":{"loc":{"start":{"line":121,"column":4},"end":{"line":121,"column":38}},"type":"if","locations":[{"start":{"line":121,"column":4},"end":{"line":121,"column":38}},{"start":{},"end":{}}],"line":121},"42":{"loc":{"start":{"line":122,"column":4},"end":{"line":122,"column":38}},"type":"if","locations":[{"start":{"line":122,"column":4},"end":{"line":122,"column":38}},{"start":{},"end":{}}],"line":122},"43":{"loc":{"start":{"line":127,"column":4},"end":{"line":129,"column":5}},"type":"if","locations":[{"start":{"line":127,"column":4},"end":{"line":129,"column":5}},{"start":{},"end":{}}],"line":127},"44":{"loc":{"start":{"line":127,"column":8},"end":{"line":127,"column":45}},"type":"binary-expr","locations":[{"start":{"line":127,"column":8},"end":{"line":127,"column":15}},{"start":{"line":127,"column":19},"end":{"line":127,"column":45}}],"line":127},"45":{"loc":{"start":{"line":130,"column":4},"end":{"line":130,"column":61}},"type":"if","locations":[{"start":{"line":130,"column":4},"end":{"line":130,"column":61}},{"start":{},"end":{}}],"line":130},"46":{"loc":{"start":{"line":131,"column":4},"end":{"line":131,"column":55}},"type":"if","locations":[{"start":{"line":131,"column":4},"end":{"line":131,"column":55}},{"start":{},"end":{}}],"line":131},"47":{"loc":{"start":{"line":135,"column":2},"end":{"line":158,"column":3}},"type":"if","locations":[{"start":{"line":135,"column":2},"end":{"line":158,"column":3}},{"start":{},"end":{}}],"line":135},"48":{"loc":{"start":{"line":135,"column":6},"end":{"line":135,"column":70}},"type":"binary-expr","locations":[{"start":{"line":135,"column":6},"end":{"line":135,"column":11}},{"start":{"line":135,"column":15},"end":{"line":135,"column":38}},{"start":{"line":135,"column":42},"end":{"line":135,"column":70}}],"line":135},"49":{"loc":{"start":{"line":176,"column":13},"end":{"line":176,"column":60}},"type":"binary-expr","locations":[{"start":{"line":176,"column":13},"end":{"line":176,"column":53}},{"start":{"line":176,"column":57},"end":{"line":176,"column":60}}],"line":176},"50":{"loc":{"start":{"line":179,"column":43},"end":{"line":179,"column":152}},"type":"cond-expr","locations":[{"start":{"line":179,"column":80},"end":{"line":179,"column":90}},{"start":{"line":179,"column":93},"end":{"line":179,"column":152}}],"line":179},"51":{"loc":{"start":{"line":179,"column":93},"end":{"line":179,"column":152}},"type":"cond-expr","locations":[{"start":{"line":179,"column":130},"end":{"line":179,"column":139}},{"start":{"line":179,"column":142},"end":{"line":179,"column":152}}],"line":179},"52":{"loc":{"start":{"line":180,"column":13},"end":{"line":180,"column":52}},"type":"binary-expr","locations":[{"start":{"line":180,"column":13},"end":{"line":180,"column":43}},{"start":{"line":180,"column":47},"end":{"line":180,"column":52}}],"line":180},"53":{"loc":{"start":{"line":184,"column":74},"end":{"line":184,"column":179}},"type":"cond-expr","locations":[{"start":{"line":184,"column":110},"end":{"line":184,"column":119}},{"start":{"line":184,"column":122},"end":{"line":184,"column":179}}],"line":184},"54":{"loc":{"start":{"line":184,"column":122},"end":{"line":184,"column":179}},"type":"cond-expr","locations":[{"start":{"line":184,"column":158},"end":{"line":184,"column":167}},{"start":{"line":184,"column":170},"end":{"line":184,"column":179}}],"line":184},"55":{"loc":{"start":{"line":185,"column":56},"end":{"line":185,"column":161}},"type":"cond-expr","locations":[{"start":{"line":185,"column":92},"end":{"line":185,"column":101}},{"start":{"line":185,"column":104},"end":{"line":185,"column":161}}],"line":185},"56":{"loc":{"start":{"line":185,"column":104},"end":{"line":185,"column":161}},"type":"cond-expr","locations":[{"start":{"line":185,"column":140},"end":{"line":185,"column":149}},{"start":{"line":185,"column":152},"end":{"line":185,"column":161}}],"line":185},"57":{"loc":{"start":{"line":189,"column":43},"end":{"line":189,"column":150}},"type":"cond-expr","locations":[{"start":{"line":189,"column":79},"end":{"line":189,"column":89}},{"start":{"line":189,"column":92},"end":{"line":189,"column":150}}],"line":189},"58":{"loc":{"start":{"line":189,"column":92},"end":{"line":189,"column":150}},"type":"cond-expr","locations":[{"start":{"line":189,"column":128},"end":{"line":189,"column":137}},{"start":{"line":189,"column":140},"end":{"line":189,"column":150}}],"line":189},"59":{"loc":{"start":{"line":207,"column":7},"end":{"line":249,"column":7}},"type":"binary-expr","locations":[{"start":{"line":207,"column":7},"end":{"line":207,"column":31}},{"start":{"line":208,"column":8},"end":{"line":248,"column":14}}],"line":207},"60":{"loc":{"start":{"line":225,"column":27},"end":{"line":225,"column":66}},"type":"binary-expr","locations":[{"start":{"line":225,"column":27},"end":{"line":225,"column":59}},{"start":{"line":225,"column":63},"end":{"line":225,"column":66}}],"line":225},"61":{"loc":{"start":{"line":235,"column":15},"end":{"line":235,"column":120}},"type":"cond-expr","locations":[{"start":{"line":235,"column":42},"end":{"line":235,"column":114}},{"start":{"line":235,"column":117},"end":{"line":235,"column":120}}],"line":235},"62":{"loc":{"start":{"line":270,"column":18},"end":{"line":271,"column":74}},"type":"cond-expr","locations":[{"start":{"line":270,"column":49},"end":{"line":270,"column":69}},{"start":{"line":271,"column":20},"end":{"line":271,"column":74}}],"line":270},"63":{"loc":{"start":{"line":271,"column":20},"end":{"line":271,"column":74}},"type":"cond-expr","locations":[{"start":{"line":271,"column":49},"end":{"line":271,"column":67}},{"start":{"line":271,"column":70},"end":{"line":271,"column":74}}],"line":271},"64":{"loc":{"start":{"line":314,"column":7},"end":{"line":388,"column":7}},"type":"binary-expr","locations":[{"start":{"line":314,"column":7},"end":{"line":314,"column":38}},{"start":{"line":315,"column":8},"end":{"line":387,"column":12}}],"line":314},"65":{"loc":{"start":{"line":322,"column":71},"end":{"line":322,"column":127}},"type":"binary-expr","locations":[{"start":{"line":322,"column":71},"end":{"line":322,"column":122}},{"start":{"line":322,"column":126},"end":{"line":322,"column":127}}],"line":322},"66":{"loc":{"start":{"line":324,"column":68},"end":{"line":324,"column":101}},"type":"binary-expr","locations":[{"start":{"line":324,"column":68},"end":{"line":324,"column":96}},{"start":{"line":324,"column":100},"end":{"line":324,"column":101}}],"line":324},"67":{"loc":{"start":{"line":327,"column":74},"end":{"line":327,"column":129}},"type":"binary-expr","locations":[{"start":{"line":327,"column":74},"end":{"line":327,"column":124}},{"start":{"line":327,"column":128},"end":{"line":327,"column":129}}],"line":327},"68":{"loc":{"start":{"line":329,"column":68},"end":{"line":329,"column":100}},"type":"binary-expr","locations":[{"start":{"line":329,"column":68},"end":{"line":329,"column":95}},{"start":{"line":329,"column":99},"end":{"line":329,"column":100}}],"line":329},"69":{"loc":{"start":{"line":332,"column":74},"end":{"line":332,"column":129}},"type":"binary-expr","locations":[{"start":{"line":332,"column":74},"end":{"line":332,"column":124}},{"start":{"line":332,"column":128},"end":{"line":332,"column":129}}],"line":332},"70":{"loc":{"start":{"line":334,"column":68},"end":{"line":334,"column":100}},"type":"binary-expr","locations":[{"start":{"line":334,"column":68},"end":{"line":334,"column":95}},{"start":{"line":334,"column":99},"end":{"line":334,"column":100}}],"line":334},"71":{"loc":{"start":{"line":337,"column":73},"end":{"line":337,"column":126}},"type":"binary-expr","locations":[{"start":{"line":337,"column":73},"end":{"line":337,"column":121}},{"start":{"line":337,"column":125},"end":{"line":337,"column":126}}],"line":337},"72":{"loc":{"start":{"line":339,"column":68},"end":{"line":339,"column":98}},"type":"binary-expr","locations":[{"start":{"line":339,"column":68},"end":{"line":339,"column":93}},{"start":{"line":339,"column":97},"end":{"line":339,"column":98}}],"line":339},"73":{"loc":{"start":{"line":342,"column":72},"end":{"line":342,"column":124}},"type":"binary-expr","locations":[{"start":{"line":342,"column":72},"end":{"line":342,"column":119}},{"start":{"line":342,"column":123},"end":{"line":342,"column":124}}],"line":342},"74":{"loc":{"start":{"line":344,"column":68},"end":{"line":344,"column":97}},"type":"binary-expr","locations":[{"start":{"line":344,"column":68},"end":{"line":344,"column":92}},{"start":{"line":344,"column":96},"end":{"line":344,"column":97}}],"line":344},"75":{"loc":{"start":{"line":347,"column":72},"end":{"line":347,"column":126}},"type":"binary-expr","locations":[{"start":{"line":347,"column":72},"end":{"line":347,"column":121}},{"start":{"line":347,"column":125},"end":{"line":347,"column":126}}],"line":347},"76":{"loc":{"start":{"line":349,"column":68},"end":{"line":349,"column":99}},"type":"binary-expr","locations":[{"start":{"line":349,"column":68},"end":{"line":349,"column":94}},{"start":{"line":349,"column":98},"end":{"line":349,"column":99}}],"line":349},"77":{"loc":{"start":{"line":403,"column":105},"end":{"line":403,"column":152}},"type":"binary-expr","locations":[{"start":{"line":403,"column":105},"end":{"line":403,"column":143}},{"start":{"line":403,"column":147},"end":{"line":403,"column":152}}],"line":403},"78":{"loc":{"start":{"line":433,"column":17},"end":{"line":433,"column":110}},"type":"cond-expr","locations":[{"start":{"line":433,"column":46},"end":{"line":433,"column":94}},{"start":{"line":433,"column":97},"end":{"line":433,"column":110}}],"line":433},"79":{"loc":{"start":{"line":460,"column":17},"end":{"line":462,"column":23}},"type":"cond-expr","locations":[{"start":{"line":461,"column":18},"end":{"line":461,"column":99}},{"start":{"line":462,"column":18},"end":{"line":462,"column":23}}],"line":460},"80":{"loc":{"start":{"line":471,"column":30},"end":{"line":472,"column":92}},"type":"cond-expr","locations":[{"start":{"line":472,"column":22},"end":{"line":472,"column":88}},{"start":{"line":472,"column":91},"end":{"line":472,"column":92}}],"line":471},"81":{"loc":{"start":{"line":482,"column":7},"end":{"line":533,"column":7}},"type":"binary-expr","locations":[{"start":{"line":482,"column":7},"end":{"line":482,"column":37}},{"start":{"line":483,"column":8},"end":{"line":532,"column":14}}],"line":482},"82":{"loc":{"start":{"line":499,"column":18},"end":{"line":501,"column":82}},"type":"cond-expr","locations":[{"start":{"line":499,"column":42},"end":{"line":499,"column":55}},{"start":{"line":500,"column":20},"end":{"line":501,"column":82}}],"line":499},"83":{"loc":{"start":{"line":500,"column":20},"end":{"line":501,"column":82}},"type":"cond-expr","locations":[{"start":{"line":500,"column":45},"end":{"line":500,"column":59}},{"start":{"line":501,"column":22},"end":{"line":501,"column":82}}],"line":500},"84":{"loc":{"start":{"line":501,"column":22},"end":{"line":501,"column":82}},"type":"cond-expr","locations":[{"start":{"line":501,"column":54},"end":{"line":501,"column":75}},{"start":{"line":501,"column":78},"end":{"line":501,"column":82}}],"line":501},"85":{"loc":{"start":{"line":536,"column":7},"end":{"line":568,"column":7}},"type":"binary-expr","locations":[{"start":{"line":536,"column":8},"end":{"line":536,"column":41}},{"start":{"line":536,"column":45},"end":{"line":536,"column":79}},{"start":{"line":537,"column":8},"end":{"line":567,"column":14}}],"line":536},"86":{"loc":{"start":{"line":542,"column":13},"end":{"line":547,"column":13}},"type":"binary-expr","locations":[{"start":{"line":542,"column":13},"end":{"line":542,"column":46}},{"start":{"line":543,"column":14},"end":{"line":546,"column":20}}],"line":542},"87":{"loc":{"start":{"line":548,"column":13},"end":{"line":553,"column":13}},"type":"binary-expr","locations":[{"start":{"line":548,"column":13},"end":{"line":548,"column":45}},{"start":{"line":549,"column":14},"end":{"line":552,"column":20}}],"line":548},"88":{"loc":{"start":{"line":554,"column":13},"end":{"line":559,"column":13}},"type":"binary-expr","locations":[{"start":{"line":554,"column":13},"end":{"line":554,"column":39}},{"start":{"line":555,"column":14},"end":{"line":558,"column":20}}],"line":554},"89":{"loc":{"start":{"line":560,"column":13},"end":{"line":565,"column":13}},"type":"binary-expr","locations":[{"start":{"line":560,"column":13},"end":{"line":560,"column":47}},{"start":{"line":561,"column":14},"end":{"line":564,"column":20}}],"line":560}},"s":{"0":2,"1":77,"2":77,"3":77,"4":77,"5":77,"6":77,"7":45,"8":42,"9":30,"10":30,"11":0,"12":30,"13":0,"14":0,"15":30,"16":30,"17":42,"18":0,"19":42,"20":42,"21":30,"22":30,"23":30,"24":30,"25":30,"26":30,"27":30,"28":30,"29":42,"30":42,"31":42,"32":252,"33":42,"34":42,"35":42,"36":42,"37":30,"38":30,"39":30,"40":29,"41":30,"42":29,"43":30,"44":30,"45":30,"46":30,"47":30,"48":30,"49":30,"50":42,"51":0,"52":42,"53":42,"54":0,"55":0,"56":0,"57":0,"58":0,"59":0,"60":0,"61":0,"62":42,"63":0,"64":42,"65":77,"66":124,"67":0,"68":124,"69":0,"70":124,"71":0,"72":124,"73":0,"74":124,"75":77,"76":124,"77":124,"78":0,"79":0,"80":0,"81":0,"82":0,"83":77,"84":15,"85":62,"86":0,"87":0,"88":0,"89":0,"90":0,"91":180,"92":30,"93":60,"94":90,"95":120,"96":150,"97":180,"98":30,"99":0,"100":0,"101":0},"f":{"0":77,"1":45,"2":30,"3":30,"4":0,"5":0,"6":30,"7":252,"8":30,"9":29,"10":29,"11":0,"12":0,"13":0,"14":0,"15":124,"16":124,"17":0,"18":0,"19":0,"20":0,"21":0,"22":180,"23":30,"24":60,"25":90,"26":120,"27":150,"28":180,"29":30,"30":0,"31":0,"32":0},"b":{"0":[42,3],"1":[45,44],"2":[0,30],"3":[0,0],"4":[0,0],"5":[0,0],"6":[0,0],"7":[30,0],"8":[30,0],"9":[30,0],"10":[30,0],"11":[30,0],"12":[30,0],"13":[30,0],"14":[30,0],"15":[30,0],"16":[30,0],"17":[30,0],"18":[30,0],"19":[30,0],"20":[30,12],"21":[30,0],"22":[30,1],"23":[30,1],"24":[30,0],"25":[30,0],"26":[30,0],"27":[30,0],"28":[30,0],"29":[30,0],"30":[30,0],"31":[42,42],"32":[0,0],"33":[0,0],"34":[0,0],"35":[0,0],"36":[0,0],"37":[0,0],"38":[0,0],"39":[0,124],"40":[0,124],"41":[0,124],"42":[0,124],"43":[124,0],"44":[124,0],"45":[0,0],"46":[0,0],"47":[15,62],"48":[77,76,62],"49":[62,62],"50":[0,62],"51":[0,62],"52":[62,62],"53":[0,62],"54":[0,62],"55":[0,62],"56":[0,62],"57":[0,62],"58":[0,62],"59":[62,0],"60":[0,0],"61":[0,0],"62":[0,0],"63":[0,0],"64":[62,30],"65":[30,0],"66":[30,0],"67":[30,0],"68":[30,0],"69":[30,0],"70":[30,0],"71":[30,0],"72":[30,0],"73":[30,0],"74":[30,0],"75":[30,0],"76":[30,0],"77":[62,62],"78":[0,62],"79":[52,10],"80":[52,10],"81":[62,0],"82":[0,0],"83":[0,0],"84":[0,0],"85":[62,62,0],"86":[0,0],"87":[0,0],"88":[0,0],"89":[0,0]},"_coverageSchema":"1a1c01bbd47fc00a2c39e90264f33305004495a9","hash":"7078a9a3359b7aeacf8c46e257ac1306c1de337f"}
,"C:\\Users\\msntc\\Repos\\Source\\sns_dashboard_web\\src\\components\\DashboardFinanceiro.js": {"path":"C:\\Users\\msntc\\Repos\\Source\\sns_dashboard_web\\src\\components\\DashboardFinanceiro.js","statementMap":{"0":{"start":{"line":5,"column":28},"end":{"line":553,"column":1}},"1":{"start":{"line":6,"column":38},"end":{"line":6,"column":50}},"2":{"start":{"line":7,"column":44},"end":{"line":7,"column":56}},"3":{"start":{"line":8,"column":44},"end":{"line":8,"column":56}},"4":{"start":{"line":9,"column":44},"end":{"line":9,"column":56}},"5":{"start":{"line":11,"column":2},"end":{"line":137,"column":24}},"6":{"start":{"line":12,"column":4},"end":{"line":136,"column":5}},"7":{"start":{"line":14,"column":22},"end":{"line":14,"column":24}},"8":{"start":{"line":15,"column":6},"end":{"line":24,"column":9}},"9":{"start":{"line":16,"column":8},"end":{"line":23,"column":10}},"10":{"start":{"line":26,"column":6},"end":{"line":36,"column":9}},"11":{"start":{"line":27,"column":8},"end":{"line":35,"column":9}},"12":{"start":{"line":28,"column":36},"end":{"line":28,"column":62}},"13":{"start":{"line":29,"column":34},"end":{"line":29,"column":127}},"14":{"start":{"line":31,"column":10},"end":{"line":31,"column":71}},"15":{"start":{"line":32,"column":10},"end":{"line":32,"column":67}},"16":{"start":{"line":33,"column":10},"end":{"line":33,"column":70}},"17":{"start":{"line":34,"column":10},"end":{"line":34,"column":75}},"18":{"start":{"line":38,"column":26},"end":{"line":42,"column":9}},"19":{"start":{"line":38,"column":64},"end":{"line":42,"column":7}},"20":{"start":{"line":44,"column":6},"end":{"line":44,"column":33}},"21":{"start":{"line":47,"column":22},"end":{"line":72,"column":11}},"22":{"start":{"line":48,"column":23},"end":{"line":48,"column":48}},"23":{"start":{"line":50,"column":27},"end":{"line":50,"column":72}},"24":{"start":{"line":50,"column":44},"end":{"line":50,"column":71}},"25":{"start":{"line":51,"column":36},"end":{"line":51,"column":62}},"26":{"start":{"line":52,"column":34},"end":{"line":52,"column":127}},"27":{"start":{"line":54,"column":10},"end":{"line":65,"column":11}},"28":{"start":{"line":55,"column":12},"end":{"line":55,"column":59}},"29":{"start":{"line":56,"column":12},"end":{"line":56,"column":64}},"30":{"start":{"line":57,"column":12},"end":{"line":57,"column":60}},"31":{"start":{"line":59,"column":12},"end":{"line":64,"column":15}},"32":{"start":{"line":66,"column":10},"end":{"line":66,"column":21}},"33":{"start":{"line":68,"column":22},"end":{"line":72,"column":9}},"34":{"start":{"line":73,"column":28},"end":{"line":73,"column":89}},"35":{"start":{"line":73,"column":56},"end":{"line":73,"column":88}},"36":{"start":{"line":74,"column":6},"end":{"line":74,"column":38}},"37":{"start":{"line":77,"column":26},"end":{"line":77,"column":28}},"38":{"start":{"line":78,"column":6},"end":{"line":87,"column":9}},"39":{"start":{"line":79,"column":8},"end":{"line":86,"column":10}},"40":{"start":{"line":89,"column":6},"end":{"line":101,"column":9}},"41":{"start":{"line":90,"column":28},"end":{"line":90,"column":94}},"42":{"start":{"line":90,"column":56},"end":{"line":90,"column":93}},"43":{"start":{"line":91,"column":8},"end":{"line":100,"column":9}},"44":{"start":{"line":92,"column":36},"end":{"line":92,"column":62}},"45":{"start":{"line":93,"column":34},"end":{"line":93,"column":127}},"46":{"start":{"line":95,"column":10},"end":{"line":95,"column":79}},"47":{"start":{"line":96,"column":10},"end":{"line":96,"column":75}},"48":{"start":{"line":97,"column":10},"end":{"line":97,"column":78}},"49":{"start":{"line":98,"column":10},"end":{"line":98,"column":83}},"50":{"start":{"line":99,"column":10},"end":{"line":99,"column":55}},"51":{"start":{"line":103,"column":25},"end":{"line":109,"column":11}},"52":{"start":{"line":104,"column":24},"end":{"line":104,"column":45}},"53":{"start":{"line":105,"column":22},"end":{"line":109,"column":9}},"54":{"start":{"line":111,"column":6},"end":{"line":111,"column":35}},"55":{"start":{"line":114,"column":25},"end":{"line":133,"column":14}},"56":{"start":{"line":116,"column":27},"end":{"line":116,"column":72}},"57":{"start":{"line":116,"column":44},"end":{"line":116,"column":71}},"58":{"start":{"line":117,"column":28},"end":{"line":117,"column":55}},"59":{"start":{"line":118,"column":29},"end":{"line":118,"column":55}},"60":{"start":{"line":120,"column":10},"end":{"line":131,"column":11}},"61":{"start":{"line":121,"column":12},"end":{"line":121,"column":45}},"62":{"start":{"line":122,"column":12},"end":{"line":122,"column":52}},"63":{"start":{"line":123,"column":12},"end":{"line":123,"column":55}},"64":{"start":{"line":125,"column":12},"end":{"line":130,"column":15}},"65":{"start":{"line":132,"column":10},"end":{"line":132,"column":21}},"66":{"start":{"line":134,"column":31},"end":{"line":134,"column":95}},"67":{"start":{"line":134,"column":62},"end":{"line":134,"column":94}},"68":{"start":{"line":135,"column":6},"end":{"line":135,"column":41}},"69":{"start":{"line":140,"column":24},"end":{"line":145,"column":3}},"70":{"start":{"line":141,"column":4},"end":{"line":141,"column":40}},"71":{"start":{"line":141,"column":23},"end":{"line":141,"column":40}},"72":{"start":{"line":142,"column":4},"end":{"line":142,"column":40}},"73":{"start":{"line":142,"column":23},"end":{"line":142,"column":40}},"74":{"start":{"line":143,"column":4},"end":{"line":143,"column":40}},"75":{"start":{"line":143,"column":23},"end":{"line":143,"column":40}},"76":{"start":{"line":144,"column":4},"end":{"line":144,"column":21}},"77":{"start":{"line":147,"column":20},"end":{"line":147,"column":75}},"78":{"start":{"line":149,"column":2},"end":{"line":172,"column":3}},"79":{"start":{"line":150,"column":4},"end":{"line":171,"column":6}},"80":{"start":{"line":174,"column":29},"end":{"line":174,"column":91}},"81":{"start":{"line":174,"column":64},"end":{"line":174,"column":87}},"82":{"start":{"line":175,"column":35},"end":{"line":175,"column":104}},"83":{"start":{"line":175,"column":70},"end":{"line":175,"column":100}},"84":{"start":{"line":176,"column":37},"end":{"line":176,"column":119}},"85":{"start":{"line":178,"column":2},"end":{"line":552,"column":4}},"86":{"start":{"line":283,"column":98},"end":{"line":283,"column":117}},"87":{"start":{"line":284,"column":119},"end":{"line":284,"column":138}},"88":{"start":{"line":286,"column":44},"end":{"line":291,"column":17}},"89":{"start":{"line":292,"column":43},"end":{"line":292,"column":62}},"90":{"start":{"line":329,"column":61},"end":{"line":329,"column":80}},"91":{"start":{"line":331,"column":45},"end":{"line":331,"column":66}},"92":{"start":{"line":334,"column":18},"end":{"line":334,"column":91}},"93":{"start":{"line":361,"column":34},"end":{"line":361,"column":75}},"94":{"start":{"line":363,"column":20},"end":{"line":380,"column":25}},"95":{"start":{"line":394,"column":34},"end":{"line":394,"column":133}},"96":{"start":{"line":395,"column":33},"end":{"line":395,"column":127}},"97":{"start":{"line":396,"column":34},"end":{"line":396,"column":131}},"98":{"start":{"line":397,"column":31},"end":{"line":397,"column":128}},"99":{"start":{"line":399,"column":14},"end":{"line":435,"column":16}},"100":{"start":{"line":455,"column":98},"end":{"line":455,"column":117}},"101":{"start":{"line":456,"column":119},"end":{"line":456,"column":138}},"102":{"start":{"line":458,"column":44},"end":{"line":463,"column":17}},"103":{"start":{"line":464,"column":43},"end":{"line":464,"column":62}}},"fnMap":{"0":{"name":"(anonymous_0)","decl":{"start":{"line":5,"column":28},"end":{"line":5,"column":29}},"loc":{"start":{"line":5,"column":53},"end":{"line":553,"column":1}},"line":5},"1":{"name":"(anonymous_1)","decl":{"start":{"line":11,"column":12},"end":{"line":11,"column":13}},"loc":{"start":{"line":11,"column":18},"end":{"line":137,"column":3}},"line":11},"2":{"name":"(anonymous_2)","decl":{"start":{"line":15,"column":28},"end":{"line":15,"column":29}},"loc":{"start":{"line":15,"column":38},"end":{"line":24,"column":7}},"line":15},"3":{"name":"(anonymous_3)","decl":{"start":{"line":26,"column":31},"end":{"line":26,"column":32}},"loc":{"start":{"line":26,"column":38},"end":{"line":36,"column":7}},"line":26},"4":{"name":"(anonymous_4)","decl":{"start":{"line":38,"column":53},"end":{"line":38,"column":54}},"loc":{"start":{"line":38,"column":64},"end":{"line":42,"column":7}},"line":38},"5":{"name":"(anonymous_5)","decl":{"start":{"line":48,"column":16},"end":{"line":48,"column":17}},"loc":{"start":{"line":48,"column":23},"end":{"line":48,"column":48}},"line":48},"6":{"name":"(anonymous_6)","decl":{"start":{"line":49,"column":16},"end":{"line":49,"column":17}},"loc":{"start":{"line":49,"column":30},"end":{"line":67,"column":9}},"line":49},"7":{"name":"(anonymous_7)","decl":{"start":{"line":50,"column":36},"end":{"line":50,"column":37}},"loc":{"start":{"line":50,"column":44},"end":{"line":50,"column":71}},"line":50},"8":{"name":"(anonymous_8)","decl":{"start":{"line":68,"column":13},"end":{"line":68,"column":14}},"loc":{"start":{"line":68,"column":22},"end":{"line":72,"column":9}},"line":68},"9":{"name":"(anonymous_9)","decl":{"start":{"line":73,"column":46},"end":{"line":73,"column":47}},"loc":{"start":{"line":73,"column":56},"end":{"line":73,"column":88}},"line":73},"10":{"name":"(anonymous_10)","decl":{"start":{"line":78,"column":47},"end":{"line":78,"column":48}},"loc":{"start":{"line":78,"column":55},"end":{"line":87,"column":7}},"line":78},"11":{"name":"(anonymous_11)","decl":{"start":{"line":89,"column":31},"end":{"line":89,"column":32}},"loc":{"start":{"line":89,"column":38},"end":{"line":101,"column":7}},"line":89},"12":{"name":"(anonymous_12)","decl":{"start":{"line":90,"column":51},"end":{"line":90,"column":52}},"loc":{"start":{"line":90,"column":56},"end":{"line":90,"column":93}},"line":90},"13":{"name":"(anonymous_13)","decl":{"start":{"line":104,"column":16},"end":{"line":104,"column":17}},"loc":{"start":{"line":104,"column":24},"end":{"line":104,"column":45}},"line":104},"14":{"name":"(anonymous_14)","decl":{"start":{"line":105,"column":13},"end":{"line":105,"column":14}},"loc":{"start":{"line":105,"column":22},"end":{"line":109,"column":9}},"line":105},"15":{"name":"(anonymous_15)","decl":{"start":{"line":115,"column":16},"end":{"line":115,"column":17}},"loc":{"start":{"line":115,"column":30},"end":{"line":133,"column":9}},"line":115},"16":{"name":"(anonymous_16)","decl":{"start":{"line":116,"column":36},"end":{"line":116,"column":37}},"loc":{"start":{"line":116,"column":44},"end":{"line":116,"column":71}},"line":116},"17":{"name":"(anonymous_17)","decl":{"start":{"line":134,"column":52},"end":{"line":134,"column":53}},"loc":{"start":{"line":134,"column":62},"end":{"line":134,"column":94}},"line":134},"18":{"name":"(anonymous_18)","decl":{"start":{"line":140,"column":24},"end":{"line":140,"column":25}},"loc":{"start":{"line":140,"column":37},"end":{"line":145,"column":3}},"line":140},"19":{"name":"(anonymous_19)","decl":{"start":{"line":174,"column":47},"end":{"line":174,"column":48}},"loc":{"start":{"line":174,"column":64},"end":{"line":174,"column":87}},"line":174},"20":{"name":"(anonymous_20)","decl":{"start":{"line":175,"column":53},"end":{"line":175,"column":54}},"loc":{"start":{"line":175,"column":70},"end":{"line":175,"column":100}},"line":175},"21":{"name":"(anonymous_21)","decl":{"start":{"line":283,"column":87},"end":{"line":283,"column":88}},"loc":{"start":{"line":283,"column":98},"end":{"line":283,"column":117}},"line":283},"22":{"name":"(anonymous_22)","decl":{"start":{"line":284,"column":108},"end":{"line":284,"column":109}},"loc":{"start":{"line":284,"column":119},"end":{"line":284,"column":138}},"line":284},"23":{"name":"(anonymous_23)","decl":{"start":{"line":286,"column":27},"end":{"line":286,"column":28}},"loc":{"start":{"line":286,"column":44},"end":{"line":291,"column":17}},"line":286},"24":{"name":"(anonymous_24)","decl":{"start":{"line":292,"column":32},"end":{"line":292,"column":33}},"loc":{"start":{"line":292,"column":43},"end":{"line":292,"column":62}},"line":292},"25":{"name":"(anonymous_25)","decl":{"start":{"line":329,"column":50},"end":{"line":329,"column":51}},"loc":{"start":{"line":329,"column":61},"end":{"line":329,"column":80}},"line":329},"26":{"name":"(anonymous_26)","decl":{"start":{"line":331,"column":34},"end":{"line":331,"column":35}},"loc":{"start":{"line":331,"column":45},"end":{"line":331,"column":66}},"line":331},"27":{"name":"(anonymous_27)","decl":{"start":{"line":333,"column":32},"end":{"line":333,"column":33}},"loc":{"start":{"line":334,"column":18},"end":{"line":334,"column":91}},"line":334},"28":{"name":"(anonymous_28)","decl":{"start":{"line":361,"column":24},"end":{"line":361,"column":25}},"loc":{"start":{"line":361,"column":34},"end":{"line":361,"column":75}},"line":361},"29":{"name":"(anonymous_29)","decl":{"start":{"line":362,"column":23},"end":{"line":362,"column":24}},"loc":{"start":{"line":363,"column":20},"end":{"line":380,"column":25}},"line":363},"30":{"name":"(anonymous_30)","decl":{"start":{"line":393,"column":31},"end":{"line":393,"column":32}},"loc":{"start":{"line":393,"column":41},"end":{"line":436,"column":13}},"line":393},"31":{"name":"(anonymous_31)","decl":{"start":{"line":455,"column":87},"end":{"line":455,"column":88}},"loc":{"start":{"line":455,"column":98},"end":{"line":455,"column":117}},"line":455},"32":{"name":"(anonymous_32)","decl":{"start":{"line":456,"column":108},"end":{"line":456,"column":109}},"loc":{"start":{"line":456,"column":119},"end":{"line":456,"column":138}},"line":456},"33":{"name":"(anonymous_33)","decl":{"start":{"line":458,"column":27},"end":{"line":458,"column":28}},"loc":{"start":{"line":458,"column":44},"end":{"line":463,"column":17}},"line":458},"34":{"name":"(anonymous_34)","decl":{"start":{"line":464,"column":32},"end":{"line":464,"column":33}},"loc":{"start":{"line":464,"column":43},"end":{"line":464,"column":62}},"line":464}},"branchMap":{"0":{"loc":{"start":{"line":12,"column":4},"end":{"line":136,"column":5}},"type":"if","locations":[{"start":{"line":12,"column":4},"end":{"line":136,"column":5}},{"start":{},"end":{}}],"line":12},"1":{"loc":{"start":{"line":12,"column":8},"end":{"line":12,"column":53}},"type":"binary-expr","locations":[{"start":{"line":12,"column":8},"end":{"line":12,"column":12}},{"start":{"line":12,"column":16},"end":{"line":12,"column":32}},{"start":{"line":12,"column":36},"end":{"line":12,"column":53}}],"line":12},"2":{"loc":{"start":{"line":27,"column":8},"end":{"line":35,"column":9}},"type":"if","locations":[{"start":{"line":27,"column":8},"end":{"line":35,"column":9}},{"start":{},"end":{}}],"line":27},"3":{"loc":{"start":{"line":28,"column":36},"end":{"line":28,"column":62}},"type":"binary-expr","locations":[{"start":{"line":28,"column":36},"end":{"line":28,"column":57}},{"start":{"line":28,"column":61},"end":{"line":28,"column":62}}],"line":28},"4":{"loc":{"start":{"line":29,"column":35},"end":{"line":29,"column":62}},"type":"binary-expr","locations":[{"start":{"line":29,"column":35},"end":{"line":29,"column":57}},{"start":{"line":29,"column":61},"end":{"line":29,"column":62}}],"line":29},"5":{"loc":{"start":{"line":29,"column":67},"end":{"line":29,"column":93}},"type":"binary-expr","locations":[{"start":{"line":29,"column":67},"end":{"line":29,"column":88}},{"start":{"line":29,"column":92},"end":{"line":29,"column":93}}],"line":29},"6":{"loc":{"start":{"line":29,"column":98},"end":{"line":29,"column":126}},"type":"binary-expr","locations":[{"start":{"line":29,"column":98},"end":{"line":29,"column":121}},{"start":{"line":29,"column":125},"end":{"line":29,"column":126}}],"line":29},"7":{"loc":{"start":{"line":40,"column":32},"end":{"line":40,"column":124}},"type":"cond-expr","locations":[{"start":{"line":40,"column":63},"end":{"line":40,"column":120}},{"start":{"line":40,"column":123},"end":{"line":40,"column":124}}],"line":40},"8":{"loc":{"start":{"line":41,"column":28},"end":{"line":41,"column":108}},"type":"cond-expr","locations":[{"start":{"line":41,"column":52},"end":{"line":41,"column":104}},{"start":{"line":41,"column":107},"end":{"line":41,"column":108}}],"line":41},"9":{"loc":{"start":{"line":51,"column":36},"end":{"line":51,"column":62}},"type":"binary-expr","locations":[{"start":{"line":51,"column":36},"end":{"line":51,"column":57}},{"start":{"line":51,"column":61},"end":{"line":51,"column":62}}],"line":51},"10":{"loc":{"start":{"line":52,"column":35},"end":{"line":52,"column":62}},"type":"binary-expr","locations":[{"start":{"line":52,"column":35},"end":{"line":52,"column":57}},{"start":{"line":52,"column":61},"end":{"line":52,"column":62}}],"line":52},"11":{"loc":{"start":{"line":52,"column":67},"end":{"line":52,"column":93}},"type":"binary-expr","locations":[{"start":{"line":52,"column":67},"end":{"line":52,"column":88}},{"start":{"line":52,"column":92},"end":{"line":52,"column":93}}],"line":52},"12":{"loc":{"start":{"line":52,"column":98},"end":{"line":52,"column":126}},"type":"binary-expr","locations":[{"start":{"line":52,"column":98},"end":{"line":52,"column":121}},{"start":{"line":52,"column":125},"end":{"line":52,"column":126}}],"line":52},"13":{"loc":{"start":{"line":54,"column":10},"end":{"line":65,"column":11}},"type":"if","locations":[{"start":{"line":54,"column":10},"end":{"line":65,"column":11}},{"start":{"line":58,"column":17},"end":{"line":65,"column":11}}],"line":54},"14":{"loc":{"start":{"line":70,"column":30},"end":{"line":70,"column":104}},"type":"cond-expr","locations":[{"start":{"line":70,"column":52},"end":{"line":70,"column":100}},{"start":{"line":70,"column":103},"end":{"line":70,"column":104}}],"line":70},"15":{"loc":{"start":{"line":71,"column":36},"end":{"line":71,"column":109}},"type":"cond-expr","locations":[{"start":{"line":71,"column":65},"end":{"line":71,"column":105}},{"start":{"line":71,"column":108},"end":{"line":71,"column":109}}],"line":71},"16":{"loc":{"start":{"line":91,"column":8},"end":{"line":100,"column":9}},"type":"if","locations":[{"start":{"line":91,"column":8},"end":{"line":100,"column":9}},{"start":{},"end":{}}],"line":91},"17":{"loc":{"start":{"line":91,"column":12},"end":{"line":91,"column":56}},"type":"binary-expr","locations":[{"start":{"line":91,"column":12},"end":{"line":91,"column":23}},{"start":{"line":91,"column":27},"end":{"line":91,"column":56}}],"line":91},"18":{"loc":{"start":{"line":92,"column":36},"end":{"line":92,"column":62}},"type":"binary-expr","locations":[{"start":{"line":92,"column":36},"end":{"line":92,"column":57}},{"start":{"line":92,"column":61},"end":{"line":92,"column":62}}],"line":92},"19":{"loc":{"start":{"line":93,"column":35},"end":{"line":93,"column":62}},"type":"binary-expr","locations":[{"start":{"line":93,"column":35},"end":{"line":93,"column":57}},{"start":{"line":93,"column":61},"end":{"line":93,"column":62}}],"line":93},"20":{"loc":{"start":{"line":93,"column":67},"end":{"line":93,"column":93}},"type":"binary-expr","locations":[{"start":{"line":93,"column":67},"end":{"line":93,"column":88}},{"start":{"line":93,"column":92},"end":{"line":93,"column":93}}],"line":93},"21":{"loc":{"start":{"line":93,"column":98},"end":{"line":93,"column":126}},"type":"binary-expr","locations":[{"start":{"line":93,"column":98},"end":{"line":93,"column":121}},{"start":{"line":93,"column":125},"end":{"line":93,"column":126}}],"line":93},"22":{"loc":{"start":{"line":107,"column":34},"end":{"line":107,"column":120}},"type":"cond-expr","locations":[{"start":{"line":107,"column":63},"end":{"line":107,"column":116}},{"start":{"line":107,"column":119},"end":{"line":107,"column":120}}],"line":107},"23":{"loc":{"start":{"line":108,"column":30},"end":{"line":108,"column":104}},"type":"cond-expr","locations":[{"start":{"line":108,"column":52},"end":{"line":108,"column":100}},{"start":{"line":108,"column":103},"end":{"line":108,"column":104}}],"line":108},"24":{"loc":{"start":{"line":114,"column":26},"end":{"line":114,"column":56}},"type":"binary-expr","locations":[{"start":{"line":114,"column":26},"end":{"line":114,"column":50}},{"start":{"line":114,"column":54},"end":{"line":114,"column":56}}],"line":114},"25":{"loc":{"start":{"line":117,"column":29},"end":{"line":117,"column":48}},"type":"binary-expr","locations":[{"start":{"line":117,"column":29},"end":{"line":117,"column":43}},{"start":{"line":117,"column":47},"end":{"line":117,"column":48}}],"line":117},"26":{"loc":{"start":{"line":118,"column":30},"end":{"line":118,"column":49}},"type":"binary-expr","locations":[{"start":{"line":118,"column":30},"end":{"line":118,"column":44}},{"start":{"line":118,"column":48},"end":{"line":118,"column":49}}],"line":118},"27":{"loc":{"start":{"line":120,"column":10},"end":{"line":131,"column":11}},"type":"if","locations":[{"start":{"line":120,"column":10},"end":{"line":131,"column":11}},{"start":{"line":124,"column":17},"end":{"line":131,"column":11}}],"line":120},"28":{"loc":{"start":{"line":123,"column":35},"end":{"line":123,"column":54}},"type":"binary-expr","locations":[{"start":{"line":123,"column":35},"end":{"line":123,"column":49}},{"start":{"line":123,"column":53},"end":{"line":123,"column":54}}],"line":123},"29":{"loc":{"start":{"line":129,"column":26},"end":{"line":129,"column":45}},"type":"binary-expr","locations":[{"start":{"line":129,"column":26},"end":{"line":129,"column":40}},{"start":{"line":129,"column":44},"end":{"line":129,"column":45}}],"line":129},"30":{"loc":{"start":{"line":141,"column":4},"end":{"line":141,"column":40}},"type":"if","locations":[{"start":{"line":141,"column":4},"end":{"line":141,"column":40}},{"start":{},"end":{}}],"line":141},"31":{"loc":{"start":{"line":142,"column":4},"end":{"line":142,"column":40}},"type":"if","locations":[{"start":{"line":142,"column":4},"end":{"line":142,"column":40}},{"start":{},"end":{}}],"line":142},"32":{"loc":{"start":{"line":143,"column":4},"end":{"line":143,"column":40}},"type":"if","locations":[{"start":{"line":143,"column":4},"end":{"line":143,"column":40}},{"start":{},"end":{}}],"line":143},"33":{"loc":{"start":{"line":149,"column":2},"end":{"line":172,"column":3}},"type":"if","locations":[{"start":{"line":149,"column":2},"end":{"line":172,"column":3}},{"start":{},"end":{}}],"line":149},"34":{"loc":{"start":{"line":149,"column":6},"end":{"line":149,"column":70}},"type":"binary-expr","locations":[{"start":{"line":149,"column":6},"end":{"line":149,"column":11}},{"start":{"line":149,"column":15},"end":{"line":149,"column":38}},{"start":{"line":149,"column":42},"end":{"line":149,"column":70}}],"line":149},"35":{"loc":{"start":{"line":176,"column":37},"end":{"line":176,"column":119}},"type":"cond-expr","locations":[{"start":{"line":176,"column":62},"end":{"line":176,"column":115}},{"start":{"line":176,"column":118},"end":{"line":176,"column":119}}],"line":176},"36":{"loc":{"start":{"line":224,"column":7},"end":{"line":266,"column":7}},"type":"binary-expr","locations":[{"start":{"line":224,"column":7},"end":{"line":224,"column":31}},{"start":{"line":225,"column":8},"end":{"line":265,"column":14}}],"line":224},"37":{"loc":{"start":{"line":287,"column":18},"end":{"line":287,"column":89}},"type":"cond-expr","locations":[{"start":{"line":287,"column":45},"end":{"line":287,"column":65}},{"start":{"line":287,"column":68},"end":{"line":287,"column":89}}],"line":287},"38":{"loc":{"start":{"line":288,"column":18},"end":{"line":290,"column":76}},"type":"cond-expr","locations":[{"start":{"line":288,"column":42},"end":{"line":288,"column":55}},{"start":{"line":289,"column":20},"end":{"line":290,"column":76}}],"line":288},"39":{"loc":{"start":{"line":289,"column":20},"end":{"line":290,"column":76}},"type":"cond-expr","locations":[{"start":{"line":289,"column":51},"end":{"line":289,"column":71}},{"start":{"line":290,"column":22},"end":{"line":290,"column":76}}],"line":289},"40":{"loc":{"start":{"line":290,"column":22},"end":{"line":290,"column":76}},"type":"cond-expr","locations":[{"start":{"line":290,"column":54},"end":{"line":290,"column":69}},{"start":{"line":290,"column":72},"end":{"line":290,"column":76}}],"line":290},"41":{"loc":{"start":{"line":394,"column":34},"end":{"line":394,"column":133}},"type":"cond-expr","locations":[{"start":{"line":394,"column":66},"end":{"line":394,"column":76}},{"start":{"line":394,"column":79},"end":{"line":394,"column":133}}],"line":394},"42":{"loc":{"start":{"line":394,"column":79},"end":{"line":394,"column":133}},"type":"cond-expr","locations":[{"start":{"line":394,"column":111},"end":{"line":394,"column":120}},{"start":{"line":394,"column":123},"end":{"line":394,"column":133}}],"line":394},"43":{"loc":{"start":{"line":395,"column":33},"end":{"line":395,"column":127}},"type":"cond-expr","locations":[{"start":{"line":395,"column":65},"end":{"line":395,"column":74}},{"start":{"line":395,"column":77},"end":{"line":395,"column":127}}],"line":395},"44":{"loc":{"start":{"line":395,"column":77},"end":{"line":395,"column":127}},"type":"cond-expr","locations":[{"start":{"line":395,"column":109},"end":{"line":395,"column":119}},{"start":{"line":395,"column":122},"end":{"line":395,"column":127}}],"line":395},"45":{"loc":{"start":{"line":396,"column":34},"end":{"line":396,"column":131}},"type":"cond-expr","locations":[{"start":{"line":396,"column":66},"end":{"line":396,"column":75}},{"start":{"line":396,"column":78},"end":{"line":396,"column":131}}],"line":396},"46":{"loc":{"start":{"line":396,"column":78},"end":{"line":396,"column":131}},"type":"cond-expr","locations":[{"start":{"line":396,"column":110},"end":{"line":396,"column":119}},{"start":{"line":396,"column":122},"end":{"line":396,"column":131}}],"line":396},"47":{"loc":{"start":{"line":397,"column":31},"end":{"line":397,"column":128}},"type":"cond-expr","locations":[{"start":{"line":397,"column":63},"end":{"line":397,"column":72}},{"start":{"line":397,"column":75},"end":{"line":397,"column":128}}],"line":397},"48":{"loc":{"start":{"line":397,"column":75},"end":{"line":397,"column":128}},"type":"cond-expr","locations":[{"start":{"line":397,"column":107},"end":{"line":397,"column":116}},{"start":{"line":397,"column":119},"end":{"line":397,"column":128}}],"line":397},"49":{"loc":{"start":{"line":442,"column":7},"end":{"line":497,"column":7}},"type":"binary-expr","locations":[{"start":{"line":442,"column":7},"end":{"line":442,"column":31}},{"start":{"line":443,"column":8},"end":{"line":496,"column":14}}],"line":442},"50":{"loc":{"start":{"line":459,"column":18},"end":{"line":459,"column":118}},"type":"cond-expr","locations":[{"start":{"line":459,"column":75},"end":{"line":459,"column":96}},{"start":{"line":459,"column":99},"end":{"line":459,"column":118}}],"line":459},"51":{"loc":{"start":{"line":459,"column":18},"end":{"line":459,"column":72}},"type":"binary-expr","locations":[{"start":{"line":459,"column":18},"end":{"line":459,"column":40}},{"start":{"line":459,"column":44},"end":{"line":459,"column":72}}],"line":459},"52":{"loc":{"start":{"line":460,"column":18},"end":{"line":462,"column":66}},"type":"cond-expr","locations":[{"start":{"line":460,"column":42},"end":{"line":460,"column":55}},{"start":{"line":461,"column":20},"end":{"line":462,"column":66}}],"line":460},"53":{"loc":{"start":{"line":461,"column":20},"end":{"line":462,"column":66}},"type":"cond-expr","locations":[{"start":{"line":461,"column":50},"end":{"line":461,"column":69}},{"start":{"line":462,"column":22},"end":{"line":462,"column":66}}],"line":461},"54":{"loc":{"start":{"line":462,"column":22},"end":{"line":462,"column":66}},"type":"cond-expr","locations":[{"start":{"line":462,"column":46},"end":{"line":462,"column":59}},{"start":{"line":462,"column":62},"end":{"line":462,"column":66}}],"line":462}},"s":{"0":2,"1":6,"2":6,"3":6,"4":6,"5":6,"6":5,"7":1,"8":1,"9":2,"10":1,"11":2,"12":2,"13":2,"14":2,"15":2,"16":2,"17":2,"18":1,"19":2,"20":1,"21":1,"22":2,"23":2,"24":1,"25":2,"26":2,"27":2,"28":0,"29":0,"30":0,"31":2,"32":2,"33":2,"34":1,"35":1,"36":1,"37":1,"38":1,"39":4,"40":1,"41":2,"42":3,"43":2,"44":2,"45":2,"46":2,"47":2,"48":2,"49":2,"50":2,"51":1,"52":4,"53":2,"54":1,"55":1,"56":0,"57":0,"58":0,"59":0,"60":0,"61":0,"62":0,"63":0,"64":0,"65":0,"66":1,"67":0,"68":1,"69":6,"70":8,"71":6,"72":2,"73":0,"74":2,"75":0,"76":2,"77":6,"78":6,"79":4,"80":2,"81":2,"82":2,"83":2,"84":2,"85":2,"86":0,"87":0,"88":0,"89":0,"90":0,"91":0,"92":2,"93":1,"94":2,"95":2,"96":2,"97":2,"98":2,"99":2,"100":0,"101":0,"102":0,"103":0},"f":{"0":6,"1":5,"2":2,"3":2,"4":2,"5":2,"6":2,"7":1,"8":2,"9":1,"10":4,"11":2,"12":3,"13":4,"14":2,"15":0,"16":0,"17":0,"18":8,"19":2,"20":2,"21":0,"22":0,"23":0,"24":0,"25":0,"26":0,"27":2,"28":1,"29":2,"30":2,"31":0,"32":0,"33":0,"34":0},"b":{"0":[1,4],"1":[5,4,2],"2":[2,0],"3":[2,0],"4":[2,0],"5":[2,0],"6":[2,0],"7":[2,0],"8":[2,0],"9":[2,0],"10":[2,0],"11":[2,0],"12":[2,0],"13":[0,2],"14":[2,0],"15":[2,0],"16":[2,0],"17":[2,2],"18":[2,0],"19":[2,0],"20":[2,0],"21":[2,0],"22":[2,0],"23":[2,0],"24":[1,1],"25":[0,0],"26":[0,0],"27":[0,0],"28":[0,0],"29":[0,0],"30":[6,2],"31":[0,2],"32":[0,2],"33":[4,2],"34":[6,5,2],"35":[1,1],"36":[2,0],"37":[0,0],"38":[0,0],"39":[0,0],"40":[0,0],"41":[0,2],"42":[2,0],"43":[0,2],"44":[2,0],"45":[0,2],"46":[2,0],"47":[0,2],"48":[2,0],"49":[2,0],"50":[0,0],"51":[0,0],"52":[0,0],"53":[0,0],"54":[0,0]},"_coverageSchema":"1a1c01bbd47fc00a2c39e90264f33305004495a9","hash":"721d169c0a403ee3b686eb8cf2fe7cd1a60e70d3"}
,"C:\\Users\\msntc\\Repos\\Source\\sns_dashboard_web\\src\\components\\DashboardOperacional.js": {"path":"C:\\Users\\msntc\\Repos\\Source\\sns_dashboard_web\\src\\components\\DashboardOperacional.js","statementMap":{"0":{"start":{"line":5,"column":29},"end":{"line":811,"column":1}},"1":{"start":{"line":6,"column":46},"end":{"line":6,"column":58}},"2":{"start":{"line":7,"column":56},"end":{"line":7,"column":68}},"3":{"start":{"line":8,"column":48},"end":{"line":8,"column":60}},"4":{"start":{"line":9,"column":40},"end":{"line":9,"column":52}},"5":{"start":{"line":10,"column":58},"end":{"line":10,"column":70}},"6":{"start":{"line":11,"column":40},"end":{"line":11,"column":54}},"7":{"start":{"line":13,"column":2},"end":{"line":164,"column":24}},"8":{"start":{"line":14,"column":4},"end":{"line":163,"column":5}},"9":{"start":{"line":16,"column":22},"end":{"line":43,"column":11}},"10":{"start":{"line":17,"column":23},"end":{"line":17,"column":92}},"11":{"start":{"line":19,"column":27},"end":{"line":19,"column":72}},"12":{"start":{"line":19,"column":44},"end":{"line":19,"column":71}},"13":{"start":{"line":20,"column":10},"end":{"line":35,"column":11}},"14":{"start":{"line":21,"column":12},"end":{"line":21,"column":69}},"15":{"start":{"line":22,"column":12},"end":{"line":22,"column":134}},"16":{"start":{"line":23,"column":12},"end":{"line":23,"column":49}},"17":{"start":{"line":24,"column":12},"end":{"line":24,"column":57}},"18":{"start":{"line":25,"column":12},"end":{"line":25,"column":36}},"19":{"start":{"line":27,"column":12},"end":{"line":34,"column":15}},"20":{"start":{"line":36,"column":10},"end":{"line":36,"column":21}},"21":{"start":{"line":38,"column":22},"end":{"line":43,"column":9}},"22":{"start":{"line":44,"column":28},"end":{"line":44,"column":89}},"23":{"start":{"line":44,"column":56},"end":{"line":44,"column":88}},"24":{"start":{"line":45,"column":6},"end":{"line":45,"column":36}},"25":{"start":{"line":48,"column":27},"end":{"line":48,"column":29}},"26":{"start":{"line":49,"column":6},"end":{"line":73,"column":9}},"27":{"start":{"line":50,"column":23},"end":{"line":50,"column":88}},"28":{"start":{"line":52,"column":23},"end":{"line":52,"column":40}},"29":{"start":{"line":53,"column":8},"end":{"line":66,"column":9}},"30":{"start":{"line":54,"column":30},"end":{"line":54,"column":85}},"31":{"start":{"line":54,"column":58},"end":{"line":54,"column":84}},"32":{"start":{"line":55,"column":10},"end":{"line":65,"column":12}},"33":{"start":{"line":68,"column":8},"end":{"line":68,"column":77}},"34":{"start":{"line":69,"column":8},"end":{"line":69,"column":142}},"35":{"start":{"line":70,"column":8},"end":{"line":70,"column":57}},"36":{"start":{"line":71,"column":8},"end":{"line":71,"column":65}},"37":{"start":{"line":72,"column":8},"end":{"line":72,"column":37}},"38":{"start":{"line":75,"column":24},"end":{"line":82,"column":11}},"39":{"start":{"line":76,"column":22},"end":{"line":82,"column":9}},"40":{"start":{"line":83,"column":30},"end"
[...]
lumn":63},"end":{"line":668,"column":64}}],"line":668},"150":{"loc":{"start":{"line":674,"column":19},"end":{"line":674,"column":60}},"type":"binary-expr","locations":[{"start":{"line":674,"column":19},"end":{"line":674,"column":40}},{"start":{"line":674,"column":44},"end":{"line":674,"column":60}}],"line":674},"151":{"loc":{"start":{"line":679,"column":2},"end":{"line":679,"column":76}},"type":"if","locations":[{"start":{"line":679,"column":2},"end":{"line":679,"column":76}},{"start":{},"end":{}}],"line":679},"152":{"loc":{"start":{"line":679,"column":6},"end":{"line":679,"column":52}},"type":"binary-expr","locations":[{"start":{"line":679,"column":6},"end":{"line":679,"column":21}},{"start":{"line":679,"column":25},"end":{"line":679,"column":52}}],"line":679},"153":{"loc":{"start":{"line":679,"column":61},"end":{"line":679,"column":75}},"type":"binary-expr","locations":[{"start":{"line":679,"column":61},"end":{"line":679,"column":69}},{"start":{"line":679,"column":73},"end":{"line":679,"column":75}}],"line":679},"154":{"loc":{"start":{"line":680,"column":2},"end":{"line":680,"column":70}},"type":"if","locations":[{"start":{"line":680,"column":2},"end":{"line":680,"column":70}},{"start":{},"end":{}}],"line":680},"155":{"loc":{"start":{"line":680,"column":6},"end":{"line":680,"column":40}},"type":"binary-expr","locations":[{"start":{"line":680,"column":6},"end":{"line":680,"column":15}},{"start":{"line":680,"column":19},"end":{"line":680,"column":40}}],"line":680},"156":{"loc":{"start":{"line":680,"column":49},"end":{"line":680,"column":69}},"type":"binary-expr","locations":[{"start":{"line":680,"column":49},"end":{"line":680,"column":63}},{"start":{"line":680,"column":67},"end":{"line":680,"column":69}}],"line":680},"157":{"loc":{"start":{"line":700,"column":56},"end":{"line":700,"column":72}},"type":"default-arg","locations":[{"start":{"line":700,"column":68},"end":{"line":700,"column":72}}],"line":700},"158":{"loc":{"start":{"line":700,"column":74},"end":{"line":700,"column":88}},"type":"default-arg","locations":[{"start":{"line":700,"column":84},"end":{"line":700,"column":88}}],"line":700},"159":{"loc":{"start":{"line":701,"column":2},"end":{"line":701,"column":76}},"type":"if","locations":[{"start":{"line":701,"column":2},"end":{"line":701,"column":76}},{"start":{},"end":{}}],"line":701},"160":{"loc":{"start":{"line":701,"column":6},"end":{"line":701,"column":62}},"type":"binary-expr","locations":[{"start":{"line":701,"column":6},"end":{"line":701,"column":26}},{"start":{"line":701,"column":30},"end":{"line":701,"column":62}}],"line":701},"161":{"loc":{"start":{"line":705,"column":2},"end":{"line":716,"column":3}},"type":"if","locations":[{"start":{"line":705,"column":2},"end":{"line":716,"column":3}},{"start":{},"end":{}}],"line":705},"162":{"loc":{"start":{"line":705,"column":6},"end":{"line":705,"column":26}},"type":"binary-expr","locations":[{"start":{"line":705,"column":6},"end":{"line":705,"column":15}},{"start":{"line":705,"column":19},"end":{"line":705,"column":26}}],"line":705},"163":{"loc":{"start":{"line":708,"column":6},"end":{"line":708,"column":32}},"type":"if","locations":[{"start":{"line":708,"column":6},"end":{"line":708,"column":32}},{"start":{},"end":{}}],"line":708},"164":{"loc":{"start":{"line":714,"column":13},"end":{"line":714,"column":55}},"type":"binary-expr","locations":[{"start":{"line":714,"column":13},"end":{"line":714,"column":33}},{"start":{"line":714,"column":37},"end":{"line":714,"column":55}}],"line":714},"165":{"loc":{"start":{"line":725,"column":4},"end":{"line":730,"column":5}},"type":"if","locations":[{"start":{"line":725,"column":4},"end":{"line":730,"column":5}},{"start":{},"end":{}}],"line":725},"166":{"loc":{"start":{"line":734,"column":20},"end":{"line":734,"column":50}},"type":"binary-expr","locations":[{"start":{"line":734,"column":20},"end":{"line":734,"column":45}},{"start":{"line":734,"column":49},"end":{"line":734,"column":50}}],"line":734},"167":{"loc":{"start":{"line":735,"column":19},"end":{"line":735,"column":48}},"type":"binary-expr","locations":[{"start":{"line":735,"column":19},"end":{"line":735,"column":43}},{"start":{"line":735,"column":47},"end":{"line":735,"column":48}}],"line":735},"168":{"loc":{"start":{"line":736,"column":19},"end":{"line":736,"column":48}},"type":"binary-expr","locations":[{"start":{"line":736,"column":19},"end":{"line":736,"column":43}},{"start":{"line":736,"column":47},"end":{"line":736,"column":48}}],"line":736},"169":{"loc":{"start":{"line":737,"column":17},"end":{"line":737,"column":44}},"type":"binary-expr","locations":[{"start":{"line":737,"column":17},"end":{"line":737,"column":39}},{"start":{"line":737,"column":43},"end":{"line":737,"column":44}}],"line":737},"170":{"loc":{"start":{"line":738,"column":16},"end":{"line":738,"column":42}},"type":"binary-expr","locations":[{"start":{"line":738,"column":16},"end":{"line":738,"column":37}},{"start":{"line":738,"column":41},"end":{"line":738,"column":42}}],"line":738},"171":{"loc":{"start":{"line":739,"column":18},"end":{"line":739,"column":46}},"type":"binary-expr","locations":[{"start":{"line":739,"column":18},"end":{"line":739,"column":41}},{"start":{"line":739,"column":45},"end":{"line":739,"column":46}}],"line":739},"172":{"loc":{"start":{"line":740,"column":22},"end":{"line":740,"column":54}},"type":"binary-expr","locations":[{"start":{"line":740,"column":22},"end":{"line":740,"column":49}},{"start":{"line":740,"column":53},"end":{"line":740,"column":54}}],"line":740},"173":{"loc":{"start":{"line":741,"column":17},"end":{"line":741,"column":56}},"type":"binary-expr","locations":[{"start":{"line":741,"column":17},"end":{"line":741,"column":51}},{"start":{"line":741,"column":55},"end":{"line":741,"column":56}}],"line":741},"174":{"loc":{"start":{"line":747,"column":22},"end":{"line":754,"column":8}},"type":"cond-expr","locations":[{"start":{"line":747,"column":44},"end":{"line":754,"column":3}},{"start":{"line":754,"column":6},"end":{"line":754,"column":8}}],"line":747},"175":{"loc":{"start":{"line":768,"column":58},"end":{"line":768,"column":74}},"type":"default-arg","locations":[{"start":{"line":768,"column":70},"end":{"line":768,"column":74}}],"line":768},"176":{"loc":{"start":{"line":768,"column":76},"end":{"line":768,"column":90}},"type":"default-arg","locations":[{"start":{"line":768,"column":86},"end":{"line":768,"column":90}}],"line":768},"177":{"loc":{"start":{"line":769,"column":2},"end":{"line":769,"column":70}},"type":"if","locations":[{"start":{"line":769,"column":2},"end":{"line":769,"column":70}},{"start":{},"end":{}}],"line":769},"178":{"loc":{"start":{"line":769,"column":6},"end":{"line":769,"column":56}},"type":"binary-expr","locations":[{"start":{"line":769,"column":6},"end":{"line":769,"column":23}},{"start":{"line":769,"column":27},"end":{"line":769,"column":56}}],"line":769},"179":{"loc":{"start":{"line":773,"column":2},"end":{"line":784,"column":3}},"type":"if","locations":[{"start":{"line":773,"column":2},"end":{"line":784,"column":3}},{"start":{},"end":{}}],"line":773},"180":{"loc":{"start":{"line":773,"column":6},"end":{"line":773,"column":26}},"type":"binary-expr","locations":[{"start":{"line":773,"column":6},"end":{"line":773,"column":15}},{"start":{"line":773,"column":19},"end":{"line":773,"column":26}}],"line":773},"181":{"loc":{"start":{"line":776,"column":6},"end":{"line":776,"column":32}},"type":"if","locations":[{"start":{"line":776,"column":6},"end":{"line":776,"column":32}},{"start":{},"end":{}}],"line":776},"182":{"loc":{"start":{"line":782,"column":13},"end":{"line":782,"column":55}},"type":"binary-expr","locations":[{"start":{"line":782,"column":13},"end":{"line":782,"column":33}},{"start":{"line":782,"column":37},"end":{"line":782,"column":55}}],"line":782},"183":{"loc":{"start":{"line":790,"column":18},"end":{"line":790,"column":47}},"type":"binary-expr","locations":[{"start":{"line":790,"column":18},"end":{"line":790,"column":42}},{"start":{"line":790,"column":46},"end":{"line":790,"column":47}}],"line":790},"184":{"loc":{"start":{"line":792,"column":4},"end":{"line":794,"column":5}},"type":"if","locations":[{"start":{"line":792,"column":4},"end":{"line":794,"column":5}},{"start":{},"end":{}}],"line":792}},"s":{"0":1,"1":1,"2":2,"3":2,"4":0,"5":2,"6":2,"7":2,"8":0,"9":2,"10":2,"11":0,"12":0,"13":1,"14":0,"15":0,"16":0,"17":0,"18":0,"19":1,"20":47,"21":1,"22":9,"23":0,"24":9,"25":9,"26":10,"27":10,"28":10,"29":10,"30":10,"31":10,"32":0,"33":0,"34":0,"35":10,"36":10,"37":10,"38":1,"39":9,"40":0,"41":9,"42":9,"43":9,"44":9,"45":10,"46":10,"47":9,"48":9,"49":9,"50":0,"51":0,"52":0,"53":0,"54":0,"55":0,"56":0,"57":0,"58":0,"59":0,"60":0,"61":0,"62":0,"63":0,"64":0,"65":0,"66":0,"67":0,"68":0,"69":0,"70":0,"71":0,"72":0,"73":0,"74":0,"75":0,"76":0,"77":0,"78":0,"79":0,"80":0,"81":0,"82":0,"83":1,"84":11,"85":11,"86":2,"87":9,"88":9,"89":9,"90":10,"91":9,"92":10,"93":9,"94":10,"95":9,"96":10,"97":9,"98":10,"99":9,"100":10,"101":9,"102":10,"103":9,"104":10,"105":9,"106":10,"107":9,"108":10,"109":9,"110":9,"111":9,"112":9,"113":9,"114":10,"115":9,"116":10,"117":9,"118":10,"119":9,"120":9,"121":9,"122":9,"123":9,"124":9,"125":9,"126":9,"127":9,"128":9,"129":0,"130":0,"131":0,"132":0,"133":0,"134":9,"135":9,"136":9,"137":9,"138":9,"139":9,"140":0,"141":9,"142":1,"143":8,"144":0,"145":8,"146":4,"147":9,"148":9,"149":5,"150":4,"151":0,"152":9,"153":9,"154":3,"155":6,"156":0,"157":9,"158":9,"159":0,"160":9,"161":0,"162":9,"163":9,"164":9,"165":1,"166":4,"167":2,"168":2,"169":7,"170":7,"171":2,"172":5,"173":5,"174":5,"175":1,"176":4,"177":1,"178":3,"179":6,"180":2,"181":4,"182":2,"183":2,"184":2,"185":4,"186":1,"187":6,"188":5,"189":1,"190":3,"191":1,"192":2,"193":1,"194":1,"195":3,"196":1,"197":4,"198":2,"199":2,"200":2,"201":5,"202":5,"203":4,"204":5,"205":5,"206":5,"207":5,"208":5,"209":2,"210":2,"211":1,"212":4,"213":1,"214":3,"215":3,"216":3,"217":3,"218":6,"219":3,"220":6,"221":6,"222":6,"223":6,"224":6,"225":6,"226":3,"227":6,"228":6,"229":6,"230":6,"231":3,"232":3,"233":3,"234":6,"235":2,"236":3,"237":6,"238":2,"239":3,"240":1,"241":8,"242":4,"243":4,"244":4,"245":0,"246":0,"247":0,"248":0,"249":0,"250":0,"251":0,"252":4,"253":4,"254":4,"255":5,"256":5,"257":5,"258":4,"259":5,"260":5,"261":10,"262":10,"263":10,"264":10,"265":10,"266":10,"267":10,"268":10,"269":10,"270":10,"271":10,"272":10,"273":10,"274":4,"275":0,"276":1,"277":0,"278":0,"279":0,"280":0,"281":0,"282":0,"283":0,"284":0,"285":0,"286":0,"287":0,"288":0,"289":0,"290":0,"291":0,"292":0,"293":0,"294":0,"295":0,"296":0,"297":0,"298":0,"299":0,"300":0,"301":0,"302":0,"303":0,"304":0,"305":0,"306":1,"307":0,"308":0,"309":0,"310":0,"311":0,"312":0,"313":0,"314":0,"315":0,"316":0,"317":0,"318":0,"319":1,"320":8,"321":4,"322":4,"323":4,"324":0,"325":0,"326":0,"327":0,"328":0,"329":0,"330":0,"331":4,"332":4,"333":4,"334":6,"335":6,"336":6,"337":4,"338":6,"339":6,"340":12,"341":12,"342":12,"343":12,"344":12,"345":12,"346":12,"347":12,"348":4,"349":4,"350":4,"351":0,"352":1,"353":6,"354":2,"355":4,"356":4,"357":0,"358":0,"359":0,"360":0,"361":0,"362":0,"363":0,"364":4,"365":4,"366":6,"367":6,"368":6,"369":5,"370":6,"371":4,"372":4,"373":5,"374":5,"375":1,"376":5,"377":6,"378":4},"f":{"0":2,"1":2,"2":2,"3":0,"4":0,"5":47,"6":9,"7":10,"8":9,"9":10,"10":10,"11":0,"12":0,"13":0,"14":0,"15":0,"16":0,"17":11,"18":10,"19":10,"20":10,"21":10,"22":10,"23":10,"24":10,"25":10,"26":10,"27":10,"28":10,"29":10,"30":10,"31":0,"32":0,"33":4,"34":7,"35":4,"36":6,"37":6,"38":3,"39":2,"40":3,"41":4,"42":5,"43":2,"44":4,"45":6,"46":6,"47":6,"48":3,"49":6,"50":2,"51":6,"52":2,"53":8,"54":0,"55":5,"56":10,"57":0,"58":0,"59":0,"60":0,"61":0,"62":0,"63":0,"64":0,"65":0,"66":0,"67":0,"68":8,"69":0,"70":6,"71":12,"72":0,"73":6,"74":0,"75":6,"76":5,"77":1,"78":6},"b":{"0":[2],"1":[0,2],"2":[0,2],"3":[0,9],"4":[9,9],"5":[10,10],"6":[10,0,10,10,10,10,10,10],"7":[0,10],"8":[10,0],"9":[0,0],"10":[0,0],"11":[0,10],"12":[10,0],"13":[0,10],"14":[10,0],"15":[0,9],"16":[9,9],"17":[9,0],"18":[0,0],"19":[0,0,0],"20":[0,0],"21":[0,0],"22":[0,0],"23":[0,0],"24":[0,0,0],"25":[0,0],"26":[2,9],"27":[11,10],"28":[10,1],"29":[10,10],"30":[10,10],"31":[10,10],"32":[10,7],"33":[10,7],"34":[10,7],"35":[10,3],"36":[10,5],"37":[10,5],"38":[8,1],"39":[8,1],"40":[10,2],"41":[10,8],"42":[10,2],"43":[7,2],"44":[7,2],"45":[7,2],"46":[7,2],"47":[0,9],"48":[9,0],"49":[0,0],"50":[0,0],"51":[7,2],"52":[0,9],"53":[1,8],"54":[0,8],"55":[4,4],"56":[5,4],"57":[0,4],"58":[3,6],"59":[0,6],"60":[0,9],"61":[0,9],"62":[8,1],"63":[0,9],"64":[9,7],"65":[9,7],"66":[2,2],"67":[4,3],"68":[2,5],"69":[5,5],"70":[1,3],"71":[4,3],"72":[2,4],"73":[2,2],"74":[2,0],"75":[4,4],"76":[5,1],"77":[6,5,4],"78":[1,1],"79":[2,2,2],"80":[2,2],"81":[4,3],"82":[4,1],"83":[5,0],"84":[5,2],"85":[5,2],"86":[5,3],"87":[5,2],"88":[5,2],"89":[1,3],"90":[4,4,3],"91":[6,0],"92":[6,0],"93":[6,3],"94":[6,3],"95":[6,3],"96":[6,0],"97":[6,0],"98":[5,1],"99":[5,1],"100":[5,1],"101":[8],"102":[8],"103":[4,4],"104":[8,6],"105":[0,4],"106":[4,0],"107":[0,0],"108":[0,0],"109":[4,1],"110":[10,10],"111":[10,10],"112":[10,6],"113":[10,10],"114":[10,10],"115":[10,10],"116":[10,10],"117":[10,10],"118":[10,10],"119":[10,10],"120":[10,10],"121":[10,10],"122":[10,10],"123":[10,10],"124":[0,0],"125":[0,0],"126":[0,0],"127":[0,0],"128":[0,0],"129":[0,0],"130":[0,0],"131":[0,0],"132":[0,0],"133":[0,0],"134":[0,0],"135":[0,0],"136":[0,0],"137":[0,0],"138":[0,0],"139":[0,0],"140":[0,0],"141":[0,0],"142":[0,0],"143":[0,0],"144":[0,0],"145":[0,0],"146":[0,0],"147":[0,0],"148":[0,0],"149":[0,0],"150":[0,0],"151":[0,0],"152":[0,0],"153":[0,0],"154":[0,0],"155":[0,0],"156":[0,0],"157":[8],"158":[8],"159":[4,4],"160":[8,6],"161":[0,4],"162":[4,0],"163":[0,0],"164":[0,0],"165":[4,2],"166":[12,2],"167":[12,8],"168":[12,12],"169":[12,6],"170":[12,12],"171":[12,12],"172":[12,12],"173":[12,12],"174":[0,4],"175":[6],"176":[6],"177":[2,4],"178":[6,5],"179":[0,4],"180":[4,0],"181":[0,0],"182":[0,0],"183":[6,4],"184":[5,1]},"_coverageSchema":"1a1c01bbd47fc00a2c39e90264f33305004495a9","hash":"b489a8a332131b63f3750e1302c94e68a7d174f6"}
,"C:\\Users\\msntc\\Repos\\Source\\sns_dashboard_web\\src\\utils\\formatters.js": {"path":"C:\\Users\\msntc\\Repos\\Source\\sns_dashboard_web\\src\\utils\\formatters.js","statementMap":{"0":{"start":{"line":3,"column":30},"end":{"line":11,"column":1}},"1":{"start":{"line":4,"column":2},"end":{"line":6,"column":3}},"2":{"start":{"line":5,"column":4},"end":{"line":5,"column":17}},"3":{"start":{"line":8,"column":18},"end":{"line":8,"column":33}},"4":{"start":{"line":9,"column":19},"end":{"line":9,"column":75}},"5":{"start":{"line":10,"column":2},"end":{"line":10,"column":25}},"6":{"start":{"line":13,"column":28},"end":{"line":21,"column":1}},"7":{"start":{"line":14,"column":2},"end":{"line":16,"column":3}},"8":{"start":{"line":15,"column":4},"end":{"line":15,"column":15}},"9":{"start":{"line":18,"column":18},"end":{"line":18,"column":33}},"10":{"start":{"line":19,"column":19},"end":{"line":19,"column":75}},"11":{"start":{"line":20,"column":2},"end":{"line":20,"column":18}},"12":{"start":{"line":23,"column":29},"end":{"line":29,"column":1}},"13":{"start":{"line":24,"column":2},"end":{"line":26,"column":3}},"14":{"start":{"line":25,"column":4},"end":{"line":25,"column":18}},"15":{"start":{"line":28,"column":2},"end":{"line":28,"column":42}},"16":{"start":{"line":31,"column":29},"end":{"line":34,"column":1}},"17":{"start":{"line":32,"column":2},"end":{"line":32,"column":75}},"18":{"start":{"line":32,"column":61},"end":{"line":32,"column":75}},"19":{"start":{"line":33,"column":2},"end":{"line":33,"column":50}},"20":{"start":{"line":36,"column":33},"end":{"line":43,"column":1}},"21":{"start":{"line":37,"column":2},"end":{"line":39,"column":3}},"22":{"start":{"line":38,"column":4},"end":{"line":38,"column":23}},"23":{"start":{"line":40,"column":20},"end":{"line":40,"column":49}},"24":{"start":{"line":41,"column":18},"end":{"line":41,"column":45}},"25":{"start":{"line":42,"column":2},"end":{"line":42,"column":35}}},"fnMap":{"0":{"name":"(anonymous_0)","decl":{"start":{"line":3,"column":30},"end":{"line":3,"column":31}},"loc":{"start":{"line":3,"column":39},"end":{"line":11,"column":1}},"line":3},"1":{"name":"(anonymous_1)","decl":{"start":{"line":13,"column":28},"end":{"line":13,"column":29}},"loc":{"start":{"line":13,"column":37},"end":{"line":21,"column":1}},"line":13},"2":{"name":"(anonymous_2)","decl":{"start":{"line":23,"column":29},"end":{"line":23,"column":30}},"loc":{"start":{"line":23,"column":38},"end":{"line":29,"column":1}},"line":23},"3":{"name":"(anonymous_3)","decl":{"start":{"line":31,"column":29},"end":{"line":31,"column":30}},"loc":{"start":{"line":31,"column":40},"end":{"line":34,"column":1}},"line":31},"4":{"name":"(anonymous_4)","decl":{"start":{"line":36,"column":33},"end":{"line":36,"column":34}},"loc":{"start":{"line":36,"column":48},"end":{"line":43,"column":1}},"line":36}},"branchMap":{"0":{"loc":{"start":{"line":4,"column":2},"end":{"line":6,"column":3}},"type":"if","locations":[{"start":{"line":4,"column":2},"end":{"line":6,"column":3}},{"start":{},"end":{}}],"line":4},"1":{"loc":{"start":{"line":4,"column":6},"end":{"line":4,"column":53}},"type":"binary-expr","locations":[{"start":{"line":4,"column":6},"end":{"line":4,"column":18}},{"start":{"line":4,"column":22},"end":{"line":4,"column":39}},{"start":{"line":4,"column":43},"end":{"line":4,"column":53}}],"line":4},"2":{"loc":{"start":{"line":14,"column":2},"end":{"line":16,"column":3}},"type":"if","locations":[{"start":{"line":14,"column":2},"end":{"line":16,"column":3}},{"start":{},"end":{}}],"line":14},"3":{"loc":{"start":{"line":14,"column":6},"end":{"line":14,"column":53}},"type":"binary-expr","locations":[{"start":{"line":14,"column":6},"end":{"line":14,"column":18}},{"start":{"line":14,"column":22},"end":{"line":14,"column":39}},{"start":{"line":14,"column":43},"end":{"line":14,"column":53}}],"line":14},"4":{"loc":{"start":{"line":24,"column":2},"end":{"line":26,"column":3}},"type":"if","locations":[{"start":{"line":24,"column":2},"end":{"line":26,"column":3}},{"start":{},"end":{}}],"line":24},"5":{"loc":{"start":{"line":24,"column":6},"end":{"line":24,"column":53}},"type":"binary-expr","locations":[{"start":{"line":24,"column":6},"end":{"line":24,"column":18}},{"start":{"line":24,"column":22},"end":{"line":24,"column":39}},{"start":{"line":24,"column":43},"end":{"line":24,"column":53}}],"line":24},"6":{"loc":{"start":{"line":32,"column":2},"end":{"line":32,"column":75}},"type":"if","locations":[{"start":{"line":32,"column":2},"end":{"line":32,"column":75}},{"start":{},"end":{}}],"line":32},"7":{"loc":{"start":{"line":32,"column":6},"end":{"line":32,"column":59}},"type":"binary-expr","locations":[{"start":{"line":32,"column":6},"end":{"line":32,"column":20}},{"start":{"line":32,"column":24},"end":{"line":32,"column":43}},{"start":{"line":32,"column":47},"end":{"line":32,"column":59}}],"line":32},"8":{"loc":{"start":{"line":37,"column":2},"end":{"line":39,"column":3}},"type":"if","locations":[{"start":{"line":37,"column":2},"end":{"line":39,"column":3}},{"start":{},"end":{}}],"line":37},"9":{"loc":{"start":{"line":37,"column":6},"end":{"line":37,"column":54}},"type":"binary-expr","locations":[{"start":{"line":37,"column":6},"end":{"line":37,"column":16}},{"start":{"line":37,"column":20},"end":{"line":37,"column":36}},{"start":{"line":37,"column":40},"end":{"line":37,"column":54}}],"line":37}},"s":{"0":6,"1":224,"2":20,"3":204,"4":204,"5":204,"6":6,"7":1567,"8":130,"9":1437,"10":1437,"11":1437,"12":6,"13":16,"14":5,"15":11,"16":6,"17":758,"18":69,"19":689,"20":6,"21":109,"22":18,"23":91,"24":91,"25":91},"f":{"0":224,"1":1567,"2":16,"3":758,"4":109},"b":{"0":[20,204],"1":[224,216,206],"2":[130,1437],"3":[1567,1565,1439],"4":[5,11],"5":[16,14,12],"6":[69,689],"7":[758,756,692],"8":[18,91],"9":[109,103,97]},"_coverageSchema":"1a1c01bbd47fc00a2c39e90264f33305004495a9","hash":"729a91ca44b761b3bc00a452ac2c487c9e29286e"}
}
