{"C:\\Users\\msntc\\Repos\\Source\\sns_dashboard_web\\src\\App.js": {"path":"C:\\Users\\msntc\\Repos\\Source\\sns_dashboard_web\\src\\App.js","statementMap":{"0":{"start":{"line":15,"column":36},"end":{"line":15,"column":57}},"1":{"start":{"line":16,"column":26},"end":{"line":16,"column":40}},"2":{"start":{"line":17,"column":32},"end":{"line":17,"column":46}},"3":{"start":{"line":18,"column":32},"end":{"line":18,"column":46}},"4":{"start":{"line":19,"column":28},"end":{"line":19,"column":42}},"5":{"start":{"line":20,"column":36},"end":{"line":20,"column":72}},"6":{"start":{"line":21,"column":46},"end":{"line":21,"column":61}},"7":{"start":{"line":23,"column":19},"end":{"line":55,"column":3}},"8":{"start":{"line":24,"column":4},"end":{"line":54,"column":5}},"9":{"start":{"line":25,"column":6},"end":{"line":25,"column":23}},"10":{"start":{"line":26,"column":6},"end":{"line":26,"column":21}},"11":{"start":{"line":27,"column":6},"end":{"line":27,"column":19}},"12":{"start":{"line":29,"column":28},"end":{"line":29,"column":47}},"13":{"start":{"line":32,"column":27},"end":{"line":38,"column":7}},"14":{"start":{"line":40,"column":6},"end":{"line":40,"column":31}},"15":{"start":{"line":42,"column":22},"end":{"line":42,"column":52}},"16":{"start":{"line":43,"column":6},"end":{"line":48,"column":9}},"17":{"start":{"line":50,"column":6},"end":{"line":50,"column":52}},"18":{"start":{"line":51,"column":6},"end":{"line":51,"column":82}},"19":{"start":{"line":53,"column":6},"end":{"line":53,"column":24}},"20":{"start":{"line":57,"column":2},"end":{"line":59,"column":9}},"21":{"start":{"line":58,"column":4},"end":{"line":58,"column":15}},"22":{"start":{"line":61,"column":32},"end":{"line":110,"column":3}},"23":{"start":{"line":62,"column":4},"end":{"line":62,"column":33}},"24":{"start":{"line":64,"column":4},"end":{"line":109,"column":5}},"25":{"start":{"line":66,"column":35},"end":{"line":66,"column":83}},"26":{"start":{"line":67,"column":36},"end":{"line":67,"column":98}},"27":{"start":{"line":70,"column":27},"end":{"line":77,"column":7}},"28":{"start":{"line":78,"column":22},"end":{"line":78,"column":52}},"29":{"start":{"line":81,"column":27},"end":{"line":88,"column":7}},"30":{"start":{"line":89,"column":30},"end":{"line":89,"column":60}},"31":{"start":{"line":92,"column":6},"end":{"line":99,"column":9}},"32":{"start":{"line":100,"column":11},"end":{"line":109,"column":5}},"33":{"start":{"line":102,"column":22},"end":{"line":102,"column":47}},"34":{"start":{"line":103,"column":6},"end":{"line":108,"column":9}},"35":{"start":{"line":112,"column":15},"end":{"line":117,"column":3}},"36":{"start":{"line":119,"column":26},"end":{"line":119,"column":75}},"37":{"start":{"line":119,"column":43},"end":{"line":119,"column":63}},"38":{"start":{"line":121,"column":2},"end":{"line":138,"column":3}},"39":{"start":{"line":122,"column":4},"end":{"line":137,"column":6}},"40":{"start":{"line":140,"column":2},"end":{"line":160,"column":3}},"41":{"start":{"line":141,"column":4},"end":{"line":159,"column":6}},"42":{"start":{"line":162,"column":2},"end":{"line":347,"column":4}},"43":{"start":{"line":204,"column":12},"end":{"line":210,"column":21}},"44":{"start":{"line":206,"column":29},"end":{"line":206,"column":49}},"45":{"start":{"line":218,"column":27},"end":{"line":218,"column":61}},"46":{"start":{"line":226,"column":63},"end":{"line":226,"column":81}},"47":{"start":{"line":232,"column":16},"end":{"line":241,"column":25}},"48":{"start":{"line":235,"column":20},"end":{"line":235,"column":41}},"49":{"start":{"line":236,"column":20},"end":{"line":236,"column":45}}},"fnMap":{"0":{"name":"App","decl":{"start":{"line":14,"column":9},"end":{"line":14,"column":12}},"loc":{"start":{"line":14,"column":15},"end":{"line":348,"column":1}},"line":14},"1":{"name":"(anonymous_1)","decl":{"start":{"line":23,"column":19},"end":{"line":23,"column":20}},"loc":{"start":{"line":23,"column":31},"end":{"line":55,"column":3}},"line":23},"2":{"name":"(anonymous_2)","decl":{"start":{"line":57,"column":12},"end":{"line":57,"column":13}},"loc":{"start":{"line":57,"column":18},"end":{"line":59,"column":3}},"line":57},"3":{"name":"(anonymous_3)","decl":{"start":{"line":61,"column":32},"end":{"line":61,"column":33}},"loc":{"start":{"line":61,"column":48},"end":{"line":110,"column":3}},"line":61},"4":{"name":"(anonymous_4)","decl":{"start":{"line":119,"column":36},"end":{"line":119,"column":37}},"loc":{"start":{"line":119,"column":43},"end":{"line":119,"column":63}},"line":119},"5":{"name":"(anonymous_5)","decl":{"start":{"line":203,"column":20},"end":{"line":203,"column":21}},"loc":{"start":{"line":204,"column":12},"end":{"line":210,"column":21}},"line":204},"6":{"name":"(anonymous_6)","decl":{"start":{"line":206,"column":23},"end":{"line":206,"column":24}},"loc":{"start":{"line":206,"column":29},"end":{"line":206,"column":49}},"line":206},"7":{"name":"(anonymous_7)","decl":{"start":{"line":218,"column":21},"end":{"line":218,"column":22}},"loc":{"start":{"line":218,"column":27},"end":{"line":218,"column":61}},"line":218},"8":{"name":"(anonymous_8)","decl":{"start":{"line":226,"column":58},"end":{"line":226,"column":59}},"loc":{"start":{"line":226,"column":63},"end":{"line":226,"column":81}},"line":226},"9":{"name":"(anonymous_9)","decl":{"start":{"line":231,"column":24},"end":{"line":231,"column":25}},"loc":{"start":{"line":232,"column":16},"end":{"line":241,"column":25}},"line":232},"10":{"name":"(anonymous_10)","decl":{"start":{"line":234,"column":27},"end":{"line":234,"column":28}},"loc":{"start":{"line":234,"column":33},"end":{"line":237,"column":19}},"line":234}},"branchMap":{"0":{"loc":{"start":{"line":64,"column":4},"end":{"line":109,"column":5}},"type":"if","locations":[{"start":{"line":64,"column":4},"end":{"line":109,"column":5}},{"start":{"line":100,"column":11},"end":{"line":109,"column":5}}],"line":64},"1":{"loc":{"start":{"line":64,"column":8},"end":{"line":64,"column":31}},"type":"binary-expr","locations":[{"start":{"line":64,"column":8},"end":{"line":64,"column":15}},{"start":{"line":64,"column":19},"end":{"line":64,"column":24}},{"start":{"line":64,"column":28},"end":{"line":64,"column":31}}],"line":64},"2":{"loc":{"start":{"line":100,"column":11},"end":{"line":109,"column":5}},"type":"if","locations":[{"start":{"line":100,"column":11},"end":{"line":109,"column":5}},{"start":{},"end":{}}],"line":100},"3":{"loc":{"start":{"line":121,"column":2},"end":{"line":138,"column":3}},"type":"if","locations":[{"start":{"line":121,"column":2},"end":{"line":138,"column":3}},{"start":{},"end":{}}],"line":121},"4":{"loc":{"start":{"line":140,"column":2},"end":{"line":160,"column":3}},"type":"if","locations":[{"start":{"line":140,"column":2},"end":{"line":160,"column":3}},{"start":{},"end":{}}],"line":140},"5":{"loc":{"start":{"line":207,"column":36},"end":{"line":207,"column":72}},"type":"cond-expr","locations":[{"start":{"line":207,"column":59},"end":{"line":207,"column":67}},{"start":{"line":207,"column":70},"end":{"line":207,"column":72}}],"line":207},"6":{"loc":{"start":{"line":221,"column":42},"end":{"line":221,"column":70}},"type":"cond-expr","locations":[{"start":{"line":221,"column":59},"end":{"line":221,"column":65}},{"start":{"line":221,"column":68},"end":{"line":221,"column":70}}],"line":221},"7":{"loc":{"start":{"line":229,"column":11},"end":{"line":244,"column":11}},"type":"binary-expr","locations":[{"start":{"line":229,"column":11},"end":{"line":229,"column":25}},{"start":{"line":230,"column":12},"end":{"line":243,"column":18}}],"line":229},"8":{"loc":{"start":{"line":238,"column":47},"end":{"line":238,"column":83}},"type":"cond-expr","locations":[{"start":{"line":238,"column":70},"end":{"line":238,"column":78}},{"start":{"line":238,"column":81},"end":{"line":238,"column":83}}],"line":238},"9":{"loc":{"start":{"line":251,"column":9},"end":{"line":266,"column":9}},"type":"binary-expr","locations":[{"start":{"line":251,"column":9},"end":{"line":251,"column":13}},{"start":{"line":252,"column":10},"end":{"line":265,"column":13}}],"line":251},"10":{"loc":{"start":{"line":259,"column":13},"end":{"line":264,"column":13}},"type":"binary-expr","locations":[{"start":{"line":259,"column":13},"end":{"line":259,"column":28}},{"start":{"line":259,"column":32},"end":{"line":259,"column":45}},{"start":{"line":260,"column":14},"end":{"line":263,"column":16}}],"line":259},"11":{"loc":{"start":{"line":268,"column":9},"end":{"line":273,"column":9}},"type":"binary-expr","locations":[{"start":{"line":268,"column":9},"end":{"line":268,"column":24}},{"start":{"line":269,"column":10},"end":{"line":272,"column":12}}],"line":268}},"s":{"0":0,"1":0,"2":0,"3":0,"4":0,"5":0,"6":0,"7":0,"8":0,"9":0,"10":0,"11":0,"12":0,"13":0,"14":0,"15":0,"16":0,"17":0,"18":0,"19":0,"20":0,"21":0,"22":0,"23":0,"24":0,"25":0,"26":0,"27":0,"28":0,"29":0,"30":0,"31":0,"32":0,"33":0,"34":0,"35":0,"36":0,"37":0,"38":0,"39":0,"40":0,"41":0,"42":0,"43":0,"44":0,"45":0,"46":0,"47":0,"48":0,"49":0},"f":{"0":0,"1":0,"2":0,"3":0,"4":0,"5":0,"6":0,"7":0,"8":0,"9":0,"10":0},"b":{"0":[0,0],"1":[0,0,0],"2":[0,0],"3":[0,0],"4":[0,0],"5":[0,0],"6":[0,0],"7":[0,0],"8":[0,0],"9":[0,0],"10":[0,0,0],"11":[0,0]}}
,"C:\\Users\\msntc\\Repos\\Source\\sns_dashboard_web\\src\\components\\DashboardExecutivo.js": {"path":"C:\\Users\\msntc\\Repos\\Source\\sns_dashboard_web\\src\\components\\DashboardExecutivo.js","statementMap":{"0":{"start":{"line":5,"column":27},"end":{"line":559,"column":1}},"1":{"start":{"line":6,"column":46},"end":{"line":6,"column":58}},"2":{"start":{"line":7,"column":40},"end":{"line":7,"column":52}},"3":{"start":{"line":8,"column":56},"end":{"line":8,"column":68}},"4":{"start":{"line":9,"column":58},"end":{"line":9,"column":70}},"5":{"start":{"line":11,"column":2},"end":{"line":102,"column":13}},"6":{"start":{"line":12,"column":4},"end":{"line":101,"column":5}},"7":{"start":{"line":14,"column":25},"end":{"line":30,"column":14}},"8":{"start":{"line":15,"column":23},"end":{"line":15,"column":48}},"9":{"start":{"line":17,"column":27},"end":{"line":17,"column":72}},"10":{"start":{"line":17,"column":44},"end":{"line":17,"column":71}},"11":{"start":{"line":18,"column":10},"end":{"line":28,"column":11}},"12":{"start":{"line":19,"column":12},"end":{"line":19,"column":69}},"13":{"start":{"line":20,"column":12},"end":{"line":20,"column":134}},"14":{"start":{"line":22,"column":12},"end":{"line":27,"column":15}},"15":{"start":{"line":29,"column":10},"end":{"line":29,"column":21}},"16":{"start":{"line":31,"column":31},"end":{"line":31,"column":95}},"17":{"start":{"line":31,"column":62},"end":{"line":31,"column":94}},"18":{"start":{"line":32,"column":6},"end":{"line":32,"column":42}},"19":{"start":{"line":35,"column":28},"end":{"line":43,"column":79}},"20":{"start":{"line":36,"column":8},"end":{"line":36,"column":55}},"21":{"start":{"line":37,"column":8},"end":{"line":37,"column":53}},"22":{"start":{"line":38,"column":8},"end":{"line":38,"column":53}},"23":{"start":{"line":39,"column":8},"end":{"line":39,"column":49}},"24":{"start":{"line":40,"column":8},"end":{"line":40,"column":47}},"25":{"start":{"line":41,"column":8},"end":{"line":41,"column":51}},"26":{"start":{"line":42,"column":8},"end":{"line":42,"column":19}},"27":{"start":{"line":45,"column":22},"end":{"line":52,"column":38}},"28":{"start":{"line":52,"column":23},"end":{"line":52,"column":37}},"29":{"start":{"line":54,"column":6},"end":{"line":54,"column":30}},"30":{"start":{"line":57,"column":35},"end":{"line":57,"column":37}},"31":{"start":{"line":58,"column":6},"end":{"line":75,"column":9}},"32":{"start":{"line":59,"column":23},"end":{"line":59,"column":40}},"33":{"start":{"line":60,"column":8},"end":{"line":67,"column":9}},"34":{"start":{"line":61,"column":30},"end":{"line":61,"column":86}},"35":{"start":{"line":61,"column":59},"end":{"line":61,"column":85}},"36":{"start":{"line":62,"column":10},"end":{"line":66,"column":12}},"37":{"start":{"line":64,"column":44},"end":{"line":64,"column":71}},"38":{"start":{"line":68,"column":8},"end":{"line":68,"column":80}},"39":{"start":{"line":69,"column":8},"end":{"line":69,"column":78}},"40":{"start":{"line":70,"column":8},"end":{"line":70,"column":78}},"41":{"start":{"line":71,"column":8},"end":{"line":71,"column":74}},"42":{"start":{"line":72,"column":8},"end":{"line":72,"column":72}},"43":{"start":{"line":73,"column":8},"end":{"line":73,"column":76}},"44":{"start":{"line":74,"column":8},"end":{"line":74,"column":73}},"45":{"start":{"line":77,"column":40},"end":{"line":78,"column":42}},"46":{"start":{"line":78,"column":24},"end":{"line":78,"column":41}},"47":{"start":{"line":79,"column":6},"end":{"line":79,"column":57}},"48":{"start":{"line":82,"column":24},"end":{"line":98,"column":14}},"49":{"start":{"line":84,"column":27},"end":{"line":84,"column":72}},"50":{"start":{"line":84,"column":44},"end":{"line":84,"column":71}},"51":{"start":{"line":85,"column":10},"end":{"line":96,"column":11}},"52":{"start":{"line":86,"column":12},"end":{"line":86,"column":55}},"53":{"start":{"line":87,"column":12},"end":{"line":87,"column":57}},"54":{"start":{"line":88,"column":12},"end":{"line":88,"column":71}},"55":{"start":{"line":90,"column":12},"end":{"line":95,"column":15}},"56":{"start":{"line":97,"column":10},"end":{"line":97,"column":21}},"57":{"start":{"line":99,"column":30},"end":{"line":99,"column":93}},"58":{"start":{"line":99,"column":60},"end":{"line":99,"column":92}},"59":{"start":{"line":100,"column":6},"end":{"line":100,"column":46}},"60":{"start":{"line":105,"column":24},"end":{"line":111,"column":3}},"61":{"start":{"line":106,"column":4},"end":{"line":106,"column":38}},"62":{"start":{"line":106,"column":21},"end":{"line":106,"column":38}},"63":{"start":{"line":107,"column":4},"end":{"line":107,"column":38}},"64":{"start":{"line":107,"column":21},"end":{"line":107,"column":38}},"65":{"start":{"line":108,"column":4},"end":{"line":108,"column":38}},"66":{"start":{"line":108,"column":21},"end":{"line":108,"column":38}},"67":{"start":{"line":109,"column":4},"end":{"line":109,"column":38}},"68":{"start":{"line":109,"column":21},"end":{"line":109,"column":38}},"69":{"start":{"line":110,"column":4},"end":{"line":110,"column":21}},"70":{"start":{"line":113,"column":25},"end":{"line":120,"column":3}},"71":{"start":{"line":114,"column":4},"end":{"line":116,"column":5}},"72":{"start":{"line":115,"column":6},"end":{"line":115,"column":30}},"73":{"start":{"line":117,"column":4},"end":{"line":117,"column":61}},"74":{"start":{"line":117,"column":36},"end":{"line":117,"column":61}},"75":{"start":{"line":118,"column":4},"end":{"line":118,"column":55}},"76":{"start":{"line":118,"column":31},"end":{"line":118,"column":55}},"77":{"start":{"line":119,"column":4},"end":{"line":119,"column":25}},"78":{"start":{"line":122,"column":2},"end":{"line":145,"column":3}},"79":{"start":{"line":123,"column":4},"end":{"line":144,"column":6}},"80":{"start":{"line":147,"column":2},"end":{"line":558,"column":4}},"81":{"start":{"line":257,"column":44},"end":{"line":261,"column":17}},"82":{"start":{"line":262,"column":43},"end":{"line":262,"column":62}},"83":{"start":{"line":293,"column":46},"end":{"line":293,"column":87}},"84":{"start":{"line":299,"column":18},"end":{"line":299,"column":67}},"85":{"start":{"line":302,"column":45},"end":{"line":302,"column":64}},"86":{"start":{"line":316,"column":93},"end":{"line":316,"column":114}},"87":{"start":{"line":320,"column":96},"end":{"line":320,"column":116}},"88":{"start":{"line":324,"column":96},"end":{"line":324,"column":116}},"89":{"start":{"line":328,"column":95},"end":{"line":328,"column":113}},"90":{"start":{"line":332,"column":94},"end":{"line":332,"column":111}},"91":{"start":{"line":336,"column":94},"end":{"line":336,"column":113}},"92":{"start":{"line":358,"column":18},"end":{"line":370,"column":23}},"93":{"start":{"line":485,"column":44},"end":{"line":490,"column":17}},"94":{"start":{"line":491,"column":43},"end":{"line":491,"column":62}}},"fnMap":{"0":{"name":"(anonymous_0)","decl":{"start":{"line":5,"column":27},"end":{"line":5,"column":28}},"loc":{"start":{"line":5,"column":52},"end":{"line":559,"column":1}},"line":5},"1":{"name":"(anonymous_1)","decl":{"start":{"line":11,"column":12},"end":{"line":11,"column":13}},"loc":{"start":{"line":11,"column":18},"end":{"line":102,"column":3}},"line":11},"2":{"name":"(anonymous_2)","decl":{"start":{"line":15,"column":16},"end":{"line":15,"column":17}},"loc":{"start":{"line":15,"column":23},"end":{"line":15,"column":48}},"line":15},"3":{"name":"(anonymous_3)","decl":{"start":{"line":16,"column":16},"end":{"line":16,"column":17}},"loc":{"start":{"line":16,"column":30},"end":{"line":30,"column":9}},"line":16},"4":{"name":"(anonymous_4)","decl":{"start":{"line":17,"column":36},"end":{"line":17,"column":37}},"loc":{"start":{"line":17,"column":44},"end":{"line":17,"column":71}},"line":17},"5":{"name":"(anonymous_5)","decl":{"start":{"line":31,"column":52},"end":{"line":31,"column":53}},"loc":{"start":{"line":31,"column":62},"end":{"line":31,"column":94}},"line":31},"6":{"name":"(anonymous_6)","decl":{"start":{"line":35,"column":52},"end":{"line":35,"column":53}},"loc":{"start":{"line":35,"column":66},"end":{"line":43,"column":7}},"line":35},"7":{"name":"(anonymous_7)","decl":{"start":{"line":52,"column":15},"end":{"line":52,"column":16}},"loc":{"start":{"line":52,"column":23},"end":{"line":52,"column":37}},"line":52},"8":{"name":"(anonymous_8)","decl":{"start":{"line":58,"column":31},"end":{"line":58,"column":32}},"loc":{"start":{"line":58,"column":38},"end":{"line":75,"column":7}},"line":58},"9":{"name":"(anonymous_9)","decl":{"start":{"line":61,"column":54},"end":{"line":61,"column":55}},"loc":{"start":{"line":61,"column":59},"end":{"line":61,"column":85}},"line":61},"10":{"name":"(anonymous_10)","decl":{"start":{"line":64,"column":39},"end":{"line":64,"column":40}},"loc":{"start":{"line":64,"column":44},"end":{"line":64,"column":71}},"line":64},"11":{"name":"(anonymous_11)","decl":{"start":{"line":78,"column":14},"end":{"line":78,"column":15}},"loc":{"start":{"line":78,"column":24},"end":{"line":78,"column":41}},"line":78},"12":{"name":"(anonymous_12)","decl":{"start":{"line":83,"column":16},"end":{"line":83,"column":17}},"loc":{"start":{"line":83,"column":30},"end":{"line":98,"column":9}},"line":83},"13":{"name":"(anonymous_13)","decl":{"start":{"line":84,"column":36},"end":{"line":84,"column":37}},"loc":{"start":{"line":84,"column":44},"end":{"line":84,"column":71}},"line":84},"14":{"name":"(anonymous_14)","decl":{"start":{"line":99,"column":50},"end":{"line":99,"column":51}},"loc":{"start":{"line":99,"column":60},"end":{"line":99,"column":92}},"line":99},"15":{"name":"(anonymous_15)","decl":{"start":{"line":105,"column":24},"end":{"line":105,"column":25}},"loc":{"start":{"line":105,"column":35},"end":{"line":111,"column":3}},"line":105},"16":{"name":"(anonymous_16)","decl":{"start":{"line":113,"column":25},"end":{"line":113,"column":26}},"loc":{"start":{"line":113,"column":37},"end":{"line":120,"column":3}},"line":113},"17":{"name":"(anonymous_17)","decl":{"start":{"line":257,"column":27},"end":{"line":257,"column":28}},"loc":{"start":{"line":257,"column":44},"end":{"line":261,"column":17}},"line":257},"18":{"name":"(anonymous_18)","decl":{"start":{"line":262,"column":32},"end":{"line":262,"column":33}},"loc":{"start":{"line":262,"column":43},"end":{"line":262,"column":62}},"line":262},"19":{"name":"(anonymous_19)","decl":{"start":{"line":293,"column":23},"end":{"line":293,"column":24}},"loc":{"start":{"line":293,"column":46},"end":{"line":293,"column":87}},"line":293},"20":{"name":"(anonymous_20)","decl":{"start":{"line":298,"column":33},"end":{"line":298,"column":34}},"loc":{"start":{"line":299,"column":18},"end":{"line":299,"column":67}},"line":299},"21":{"name":"(anonymous_21)","decl":{"start":{"line":302,"column":34},"end":{"line":302,"column":35}},"loc":{"start":{"line":302,"column":45},"end":{"line":302,"column":64}},"line":302},"22":{"name":"(anonymous_22)","decl":{"start":{"line":316,"column":88},"end":{"line":316,"column":89}},"loc":{"start":{"line":316,"column":93},"end":{"line":316,"column":114}},"line":316},"23":{"name":"(anonymous_23)","decl":{"start":{"line":320,"column":91},"end":{"line":320,"column":92}},"loc":{"start":{"line":320,"column":96},"end":{"line":320,"column":116}},"line":320},"24":{"name":"(anonymous_24)","decl":{"start":{"line":324,"column":91},"end":{"line":324,"column":92}},"loc":{"start":{"line":324,"column":96},"end":{"line":324,"column":116}},"line":324},"25":{"name":"(anonymous_25)","decl":{"start":{"line":328,"column":90},"end":{"line":328,"column":91}},"loc":{"start":{"line":328,"column":95},"end":{"line":328,"column":113}},"line":328},"26":{"name":"(anonymous_26)","decl":{"start":{"line":332,"column":89},"end":{"line":332,"column":90}},"loc":{"start":{"line":332,"column":94},"end":{"line":332,"column":111}},"line":332},"27":{"name":"(anonymous_27)","decl":{"start":{"line":336,"column":89},"end":{"line":336,"column":90}},"loc":{"start":{"line":336,"column":94},"end":{"line":336,"column":113}},"line":336},"28":{"name":"(anonymous_28)","decl":{"start":{"line":357,"column":55},"end":{"line":357,"column":56}},"loc":{"start":{"line":358,"column":18},"end":{"line":370,"column":23}},"line":358},"29":{"name":"(anonymous_29)","decl":{"start":{"line":485,"column":27},"end":{"line":485,"column":28}},"loc":{"start":{"line":485,"column":44},"end":{"line":490,"column":17}},"line":485},"30":{"name":"(anonymous_30)","decl":{"start":{"line":491,"column":32},"end":{"line":491,"column":33}},"loc":{"start":{"line":491,"column":43},"end":{"line":491,"column":62}},"line":491}},"branchMap":{"0":{"loc":{"start":{"line":12,"column":4},"end":{"line":101,"column":5}},"type":"if","locations":[{"start":{"line":12,"column":4},"end":{"line":101,"column":5}},{"start":{},"end":{}}],"line":12},"1":{"loc":{"start":{"line":12,"column":8},"end":{"line":12,"column":32}},"type":"binary-expr","locations":[{"start":{"line":12,"column":8},"end":{"line":12,"column":12}},{"start":{"line":12,"column":16},"end":{"line":12,"column":32}}],"line":12},"2":{"loc":{"start":{"line":18,"column":10},"end":{"line":28,"column":11}},"type":"if","locations":[{"start":{"line":18,"column":10},"end":{"line":28,"column":11}},{"start":{"line":21,"column":17},"end":{"line":28,"column":11}}],"line":18},"3":{"loc":{"start":{"line":19,"column":42},"end":{"line":19,"column":68}},"type":"binary-expr","locations":[{"start":{"line":19,"column":42},"end":{"line":19,"column":63}},{"start":{"line":19,"column":67},"end":{"line":19,"column":68}}],"line":19},"4":{"loc":{"start":{"line":20,"column":41},"end":{"line":20,"column":68}},"type":"binary-expr","locations":[{"start":{"line":20,"column":41},"end":{"line":20,"column":63}},{"start":{"line":20,"column":67},"end":{"line":20,"column":68}}],"line":20},"5":{"loc":{"start":{"line":20,"column":73},"end":{"line":20,"column":99}},"type":"binary-expr","locations":[{"start":{"line":20,"column":73},"end":{"line":20,"column":94}},{"start":{"line":20,"column":98},"end":{"line":20,"column":99}}],"line":20},"6":{"loc":{"start":{"line":20,"column":104},"end":{"line":20,"column":132}},"type":"binary-expr","locations":[{"start":{"line":20,"column":104},"end":{"line":20,"column":127}},{"start":{"line":20,"column":131},"end":{"line":20,"column":132}}],"line":20},"7":{"loc":{"start":{"line":24,"column":33},"end":{"line":24,"column":59}},"type":"binary-expr","locations":[{"start":{"line":24,"column":33},"end":{"line":24,"column":54}},{"start":{"line":24,"column":58},"end":{"line":24,"column":59}}],"line":24},"8":{"loc":{"start":{"line":25,"column":32},"end":{"line":25,"column":59}},"type":"binary-expr","locations":[{"start":{"line":25,"column":32},"end":{"line":25,"column":54}},{"start":{"line":25,"column":58},"end":{"line":25,"column":59}}],"line":25},"9":{"loc":{"start":{"line":25,"column":64},"end":{"line":25,"column":90}},"type":"binary-expr","locations":[{"start":{"line":25,"column":64},"end":{"line":25,"column":85}},{"start":{"line":25,"column":89},"end":{"line":25,"column":90}}],"line":25},"10":{"loc":{"start":{"line":25,"column":95},"end":{"line":25,"column":123}},"type":"binary-expr","locations":[{"start":{"line":25,"column":95},"end":{"line":25,"column":118}},{"start":{"line":25,"column":122},"end":{"line":25,"column":123}}],"line":25},"11":{"loc":{"start":{"line":26,"column":34},"end":{"line":26,"column":64}},"type":"binary-expr","locations":[{"start":{"line":26,"column":34},"end":{"line":26,"column":59}},{"start":{"line":26,"column":63},"end":{"line":26,"column":64}}],"line":26},"12":{"loc":{"start":{"line":26,"column":69},"end":{"line":26,"column":98}},"type":"binary-expr","locations":[{"start":{"line":26,"column":69},"end":{"line":26,"column":93}},{"start":{"line":26,"column":97},"end":{"line":26,"column":98}}],"line":26},"13":{"loc":{"start":{"line":36,"column":24},"end":{"line":36,"column":54}},"type":"binary-expr","locations":[{"start":{"line":36,"column":24},"end":{"line":36,"column":49}},{"start":{"line":36,"column":53},"end":{"line":36,"column":54}}],"line":36},"14":{"loc":{"start":{"line":37,"column":23},"end":{"line":37,"column":52}},"type":"binary-expr","locations":[{"start":{"line":37,"column":23},"end":{"line":37,"column":47}},{"start":{"line":37,"column":51},"end":{"line":37,"column":52}}],"line":37},"15":{"loc":{"start":{"line":38,"column":23},"end":{"line":38,"column":52}},"type":"binary-expr","locations":[{"start":{"line":38,"column":23},"end":{"line":38,"column":47}},{"start":{"line":38,"column":51},"end":{"line":38,"column":52}}],"line":38},"16":{"loc":{"start":{"line":39,"column":21},"end":{"line":39,"column":48}},"type":"binary-expr","locations":[{"start":{"line":39,"column":21},"end":{"line":39,"column":43}},{"start":{"line":39,"column":47},"end":{"line":39,"column":48}}],"line":39},"17":{"loc":{"start":{"line":40,"column":20},"end":{"line":40,"column":46}},"type":"binary-expr","locations":[{"start":{"line":40,"column":20},"end":{"line":40,"column":41}},{"start":{"line":40,"column":45},"end":{"line":40,"column":46}}],"line":40},"18":{"loc":{"start":{"line":41,"column":22},"end":{"line":41,"column":50}},"type":"binary-expr","locations":[{"start":{"line":41,"column":22},"end":{"line":41,"column":45}},{"start":{"line":41,"column":49},"end":{"line":41,"column":50}}],"line":41},"19":{"loc":{"start":{"line":60,"column":8},"end":{"line":67,"column":9}},"type":"if","locations":[{"start":{"line":60,"column":8},"end":{"line":67,"column":9}},{"start":{},"end":{}}],"line":60},"20":{"loc":{"start":{"line":63,"column":18},"end":{"line":63,"column":73}},"type":"binary-expr","locations":[{"start":{"line":63,"column":18},"end":{"line":63,"column":46}},{"start":{"line":63,"column":50},"end":{"line":63,"column":73}}],"line":63},"21":{"loc":{"start":{"line":64,"column":20},"end":{"line":64,"column":90}},"type":"binary-expr","locations":[{"start":{"line":64,"column":20},"end":{"line":64,"column":84}},{"start":{"line":64,"column":88},"end":{"line":64,"column":90}}],"line":64},"22":{"loc":{"start":{"line":68,"column":49},"end":{"line":68,"column":79}},"type":"binary-expr","locations":[{"start":{"line":68,"column":49},"end":{"line":68,"column":74}},{"start":{"line":68,"column":78},"end":{"line":68,"column":79}}],"line":68},"23":{"loc":{"start":{"line":69,"column":48},"end":{"line":69,"column":77}},"type":"binary-expr","locations":[{"start":{"line":69,"column":48},"end":{"line":69,"column":72}},{"start":{"line":69,"column":76},"end":{"line":69,"column":77}}],"line":69},"24":{"loc":{"start":{"line":70,"column":48},"end":{"line":70,"column":77}},"type":"binary-expr","locations":[{"start":{"line":70,"column":48},"end":{"line":70,"column":72}},{"start":{"line":70,"column":76},"end":{"line":70,"column":77}}],"line":70},"25":{"loc":{"start":{"line":71,"column":46},"end":{"line":71,"column":73}},"type":"binary-expr","locations":[{"start":{"line":71,"column":46},"end":{"line":71,"column":68}},{"start":{"line":71,"column":72},"end":{"line":71,"column":73}}],"line":71},"26":{"loc":{"start":{"line":72,"column":45},"end":{"line":72,"column":71}},"type":"binary-expr","locations":[{"start":{"line":72,"column":45},"end":{"line":72,"column":66}},{"start":{"line":72,"column":70},"end":{"line":72,"column":71}}],"line":72},"27":{"loc":{"start":{"line":73,"column":47},"end":{"line":73,"column":75}},"type":"binary-expr","locations":[{"start":{"line":73,"column":47},"end":{"line":73,"column":70}},{"start":{"line":73,"column":74},"end":{"line":73,"column":75}}],"line":73},"28":{"loc":{"start":{"line":74,"column":46},"end":{"line":74,"column":72}},"type":"binary-expr","locations":[{"start":{"line":74,"column":46},"end":{"line":74,"column":67}},{"start":{"line":74,"column":71},"end":{"line":74,"column":72}}],"line":74},"29":{"loc":{"start":{"line":82,"column":25},"end":{"line":82,"column":55}},"type":"binary-expr","locations":[{"start":{"line":82,"column":25},"end":{"line":82,"column":49}},{"start":{"line":82,"column":53},"end":{"line":82,"column":55}}],"line":82},"30":{"loc":{"start":{"line":85,"column":10},"end":{"line":96,"column":11}},"type":"if","locations":[{"start":{"line":85,"column":10},"end":{"line":96,"column":11}},{"start":{"line":89,"column":17},"end":{"line":96,"column":11}}],"line":85},"31":{"loc":{"start":{"line":86,"column":35},"end":{"line":86,"column":54}},"type":"binary-expr","locations":[{"start":{"line":86,"column":35},"end":{"line":86,"column":49}},{"start":{"line":86,"column":53},"end":{"line":86,"column":54}}],"line":86},"32":{"loc":{"start":{"line":87,"column":36},"end":{"line":87,"column":56}},"type":"binary-expr","locations":[{"start":{"line":87,"column":36},"end":{"line":87,"column":51}},{"start":{"line":87,"column":55},"end":{"line":87,"column":56}}],"line":87},"33":{"loc":{"start":{"line":88,"column":43},"end":{"line":88,"column":70}},"type":"binary-expr","locations":[{"start":{"line":88,"column":43},"end":{"line":88,"column":65}},{"start":{"line":88,"column":69},"end":{"line":88,"column":70}}],"line":88},"34":{"loc":{"start":{"line":92,"column":26},"end":{"line":92,"column":45}},"type":"binary-expr","locations":[{"start":{"line":92,"column":26},"end":{"line":92,"column":40}},{"start":{"line":92,"column":44},"end":{"line":92,"column":45}}],"line":92},"35":{"loc":{"start":{"line":93,"column":27},"end":{"line":93,"column":47}},"type":"binary-expr","locations":[{"start":{"line":93,"column":27},"end":{"line":93,"column":42}},{"start":{"line":93,"column":46},"end":{"line":93,"column":47}}],"line":93},"36":{"loc":{"start":{"line":94,"column":34},"end":{"line":94,"column":61}},"type":"binary-expr","locations":[{"start":{"line":94,"column":34},"end":{"line":94,"column":56}},{"start":{"line":94,"column":60},"end":{"line":94,"column":61}}],"line":94},"37":{"loc":{"start":{"line":106,"column":4},"end":{"line":106,"column":38}},"type":"if","locations":[{"start":{"line":106,"column":4},"end":{"line":106,"column":38}},{"start":{},"end":{}}],"line":106},"38":{"loc":{"start":{"line":107,"column":4},"end":{"line":107,"column":38}},"type":"if","locations":[{"start":{"line":107,"column":4},"end":{"line":107,"column":38}},{"start":{},"end":{}}],"line":107},"39":{"loc":{"start":{"line":108,"column":4},"end":{"line":108,"column":38}},"type":"if","locations":[{"start":{"line":108,"column":4},"end":{"line":108,"column":38}},{"start":{},"end":{}}],"line":108},"40":{"loc":{"start":{"line":109,"column":4},"end":{"line":109,"column":38}},"type":"if","locations":[{"start":{"line":109,"column":4},"end":{"line":109,"column":38}},{"start":{},"end":{}}],"line":109},"41":{"loc":{"start":{"line":114,"column":4},"end":{"line":116,"column":5}},"type":"if","locations":[{"start":{"line":114,"column":4},"end":{"line":116,"column":5}},{"start":{},"end":{}}],"line":114},"42":{"loc":{"start":{"line":114,"column":8},"end":{"line":114,"column":45}},"type":"binary-expr","locations":[{"start":{"line":114,"column":8},"end":{"line":114,"column":15}},{"start":{"line":114,"column":19},"end":{"line":114,"column":45}}],"line":114},"43":{"loc":{"start":{"line":117,"column":4},"end":{"line":117,"column":61}},"type":"if","locations":[{"start":{"line":117,"column":4},"end":{"line":117,"column":61}},{"start":{},"end":{}}],"line":117},"44":{"loc":{"start":{"line":118,"column":4},"end":{"line":118,"column":55}},"type":"if","locations":[{"start":{"line":118,"column":4},"end":{"line":118,"column":55}},{"start":{},"end":{}}],"line":118},"45":{"loc":{"start":{"line":122,"column":2},"end":{"line":145,"column":3}},"type":"if","locations":[{"start":{"line":122,"column":2},"end":{"line":145,"column":3}},{"start":{},"end":{}}],"line":122},"46":{"loc":{"start":{"line":122,"column":6},"end":{"line":122,"column":70}},"type":"binary-expr","locations":[{"start":{"line":122,"column":6},"end":{"line":122,"column":11}},{"start":{"line":122,"column":15},"end":{"line":122,"column":38}},{"start":{"line":122,"column":42},"end":{"line":122,"column":70}}],"line":122},"47":{"loc":{"start":{"line":163,"column":13},"end":{"line":163,"column":60}},"type":"binary-expr","locations":[{"start":{"line":163,"column":13},"end":{"line":163,"column":53}},{"start":{"line":163,"column":57},"end":{"line":163,"column":60}}],"line":163},"48":{"loc":{"start":{"line":166,"column":43},"end":{"line":166,"column":152}},"type":"cond-expr","locations":[{"start":{"line":166,"column":80},"end":{"line":166,"column":90}},{"start":{"line":166,"column":93},"end":{"line":166,"column":152}}],"line":166},"49":{"loc":{"start":{"line":166,"column":93},"end":{"line":166,"column":152}},"type":"cond-expr","locations":[{"start":{"line":166,"column":130},"end":{"line":166,"column":139}},{"start":{"line":166,"column":142},"end":{"line":166,"column":152}}],"line":166},"50":{"loc":{"start":{"line":167,"column":13},"end":{"line":167,"column":52}},"type":"binary-expr","locations":[{"start":{"line":167,"column":13},"end":{"line":167,"column":43}},{"start":{"line":167,"column":47},"end":{"line":167,"column":52}}],"line":167},"51":{"loc":{"start":{"line":171,"column":74},"end":{"line":171,"column":179}},"type":"cond-expr","locations":[{"start":{"line":171,"column":110},"end":{"line":171,"column":119}},{"start":{"line":171,"column":122},"end":{"line":171,"column":179}}],"line":171},"52":{"loc":{"start":{"line":171,"column":122},"end":{"line":171,"column":179}},"type":"cond-expr","locations":[{"start":{"line":171,"column":158},"end":{"line":171,"column":167}},{"start":{"line":171,"column":170},"end":{"line":171,"column":179}}],"line":171},"53":{"loc":{"start":{"line":172,"column":56},"end":{"line":172,"column":161}},"type":"cond-expr","locations":[{"start":{"line":172,"column":92},"end":{"line":172,"column":101}},{"start":{"line":172,"column":104},"end":{"line":172,"column":161}}],"line":172},"54":{"loc":{"start":{"line":172,"column":104},"end":{"line":172,"column":161}},"type":"cond-expr","locations":[{"start":{"line":172,"column":140},"end":{"line":172,"column":149}},{"start":{"line":172,"column":152},"end":{"line":172,"column":161}}],"line":172},"55":{"loc":{"start":{"line":176,"column":43},"end":{"line":176,"column":150}},"type":"cond-expr","locations":[{"start":{"line":176,"column":79},"end":{"line":176,"column":89}},{"start":{"line":176,"column":92},"end":{"line":176,"column":150}}],"line":176},"56":{"loc":{"start":{"line":176,"column":92},"end":{"line":176,"column":150}},"type":"cond-expr","locations":[{"start":{"line":176,"column":128},"end":{"line":176,"column":137}},{"start":{"line":176,"column":140},"end":{"line":176,"column":150}}],"line":176},"57":{"loc":{"start":{"line":194,"column":7},"end":{"line":237,"column":7}},"type":"binary-expr","locations":[{"start":{"line":194,"column":7},"end":{"line":194,"column":31}},{"start":{"line":195,"column":8},"end":{"line":236,"column":14}}],"line":194},"58":{"loc":{"start":{"line":213,"column":27},"end":{"line":213,"column":66}},"type":"binary-expr","locations":[{"start":{"line":213,"column":27},"end":{"line":213,"column":59}},{"start":{"line":213,"column":63},"end":{"line":213,"column":66}}],"line":213},"59":{"loc":{"start":{"line":223,"column":15},"end":{"line":223,"column":120}},"type":"cond-expr","locations":[{"start":{"line":223,"column":42},"end":{"line":223,"column":114}},{"start":{"line":223,"column":117},"end":{"line":223,"column":120}}],"line":223},"60":{"loc":{"start":{"line":259,"column":18},"end":{"line":260,"column":74}},"type":"cond-expr","locations":[{"start":{"line":259,"column":49},"end":{"line":259,"column":69}},{"start":{"line":260,"column":20},"end":{"line":260,"column":74}}],"line":259},"61":{"loc":{"start":{"line":260,"column":20},"end":{"line":260,"column":74}},"type":"cond-expr","locations":[{"start":{"line":260,"column":49},"end":{"line":260,"column":67}},{"start":{"line":260,"column":70},"end":{"line":260,"column":74}}],"line":260},"62":{"loc":{"start":{"line":309,"column":7},"end":{"line":376,"column":7}},"type":"binary-expr","locations":[{"start":{"line":309,"column":7},"end":{"line":309,"column":38}},{"start":{"line":310,"column":8},"end":{"line":375,"column":14}}],"line":309},"63":{"loc":{"start":{"line":316,"column":71},"end":{"line":316,"column":127}},"type":"binary-expr","locations":[{"start":{"line":316,"column":71},"end":{"line":316,"column":122}},{"start":{"line":316,"column":126},"end":{"line":316,"column":127}}],"line":316},"64":{"loc":{"start":{"line":320,"column":74},"end":{"line":320,"column":129}},"type":"binary-expr","locations":[{"start":{"line":320,"column":74},"end":{"line":320,"column":124}},{"start":{"line":320,"column":128},"end":{"line":320,"column":129}}],"line":320},"65":{"loc":{"start":{"line":324,"column":74},"end":{"line":324,"column":129}},"type":"binary-expr","locations":[{"start":{"line":324,"column":74},"end":{"line":324,"column":124}},{"start":{"line":324,"column":128},"end":{"line":324,"column":129}}],"line":324},"66":{"loc":{"start":{"line":328,"column":73},"end":{"line":328,"column":126}},"type":"binary-expr","locations":[{"start":{"line":328,"column":73},"end":{"line":328,"column":121}},{"start":{"line":328,"column":125},"end":{"line":328,"column":126}}],"line":328},"67":{"loc":{"start":{"line":332,"column":72},"end":{"line":332,"column":124}},"type":"binary-expr","locations":[{"start":{"line":332,"column":72},"end":{"line":332,"column":119}},{"start":{"line":332,"column":123},"end":{"line":332,"column":124}}],"line":332},"68":{"loc":{"start":{"line":336,"column":72},"end":{"line":336,"column":126}},"type":"binary-expr","locations":[{"start":{"line":336,"column":72},"end":{"line":336,"column":121}},{"start":{"line":336,"column":125},"end":{"line":336,"column":126}}],"line":336},"69":{"loc":{"start":{"line":391,"column":105},"end":{"line":391,"column":152}},"type":"binary-expr","locations":[{"start":{"line":391,"column":105},"end":{"line":391,"column":143}},{"start":{"line":391,"column":147},"end":{"line":391,"column":152}}],"line":391},"70":{"loc":{"start":{"line":421,"column":17},"end":{"line":421,"column":110}},"type":"cond-expr","locations":[{"start":{"line":421,"column":46},"end":{"line":421,"column":94}},{"start":{"line":421,"column":97},"end":{"line":421,"column":110}}],"line":421},"71":{"loc":{"start":{"line":448,"column":17},"end":{"line":450,"column":23}},"type":"cond-expr","locations":[{"start":{"line":449,"column":18},"end":{"line":449,"column":99}},{"start":{"line":450,"column":18},"end":{"line":450,"column":23}}],"line":448},"72":{"loc":{"start":{"line":459,"column":30},"end":{"line":460,"column":92}},"type":"cond-expr","locations":[{"start":{"line":460,"column":22},"end":{"line":460,"column":88}},{"start":{"line":460,"column":91},"end":{"line":460,"column":92}}],"line":459},"73":{"loc":{"start":{"line":470,"column":7},"end":{"line":521,"column":7}},"type":"binary-expr","locations":[{"start":{"line":470,"column":7},"end":{"line":470,"column":37}},{"start":{"line":471,"column":8},"end":{"line":520,"column":14}}],"line":470},"74":{"loc":{"start":{"line":487,"column":18},"end":{"line":489,"column":82}},"type":"cond-expr","locations":[{"start":{"line":487,"column":42},"end":{"line":487,"column":55}},{"start":{"line":488,"column":20},"end":{"line":489,"column":82}}],"line":487},"75":{"loc":{"start":{"line":488,"column":20},"end":{"line":489,"column":82}},"type":"cond-expr","locations":[{"start":{"line":488,"column":45},"end":{"line":488,"column":59}},{"start":{"line":489,"column":22},"end":{"line":489,"column":82}}],"line":488},"76":{"loc":{"start":{"line":489,"column":22},"end":{"line":489,"column":82}},"type":"cond-expr","locations":[{"start":{"line":489,"column":54},"end":{"line":489,"column":75}},{"start":{"line":489,"column":78},"end":{"line":489,"column":82}}],"line":489},"77":{"loc":{"start":{"line":524,"column":7},"end":{"line":556,"column":7}},"type":"binary-expr","locations":[{"start":{"line":524,"column":8},"end":{"line":524,"column":41}},{"start":{"line":524,"column":45},"end":{"line":524,"column":79}},{"start":{"line":525,"column":8},"end":{"line":555,"column":14}}],"line":524},"78":{"loc":{"start":{"line":530,"column":13},"end":{"line":535,"column":13}},"type":"binary-expr","locations":[{"start":{"line":530,"column":13},"end":{"line":530,"column":46}},{"start":{"line":531,"column":14},"end":{"line":534,"column":20}}],"line":530},"79":{"loc":{"start":{"line":536,"column":13},"end":{"line":541,"column":13}},"type":"binary-expr","locations":[{"start":{"line":536,"column":13},"end":{"line":536,"column":45}},{"start":{"line":537,"column":14},"end":{"line":540,"column":20}}],"line":536},"80":{"loc":{"start":{"line":542,"column":13},"end":{"line":547,"column":13}},"type":"binary-expr","locations":[{"start":{"line":542,"column":13},"end":{"line":542,"column":39}},{"start":{"line":543,"column":14},"end":{"line":546,"column":20}}],"line":542},"81":{"loc":{"start":{"line":548,"column":13},"end":{"line":553,"column":13}},"type":"binary-expr","locations":[{"start":{"line":548,"column":13},"end":{"line":548,"column":47}},{"start":{"line":549,"column":14},"end":{"line":552,"column":20}}],"line":548}},"s":{"0":1,"1":3,"2":3,"3":3,"4":3,"5":3,"6":3,"7":0,"8":0,"9":0,"10":0,"11":0,"12":0,"13":0,"14":0,"15":0,"16":0,"17":0,"18":0,"19":0,"20":0,"21":0,"22":0,"23":0,"24":0,"25":0,"26":0,"27":0,"28":0,"29":0,"30":0,"31":0,"32":0,"33":0,"34":0,"35":0,"36":0,"37":0,"38":0,"39":0,"40":0,"41":0,"42":0,"43":0,"44":0,"45":0,"46":0,"47":0,"48":0,"49":0,"50":0,"51":0,"52":0,"53":0,"54":0,"55":0,"56":0,"57":0,"58":0,"59":0,"60":3,"61":0,"62":0,"63":0,"64":0,"65":0,"66":0,"67":0,"68":0,"69":0,"70":3,"71":0,"72":0,"73":0,"74":0,"75":0,"76":0,"77":0,"78":3,"79":3,"80":0,"81":0,"82":0,"83":0,"84":0,"85":0,"86":0,"87":0,"88":0,"89":0,"90":0,"91":0,"92":0,"93":0,"94":0},"f":{"0":3,"1":3,"2":0,"3":0,"4":0,"5":0,"6":0,"7":0,"8":0,"9":0,"10":0,"11":0,"12":0,"13":0,"14":0,"15":0,"16":0,"17":0,"18":0,"19":0,"20":0,"21":0,"22":0,"23":0,"24":0,"25":0,"26":0,"27":0,"28":0,"29":0,"30":0},"b":{"0":[0,3],"1":[3,2],"2":[0,0],"3":[0,0],"4":[0,0],"5":[0,0],"6":[0,0],"7":[0,0],"8":[0,0],"9":[0,0],"10":[0,0],"11":[0,0],"12":[0,0],"13":[0,0],"14":[0,0],"15":[0,0],"16":[0,0],"17":[0,0],"18":[0,0],"19":[0,0],"20":[0,0],"21":[0,0],"22":[0,0],"23":[0,0],"24":[0,0],"25":[0,0],"26":[0,0],"27":[0,0],"28":[0,0],"29":[0,0],"30":[0,0],"31":[0,0],"32":[0,0],"33":[0,0],"34":[0,0],"35":[0,0],"36":[0,0],"37":[0,0],"38":[0,0],"39":[0,0],"40":[0,0],"41":[0,0],"42":[0,0],"43":[0,0],"44":[0,0],"45":[3,0],"46":[3,2,0],"47":[0,0],"48":[0,0],"49":[0,0],"50":[0,0],"51":[0,0],"52":[0,0],"53":[0,0],"54":[0,0],"55":[0,0],"56":[0,0],"57":[0,0],"58":[0,0],"59":[0,0],"60":[0,0],"61":[0,0],"62":[0,0],"63":[0,0],"64":[0,0],"65":[0,0],"66":[0,0],"67":[0,0],"68":[0,0],"69":[0,0],"70":[0,0],"71":[0,0],"72":[0,0],"73":[0,0],"74":[0,0],"75":[0,0],"76":[0,0],"77":[0,0,0],"78":[0,0],"79":[0,0],"80":[0,0],"81":[0,0]},"_coverageSchema":"1a1c01bbd47fc00a2c39e90264f33305004495a9","hash":"13ed002cb8b308b032a4799f36b04b9e4972fb40"}
,"C:\\Users\\msntc\\Repos\\Source\\sns_dashboard_web\\src\\components\\DashboardFinanceiro.js": {"path":"C:\\Users\\msntc\\Repos\\Source\\sns_dashboard_web\\src\\components\\DashboardFinanceiro.js","statementMap":{"0":{"start":{"line":5,"column":28},"end":{"line":556,"column":1}},"1":{"start":{"line":6,"column":38},"end":{"line":6,"column":50}},"2":{"start":{"line":7,"column":44},"end":{"line":7,"column":56}},"3":{"start":{"line":8,"column":44},"end":{"line":8,"column":56}},"4":{"start":{"line":9,"column":44},"end":{"line":9,"column":56}},"5":{"start":{"line":11,"column":2},"end":{"line":137,"column":13}},"6":{"start":{"line":12,"column":4},"end":{"line":136,"column":5}},"7":{"start":{"line":14,"column":22},"end":{"line":14,"column":24}},"8":{"start":{"line":15,"column":6},"end":{"line":24,"column":9}},"9":{"start":{"line":16,"column":8},"end":{"line":23,"column":10}},"10":{"start":{"line":26,"column":6},"end":{"line":36,"column":9}},"11":{"start":{"line":27,"column":8},"end":{"line":35,"column":9}},"12":{"start":{"line":28,"column":36},"end":{"line":28,"column":62}},"13":{"start":{"line":29,"column":34},"end":{"line":29,"column":127}},"14":{"start":{"line":31,"column":10},"end":{"line":31,"column":71}},"15":{"start":{"line":32,"column":10},"end":{"line":32,"column":67}},"16":{"start":{"line":33,"column":10},"end":{"line":33,"column":70}},"17":{"start":{"line":34,"column":10},"end":{"line":34,"column":75}},"18":{"start":{"line":38,"column":26},"end":{"line":42,"column":9}},"19":{"start":{"line":38,"column":64},"end":{"line":42,"column":7}},"20":{"start":{"line":44,"column":6},"end":{"line":44,"column":33}},"21":{"start":{"line":47,"column":22},"end":{"line":72,"column":11}},"22":{"start":{"line":48,"column":23},"end":{"line":48,"column":48}},"23":{"start":{"line":50,"column":27},"end":{"line":50,"column":72}},"24":{"start":{"line":50,"column":44},"end":{"line":50,"column":71}},"25":{"start":{"line":51,"column":36},"end":{"line":51,"column":62}},"26":{"start":{"line":52,"column":34},"end":{"line":52,"column":127}},"27":{"start":{"line":54,"column":10},"end":{"line":65,"column":11}},"28":{"start":{"line":55,"column":12},"end":{"line":55,"column":59}},"29":{"start":{"line":56,"column":12},"end":{"line":56,"column":64}},"30":{"start":{"line":57,"column":12},"end":{"line":57,"column":60}},"31":{"start":{"line":59,"column":12},"end":{"line":64,"column":15}},"32":{"start":{"line":66,"column":10},"end":{"line":66,"column":21}},"33":{"start":{"line":68,"column":22},"end":{"line":72,"column":9}},"34":{"start":{"line":73,"column":28},"end":{"line":73,"column":89}},"35":{"start":{"line":73,"column":56},"end":{"line":73,"column":88}},"36":{"start":{"line":74,"column":6},"end":{"line":74,"column":38}},"37":{"start":{"line":77,"column":26},"end":{"line":77,"column":28}},"38":{"start":{"line":78,"column":6},"end":{"line":87,"column":9}},"39":{"start":{"line":79,"column":8},"end":{"line":86,"column":10}},"40":{"start":{"line":89,"column":6},"end":{"line":101,"column":9}},"41":{"start":{"line":90,"column":28},"end":{"line":90,"column":94}},"42":{"start":{"line":90,"column":56},"end":{"line":90,"column":93}},"43":{"start":{"line":91,"column":8},"end":{"line":100,"column":9}},"44":{"start":{"line":92,"column":36},"end":{"line":92,"column":62}},"45":{"start":{"line":93,"column":34},"end":{"line":93,"column":127}},"46":{"start":{"line":95,"column":10},"end":{"line":95,"column":79}},"47":{"start":{"line":96,"column":10},"end":{"line":96,"column":75}},"48":{"start":{"line":97,"column":10},"end":{"line":97,"column":78}},"49":{"start":{"line":98,"column":10},"end":{"line":98,"column":83}},"50":{"start":{"line":99,"column":10},"end":{"line":99,"column":55}},"51":{"start":{"line":103,"column":25},"end":{"line":109,"column":11}},"52":{"start":{"line":104,"column":24},"end":{"line":104,"column":45}},"53":{"start":{"line":105,"column":22},"end":{"line":109,"column":9}},"54":{"start":{"line":111,"column":6},"end":{"line":111,"column":35}},"55":{"start":{"line":114,"column":25},"end":{"line":133,"column":14}},"56":{"start":{"line":116,"column":27},"end":{"line":116,"column":72}},"57":{"start":{"line":116,"column":44},"end":{"line":116,"column":71}},"58":{"start":{"line":117,"column":28},"end":{"line":117,"column":55}},"59":{"start":{"line":118,"column":29},"end":{"line":118,"column":55}},"60":{"start":{"line":120,"column":10},"end":{"line":131,"column":11}},"61":{"start":{"line":121,"column":12},"end":{"line":121,"column":45}},"62":{"start":{"line":122,"column":12},"end":{"line":122,"column":52}},"63":{"start":{"line":123,"column":12},"end":{"line":123,"column":55}},"64":{"start":{"line":125,"column":12},"end":{"line":130,"column":15}},"65":{"start":{"line":132,"column":10},"end":{"line":132,"column":21}},"66":{"start":{"line":134,"column":31},"end":{"line":134,"column":95}},"67":{"start":{"line":134,"column":62},"end":{"line":134,"column":94}},"68":{"start":{"line":135,"column":6},"end":{"line":135,"column":41}},"69":{"start":{"line":140,"column":24},"end":{"line":145,"column":3}},"70":{"start":{"line":141,"column":4},"end":{"line":141,"column":40}},"71":{"start":{"line":141,"column":23},"end":{"line":141,"column":40}},"72":{"start":{"line":142,"column":4},"end":{"line":142,"column":40}},"73":{"start":{"line":142,"column":23},"end":{"line":142,"column":40}},"74":{"start":{"line":143,"column":4},"end":{"line":143,"column":40}},"75":{"start":{"line":143,"column":23},"end":{"line":143,"column":40}},"76":{"start":{"line":144,"column":4},"end":{"line":144,"column":21}},"77":{"start":{"line":147,"column":20},"end":{"line":147,"column":75}},"78":{"start":{"line":149,"column":2},"end":{"line":172,"column":3}},"79":{"start":{"line":150,"column":4},"end":{"line":171,"column":6}},"80":{"start":{"line":174,"column":29},"end":{"line":174,"column":91}},"81":{"start":{"line":174,"column":64},"end":{"line":174,"column":87}},"82":{"start":{"line":175,"column":35},"end":{"line":175,"column":104}},"83":{"start":{"line":175,"column":70},"end":{"line":175,"column":100}},"84":{"start":{"line":176,"column":37},"end":{"line":176,"column":119}},"85":{"start":{"line":178,"column":2},"end":{"line":555,"column":4}},"86":{"start":{"line":288,"column":44},"end":{"line":293,"column":17}},"87":{"start":{"line":294,"column":43},"end":{"line":294,"column":62}},"88":{"start":{"line":335,"column":52},"end":{"line":335,"column":99}},"89":{"start":{"line":341,"column":18},"end":{"line":341,"column":91}},"90":{"start":{"line":344,"column":45},"end":{"line":344,"column":66}},"91":{"start":{"line":369,"column":34},"end":{"line":369,"column":75}},"92":{"start":{"line":371,"column":20},"end":{"line":388,"column":25}},"93":{"start":{"line":402,"column":14},"end":{"line":438,"column":20}},"94":{"start":{"line":461,"column":44},"end":{"line":466,"column":17}},"95":{"start":{"line":467,"column":43},"end":{"line":467,"column":62}}},"fnMap":{"0":{"name":"(anonymous_0)","decl":{"start":{"line":5,"column":28},"end":{"line":5,"column":29}},"loc":{"start":{"line":5,"column":53},"end":{"line":556,"column":1}},"line":5},"1":{"name":"(anonymous_1)","decl":{"start":{"line":11,"column":12},"end":{"line":11,"column":13}},"loc":{"start":{"line":11,"column":18},"end":{"line":137,"column":3}},"line":11},"2":{"name":"(anonymous_2)","decl":{"start":{"line":15,"column":28},"end":{"line":15,"column":29}},"loc":{"start":{"line":15,"column":38},"end":{"line":24,"column":7}},"line":15},"3":{"name":"(anonymous_3)","decl":{"start":{"line":26,"column":31},"end":{"line":26,"column":32}},"loc":{"start":{"line":26,"column":38},"end":{"line":36,"column":7}},"line":26},"4":{"name":"(anonymous_4)","decl":{"start":{"line":38,"column":53},"end":{"line":38,"column":54}},"loc":{"start":{"line":38,"column":64},"end":{"line":42,"column":7}},"line":38},"5":{"name":"(anonymous_5)","decl":{"start":{"line":48,"column":16},"end":{"line":48,"column":17}},"loc":{"start":{"line":48,"column":23},"end":{"line":48,"column":48}},"line":48},"6":{"name":"(anonymous_6)","decl":{"start":{"line":49,"column":16},"end":{"line":49,"column":17}},"loc":{"start":{"line":49,"column":30},"end":{"line":67,"column":9}},"line":49},"7":{"name":"(anonymous_7)","decl":{"start":{"line":50,"column":36},"end":{"line":50,"column":37}},"loc":{"start":{"line":50,"column":44},"end":{"line":50,"column":71}},"line":50},"8":{"name":"(anonymous_8)","decl":{"start":{"line":68,"column":13},"end":{"line":68,"column":14}},"loc":{"start":{"line":68,"column":22},"end":{"line":72,"column":9}},"line":68},"9":{"name":"(anonymous_9)","decl":{"start":{"line":73,"column":46},"end":{"line":73,"column":47}},"loc":{"start":{"line":73,"column":56},"end":{"line":73,"column":88}},"line":73},"10":{"name":"(anonymous_10)","decl":{"start":{"line":78,"column":47},"end":{"line":78,"column":48}},"loc":{"start":{"line":78,"column":55},"end":{"line":87,"column":7}},"line":78},"11":{"name":"(anonymous_11)","decl":{"start":{"line":89,"column":31},"end":{"line":89,"column":32}},"loc":{"start":{"line":89,"column":38},"end":{"line":101,"column":7}},"line":89},"12":{"name":"(anonymous_12)","decl":{"start":{"line":90,"column":51},"end":{"line":90,"column":52}},"loc":{"start":{"line":90,"column":56},"end":{"line":90,"column":93}},"line":90},"13":{"name":"(anonymous_13)","decl":{"start":{"line":104,"column":16},"end":{"line":104,"column":17}},"loc":{"start":{"line":104,"column":24},"end":{"line":104,"column":45}},"line":104},"14":{"name":"(anonymous_14)","decl":{"start":{"line":105,"column":13},"end":{"line":105,"column":14}},"loc":{"start":{"line":105,"column":22},"end":{"line":109,"column":9}},"line":105},"15":{"name":"(anonymous_15)","decl":{"start":{"line":115,"column":16},"end":{"line":115,"column":17}},"loc":{"start":{"line":115,"column":30},"end":{"line":133,"column":9}},"line":115},"16":{"name":"(anonymous_16)","decl":{"start":{"line":116,"column":36},"end":{"line":116,"column":37}},"loc":{"start":{"line":116,"column":44},"end":{"line":116,"column":71}},"line":116},"17":{"name":"(anonymous_17)","decl":{"start":{"line":134,"column":52},"end":{"line":134,"column":53}},"loc":{"start":{"line":134,"column":62},"end":{"line":134,"column":94}},"line":134},"18":{"name":"(anonymous_18)","decl":{"start":{"line":140,"column":24},"end":{"line":140,"column":25}},"loc":{"start":{"line":140,"column":37},"end":{"line":145,"column":3}},"line":140},"19":{"name":"(anonymous_19)","decl":{"start":{"line":174,"column":47},"end":{"line":174,"column":48}},"loc":{"start":{"line":174,"column":64},"end":{"line":174,"column":87}},"line":174},"20":{"name":"(anonymous_20)","decl":{"start":{"line":175,"column":53},"end":{"line":175,"column":54}},"loc":{"start":{"line":175,"column":70},"end":{"line":175,"column":100}},"line":175},"21":{"name":"(anonymous_21)","decl":{"start":{"line":288,"column":27},"end":{"line":288,"column":28}},"loc":{"start":{"line":288,"column":44},"end":{"line":293,"column":17}},"line":288},"22":{"name":"(anonymous_22)","decl":{"start":{"line":294,"column":32},"end":{"line":294,"column":33}},"loc":{"start":{"line":294,"column":43},"end":{"line":294,"column":62}},"line":294},"23":{"name":"(anonymous_23)","decl":{"start":{"line":335,"column":23},"end":{"line":335,"column":24}},"loc":{"start":{"line":335,"column":52},"end":{"line":335,"column":99}},"line":335},"24":{"name":"(anonymous_24)","decl":{"start":{"line":340,"column":32},"end":{"line":340,"column":33}},"loc":{"start":{"line":341,"column":18},"end":{"line":341,"column":91}},"line":341},"25":{"name":"(anonymous_25)","decl":{"start":{"line":344,"column":34},"end":{"line":344,"column":35}},"loc":{"start":{"line":344,"column":45},"end":{"line":344,"column":66}},"line":344},"26":{"name":"(anonymous_26)","decl":{"start":{"line":369,"column":24},"end":{"line":369,"column":25}},"loc":{"start":{"line":369,"column":34},"end":{"line":369,"column":75}},"line":369},"27":{"name":"(anonymous_27)","decl":{"start":{"line":370,"column":23},"end":{"line":370,"column":24}},"loc":{"start":{"line":371,"column":20},"end":{"line":388,"column":25}},"line":371},"28":{"name":"(anonymous_28)","decl":{"start":{"line":401,"column":31},"end":{"line":401,"column":32}},"loc":{"start":{"line":402,"column":14},"end":{"line":438,"column":20}},"line":402},"29":{"name":"(anonymous_29)","decl":{"start":{"line":461,"column":27},"end":{"line":461,"column":28}},"loc":{"start":{"line":461,"column":44},"end":{"line":466,"column":17}},"line":461},"30":{"name":"(anonymous_30)","decl":{"start":{"line":467,"column":32},"end":{"line":467,"column":33}},"loc":{"start":{"line":467,"column":43},"end":{"line":467,"column":62}},"line":467}},"branchMap":{"0":{"loc":{"start":{"line":12,"column":4},"end":{"line":136,"column":5}},"type":"if","locations":[{"start":{"line":12,"column":4},"end":{"line":136,"column":5}},{"start":{},"end":{}}],"line":12},"1":{"loc":{"start":{"line":12,"column":8},"end":{"line":12,"column":53}},"type":"binary-expr","locations":[{"start":{"line":12,"column":8},"end":{"line":12,"column":12}},{"start":{"line":12,"column":16},"end":{"line":12,"column":32}},{"start":{"line":12,"column":36},"end":{"line":12,"column":53}}],"line":12},"2":{"loc":{"start":{"line":27,"column":8},"end":{"line":35,"column":9}},"type":"if","locations":[{"start":{"line":27,"column":8},"end":{"line":35,"column":9}},{"start":{},"end":{}}],"line":27},"3":{"loc":{"start":{"line":28,"column":36},"end":{"line":28,"column":62}},"type":"binary-expr","locations":[{"start":{"line":28,"column":36},"end":{"line":28,"column":57}},{"start":{"line":28,"column":61},"end":{"line":28,"column":62}}],"line":28},"4":{"loc":{"start":{"line":29,"column":35},"end":{"line":29,"column":62}},"type":"binary-expr","locations":[{"start":{"line":29,"column":35},"end":{"line":29,"column":57}},{"start":{"line":29,"column":61},"end":{"line":29,"column":62}}],"line":29},"5":{"loc":{"start":{"line":29,"column":67},"end":{"line":29,"column":93}},"type":"binary-expr","locations":[{"start":{"line":29,"column":67},"end":{"line":29,"column":88}},{"start":{"line":29,"column":92},"end":{"line":29,"column":93}}],"line":29},"6":{"loc":{"start":{"line":29,"column":98},"end":{"line":29,"column":126}},"type":"binary-expr","locations":[{"start":{"line":29,"column":98},"end":{"line":29,"column":121}},{"start":{"line":29,"column":125},"end":{"line":29,"column":126}}],"line":29},"7":{"loc":{"start":{"line":40,"column":32},"end":{"line":40,"column":124}},"type":"cond-expr","locations":[{"start":{"line":40,"column":63},"end":{"line":40,"column":120}},{"start":{"line":40,"column":123},"end":{"line":40,"column":124}}],"line":40},"8":{"loc":{"start":{"line":41,"column":28},"end":{"line":41,"column":108}},"type":"cond-expr","locations":[{"start":{"line":41,"column":52},"end":{"line":41,"column":104}},{"start":{"line":41,"column":107},"end":{"line":41,"column":108}}],"line":41},"9":{"loc":{"start":{"line":51,"column":36},"end":{"line":51,"column":62}},"type":"binary-expr","locations":[{"start":{"line":51,"column":36},"end":{"line":51,"column":57}},{"start":{"line":51,"column":61},"end":{"line":51,"column":62}}],"line":51},"10":{"loc":{"start":{"line":52,"column":35},"end":{"line":52,"column":62}},"type":"binary-expr","locations":[{"start":{"line":52,"column":35},"end":{"line":52,"column":57}},{"start":{"line":52,"column":61},"end":{"line":52,"column":62}}],"line":52},"11":{"loc":{"start":{"line":52,"column":67},"end":{"line":52,"column":93}},"type":"binary-expr","locations":[{"start":{"line":52,"column":67},"end":{"line":52,"column":88}},{"start":{"line":52,"column":92},"end":{"line":52,"column":93}}],"line":52},"12":{"loc":{"start":{"line":52,"column":98},"end":{"line":52,"column":126}},"type":"binary-expr","locations":[{"start":{"line":52,"column":98},"end":{"line":52,"column":121}},{"start":{"line":52,"column":125},"end":{"line":52,"column":126}}],"line":52},"13":{"loc":{"start":{"line":54,"column":10},"end":{"line":65,"column":11}},"type":"if","locations":[{"start":{"line":54,"column":10},"end":{"line":65,"column":11}},{"start":{"line":58,"column":17},"end":{"line":65,"column":11}}],"line":54},"14":{"loc":{"start":{"line":70,"column":30},"end":{"line":70,"column":104}},"type":"cond-expr","locations":[{"start":{"line":70,"column":52},"end":{"line":70,"column":100}},{"start":{"line":70,"column":103},"end":{"line":70,"column":104}}],"line":70},"15":{"loc":{"start":{"line":71,"column":36},"end":{"line":71,"column":109}},"type":"cond-expr","locations":[{"start":{"line":71,"column":65},"end":{"line":71,"column":105}},{"start":{"line":71,"column":108},"end":{"line":71,"column":109}}],"line":71},"16":{"loc":{"start":{"line":91,"column":8},"end":{"line":100,"column":9}},"type":"if","locations":[{"start":{"line":91,"column":8},"end":{"line":100,"column":9}},{"start":{},"end":{}}],"line":91},"17":{"loc":{"start":{"line":91,"column":12},"end":{"line":91,"column":56}},"type":"binary-expr","locations":[{"start":{"line":91,"column":12},"end":{"line":91,"column":23}},{"start":{"line":91,"column":27},"end":{"line":91,"column":56}}],"line":91},"18":{"loc":{"start":{"line":92,"column":36},"end":{"line":92,"column":62}},"type":"binary-expr","locations":[{"start":{"line":92,"column":36},"end":{"line":92,"column":57}},{"start":{"line":92,"column":61},"end":{"line":92,"column":62}}],"line":92},"19":{"loc":{"start":{"line":93,"column":35},"end":{"line":93,"column":62}},"type":"binary-expr","locations":[{"start":{"line":93,"column":35},"end":{"line":93,"column":57}},{"start":{"line":93,"column":61},"end":{"line":93,"column":62}}],"line":93},"20":{"loc":{"start":{"line":93,"column":67},"end":{"line":93,"column":93}},"type":"binary-expr","locations":[{"start":{"line":93,"column":67},"end":{"line":93,"column":88}},{"start":{"line":93,"column":92},"end":{"line":93,"column":93}}],"line":93},"21":{"loc":{"start":{"line":93,"column":98},"end":{"line":93,"column":126}},"type":"binary-expr","locations":[{"start":{"line":93,"column":98},"end":{"line":93,"column":121}},{"start":{"line":93,"column":125},"end":{"line":93,"column":126}}],"line":93},"22":{"loc":{"start":{"line":107,"column":34},"end":{"line":107,"column":120}},"type":"cond-expr","locations":[{"start":{"line":107,"column":63},"end":{"line":107,"column":116}},{"start":{"line":107,"column":119},"end":{"line":107,"column":120}}],"line":107},"23":{"loc":{"start":{"line":108,"column":30},"end":{"line":108,"column":104}},"type":"cond-expr","locations":[{"start":{"line":108,"column":52},"end":{"line":108,"column":100}},{"start":{"line":108,"column":103},"end":{"line":108,"column":104}}],"line":108},"24":{"loc":{"start":{"line":114,"column":26},"end":{"line":114,"column":56}},"type":"binary-expr","locations":[{"start":{"line":114,"column":26},"end":{"line":114,"column":50}},{"start":{"line":114,"column":54},"end":{"line":114,"column":56}}],"line":114},"25":{"loc":{"start":{"line":117,"column":29},"end":{"line":117,"column":48}},"type":"binary-expr","locations":[{"start":{"line":117,"column":29},"end":{"line":117,"column":43}},{"start":{"line":117,"column":47},"end":{"line":117,"column":48}}],"line":117},"26":{"loc":{"start":{"line":118,"column":30},"end":{"line":118,"column":49}},"type":"binary-expr","locations":[{"start":{"line":118,"column":30},"end":{"line":118,"column":44}},{"start":{"line":118,"column":48},"end":{"line":118,"column":49}}],"line":118},"27":{"loc":{"start":{"line":120,"column":10},"end":{"line":131,"column":11}},"type":"if","locations":[{"start":{"line":120,"column":10},"end":{"line":131,"column":11}},{"start":{"line":124,"column":17},"end":{"line":131,"column":11}}],"line":120},"28":{"loc":{"start":{"line":123,"column":35},"end":{"line":123,"column":54}},"type":"binary-expr","locations":[{"start":{"line":123,"column":35},"end":{"line":123,"column":49}},{"start":{"line":123,"column":53},"end":{"line":123,"column":54}}],"line":123},"29":{"loc":{"start":{"line":129,"column":26},"end":{"line":129,"column":45}},"type":"binary-expr","locations":[{"start":{"line":129,"column":26},"end":{"line":129,"column":40}},{"start":{"line":129,"column":44},"end":{"line":129,"column":45}}],"line":129},"30":{"loc":{"start":{"line":141,"column":4},"end":{"line":141,"column":40}},"type":"if","locations":[{"start":{"line":141,"column":4},"end":{"line":141,"column":40}},{"start":{},"end":{}}],"line":141},"31":{"loc":{"start":{"line":142,"column":4},"end":{"line":142,"column":40}},"type":"if","locations":[{"start":{"line":142,"column":4},"end":{"line":142,"column":40}},{"start":{},"end":{}}],"line":142},"32":{"loc":{"start":{"line":143,"column":4},"end":{"line":143,"column":40}},"type":"if","locations":[{"start":{"line":143,"column":4},"end":{"line":143,"column":40}},{"start":{},"end":{}}],"line":143},"33":{"loc":{"start":{"line":149,"column":2},"end":{"line":172,"column":3}},"type":"if","locations":[{"start":{"line":149,"column":2},"end":{"line":172,"column":3}},{"start":{},"end":{}}],"line":149},"34":{"loc":{"start":{"line":149,"column":6},"end":{"line":149,"column":70}},"type":"binary-expr","locations":[{"start":{"line":149,"column":6},"end":{"line":149,"column":11}},{"start":{"line":149,"column":15},"end":{"line":149,"column":38}},{"start":{"line":149,"column":42},"end":{"line":149,"column":70}}],"line":149},"35":{"loc":{"start":{"line":176,"column":37},"end":{"line":176,"column":119}},"type":"cond-expr","locations":[{"start":{"line":176,"column":62},"end":{"line":176,"column":115}},{"start":{"line":176,"column":118},"end":{"line":176,"column":119}}],"line":176},"36":{"loc":{"start":{"line":224,"column":7},"end":{"line":267,"column":7}},"type":"binary-expr","locations":[{"start":{"line":224,"column":7},"end":{"line":224,"column":31}},{"start":{"line":225,"column":8},"end":{"line":266,"column":14}}],"line":224},"37":{"loc":{"start":{"line":289,"column":18},"end":{"line":289,"column":89}},"type":"cond-expr","locations":[{"start":{"line":289,"column":45},"end":{"line":289,"column":65}},{"start":{"line":289,"column":68},"end":{"line":289,"column":89}}],"line":289},"38":{"loc":{"start":{"line":290,"column":18},"end":{"line":292,"column":76}},"type":"cond-expr","locations":[{"start":{"line":290,"column":42},"end":{"line":290,"column":55}},{"start":{"line":291,"column":20},"end":{"line":292,"column":76}}],"line":290},"39":{"loc":{"start":{"line":291,"column":20},"end":{"line":292,"column":76}},"type":"cond-expr","locations":[{"start":{"line":291,"column":51},"end":{"line":291,"column":71}},{"start":{"line":292,"column":22},"end":{"line":292,"column":76}}],"line":291},"40":{"loc":{"start":{"line":292,"column":22},"end":{"line":292,"column":76}},"type":"cond-expr","locations":[{"start":{"line":292,"column":54},"end":{"line":292,"column":69}},{"start":{"line":292,"column":72},"end":{"line":292,"column":76}}],"line":292},"41":{"loc":{"start":{"line":433,"column":21},"end":{"line":435,"column":80}},"type":"cond-expr","locations":[{"start":{"line":433,"column":53},"end":{"line":433,"column":62}},{"start":{"line":434,"column":22},"end":{"line":435,"column":80}}],"line":433},"42":{"loc":{"start":{"line":434,"column":22},"end":{"line":435,"column":80}},"type":"cond-expr","locations":[{"start":{"line":434,"column":54},"end":{"line":434,"column":63}},{"start":{"line":435,"column":24},"end":{"line":435,"column":80}}],"line":434},"43":{"loc":{"start":{"line":435,"column":24},"end":{"line":435,"column":80}},"type":"cond-expr","locations":[{"start":{"line":435,"column":56},"end":{"line":435,"column":66}},{"start":{"line":435,"column":69},"end":{"line":435,"column":80}}],"line":435},"44":{"loc":{"start":{"line":445,"column":7},"end":{"line":500,"column":7}},"type":"binary-expr","locations":[{"start":{"line":445,"column":7},"end":{"line":445,"column":31}},{"start":{"line":446,"column":8},"end":{"line":499,"column":14}}],"line":445},"45":{"loc":{"start":{"line":462,"column":18},"end":{"line":462,"column":118}},"type":"cond-expr","locations":[{"start":{"line":462,"column":75},"end":{"line":462,"column":96}},{"start":{"line":462,"column":99},"end":{"line":462,"column":118}}],"line":462},"46":{"loc":{"start":{"line":462,"column":18},"end":{"line":462,"column":72}},"type":"binary-expr","locations":[{"start":{"line":462,"column":18},"end":{"line":462,"column":40}},{"start":{"line":462,"column":44},"end":{"line":462,"column":72}}],"line":462},"47":{"loc":{"start":{"line":463,"column":18},"end":{"line":465,"column":66}},"type":"cond-expr","locations":[{"start":{"line":463,"column":42},"end":{"line":463,"column":55}},{"start":{"line":464,"column":20},"end":{"line":465,"column":66}}],"line":463},"48":{"loc":{"start":{"line":464,"column":20},"end":{"line":465,"column":66}},"type":"cond-expr","locations":[{"start":{"line":464,"column":50},"end":{"line":464,"column":69}},{"start":{"line":465,"column":22},"end":{"line":465,"column":66}}],"line":464},"49":{"loc":{"start":{"line":465,"column":22},"end":{"line":465,"column":66}},"type":"cond-expr","locations":[{"start":{"line":465,"column":46},"end":{"line":465,"column":59}},{"start":{"line":465,"column":62},"end":{"line":465,"column":66}}],"line":465}},"s":{"0":1,"1":3,"2":3,"3":3,"4":3,"5":3,"6":3,"7":0,"8":0,"9":0,"10":0,"11":0,"12":0,"13":0,"14":0,"15":0,"16":0,"17":0,"18":0,"19":0,"20":0,"21":0,"22":0,"23":0,"24":0,"25":0,"26":0,"27":0,"28":0,"29":0,"30":0,"31":0,"32":0,"33":0,"34":0,"35":0,"36":0,"37":0,"38":0,"39":0,"40":0,"41":0,"42":0,"43":0,"44":0,"45":0,"46":0,"47":0,"48":0,"49":0,"50":0,"51":0,"52":0,"53":0,"54":0,"55":0,"56":0,"57":0,"58":0,"59":0,"60":0,"61":0,"62":0,"63":0,"64":0,"65":0,"66":0,"67":0,"68":0,"69":3,"70":0,"71":0,"72":0,"73":0,"74":0,"75":0,"76":0,"77":3,"78":3,"79":3,"80":0,"81":0,"82":0,"83":0,"84":0,"85":0,"86":0,"87":0,"88":0,"89":0,"90":0,"91":0,"92":0,"93":0,"94":0,"95":0},"f":{"0":3,"1":3,"2":0,"3":0,"4":0,"5":0,"6":0,"7":0,"8":0,"9":0,"10":0,"11":0,"12":0,"13":0,"14":0,"15":0,"16":0,"17":0,"18":0,"19":0,"20":0,"21":0,"22":0,"23":0,"24":0,"25":0,"26":0,"27":0,"28":0,"29":0,"30":0},"b":{"0":[0,3],"1":[3,2,0],"2":[0,0],"3":[0,0],"4":[0,0],"5":[0,0],"6":[0,0],"7":[0,0],"8":[0,0],"9":[0,0],"10":[0,0],"11":[0,0],"12":[0,0],"13":[0,0],"14":[0,0],"15":[0,0],"16":[0,0],"17":[0,0],"18":[0,0],"19":[0,0],"20":[0,0],"21":[0,0],"22":[0,0],"23":[0,0],"24":[0,0],"25":[0,0],"26":[0,0],"27":[0,0],"28":[0,0],"29":[0,0],"30":[0,0],"31":[0,0],"32":[0,0],"33":[3,0],"34":[3,2,0],"35":[0,0],"36":[0,0],"37":[0,0],"38":[0,0],"39":[0,0],"40":[0,0],"41":[0,0],"42":[0,0],"43":[0,0],"44":[0,0],"45":[0,0],"46":[0,0],"47":[0,0],"48":[0,0],"49":[0,0]},"_coverageSchema":"1a1c01bbd47fc00a2c39e90264f33305004495a9","hash":"65b6dbf639b683ea1d993080b2383bd96cfb3306"}
,"C:\\Users\\msntc\\Repos\\Source\\sns_dashboard_web\\src\\components\\DashboardOperacional.js": {"path":"C:\\Users\\msntc\\Repos\\Source\\sns_dashboard_web\\src\\components\\DashboardOperacional.js","statementMap":{"0":{"start":{"line":5,"column":29},"end":{"line":804,"column":1}},"1":{"start":{"line":6,"column":46},"end":{"line":6,"column":58}},"2":{"start":{"line":7,"column":56},"end":{"line":7,"column":68}},"3":{"start":{"line":8,"column":48},"end":{"line":8,"column":60}},"4":{"start":{"line":9,"column":40},"end":{"line":9,"column":52}},"5":{"start":{"line":10,"column":58},"end":{"line":10,"column":70}},"6":{"start":{"line":11,"column":40},"end":{"line":11,"column":54}},"7":{"start":{"line":13,"column":2},"end":{"line":164,"column":13}},"8":{"start":{"line":14,"column":4},"end":{"line":163,"column":5}},"9":{"start":{"line":16,"column":22},"end":{"line":43,"column":11}},"10":{"start":{"line":17,"column":23},"end":{"line":17,"column":92}},"11":{"start":{"line":19,"column":27},"end":{"line":19,"column":72}},"12":{"start":{"line":19,"column":44},"end":{"line":19,"column":71}},"13":{"start":{"line":20,"column":10},"end":{"line":35,"column":11}},"14":{"start":{"line":21,"column":12},"end":{"line":21,"column":69}},"15":{"start":{"line":22,"column":12},"end":{"line":22,"column":134}},"16":{"start":{"line":23,"column":12},"end":{"line":23,"column":49}},"17":{"start":{"line":24,"column":12},"end":{"line":24,"column":57}},"18":{"start":{"line":25,"column":12},"end":{"line":25,"column":36}},"19":{"start":{"line":27,"column":12},"end":{"line":34,"column":15}},"20":{"start":{"line":36,"column":10},"end":{"line":36,"column":21}},"21":{"start":{"line":38,"column":22},"end":{"line":43,"column":9}},"22":{"start":{"line":44,"column":28},"end":{"line":44,"column":89}},"23":{"start":{"line":44,"column":56},"end":{"line":44,"column":88}},"24":{"start":{"line":45,"column":6},"end":{"line":45,"column":36}},"25":{"start":{"line":48,"column":27},"end":{"line":48,"column":29}},"26":{"start":{"line":49,"column":6},"end":{"line":73,"column":9}},"27":{"start":{"line":50,"column":23},"end":{"line":50,"column":88}},"28":{"start":{"line":52,"column":23},"end":{"line":52,"column":40}},"29":{"start":{"line":53,"column":8},"end":{"line":66,"column":9}},"30":{"start":{"line":54,"column":30},"end":{"line":54,"column":85}},"31":{"start":{"line":54,"column":58},"end":{"line":54,"column":84}},"32":{"start":{"line":55,"column":10},"end":{"line":65,"column":12}},"33":{"start":{"line":68,"column":8},"end":{"line":68,"column":77}},"34":{"start":{"line":69,"column":8},"end":{"line":69,"column":142}},"35":{"start":{"line":70,"column":8},"end":{"line":70,"column":57}},"36":{"start":{"line":71,"column":8},"end":{"line":71,"column":65}},"37":{"start":{"line":72,"column":8},"end":{"line":72,"column":37}},"38":{"start":{"line":75,"column":24},"end":{"line":82,"column":11}},"39":{"start":{"line":76,"column":22},"end":{"line":82,"column":9}},"40":{"start":{"line":83,"column":30},"end":{"line":83,"column":102}},"41":{"start":{"line":83,"column":60},"end":{"line":83,"column":101}},"42":{"start":{"line":84,"column":6},"end":{"line":84,"column":42}},"43":{"start":{"line":87,"column":26},"end":{"line":111,"column":14}},"44":{"start":{"line":89,"column":27},"end":{"line":89,"column":72}},"45":{"start":{"line":89,"column":44},"end":{"line":89,"column":71}},"46":{"start":{"line":90,"column":10},"end":{"line":109,"column":11}},"47":{"start":{"line":91,"column":12},"end":{"line":91,"column":55}},"48":{"start":{"line":92,"column":12},"end":{"line":92,"column":57}},"49":{"start":{"line":93,"column":12},"end":{"line":93,"column":71}},"50":{"start":{"line":94,"column":12},"end":{"line":95,"column":80}},"51":{"start":{"line":96,"column":12},"end":{"line":96,"column":134}},"52":{"start":{"line":97,"column":12},"end":{"line":97,"column":69}},"53":{"start":{"line":99,"column":36},"end":{"line":99,"column":129}},"54":{"start":{"line":100,"column":12},"end":{"line":108,"column":15}},"55":{"start":{"line":110,"column":10},"end":{"line":110,"column":21}},"56":{"start":{"line":112,"column":32},"end":{"line":112,"column":97}},"57":{"start":{"line":112,"column":64},"end":{"line":112,"column":96}},"58":{"start":{"line":113,"column":6},"end":{"line":113,"column":49}},"59":{"start":{"line":116,"column":28},"end":{"line":126,"column":104}},"60":{"start":{"line":117,"column":8},"end":{"line":117,"column":55}},"61":{"start":{"line":118,"column":8},"end":{"line":118,"column":53}},"62":{"start":{"line":119,"column":8},"end":{"line":119,"column":53}},"63":{"start":{"line":120,"column":8},"end":{"line":120,"column":49}},"64":{"start":{"line":121,"column":8},"end":{"line":121,"column":47}},"65":{"start":{"line":122,"column":8},"end":{"line":122,"column":51}},"66":{"start":{"line":123,"column":8},"end":{"line":123,"column":59}},"67":{"start":{"line":124,"column":8},"end":{"line":124,"column":48}},"68":{"start":{"line":125,"column":8},"end":{"line":125,"column":19}},"69":{"start":{"line":128,"column":30},"end":{"line":128,"column":76}},"70":{"start":{"line":129,"column":26},"end":{"line":136,"column":12}},"71":{"start":{"line":138,"column":35},"end":{"line":138,"column":37}},"72":{"start":{"line":139,"column":6},"end":{"line":156,"column":9}},"73":{"start":{"line":140,"column":23},"end":{"line":140,"column":40}},"74":{"start":{"line":141,"column":8},"end":{"line":148,"column":9}},"75":{"start":{"line":142,"column":30},"end":{"line":142,"column":86}},"76":{"start":{"line":142,"column":59},"end":{"line":142,"column":85}},"77":{"start":{"line":143,"column":10},"end":{"line":147,"column":12}},"78":{"start":{"line":145,"column":44},"end":{"line":145,"column":71}},"79":{"start":{"line":149,"column":8},"end":{"line":149,"column":80}},"80":{"start":{"line":150,"column":8},"end":{"line":150,"column":78}},"81":{"start":{"line":151,"column":8},"end":{"line":151,"column":78}},"82":{"start":{"line":152,"column":8},"end":{"line":152,"column":74}},"83":{"start":{"line":153,"column":8},"end":{"line":153,"column":72}},"84":{"start":{"line":154,"column":8},"end":{"line":154,"column":76}},"85":{"start":{"line":155,"column":8},"end":{"line":155,"column":73}},"86":{"start":{"line":158,"column":6},"end":{"line":162,"column":9}},"87":{"start":{"line":161,"column":74},"end":{"line":161,"column":91}},"88":{"start":{"line":167,"column":29},"end":{"line":172,"column":3}},"89":{"start":{"line":168,"column":4},"end":{"line":168,"column":40}},"90":{"start":{"line":168,"column":23},"end":{"line":168,"column":40}},"91":{"start":{"line":169,"column":4},"end":{"line":169,"column":40}},"92":{"start":{"line":169,"column":23},"end":{"line":169,"column":40}},"93":{"start":{"line":170,"column":4},"end":{"line":170,"column":40}},"94":{"start":{"line":170,"column":23},"end":{"line":170,"column":40}},"95":{"start":{"line":171,"column":4},"end":{"line":171,"column":21}},"96":{"start":{"line":174,"column":24},"end":{"line":178,"column":3}},"97":{"start":{"line":175,"column":4},"end":{"line":175,"column":38}},"98":{"start":{"line":175,"column":21},"end":{"line":175,"column":38}},"99":{"start":{"line":176,"column":4},"end":{"line":176,"column":36}},"100":{"start":{"line":176,"column":19},"end":{"line":176,"column":36}},"101":{"start":{"line":177,"column":4},"end":{"line":177,"column":21}},"102":{"start":{"line":180,"column":31},"end":{"line":184,"column":4}},"103":{"start":{"line":181,"column":4},"end":{"line":181,"column":83}},"104":{"start":{"line":181,"column":70},"end":{"line":181,"column":83}},"105":{"start":{"line":182,"column":4},"end":{"line":182,"column":98}},"106":{"start":{"line":182,"column":85},"end":{"line":182,"column":98}},"107":{"start":{"line":183,"column":4},"end":{"line":183,"column":16}},"108":{"start":{"line":186,"column":26},"end":{"line":186,"column":59}},"109":{"start":{"line":187,"column":26},"end":{"line":189,"column":17}},"110":{"start":{"line":188,"column":20},"end":{"line":188,"column":71}},"111":{"start":{"line":191,"column":2},"end":{"line":214,"column":3}},"112":{"start":{"line":192,"column":4},"end":{"line":213,"column":6}},"113":{"start":{"line":216,"column":2},"end":{"line":803,"column":4}},"114":{"start":{"line":225,"column":29},"end":{"line":225,"column":62}},"115":{"start":{"line":229,"column":14},"end":{"line":231,"column":23}},"116":{"start":{"line":241,"column":29},"end":{"line":241,"column":67}},"117":{"start":{"line":245,"column":14},"end":{"line":247,"column":23}},"118":{"start":{"line":266,"column":57},"end":{"line":266,"column":90}},"119":{"start":{"line":270,"column":57},"end":{"line":270,"column":90}},"120":{"start":{"line":274,"column":71},"end":{"line":274,"column":104}},"121":{"start":{"line":285,"column":47},"end":{"line":285,"column":74}},"122":{"start":{"line":286,"column":39},"end":{"line":286,"column":71}},"123":{"start":{"line":287,"column":47},"end":{"line":287,"column":74}},"124":{"start":{"line":290,"column":47},"end":{"line":290,"column":74}},"125":{"start":{"line":291,"column":39},"end":{"line":291,"column":71}},"126":{"start":{"line":292,"column":47},"end":{"line":292,"column":74}},"127":{"start":{"line":295,"column":46},"end":{"line":295,"column":73}},"128":{"start":{"line":296,"column":48},"end":{"line":296,"column":75}},"129":{"start":{"line":297,"column":39},"end":{"line":297,"column":71}},"130":{"start":{"line":298,"column":49},"end":{"line":298,"column":76}},"131":{"start":{"line":311,"column":70},"end":{"line":311,"column":98}},"132":{"start":{"line":387,"c
[...]
ne":635,"column":49}},"type":"if","locations":[{"start":{"line":635,"column":6},"end":{"line":635,"column":49}},{"start":{},"end":{}}],"line":635},"132":{"loc":{"start":{"line":638,"column":19},"end":{"line":638,"column":39}},"type":"binary-expr","locations":[{"start":{"line":638,"column":19},"end":{"line":638,"column":33}},{"start":{"line":638,"column":37},"end":{"line":638,"column":39}}],"line":638},"133":{"loc":{"start":{"line":639,"column":20},"end":{"line":639,"column":73}},"type":"cond-expr","locations":[{"start":{"line":639,"column":29},"end":{"line":639,"column":69}},{"start":{"line":639,"column":72},"end":{"line":639,"column":73}}],"line":639},"134":{"loc":{"start":{"line":644,"column":16},"end":{"line":644,"column":29}},"type":"binary-expr","locations":[{"start":{"line":644,"column":16},"end":{"line":644,"column":24}},{"start":{"line":644,"column":28},"end":{"line":644,"column":29}}],"line":644},"135":{"loc":{"start":{"line":645,"column":21},"end":{"line":645,"column":32}},"type":"binary-expr","locations":[{"start":{"line":645,"column":21},"end":{"line":645,"column":27}},{"start":{"line":645,"column":31},"end":{"line":645,"column":32}}],"line":645},"136":{"loc":{"start":{"line":646,"column":29},"end":{"line":646,"column":59}},"type":"binary-expr","locations":[{"start":{"line":646,"column":29},"end":{"line":646,"column":54}},{"start":{"line":646,"column":58},"end":{"line":646,"column":59}}],"line":646},"137":{"loc":{"start":{"line":647,"column":28},"end":{"line":647,"column":57}},"type":"binary-expr","locations":[{"start":{"line":647,"column":28},"end":{"line":647,"column":52}},{"start":{"line":647,"column":56},"end":{"line":647,"column":57}}],"line":647},"138":{"loc":{"start":{"line":648,"column":28},"end":{"line":648,"column":57}},"type":"binary-expr","locations":[{"start":{"line":648,"column":28},"end":{"line":648,"column":52}},{"start":{"line":648,"column":56},"end":{"line":648,"column":57}}],"line":648},"139":{"loc":{"start":{"line":649,"column":26},"end":{"line":649,"column":53}},"type":"binary-expr","locations":[{"start":{"line":649,"column":26},"end":{"line":649,"column":48}},{"start":{"line":649,"column":52},"end":{"line":649,"column":53}}],"line":649},"140":{"loc":{"start":{"line":650,"column":25},"end":{"line":650,"column":51}},"type":"binary-expr","locations":[{"start":{"line":650,"column":25},"end":{"line":650,"column":46}},{"start":{"line":650,"column":50},"end":{"line":650,"column":51}}],"line":650},"141":{"loc":{"start":{"line":651,"column":27},"end":{"line":651,"column":55}},"type":"binary-expr","locations":[{"start":{"line":651,"column":27},"end":{"line":651,"column":50}},{"start":{"line":651,"column":54},"end":{"line":651,"column":55}}],"line":651},"142":{"loc":{"start":{"line":652,"column":31},"end":{"line":652,"column":63}},"type":"binary-expr","locations":[{"start":{"line":652,"column":31},"end":{"line":652,"column":58}},{"start":{"line":652,"column":62},"end":{"line":652,"column":63}}],"line":652},"143":{"loc":{"start":{"line":653,"column":25},"end":{"line":653,"column":64}},"type":"binary-expr","locations":[{"start":{"line":653,"column":25},"end":{"line":653,"column":59}},{"start":{"line":653,"column":63},"end":{"line":653,"column":64}}],"line":653},"144":{"loc":{"start":{"line":659,"column":19},"end":{"line":659,"column":60}},"type":"binary-expr","locations":[{"start":{"line":659,"column":19},"end":{"line":659,"column":40}},{"start":{"line":659,"column":44},"end":{"line":659,"column":60}}],"line":659},"145":{"loc":{"start":{"line":664,"column":2},"end":{"line":664,"column":76}},"type":"if","locations":[{"start":{"line":664,"column":2},"end":{"line":664,"column":76}},{"start":{},"end":{}}],"line":664},"146":{"loc":{"start":{"line":664,"column":6},"end":{"line":664,"column":52}},"type":"binary-expr","locations":[{"start":{"line":664,"column":6},"end":{"line":664,"column":21}},{"start":{"line":664,"column":25},"end":{"line":664,"column":52}}],"line":664},"147":{"loc":{"start":{"line":664,"column":61},"end":{"line":664,"column":75}},"type":"binary-expr","locations":[{"start":{"line":664,"column":61},"end":{"line":664,"column":69}},{"start":{"line":664,"column":73},"end":{"line":664,"column":75}}],"line":664},"148":{"loc":{"start":{"line":665,"column":2},"end":{"line":665,"column":70}},"type":"if","locations":[{"start":{"line":665,"column":2},"end":{"line":665,"column":70}},{"start":{},"end":{}}],"line":665},"149":{"loc":{"start":{"line":665,"column":6},"end":{"line":665,"column":40}},"type":"binary-expr","locations":[{"start":{"line":665,"column":6},"end":{"line":665,"column":15}},{"start":{"line":665,"column":19},"end":{"line":665,"column":40}}],"line":665},"150":{"loc":{"start":{"line":665,"column":49},"end":{"line":665,"column":69}},"type":"binary-expr","locations":[{"start":{"line":665,"column":49},"end":{"line":665,"column":63}},{"start":{"line":665,"column":67},"end":{"line":665,"column":69}}],"line":665},"151":{"loc":{"start":{"line":686,"column":2},"end":{"line":686,"column":76}},"type":"if","locations":[{"start":{"line":686,"column":2},"end":{"line":686,"column":76}},{"start":{},"end":{}}],"line":686},"152":{"loc":{"start":{"line":686,"column":6},"end":{"line":686,"column":62}},"type":"binary-expr","locations":[{"start":{"line":686,"column":6},"end":{"line":686,"column":26}},{"start":{"line":686,"column":30},"end":{"line":686,"column":62}}],"line":686},"153":{"loc":{"start":{"line":695,"column":4},"end":{"line":700,"column":5}},"type":"if","locations":[{"start":{"line":695,"column":4},"end":{"line":700,"column":5}},{"start":{},"end":{}}],"line":695},"154":{"loc":{"start":{"line":704,"column":20},"end":{"line":704,"column":50}},"type":"binary-expr","locations":[{"start":{"line":704,"column":20},"end":{"line":704,"column":45}},{"start":{"line":704,"column":49},"end":{"line":704,"column":50}}],"line":704},"155":{"loc":{"start":{"line":705,"column":19},"end":{"line":705,"column":48}},"type":"binary-expr","locations":[{"start":{"line":705,"column":19},"end":{"line":705,"column":43}},{"start":{"line":705,"column":47},"end":{"line":705,"column":48}}],"line":705},"156":{"loc":{"start":{"line":706,"column":19},"end":{"line":706,"column":48}},"type":"binary-expr","locations":[{"start":{"line":706,"column":19},"end":{"line":706,"column":43}},{"start":{"line":706,"column":47},"end":{"line":706,"column":48}}],"line":706},"157":{"loc":{"start":{"line":707,"column":17},"end":{"line":707,"column":44}},"type":"binary-expr","locations":[{"start":{"line":707,"column":17},"end":{"line":707,"column":39}},{"start":{"line":707,"column":43},"end":{"line":707,"column":44}}],"line":707},"158":{"loc":{"start":{"line":708,"column":16},"end":{"line":708,"column":42}},"type":"binary-expr","locations":[{"start":{"line":708,"column":16},"end":{"line":708,"column":37}},{"start":{"line":708,"column":41},"end":{"line":708,"column":42}}],"line":708},"159":{"loc":{"start":{"line":709,"column":18},"end":{"line":709,"column":46}},"type":"binary-expr","locations":[{"start":{"line":709,"column":18},"end":{"line":709,"column":41}},{"start":{"line":709,"column":45},"end":{"line":709,"column":46}}],"line":709},"160":{"loc":{"start":{"line":710,"column":22},"end":{"line":710,"column":54}},"type":"binary-expr","locations":[{"start":{"line":710,"column":22},"end":{"line":710,"column":49}},{"start":{"line":710,"column":53},"end":{"line":710,"column":54}}],"line":710},"161":{"loc":{"start":{"line":711,"column":17},"end":{"line":711,"column":56}},"type":"binary-expr","locations":[{"start":{"line":711,"column":17},"end":{"line":711,"column":51}},{"start":{"line":711,"column":55},"end":{"line":711,"column":56}}],"line":711},"162":{"loc":{"start":{"line":717,"column":22},"end":{"line":724,"column":8}},"type":"cond-expr","locations":[{"start":{"line":717,"column":44},"end":{"line":724,"column":3}},{"start":{"line":724,"column":6},"end":{"line":724,"column":8}}],"line":717},"163":{"loc":{"start":{"line":739,"column":2},"end":{"line":739,"column":70}},"type":"if","locations":[{"start":{"line":739,"column":2},"end":{"line":739,"column":70}},{"start":{},"end":{}}],"line":739},"164":{"loc":{"start":{"line":739,"column":6},"end":{"line":739,"column":56}},"type":"binary-expr","locations":[{"start":{"line":739,"column":6},"end":{"line":739,"column":23}},{"start":{"line":739,"column":27},"end":{"line":739,"column":56}}],"line":739},"165":{"loc":{"start":{"line":745,"column":18},"end":{"line":745,"column":47}},"type":"binary-expr","locations":[{"start":{"line":745,"column":18},"end":{"line":745,"column":42}},{"start":{"line":745,"column":46},"end":{"line":745,"column":47}}],"line":745},"166":{"loc":{"start":{"line":747,"column":4},"end":{"line":749,"column":5}},"type":"if","locations":[{"start":{"line":747,"column":4},"end":{"line":749,"column":5}},{"start":{},"end":{}}],"line":747}},"s":{"0":1,"1":1,"2":2,"3":2,"4":0,"5":2,"6":2,"7":2,"8":0,"9":2,"10":2,"11":0,"12":0,"13":1,"14":0,"15":0,"16":0,"17":0,"18":0,"19":1,"20":30,"21":1,"22":9,"23":0,"24":9,"25":9,"26":10,"27":10,"28":10,"29":10,"30":10,"31":10,"32":0,"33":0,"34":0,"35":10,"36":10,"37":10,"38":1,"39":9,"40":0,"41":9,"42":9,"43":9,"44":9,"45":10,"46":10,"47":9,"48":9,"49":9,"50":0,"51":0,"52":0,"53":0,"54":0,"55":0,"56":0,"57":0,"58":0,"59":0,"60":0,"61":0,"62":0,"63":0,"64":0,"65":0,"66":0,"67":0,"68":0,"69":0,"70":0,"71":0,"72":0,"73":0,"74":0,"75":0,"76":0,"77":0,"78":0,"79":0,"80":0,"81":0,"82":0,"83":1,"84":11,"85":11,"86":2,"87":9,"88":9,"89":9,"90":10,"91":9,"92":10,"93":9,"94":10,"95":9,"96":10,"97":9,"98":10,"99":9,"100":10,"101":9,"102":10,"103":9,"104":10,"105":9,"106":10,"107":9,"108":10,"109":9,"110":9,"111":9,"112":9,"113":9,"114":10,"115":9,"116":10,"117":9,"118":10,"119":9,"120":9,"121":9,"122":9,"123":9,"124":9,"125":9,"126":9,"127":9,"128":9,"129":0,"130":0,"131":0,"132":0,"133":0,"134":9,"135":9,"136":9,"137":9,"138":9,"139":9,"140":0,"141":9,"142":1,"143":8,"144":0,"145":8,"146":4,"147":9,"148":9,"149":5,"150":4,"151":0,"152":9,"153":9,"154":3,"155":6,"156":0,"157":9,"158":9,"159":0,"160":9,"161":0,"162":9,"163":9,"164":9,"165":1,"166":4,"167":2,"168":2,"169":7,"170":7,"171":2,"172":5,"173":5,"174":5,"175":1,"176":4,"177":1,"178":3,"179":6,"180":2,"181":4,"182":2,"183":2,"184":2,"185":4,"186":1,"187":6,"188":5,"189":1,"190":3,"191":1,"192":2,"193":1,"194":1,"195":3,"196":1,"197":4,"198":2,"199":2,"200":2,"201":5,"202":5,"203":4,"204":5,"205":5,"206":5,"207":5,"208":5,"209":2,"210":2,"211":1,"212":4,"213":1,"214":3,"215":3,"216":3,"217":3,"218":6,"219":3,"220":6,"221":6,"222":6,"223":6,"224":6,"225":6,"226":3,"227":6,"228":6,"229":6,"230":6,"231":3,"232":3,"233":3,"234":6,"235":2,"236":3,"237":6,"238":2,"239":3,"240":1,"241":0,"242":0,"243":0,"244":0,"245":0,"246":0,"247":0,"248":0,"249":0,"250":0,"251":0,"252":0,"253":0,"254":0,"255":0,"256":0,"257":0,"258":0,"259":0,"260":0,"261":0,"262":0,"263":0,"264":0,"265":0,"266":0,"267":1,"268":0,"269":0,"270":0,"271":0,"272":0,"273":0,"274":0,"275":0,"276":0,"277":0,"278":0,"279":0,"280":0,"281":0,"282":0,"283":0,"284":0,"285":0,"286":0,"287":0,"288":0,"289":0,"290":0,"291":0,"292":0,"293":0,"294":0,"295":0,"296":0,"297":1,"298":0,"299":0,"300":0,"301":0,"302":0,"303":0,"304":0,"305":0,"306":0,"307":0,"308":0,"309":0,"310":1,"311":0,"312":0,"313":0,"314":0,"315":0,"316":0,"317":0,"318":0,"319":0,"320":0,"321":0,"322":0,"323":0,"324":0,"325":0,"326":0,"327":0,"328":0,"329":0,"330":0,"331":0,"332":0,"333":0,"334":1,"335":0,"336":0,"337":0,"338":0,"339":0,"340":0,"341":0,"342":0,"343":0,"344":0,"345":0,"346":0,"347":0,"348":0,"349":0,"350":0,"351":0},"f":{"0":2,"1":2,"2":2,"3":0,"4":0,"5":30,"6":9,"7":10,"8":9,"9":10,"10":10,"11":0,"12":0,"13":0,"14":0,"15":0,"16":0,"17":11,"18":10,"19":10,"20":10,"21":10,"22":10,"23":10,"24":10,"25":10,"26":10,"27":10,"28":10,"29":10,"30":10,"31":0,"32":0,"33":4,"34":7,"35":4,"36":6,"37":6,"38":3,"39":2,"40":3,"41":4,"42":5,"43":2,"44":4,"45":6,"46":6,"47":6,"48":3,"49":6,"50":2,"51":6,"52":2,"53":0,"54":0,"55":0,"56":0,"57":0,"58":0,"59":0,"60":0,"61":0,"62":0,"63":0,"64":0,"65":0,"66":0,"67":0,"68":0,"69":0,"70":0,"71":0,"72":0,"73":0,"74":0,"75":0},"b":{"0":[2],"1":[0,2],"2":[0,2],"3":[0,9],"4":[9,9],"5":[10,10],"6":[10,0,10,10,10,10,10,10],"7":[0,10],"8":[10,0],"9":[0,0],"10":[0,0],"11":[0,10],"12":[10,0],"13":[0,10],"14":[10,0],"15":[0,9],"16":[9,9],"17":[9,0],"18":[0,0],"19":[0,0,0],"20":[0,0],"21":[0,0],"22":[0,0],"23":[0,0],"24":[0,0,0],"25":[0,0],"26":[2,9],"27":[11,10],"28":[10,1],"29":[10,10],"30":[10,10],"31":[10,10],"32":[10,7],"33":[10,7],"34":[10,7],"35":[10,3],"36":[10,5],"37":[10,5],"38":[8,1],"39":[8,1],"40":[10,2],"41":[10,8],"42":[10,2],"43":[7,2],"44":[7,2],"45":[7,2],"46":[7,2],"47":[0,9],"48":[9,0],"49":[0,0],"50":[0,0],"51":[7,2],"52":[0,9],"53":[1,8],"54":[0,8],"55":[4,4],"56":[5,4],"57":[0,4],"58":[3,6],"59":[0,6],"60":[0,9],"61":[0,9],"62":[8,1],"63":[0,9],"64":[9,7],"65":[9,7],"66":[2,2],"67":[4,3],"68":[2,5],"69":[5,5],"70":[1,3],"71":[4,3],"72":[2,4],"73":[2,2],"74":[2,0],"75":[4,4],"76":[5,1],"77":[6,5,4],"78":[1,1],"79":[2,2,2],"80":[2,2],"81":[4,3],"82":[4,1],"83":[5,0],"84":[5,2],"85":[5,2],"86":[5,3],"87":[5,2],"88":[5,2],"89":[1,3],"90":[4,4,3],"91":[6,0],"92":[6,0],"93":[6,3],"94":[6,3],"95":[6,3],"96":[6,0],"97":[6,0],"98":[5,1],"99":[5,1],"100":[5,1],"101":[0,0],"102":[0,0],"103":[0,0],"104":[0,0],"105":[0,0],"106":[0,0],"107":[0,0],"108":[0,0],"109":[0,0],"110":[0,0],"111":[0,0],"112":[0,0],"113":[0,0],"114":[0,0],"115":[0,0],"116":[0,0],"117":[0,0],"118":[0,0],"119":[0,0],"120":[0,0],"121":[0,0],"122":[0,0],"123":[0,0],"124":[0,0],"125":[0,0],"126":[0,0],"127":[0,0],"128":[0,0],"129":[0,0],"130":[0,0],"131":[0,0],"132":[0,0],"133":[0,0],"134":[0,0],"135":[0,0],"136":[0,0],"137":[0,0],"138":[0,0],"139":[0,0],"140":[0,0],"141":[0,0],"142":[0,0],"143":[0,0],"144":[0,0],"145":[0,0],"146":[0,0],"147":[0,0],"148":[0,0],"149":[0,0],"150":[0,0],"151":[0,0],"152":[0,0],"153":[0,0],"154":[0,0],"155":[0,0],"156":[0,0],"157":[0,0],"158":[0,0],"159":[0,0],"160":[0,0],"161":[0,0],"162":[0,0],"163":[0,0],"164":[0,0],"165":[0,0],"166":[0,0]},"_coverageSchema":"1a1c01bbd47fc00a2c39e90264f33305004495a9","hash":"0f9c9130341bcf0c801d957389c1463b1df7d412"}
,"C:\\Users\\msntc\\Repos\\Source\\sns_dashboard_web\\src\\utils\\formatters.js": {"path":"C:\\Users\\msntc\\Repos\\Source\\sns_dashboard_web\\src\\utils\\formatters.js","statementMap":{"0":{"start":{"line":3,"column":30},"end":{"line":11,"column":1}},"1":{"start":{"line":4,"column":2},"end":{"line":6,"column":3}},"2":{"start":{"line":5,"column":4},"end":{"line":5,"column":17}},"3":{"start":{"line":8,"column":18},"end":{"line":8,"column":33}},"4":{"start":{"line":9,"column":19},"end":{"line":9,"column":75}},"5":{"start":{"line":10,"column":2},"end":{"line":10,"column":25}},"6":{"start":{"line":13,"column":28},"end":{"line":21,"column":1}},"7":{"start":{"line":14,"column":2},"end":{"line":16,"column":3}},"8":{"start":{"line":15,"column":4},"end":{"line":15,"column":15}},"9":{"start":{"line":18,"column":18},"end":{"line":18,"column":33}},"10":{"start":{"line":19,"column":19},"end":{"line":19,"column":75}},"11":{"start":{"line":20,"column":2},"end":{"line":20,"column":18}},"12":{"start":{"line":23,"column":29},"end":{"line":29,"column":1}},"13":{"start":{"line":24,"column":2},"end":{"line":26,"column":3}},"14":{"start":{"line":25,"column":4},"end":{"line":25,"column":18}},"15":{"start":{"line":28,"column":2},"end":{"line":28,"column":42}},"16":{"start":{"line":31,"column":29},"end":{"line":34,"column":1}},"17":{"start":{"line":32,"column":2},"end":{"line":32,"column":75}},"18":{"start":{"line":32,"column":61},"end":{"line":32,"column":75}},"19":{"start":{"line":33,"column":2},"end":{"line":33,"column":50}},"20":{"start":{"line":36,"column":33},"end":{"line":43,"column":1}},"21":{"start":{"line":37,"column":2},"end":{"line":39,"column":3}},"22":{"start":{"line":38,"column":4},"end":{"line":38,"column":23}},"23":{"start":{"line":40,"column":20},"end":{"line":40,"column":49}},"24":{"start":{"line":41,"column":18},"end":{"line":41,"column":45}},"25":{"start":{"line":42,"column":2},"end":{"line":42,"column":35}}},"fnMap":{"0":{"name":"(anonymous_0)","decl":{"start":{"line":3,"column":30},"end":{"line":3,"column":31}},"loc":{"start":{"line":3,"column":39},"end":{"line":11,"column":1}},"line":3},"1":{"name":"(anonymous_1)","decl":{"start":{"line":13,"column":28},"end":{"line":13,"column":29}},"loc":{"start":{"line":13,"column":37},"end":{"line":21,"column":1}},"line":13},"2":{"name":"(anonymous_2)","decl":{"start":{"line":23,"column":29},"end":{"line":23,"column":30}},"loc":{"start":{"line":23,"column":38},"end":{"line":29,"column":1}},"line":23},"3":{"name":"(anonymous_3)","decl":{"start":{"line":31,"column":29},"end":{"line":31,"column":30}},"loc":{"start":{"line":31,"column":40},"end":{"line":34,"column":1}},"line":31},"4":{"name":"(anonymous_4)","decl":{"start":{"line":36,"column":33},"end":{"line":36,"column":34}},"loc":{"start":{"line":36,"column":48},"end":{"line":43,"column":1}},"line":36}},"branchMap":{"0":{"loc":{"start":{"line":4,"column":2},"end":{"line":6,"column":3}},"type":"if","locations":[{"start":{"line":4,"column":2},"end":{"line":6,"column":3}},{"start":{},"end":{}}],"line":4},"1":{"loc":{"start":{"line":4,"column":6},"end":{"line":4,"column":53}},"type":"binary-expr","locations":[{"start":{"line":4,"column":6},"end":{"line":4,"column":18}},{"start":{"line":4,"column":22},"end":{"line":4,"column":39}},{"start":{"line":4,"column":43},"end":{"line":4,"column":53}}],"line":4},"2":{"loc":{"start":{"line":14,"column":2},"end":{"line":16,"column":3}},"type":"if","locations":[{"start":{"line":14,"column":2},"end":{"line":16,"column":3}},{"start":{},"end":{}}],"line":14},"3":{"loc":{"start":{"line":14,"column":6},"end":{"line":14,"column":53}},"type":"binary-expr","locations":[{"start":{"line":14,"column":6},"end":{"line":14,"column":18}},{"start":{"line":14,"column":22},"end":{"line":14,"column":39}},{"start":{"line":14,"column":43},"end":{"line":14,"column":53}}],"line":14},"4":{"loc":{"start":{"line":24,"column":2},"end":{"line":26,"column":3}},"type":"if","locations":[{"start":{"line":24,"column":2},"end":{"line":26,"column":3}},{"start":{},"end":{}}],"line":24},"5":{"loc":{"start":{"line":24,"column":6},"end":{"line":24,"column":53}},"type":"binary-expr","locations":[{"start":{"line":24,"column":6},"end":{"line":24,"column":18}},{"start":{"line":24,"column":22},"end":{"line":24,"column":39}},{"start":{"line":24,"column":43},"end":{"line":24,"column":53}}],"line":24},"6":{"loc":{"start":{"line":32,"column":2},"end":{"line":32,"column":75}},"type":"if","locations":[{"start":{"line":32,"column":2},"end":{"line":32,"column":75}},{"start":{},"end":{}}],"line":32},"7":{"loc":{"start":{"line":32,"column":6},"end":{"line":32,"column":59}},"type":"binary-expr","locations":[{"start":{"line":32,"column":6},"end":{"line":32,"column":20}},{"start":{"line":32,"column":24},"end":{"line":32,"column":43}},{"start":{"line":32,"column":47},"end":{"line":32,"column":59}}],"line":32},"8":{"loc":{"start":{"line":37,"column":2},"end":{"line":39,"column":3}},"type":"if","locations":[{"start":{"line":37,"column":2},"end":{"line":39,"column":3}},{"start":{},"end":{}}],"line":37},"9":{"loc":{"start":{"line":37,"column":6},"end":{"line":37,"column":54}},"type":"binary-expr","locations":[{"start":{"line":37,"column":6},"end":{"line":37,"column":16}},{"start":{"line":37,"column":20},"end":{"line":37,"column":36}},{"start":{"line":37,"column":40},"end":{"line":37,"column":54}}],"line":37}},"s":{"0":6,"1":14,"2":6,"3":8,"4":8,"5":8,"6":6,"7":11,"8":6,"9":5,"10":5,"11":5,"12":6,"13":10,"14":5,"15":5,"16":6,"17":9,"18":5,"19":4,"20":6,"21":5,"22":4,"23":1,"24":1,"25":1},"f":{"0":14,"1":11,"2":10,"3":9,"4":5},"b":{"0":[6,8],"1":[14,12,10],"2":[6,5],"3":[11,9,7],"4":[5,5],"5":[10,8,6],"6":[5,4],"7":[9,7,5],"8":[4,1],"9":[5,3,2]},"_coverageSchema":"1a1c01bbd47fc00a2c39e90264f33305004495a9","hash":"729a91ca44b761b3bc00a452ac2c487c9e29286e"}
}
