TN:
SF:src\App.js
FN:11,App
FN:19,(anonymous_1)
FN:38,(anonymous_2)
FN:42,(anonymous_3)
FN:73,(anonymous_4)
FN:146,(anonymous_5)
FN:149,(anonymous_6)
FNF:7
FNH:0
FNDA:0,App
FNDA:0,(anonymous_1)
FNDA:0,(anonymous_2)
FNDA:0,(anonymous_3)
FNDA:0,(anonymous_4)
FNDA:0,(anonymous_5)
FNDA:0,(anonymous_6)
DA:12,0
DA:13,0
DA:14,0
DA:15,0
DA:16,0
DA:17,0
DA:19,0
DA:20,0
DA:21,0
DA:22,0
DA:23,0
DA:25,0
DA:26,0
DA:28,0
DA:29,0
DA:31,0
DA:32,0
DA:34,0
DA:38,0
DA:39,0
DA:42,0
DA:43,0
DA:45,0
DA:47,0
DA:57,0
DA:58,0
DA:59,0
DA:61,0
DA:62,0
DA:66,0
DA:73,0
DA:75,0
DA:76,0
DA:94,0
DA:95,0
DA:116,0
DA:147,0
DA:149,0
LF:38
LH:0
BRDA:45,0,0,0
BRDA:45,0,1,0
BRDA:45,1,0,0
BRDA:45,1,1,0
BRDA:45,1,2,0
BRDA:59,2,0,0
BRDA:59,2,1,0
BRDA:75,3,0,0
BRDA:75,3,1,0
BRDA:94,4,0,0
BRDA:94,4,1,0
BRDA:150,5,0,0
BRDA:150,5,1,0
BRDA:161,6,0,0
BRDA:161,6,1,0
BRDA:169,7,0,0
BRDA:169,7,1,0
BRDA:169,7,2,0
BRDA:178,8,0,0
BRDA:178,8,1,0
BRF:20
BRH:0
end_of_record
TN:
SF:src\components\DashboardExecutivo.js
FN:5,(anonymous_0)
FN:9,(anonymous_1)
FN:13,(anonymous_2)
FN:14,(anonymous_3)
FN:15,(anonymous_4)
FN:29,(anonymous_5)
FN:41,(anonymous_6)
FN:48,(anonymous_7)
FN:56,(anonymous_8)
FN:152,(anonymous_9)
FN:157,(anonymous_10)
FN:188,(anonymous_11)
FN:193,(anonymous_12)
FN:197,(anonymous_13)
FNF:14
FNH:0
FNDA:0,(anonymous_0)
FNDA:0,(anonymous_1)
FNDA:0,(anonymous_2)
FNDA:0,(anonymous_3)
FNDA:0,(anonymous_4)
FNDA:0,(anonymous_5)
FNDA:0,(anonymous_6)
FNDA:0,(anonymous_7)
FNDA:0,(anonymous_8)
FNDA:0,(anonymous_9)
FNDA:0,(anonymous_10)
FNDA:0,(anonymous_11)
FNDA:0,(anonymous_12)
FNDA:0,(anonymous_13)
DA:5,0
DA:6,0
DA:7,0
DA:9,0
DA:10,0
DA:12,0
DA:13,0
DA:15,0
DA:16,0
DA:17,0
DA:18,0
DA:20,0
DA:27,0
DA:29,0
DA:31,0
DA:34,0
DA:41,0
DA:43,0
DA:48,0
DA:49,0
DA:50,0
DA:51,0
DA:52,0
DA:53,0
DA:56,0
DA:57,0
DA:58,0
DA:60,0
DA:61,0
DA:62,0
DA:65,0
DA:66,0
DA:90,0
DA:152,0
DA:157,0
DA:188,0
DA:194,0
DA:197,0
LF:38
LH:0
BRDA:10,0,0,0
BRDA:10,0,1,0
BRDA:10,1,0,0
BRDA:10,1,1,0
BRDA:16,2,0,0
BRDA:16,2,1,0
BRDA:17,3,0,0
BRDA:17,3,1,0
BRDA:18,4,0,0
BRDA:18,4,1,0
BRDA:18,5,0,0
BRDA:18,5,1,0
BRDA:18,6,0,0
BRDA:18,6,1,0
BRDA:22,7,0,0
BRDA:22,7,1,0
BRDA:23,8,0,0
BRDA:23,8,1,0
BRDA:23,9,0,0
BRDA:23,9,1,0
BRDA:23,10,0,0
BRDA:23,10,1,0
BRDA:24,11,0,0
BRDA:24,11,1,0
BRDA:24,12,0,0
BRDA:24,12,1,0
BRDA:35,13,0,0
BRDA:35,13,1,0
BRDA:36,14,0,0
BRDA:36,14,1,0
BRDA:37,15,0,0
BRDA:37,15,1,0
BRDA:38,16,0,0
BRDA:38,16,1,0
BRDA:39,17,0,0
BRDA:39,17,1,0
BRDA:40,18,0,0
BRDA:40,18,1,0
BRDA:49,19,0,0
BRDA:49,19,1,0
BRDA:50,20,0,0
BRDA:50,20,1,0
BRDA:51,21,0,0
BRDA:51,21,1,0
BRDA:52,22,0,0
BRDA:52,22,1,0
BRDA:57,23,0,0
BRDA:57,23,1,0
BRDA:57,24,0,0
BRDA:57,24,1,0
BRDA:60,25,0,0
BRDA:60,25,1,0
BRDA:61,26,0,0
BRDA:61,26,1,0
BRDA:65,27,0,0
BRDA:65,27,1,0
BRDA:65,28,0,0
BRDA:65,28,1,0
BRDA:65,28,2,0
BRDA:106,29,0,0
BRDA:106,29,1,0
BRDA:109,30,0,0
BRDA:109,30,1,0
BRDA:109,31,0,0
BRDA:109,31,1,0
BRDA:110,32,0,0
BRDA:110,32,1,0
BRDA:115,33,0,0
BRDA:115,33,1,0
BRDA:115,34,0,0
BRDA:115,34,1,0
BRDA:119,35,0,0
BRDA:119,35,1,0
BRDA:119,36,0,0
BRDA:119,36,1,0
BRDA:154,37,0,0
BRDA:154,37,1,0
BRDA:155,38,0,0
BRDA:155,38,1,0
BRDA:216,39,0,0
BRDA:216,39,1,0
BRDA:246,40,0,0
BRDA:246,40,1,0
BRDA:273,41,0,0
BRDA:273,41,1,0
BRDA:284,42,0,0
BRDA:284,42,1,0
BRDA:295,43,0,0
BRDA:295,43,1,0
BRDA:295,43,2,0
BRDA:301,44,0,0
BRDA:301,44,1,0
BRDA:307,45,0,0
BRDA:307,45,1,0
BRDA:313,46,0,0
BRDA:313,46,1,0
BRDA:319,47,0,0
BRDA:319,47,1,0
BRF:98
BRH:0
end_of_record
TN:
SF:src\components\DashboardFinanceiro.js
FN:5,(anonymous_0)
FN:10,(anonymous_1)
FN:14,(anonymous_2)
FN:25,(anonymous_3)
FN:37,(anonymous_4)
FN:47,(anonymous_5)
FN:48,(anonymous_6)
FN:49,(anonymous_7)
FN:67,(anonymous_8)
FN:72,(anonymous_9)
FN:78,(anonymous_10)
FN:89,(anonymous_11)
FN:90,(anonymous_12)
FN:104,(anonymous_13)
FN:105,(anonymous_14)
FN:116,(anonymous_15)
FN:150,(anonymous_16)
FN:151,(anonymous_17)
FN:217,(anonymous_18)
FN:223,(anonymous_19)
FN:264,(anonymous_20)
FN:269,(anonymous_21)
FN:273,(anonymous_22)
FN:298,(anonymous_23)
FN:299,(anonymous_24)
FN:330,(anonymous_25)
FNF:26
FNH:0
FNDA:0,(anonymous_0)
FNDA:0,(anonymous_1)
FNDA:0,(anonymous_2)
FNDA:0,(anonymous_3)
FNDA:0,(anonymous_4)
FNDA:0,(anonymous_5)
FNDA:0,(anonymous_6)
FNDA:0,(anonymous_7)
FNDA:0,(anonymous_8)
FNDA:0,(anonymous_9)
FNDA:0,(anonymous_10)
FNDA:0,(anonymous_11)
FNDA:0,(anonymous_12)
FNDA:0,(anonymous_13)
FNDA:0,(anonymous_14)
FNDA:0,(anonymous_15)
FNDA:0,(anonymous_16)
FNDA:0,(anonymous_17)
FNDA:0,(anonymous_18)
FNDA:0,(anonymous_19)
FNDA:0,(anonymous_20)
FNDA:0,(anonymous_21)
FNDA:0,(anonymous_22)
FNDA:0,(anonymous_23)
FNDA:0,(anonymous_24)
FNDA:0,(anonymous_25)
DA:5,0
DA:6,0
DA:7,0
DA:8,0
DA:10,0
DA:11,0
DA:13,0
DA:14,0
DA:15,0
DA:25,0
DA:26,0
DA:27,0
DA:28,0
DA:30,0
DA:31,0
DA:32,0
DA:33,0
DA:37,0
DA:43,0
DA:46,0
DA:47,0
DA:49,0
DA:50,0
DA:51,0
DA:53,0
DA:54,0
DA:55,0
DA:56,0
DA:58,0
DA:65,0
DA:67,0
DA:72,0
DA:74,0
DA:77,0
DA:78,0
DA:79,0
DA:89,0
DA:90,0
DA:91,0
DA:92,0
DA:93,0
DA:95,0
DA:96,0
DA:97,0
DA:98,0
DA:99,0
DA:103,0
DA:104,0
DA:105,0
DA:111,0
DA:116,0
DA:117,0
DA:118,0
DA:119,0
DA:120,0
DA:123,0
DA:125,0
DA:126,0
DA:150,0
DA:151,0
DA:152,0
DA:154,0
DA:217,0
DA:223,0
DA:264,0
DA:270,0
DA:273,0
DA:298,0
DA:300,0
DA:331,0
LF:70
LH:0
BRDA:11,0,0,0
BRDA:11,0,1,0
BRDA:11,1,0,0
BRDA:11,1,1,0
BRDA:11,1,2,0
BRDA:26,2,0,0
BRDA:26,2,1,0
BRDA:27,3,0,0
BRDA:27,3,1,0
BRDA:28,4,0,0
BRDA:28,4,1,0
BRDA:28,5,0,0
BRDA:28,5,1,0
BRDA:28,6,0,0
BRDA:28,6,1,0
BRDA:39,7,0,0
BRDA:39,7,1,0
BRDA:40,8,0,0
BRDA:40,8,1,0
BRDA:50,9,0,0
BRDA:50,9,1,0
BRDA:51,10,0,0
BRDA:51,10,1,0
BRDA:51,11,0,0
BRDA:51,11,1,0
BRDA:51,12,0,0
BRDA:51,12,1,0
BRDA:53,13,0,0
BRDA:53,13,1,0
BRDA:69,14,0,0
BRDA:69,14,1,0
BRDA:70,15,0,0
BRDA:70,15,1,0
BRDA:91,16,0,0
BRDA:91,16,1,0
BRDA:91,17,0,0
BRDA:91,17,1,0
BRDA:92,18,0,0
BRDA:92,18,1,0
BRDA:93,19,0,0
BRDA:93,19,1,0
BRDA:93,20,0,0
BRDA:93,20,1,0
BRDA:93,21,0,0
BRDA:93,21,1,0
BRDA:107,22,0,0
BRDA:107,22,1,0
BRDA:108,23,0,0
BRDA:108,23,1,0
BRDA:117,24,0,0
BRDA:117,24,1,0
BRDA:118,25,0,0
BRDA:118,25,1,0
BRDA:119,26,0,0
BRDA:119,26,1,0
BRDA:125,27,0,0
BRDA:125,27,1,0
BRDA:125,28,0,0
BRDA:125,28,1,0
BRDA:125,28,2,0
BRDA:152,29,0,0
BRDA:152,29,1,0
BRDA:218,30,0,0
BRDA:218,30,1,0
BRDA:219,31,0,0
BRDA:219,31,1,0
BRDA:220,32,0,0
BRDA:220,32,1,0
BRDA:221,33,0,0
BRDA:221,33,1,0
BRDA:367,34,0,0
BRDA:367,34,1,0
BRDA:368,35,0,0
BRDA:368,35,1,0
BRDA:369,36,0,0
BRDA:369,36,1,0
BRF:76
BRH:0
end_of_record
TN:
SF:src\components\DashboardOperacional.js
FN:5,(anonymous_0)
FN:11,(anonymous_1)
FN:15,(anonymous_2)
FN:16,(anonymous_3)
FN:17,(anonymous_4)
FN:36,(anonymous_5)
FN:42,(anonymous_6)
FN:48,(anonymous_7)
FN:51,(anonymous_8)
FN:73,(anonymous_9)
FN:80,(anonymous_10)
FN:87,(anonymous_11)
FN:94,(anonymous_12)
FN:100,(anonymous_13)
FN:108,(anonymous_14)
FN:145,(anonymous_15)
FN:148,(anonymous_16)
FN:161,(anonymous_17)
FN:164,(anonymous_18)
FN:187,(anonymous_19)
FN:190,(anonymous_20)
FN:202,(anonymous_21)
FN:203,(anonymous_22)
FN:204,(anonymous_23)
FN:206,(anonymous_24)
FN:207,(anonymous_25)
FN:208,(anonymous_26)
FN:209,(anonymous_27)
FN:222,(anonymous_28)
FN:251,(anonymous_29)
FN:257,(anonymous_30)
FN:298,(anonymous_31)
FN:340,(anonymous_32)
FN:386,(anonymous_33)
FN:428,(anonymous_34)
FN:429,(anonymous_35)
FN:432,(anonymous_36)
FN:433,(anonymous_37)
FN:434,(anonymous_38)
FN:435,(anonymous_39)
FNF:40
FNH:0
FNDA:0,(anonymous_0)
FNDA:0,(anonymous_1)
FNDA:0,(anonymous_2)
FNDA:0,(anonymous_3)
FNDA:0,(anonymous_4)
FNDA:0,(anonymous_5)
FNDA:0,(anonymous_6)
FNDA:0,(anonymous_7)
FNDA:0,(anonymous_8)
FNDA:0,(anonymous_9)
FNDA:0,(anonymous_10)
FNDA:0,(anonymous_11)
FNDA:0,(anonymous_12)
FNDA:0,(anonymous_13)
FNDA:0,(anonymous_14)
FNDA:0,(anonymous_15)
FNDA:0,(anonymous_16)
FNDA:0,(anonymous_17)
FNDA:0,(anonymous_18)
FNDA:0,(anonymous_19)
FNDA:0,(anonymous_20)
FNDA:0,(anonymous_21)
FNDA:0,(anonymous_22)
FNDA:0,(anonymous_23)
FNDA:0,(anonymous_24)
FNDA:0,(anonymous_25)
FNDA:0,(anonymous_26)
FNDA:0,(anonymous_27)
FNDA:0,(anonymous_28)
FNDA:0,(anonymous_29)
FNDA:0,(anonymous_30)
FNDA:0,(anonymous_31)
FNDA:0,(anonymous_32)
FNDA:0,(anonymous_33)
FNDA:0,(anonymous_34)
FNDA:0,(anonymous_35)
FNDA:0,(anonymous_36)
FNDA:0,(anonymous_37)
FNDA:0,(anonymous_38)
FNDA:0,(anonymous_39)
DA:5,0
DA:6,0
DA:7,0
DA:8,0
DA:9,0
DA:11,0
DA:12,0
DA:14,0
DA:15,0
DA:17,0
DA:18,0
DA:19,0
DA:20,0
DA:21,0
DA:22,0
DA:23,0
DA:25,0
DA:34,0
DA:36,0
DA:42,0
DA:44,0
DA:47,0
DA:48,0
DA:49,0
DA:50,0
DA:51,0
DA:52,0
DA:65,0
DA:66,0
DA:67,0
DA:68,0
DA:69,0
DA:72,0
DA:73,0
DA:80,0
DA:82,0
DA:87,0
DA:88,0
DA:89,0
DA:90,0
DA:91,0
DA:94,0
DA:95,0
DA:96,0
DA:97,0
DA:100,0
DA:101,0
DA:102,0
DA:103,0
DA:106,0
DA:107,0
DA:108,0
DA:111,0
DA:112,0
DA:136,0
DA:145,0
DA:149,0
DA:161,0
DA:165,0
DA:187,0
DA:190,0
DA:202,0
DA:203,0
DA:204,0
DA:206,0
DA:207,0
DA:208,0
DA:209,0
DA:222,0
DA:251,0
DA:257,0
DA:299,0
DA:300,0
DA:301,0
DA:310,0
DA:341,0
DA:387,0
DA:429,0
DA:430,0
DA:432,0
DA:433,0
DA:434,0
DA:435,0
DA:437,0
LF:84
LH:0
BRDA:12,0,0,0
BRDA:12,0,1,0
BRDA:12,1,0,0
BRDA:12,1,1,0
BRDA:18,2,0,0
BRDA:18,2,1,0
BRDA:19,3,0,0
BRDA:19,3,1,0
BRDA:20,4,0,0
BRDA:20,4,1,0
BRDA:20,5,0,0
BRDA:20,5,1,0
BRDA:20,6,0,0
BRDA:20,6,1,0
BRDA:21,7,0,0
BRDA:21,7,1,0
BRDA:22,8,0,0
BRDA:22,8,1,0
BRDA:27,9,0,0
BRDA:27,9,1,0
BRDA:28,10,0,0
BRDA:28,10,1,0
BRDA:28,11,0,0
BRDA:28,11,1,0
BRDA:28,12,0,0
BRDA:28,12,1,0
BRDA:29,13,0,0
BRDA:29,13,1,0
BRDA:30,14,0,0
BRDA:30,14,1,0
BRDA:38,15,0,0
BRDA:38,15,1,0
BRDA:39,16,0,0
BRDA:39,16,1,0
BRDA:40,17,0,0
BRDA:40,17,1,0
BRDA:50,18,0,0
BRDA:50,18,1,0
BRDA:54,19,0,0
BRDA:54,19,1,0
BRDA:55,20,0,0
BRDA:55,20,1,0
BRDA:65,21,0,0
BRDA:65,21,1,0
BRDA:66,22,0,0
BRDA:66,22,1,0
BRDA:66,23,0,0
BRDA:66,23,1,0
BRDA:66,24,0,0
BRDA:66,24,1,0
BRDA:67,25,0,0
BRDA:67,25,1,0
BRDA:68,26,0,0
BRDA:68,26,1,0
BRDA:75,27,0,0
BRDA:75,27,1,0
BRDA:76,28,0,0
BRDA:76,28,1,0
BRDA:77,29,0,0
BRDA:77,29,1,0
BRDA:88,30,0,0
BRDA:88,30,1,0
BRDA:89,31,0,0
BRDA:89,31,1,0
BRDA:90,32,0,0
BRDA:90,32,1,0
BRDA:95,33,0,0
BRDA:95,33,1,0
BRDA:96,34,0,0
BRDA:96,34,1,0
BRDA:101,35,0,0
BRDA:101,35,1,0
BRDA:101,36,0,0
BRDA:101,36,1,0
BRDA:102,37,0,0
BRDA:102,37,1,0
BRDA:102,38,0,0
BRDA:102,38,1,0
BRDA:111,39,0,0
BRDA:111,39,1,0
BRDA:111,40,0,0
BRDA:111,40,1,0
BRDA:111,40,2,0
BRDA:181,41,0,0
BRDA:181,41,1,0
BRDA:181,42,0,0
BRDA:181,42,1,0
BRDA:189,43,0,0
BRDA:189,43,1,0
BRDA:206,44,0,0
BRDA:206,44,1,0
BRDA:221,45,0,0
BRDA:221,45,1,0
BRDA:252,46,0,0
BRDA:252,46,1,0
BRDA:253,47,0,0
BRDA:253,47,1,0
BRDA:254,48,0,0
BRDA:254,48,1,0
BRDA:255,49,0,0
BRDA:255,49,1,0
BRDA:299,50,0,0
BRDA:299,50,1,0
BRDA:299,51,0,0
BRDA:299,51,1,0
BRDA:299,51,2,0
BRDA:430,52,0,0
BRDA:430,52,1,0
BRF:108
BRH:0
end_of_record
TN:
SF:src\components\DashboardRH.js
FN:5,(anonymous_0)
FN:11,(anonymous_1)
FN:15,(anonymous_2)
FN:18,(anonymous_3)
FN:43,(anonymous_4)
FN:44,(anonymous_5)
FN:58,(anonymous_6)
FN:61,(anonymous_7)
FN:67,(anonymous_8)
FN:68,(anonymous_9)
FN:69,(anonymous_10)
FN:88,(anonymous_11)
FN:101,(anonymous_12)
FN:107,(anonymous_13)
FN:108,(anonymous_14)
FN:117,(anonymous_15)
FN:123,(anonymous_16)
FN:135,(anonymous_17)
FN:146,(anonymous_18)
FN:147,(anonymous_19)
FN:166,(anonymous_20)
FN:172,(anonymous_21)
FN:173,(anonymous_22)
FN:204,(anonymous_23)
FN:205,(anonymous_24)
FN:209,(anonymous_25)
FN:274,(anonymous_26)
FN:281,(anonymous_27)
FN:331,(anonymous_28)
FN:362,(anonymous_29)
FN:410,(anonymous_30)
FN:469,(anonymous_31)
FN:470,(anonymous_32)
FN:472,(anonymous_33)
FN:516,(anonymous_34)
FNF:35
FNH:0
FNDA:0,(anonymous_0)
FNDA:0,(anonymous_1)
FNDA:0,(anonymous_2)
FNDA:0,(anonymous_3)
FNDA:0,(anonymous_4)
FNDA:0,(anonymous_5)
FNDA:0,(anonymous_6)
FNDA:0,(anonymous_7)
FNDA:0,(anonymous_8)
FNDA:0,(anonymous_9)
FNDA:0,(anonymous_10)
FNDA:0,(anonymous_11)
FNDA:0,(anonymous_12)
FNDA:0,(anonymous_13)
FNDA:0,(anonymous_14)
FNDA:0,(anonymous_15)
FNDA:0,(anonymous_16)
FNDA:0,(anonymous_17)
FNDA:0,(anonymous_18)
FNDA:0,(anonymous_19)
FNDA:0,(anonymous_20)
FNDA:0,(anonymous_21)
FNDA:0,(anonymous_22)
FNDA:0,(anonymous_23)
FNDA:0,(anonymous_24)
FNDA:0,(anonymous_25)
FNDA:0,(anonymous_26)
FNDA:0,(anonymous_27)
FNDA:0,(anonymous_28)
FNDA:0,(anonymous_29)
FNDA:0,(anonymous_30)
FNDA:0,(anonymous_31)
FNDA:0,(anonymous_32)
FNDA:0,(anonymous_33)
FNDA:0,(anonymous_34)
DA:5,0
DA:6,0
DA:7,0
DA:8,0
DA:9,0
DA:11,0
DA:12,0
DA:14,0
DA:15,0
DA:16,0
DA:17,0
DA:18,0
DA:19,0
DA:32,0
DA:33,0
DA:34,0
DA:35,0
DA:36,0
DA:37,0
DA:38,0
DA:42,0
DA:43,0
DA:45,0
DA:46,0
DA:48,0
DA:58,0
DA:61,0
DA:63,0
DA:66,0
DA:67,0
DA:69,0
DA:70,0
DA:71,0
DA:72,0
DA:73,0
DA:74,0
DA:75,0
DA:77,0
DA:86,0
DA:89,0
DA:90,0
DA:92,0
DA:101,0
DA:103,0
DA:106,0
DA:107,0
DA:108,0
DA:117,0
DA:119,0
DA:122,0
DA:123,0
DA:124,0
DA:135,0
DA:136,0
DA:137,0
DA:138,0
DA:139,0
DA:140,0
DA:141,0
DA:145,0
DA:146,0
DA:148,0
DA:149,0
DA:151,0
DA:161,0
DA:166,0
DA:167,0
DA:168,0
DA:169,0
DA:172,0
DA:173,0
DA:174,0
DA:175,0
DA:176,0
DA:179,0
DA:180,0
DA:204,0
DA:205,0
DA:206,0
DA:207,0
DA:208,0
DA:209,0
DA:211,0
DA:274,0
DA:281,0
DA:332,0
DA:333,0
DA:334,0
DA:344,0
DA:363,0
DA:411,0
DA:469,0
DA:470,0
DA:473,0
DA:474,0
DA:516,0
LF:96
LH:0
BRDA:12,0,0,0
BRDA:12,0,1,0
BRDA:12,1,0,0
BRDA:12,1,1,0
BRDA:12,1,2,0
BRDA:17,2,0,0
BRDA:17,2,1,0
BRDA:21,3,0,0
BRDA:21,3,1,0
BRDA:22,4,0,0
BRDA:22,4,1,0
BRDA:32,5,0,0
BRDA:32,5,1,0
BRDA:32,6,0,0
BRDA:32,6,1,0
BRDA:32,7,0,0
BRDA:32,7,1,0
BRDA:33,8,0,0
BRDA:33,8,1,0
BRDA:34,9,0,0
BRDA:34,9,1,0
BRDA:35,10,0,0
BRDA:35,10,1,0
BRDA:36,11,0,0
BRDA:36,11,1,0
BRDA:37,12,0,0
BRDA:37,12,1,0
BRDA:52,13,0,0
BRDA:52,13,1,0
BRDA:53,14,0,0
BRDA:53,14,1,0
BRDA:54,15,0,0
BRDA:54,15,1,0
BRDA:55,16,0,0
BRDA:55,16,1,0
BRDA:67,17,0,0
BRDA:67,17,1,0
BRDA:67,18,0,0
BRDA:67,18,1,0
BRDA:67,19,0,0
BRDA:67,19,1,0
BRDA:70,20,0,0
BRDA:70,20,1,0
BRDA:71,21,0,0
BRDA:71,21,1,0
BRDA:72,22,0,0
BRDA:72,22,1,0
BRDA:73,23,0,0
BRDA:73,23,1,0
BRDA:74,24,0,0
BRDA:74,24,1,0
BRDA:79,25,0,0
BRDA:79,25,1,0
BRDA:80,26,0,0
BRDA:80,26,1,0
BRDA:81,27,0,0
BRDA:81,27,1,0
BRDA:82,28,0,0
BRDA:82,28,1,0
BRDA:96,29,0,0
BRDA:96,29,1,0
BRDA:97,30,0,0
BRDA:97,30,1,0
BRDA:98,31,0,0
BRDA:98,31,1,0
BRDA:136,32,0,0
BRDA:136,32,1,0
BRDA:155,33,0,0
BRDA:155,33,1,0
BRDA:156,34,0,0
BRDA:156,34,1,0
BRDA:157,35,0,0
BRDA:157,35,1,0
BRDA:167,36,0,0
BRDA:167,36,1,0
BRDA:168,37,0,0
BRDA:168,37,1,0
BRDA:174,38,0,0
BRDA:174,38,1,0
BRDA:175,39,0,0
BRDA:175,39,1,0
BRDA:179,40,0,0
BRDA:179,40,1,0
BRDA:179,41,0,0
BRDA:179,41,1,0
BRDA:179,41,2,0
BRDA:207,42,0,0
BRDA:207,42,1,0
BRDA:208,43,0,0
BRDA:208,43,1,0
BRDA:275,44,0,0
BRDA:275,44,1,0
BRDA:276,45,0,0
BRDA:276,45,1,0
BRDA:277,46,0,0
BRDA:277,46,1,0
BRDA:278,47,0,0
BRDA:278,47,1,0
BRDA:279,48,0,0
BRDA:279,48,1,0
BRDA:332,49,0,0
BRDA:332,49,1,0
BRDA:332,50,0,0
BRDA:332,50,1,0
BRDA:332,50,2,0
BRF:105
BRH:0
end_of_record
TN:
SF:src\components\PeriodFilter.js
FN:3,(anonymous_0)
FN:20,(anonymous_1)
FN:22,(anonymous_2)
FN:26,(anonymous_3)
FN:29,(anonymous_4)
FN:97,(anonymous_5)
FN:101,(anonymous_6)
FN:114,(anonymous_7)
FN:119,(anonymous_8)
FN:157,(anonymous_9)
FN:160,(anonymous_10)
FN:186,(anonymous_11)
FN:200,(anonymous_12)
FN:221,(anonymous_13)
FNF:14
FNH:6
FNDA:6,(anonymous_0)
FNDA:6,(anonymous_1)
FNDA:0,(anonymous_2)
FNDA:6,(anonymous_3)
FNDA:0,(anonymous_4)
FNDA:0,(anonymous_5)
FNDA:0,(anonymous_6)
FNDA:0,(anonymous_7)
FNDA:6,(anonymous_8)
FNDA:0,(anonymous_9)
FNDA:48,(anonymous_10)
FNDA:0,(anonymous_11)
FNDA:0,(anonymous_12)
FNDA:48,(anonymous_13)
DA:3,1
DA:4,6
DA:5,6
DA:6,6
DA:9,6
DA:20,6
DA:22,6
DA:23,0
DA:26,6
DA:29,6
DA:30,0
DA:32,0
DA:35,0
DA:37,0
DA:38,0
DA:39,0
DA:42,0
DA:43,0
DA:44,0
DA:47,0
DA:48,0
DA:49,0
DA:53,0
DA:54,0
DA:55,0
DA:59,0
DA:60,0
DA:61,0
DA:64,0
DA:65,0
DA:66,0
DA:70,0
DA:71,0
DA:72,0
DA:76,0
DA:77,0
DA:78,0
DA:80,0
DA:81,0
DA:83,0
DA:86,0
DA:89,0
DA:90,0
DA:92,0
DA:93,0
DA:97,6
DA:98,0
DA:101,6
DA:102,0
DA:103,0
DA:104,0
DA:106,0
DA:107,0
DA:109,0
DA:114,6
DA:115,0
DA:116,0
DA:119,6
DA:120,6
DA:122,0
DA:123,0
DA:124,0
DA:127,0
DA:128,0
DA:131,0
DA:132,0
DA:133,0
DA:135,0
DA:137,0
DA:141,6
DA:157,0
DA:161,48
DA:186,0
DA:200,0
DA:221,48
LF:75
LH:17
BRDA:3,0,0,0
BRDA:35,1,0,0
BRDA:35,1,1,0
BRDA:35,1,2,0
BRDA:35,1,3,0
BRDA:35,1,4,0
BRDA:35,1,5,0
BRDA:35,1,6,0
BRDA:35,1,7,0
BRDA:35,1,8,0
BRDA:76,2,0,0
BRDA:76,2,1,0
BRDA:92,3,0,0
BRDA:92,3,1,0
BRDA:102,4,0,0
BRDA:102,4,1,0
BRDA:102,5,0,0
BRDA:102,5,1,0
BRDA:106,6,0,0
BRDA:106,6,1,0
BRDA:120,7,0,6
BRDA:120,7,1,0
BRDA:120,8,0,6
BRDA:120,8,1,0
BRDA:127,9,0,0
BRDA:127,9,1,0
BRDA:127,10,0,0
BRDA:127,10,1,0
BRDA:168,11,0,0
BRDA:168,11,1,6
BRDA:168,12,0,6
BRDA:168,12,1,6
BRDA:170,13,0,0
BRDA:170,13,1,0
BRDA:172,14,0,0
BRDA:172,14,1,6
BRDA:188,15,0,6
BRDA:188,15,1,5
BRDA:202,16,0,6
BRDA:202,16,1,5
BRDA:210,17,0,6
BRDA:210,17,1,6
BRF:42
BRH:12
end_of_record
TN:
SF:src\components\PeriodSummary.js
FN:4,(anonymous_0)
FN:10,(anonymous_1)
FNF:2
FNH:2
FNDA:3,(anonymous_0)
FNDA:6,(anonymous_1)
DA:4,1
DA:5,3
DA:6,0
DA:10,3
DA:11,6
DA:17,3
DA:18,3
DA:20,3
LF:8
LH:7
BRDA:5,0,0,0
BRDA:5,0,1,3
BRDA:5,1,0,3
BRDA:5,1,1,3
BRDA:5,1,2,3
BRDA:18,2,0,3
BRDA:18,2,1,0
BRF:7
BRH:5
end_of_record
TN:
SF:src\utils\dataLoader.js
FN:7,(anonymous_0)
FN:15,(anonymous_1)
FN:23,(anonymous_2)
FN:30,(anonymous_3)
FN:39,(anonymous_4)
FN:69,(anonymous_5)
FN:74,(anonymous_6)
FN:82,(anonymous_7)
FN:83,(anonymous_8)
FN:84,(anonymous_9)
FN:85,(anonymous_10)
FN:86,(anonymous_11)
FN:87,(anonymous_12)
FN:88,(anonymous_13)
FN:99,(anonymous_14)
FN:100,(anonymous_15)
FN:101,(anonymous_16)
FN:118,(anonymous_17)
FN:120,(anonymous_18)
FN:199,(anonymous_19)
FN:202,(anonymous_20)
FN:215,(anonymous_21)
FN:218,(anonymous_22)
FN:239,(anonymous_23)
FN:242,(anonymous_24)
FN:246,(anonymous_25)
FN:249,(anonymous_26)
FN:253,(anonymous_27)
FN:258,(anonymous_28)
FN:278,(anonymous_29)
FN:282,(anonymous_30)
FN:291,(anonymous_31)
FN:301,(anonymous_32)
FN:312,(anonymous_33)
FN:326,(anonymous_34)
FN:327,(anonymous_35)
FN:327,(anonymous_36)
FN:328,(anonymous_37)
FN:328,(anonymous_38)
FNF:39
FNH:35
FNDA:2,(anonymous_0)
FNDA:2,(anonymous_1)
FNDA:2,(anonymous_2)
FNDA:0,(anonymous_3)
FNDA:0,(anonymous_4)
FNDA:30,(anonymous_5)
FNDA:11,(anonymous_6)
FNDA:10,(anonymous_7)
FNDA:10,(anonymous_8)
FNDA:10,(anonymous_9)
FNDA:10,(anonymous_10)
FNDA:10,(anonymous_11)
FNDA:10,(anonymous_12)
FNDA:10,(anonymous_13)
FNDA:10,(anonymous_14)
FNDA:10,(anonymous_15)
FNDA:10,(anonymous_16)
FNDA:0,(anonymous_17)
FNDA:0,(anonymous_18)
FNDA:4,(anonymous_19)
FNDA:7,(anonymous_20)
FNDA:4,(anonymous_21)
FNDA:6,(anonymous_22)
FNDA:6,(anonymous_23)
FNDA:3,(anonymous_24)
FNDA:2,(anonymous_25)
FNDA:3,(anonymous_26)
FNDA:4,(anonymous_27)
FNDA:5,(anonymous_28)
FNDA:2,(anonymous_29)
FNDA:4,(anonymous_30)
FNDA:6,(anonymous_31)
FNDA:6,(anonymous_32)
FNDA:6,(anonymous_33)
FNDA:3,(anonymous_34)
FNDA:6,(anonymous_35)
FNDA:2,(anonymous_36)
FNDA:6,(anonymous_37)
FNDA:2,(anonymous_38)
DA:4,1
DA:7,1
DA:8,2
DA:11,2
DA:12,0
DA:15,2
DA:16,2
DA:24,2
DA:25,0
DA:27,2
DA:28,2
DA:31,0
DA:32,0
DA:39,1
DA:40,0
DA:47,0
DA:55,0
DA:63,0
DA:64,0
DA:69,1
DA:70,30
DA:74,1
DA:75,11
DA:77,11
DA:78,2
DA:82,10
DA:83,10
DA:84,10
DA:85,10
DA:86,10
DA:87,10
DA:88,10
DA:91,9
DA:92,9
DA:95,9
DA:96,9
DA:99,10
DA:100,10
DA:101,10
DA:102,9
DA:105,9
DA:106,9
DA:107,9
DA:108,9
DA:111,9
DA:112,9
DA:113,9
DA:116,9
DA:117,9
DA:118,0
DA:119,0
DA:120,0
DA:125,9
DA:126,9
DA:127,9
DA:128,9
DA:131,9
DA:132,9
DA:133,9
DA:134,8
DA:135,8
DA:138,9
DA:139,9
DA:140,4
DA:142,9
DA:143,9
DA:144,6
DA:146,9
DA:147,9
DA:148,9
DA:150,9
DA:199,1
DA:200,4
DA:202,2
DA:203,7
DA:204,7
DA:207,5
DA:208,5
DA:210,5
DA:215,1
DA:216,4
DA:218,3
DA:222,6
DA:224,2
DA:225,4
DA:227,2
DA:228,2
DA:231,2
DA:234,4
DA:239,1
DA:240,6
DA:242,3
DA:246,1
DA:247,2
DA:249,3
DA:253,1
DA:254,4
DA:256,2
DA:258,2
DA:259,5
DA:260,5
DA:261,4
DA:271,5
DA:272,5
DA:273,5
DA:274,5
DA:275,5
DA:278,2
DA:282,1
DA:283,4
DA:285,3
DA:286,3
DA:289,3
DA:291,3
DA:292,6
DA:301,3
DA:302,6
DA:303,6
DA:304,6
DA:305,6
DA:306,6
DA:307,6
DA:312,3
DA:313,6
DA:314,6
DA:315,6
DA:317,6
DA:326,3
DA:327,6
DA:328,6
DA:330,3
LF:131
LH:119
BRDA:7,0,0,2
BRDA:11,1,0,0
BRDA:11,1,1,2
BRDA:24,2,0,0
BRDA:24,2,1,2
BRDA:77,3,0,2
BRDA:77,3,1,9
BRDA:77,4,0,11
BRDA:77,4,1,10
BRDA:82,5,0,10
BRDA:82,5,1,1
BRDA:83,6,0,10
BRDA:83,6,1,7
BRDA:84,7,0,10
BRDA:84,7,1,7
BRDA:85,8,0,10
BRDA:85,8,1,7
BRDA:86,9,0,10
BRDA:86,9,1,3
BRDA:87,10,0,10
BRDA:87,10,1,5
BRDA:88,11,0,10
BRDA:88,11,1,5
BRDA:92,12,0,8
BRDA:92,12,1,1
BRDA:96,13,0,8
BRDA:96,13,1,1
BRDA:99,14,0,10
BRDA:99,14,1,2
BRDA:100,15,0,10
BRDA:100,15,1,8
BRDA:101,16,0,10
BRDA:101,16,1,2
BRDA:105,17,0,7
BRDA:105,17,1,2
BRDA:106,18,0,7
BRDA:106,18,1,2
BRDA:107,19,0,7
BRDA:107,19,1,2
BRDA:108,20,0,7
BRDA:108,20,1,2
BRDA:117,21,0,0
BRDA:117,21,1,9
BRDA:117,22,0,9
BRDA:117,22,1,0
BRDA:119,23,0,0
BRDA:119,23,1,0
BRDA:120,24,0,0
BRDA:120,24,1,0
BRDA:127,25,0,7
BRDA:127,25,1,2
BRDA:132,26,0,0
BRDA:132,26,1,9
BRDA:133,27,0,1
BRDA:133,27,1,8
BRDA:134,28,0,0
BRDA:134,28,1,8
BRDA:135,29,0,4
BRDA:135,29,1,4
BRDA:139,30,0,5
BRDA:139,30,1,4
BRDA:140,31,0,0
BRDA:140,31,1,4
BRDA:143,32,0,3
BRDA:143,32,1,6
BRDA:144,33,0,0
BRDA:144,33,1,6
BRDA:147,34,0,0
BRDA:147,34,1,9
BRDA:148,35,0,0
BRDA:148,35,1,9
BRDA:192,36,0,9
BRDA:192,36,1,7
BRDA:193,37,0,9
BRDA:193,37,1,7
BRDA:200,38,0,2
BRDA:200,38,1,2
BRDA:200,39,0,4
BRDA:200,39,1,3
BRDA:204,40,0,2
BRDA:204,40,1,5
BRDA:210,41,0,5
BRDA:210,41,1,5
BRDA:216,42,0,1
BRDA:216,42,1,3
BRDA:216,43,0,4
BRDA:216,43,1,3
BRDA:222,44,0,2
BRDA:222,44,1,4
BRDA:225,45,0,2
BRDA:225,45,1,2
BRDA:228,46,0,2
BRDA:228,46,1,0
BRDA:234,47,0,4
BRDA:234,47,1,4
BRDA:240,48,0,5
BRDA:240,48,1,1
BRDA:240,49,0,6
BRDA:240,49,1,5
BRDA:240,49,2,4
BRDA:247,50,0,1
BRDA:247,50,1,1
BRDA:247,51,0,2
BRDA:247,51,1,2
BRDA:247,51,2,2
BRDA:254,52,0,2
BRDA:254,52,1,2
BRDA:254,53,0,4
BRDA:254,53,1,3
BRDA:260,54,0,4
BRDA:260,54,1,1
BRDA:271,55,0,5
BRDA:271,55,1,0
BRDA:272,56,0,5
BRDA:272,56,1,2
BRDA:272,57,0,5
BRDA:272,57,1,2
BRDA:272,58,0,5
BRDA:272,58,1,3
BRDA:273,59,0,5
BRDA:273,59,1,2
BRDA:274,60,0,5
BRDA:274,60,1,2
BRDA:283,61,0,1
BRDA:283,61,1,3
BRDA:283,62,0,4
BRDA:283,62,1,4
BRDA:283,62,2,3
BRDA:303,63,0,6
BRDA:303,63,1,0
BRDA:304,64,0,6
BRDA:304,64,1,0
BRDA:305,65,0,6
BRDA:305,65,1,3
BRDA:305,66,0,6
BRDA:305,66,1,3
BRDA:305,67,0,6
BRDA:305,67,1,3
BRDA:306,68,0,6
BRDA:306,68,1,0
BRDA:307,69,0,6
BRDA:307,69,1,0
BRDA:313,70,0,5
BRDA:313,70,1,1
BRDA:314,71,0,5
BRDA:314,71,1,1
BRDA:315,72,0,5
BRDA:315,72,1,1
BRF:148
BRH:128
end_of_record
TN:
SF:src\utils\formatters.js
FN:3,(anonymous_0)
FN:13,(anonymous_1)
FN:23,(anonymous_2)
FN:31,(anonymous_3)
FNF:4
FNH:4
FNDA:7,(anonymous_0)
FNDA:5,(anonymous_1)
FNDA:4,(anonymous_2)
FNDA:4,(anonymous_3)
DA:3,1
DA:4,7
DA:5,3
DA:8,4
DA:9,4
DA:10,4
DA:13,1
DA:14,5
DA:15,3
DA:18,2
DA:19,2
DA:20,2
DA:23,1
DA:24,4
DA:25,2
DA:28,2
DA:31,1
DA:32,4
DA:33,2
DA:35,2
LF:20
LH:20
BRDA:4,0,0,3
BRDA:4,0,1,4
BRDA:4,1,0,7
BRDA:4,1,1,6
BRDA:4,1,2,5
BRDA:14,2,0,3
BRDA:14,2,1,2
BRDA:14,3,0,5
BRDA:14,3,1,4
BRDA:14,3,2,3
BRDA:24,4,0,2
BRDA:24,4,1,2
BRDA:24,5,0,4
BRDA:24,5,1,3
BRDA:24,5,2,2
BRDA:32,6,0,2
BRDA:32,6,1,2
BRDA:32,7,0,4
BRDA:32,7,1,3
BRDA:32,7,2,2
BRF:20
BRH:20
end_of_record
