TN:
SF:src\App.js
FN:14,App
FN:23,(anonymous_1)
FN:57,(anonymous_2)
FN:61,(anonymous_3)
FN:124,(anonymous_4)
FN:208,(anonymous_5)
FN:211,(anonymous_6)
FN:223,(anonymous_7)
FN:231,(anonymous_8)
FN:236,(anonymous_9)
FN:239,(anonymous_10)
FNF:11
FNH:11
FNDA:42,App
FNDA:18,(anonymous_1)
FNDA:17,(anonymous_2)
FNDA:1,(anonymous_3)
FNDA:48,(anonymous_4)
FNDA:88,(anonymous_5)
FNDA:3,(anonymous_6)
FNDA:2,(anonymous_7)
FNDA:28,(anonymous_8)
FNDA:8,(anonymous_9)
FNDA:1,(anonymous_10)
DA:15,42
DA:16,42
DA:17,42
DA:18,42
DA:19,42
DA:20,42
DA:21,42
DA:23,42
DA:24,18
DA:25,18
DA:26,18
DA:27,18
DA:29,18
DA:32,16
DA:40,16
DA:42,16
DA:43,16
DA:50,2
DA:51,2
DA:53,18
DA:57,42
DA:58,17
DA:61,42
DA:62,1
DA:64,1
DA:66,1
DA:67,1
DA:70,1
DA:78,1
DA:81,1
DA:89,1
DA:92,1
DA:93,1
DA:94,1
DA:97,1
DA:105,0
DA:107,0
DA:108,0
DA:117,42
DA:124,48
DA:126,42
DA:127,18
DA:145,24
DA:146,2
DA:167,22
DA:209,88
DA:211,3
DA:223,2
DA:231,28
DA:237,8
DA:240,1
DA:241,1
LF:52
LH:49
BRDA:64,0,0,1
BRDA:64,0,1,0
BRDA:64,1,0,1
BRDA:64,1,1,1
BRDA:64,1,2,1
BRDA:105,2,0,0
BRDA:105,2,1,0
BRDA:126,3,0,18
BRDA:126,3,1,24
BRDA:145,4,0,2
BRDA:145,4,1,22
BRDA:212,5,0,22
BRDA:212,5,1,66
BRDA:226,6,0,2
BRDA:226,6,1,20
BRDA:234,7,0,22
BRDA:234,7,1,2
BRDA:243,8,0,2
BRDA:243,8,1,6
BRDA:256,9,0,22
BRDA:256,9,1,22
BRDA:264,10,0,22
BRDA:264,10,1,1
BRDA:264,10,2,1
BRDA:273,11,0,22
BRDA:273,11,1,22
BRF:26
BRH:23
end_of_record
TN:
SF:src\components\DashboardExecutivo.js
FN:5,(anonymous_0)
FN:12,(anonymous_1)
FN:25,(anonymous_2)
FN:29,(anonymous_3)
FN:30,(anonymous_4)
FN:44,(anonymous_5)
FN:49,(anonymous_6)
FN:53,(anonymous_7)
FN:81,(anonymous_8)
FN:89,(anonymous_9)
FN:93,(anonymous_10)
FN:96,(anonymous_11)
FN:99,(anonymous_12)
FN:113,(anonymous_13)
FN:118,(anonymous_14)
FN:122,(anonymous_15)
FN:123,(anonymous_16)
FN:138,(anonymous_17)
FN:144,(anonymous_18)
FN:152,(anonymous_19)
FN:292,(anonymous_20)
FN:294,(anonymous_21)
FN:299,(anonymous_22)
FN:326,(anonymous_23)
FN:328,(anonymous_24)
FN:330,(anonymous_25)
FN:348,(anonymous_26)
FN:353,(anonymous_27)
FN:358,(anonymous_28)
FN:363,(anonymous_29)
FN:368,(anonymous_30)
FN:373,(anonymous_31)
FN:394,(anonymous_32)
FN:521,(anonymous_33)
FN:523,(anonymous_34)
FN:529,(anonymous_35)
FNF:36
FNH:26
FNDA:52,(anonymous_0)
FNDA:32,(anonymous_1)
FNDA:13,(anonymous_2)
FNDA:13,(anonymous_3)
FNDA:1,(anonymous_4)
FNDA:0,(anonymous_5)
FNDA:13,(anonymous_6)
FNDA:13,(anonymous_7)
FNDA:174,(anonymous_8)
FNDA:13,(anonymous_9)
FNDA:13,(anonymous_10)
FNDA:13,(anonymous_11)
FNDA:13,(anonymous_12)
FNDA:1,(anonymous_13)
FNDA:3,(anonymous_14)
FNDA:3,(anonymous_15)
FNDA:1,(anonymous_16)
FNDA:0,(anonymous_17)
FNDA:52,(anonymous_18)
FNDA:52,(anonymous_19)
FNDA:0,(anonymous_20)
FNDA:0,(anonymous_21)
FNDA:0,(anonymous_22)
FNDA:0,(anonymous_23)
FNDA:0,(anonymous_24)
FNDA:72,(anonymous_25)
FNDA:12,(anonymous_26)
FNDA:24,(anonymous_27)
FNDA:36,(anonymous_28)
FNDA:48,(anonymous_29)
FNDA:60,(anonymous_30)
FNDA:72,(anonymous_31)
FNDA:13,(anonymous_32)
FNDA:0,(anonymous_33)
FNDA:0,(anonymous_34)
FNDA:0,(anonymous_35)
DA:5,2
DA:6,52
DA:7,52
DA:8,52
DA:9,52
DA:10,52
DA:12,52
DA:13,32
DA:15,29
DA:16,29
DA:18,29
DA:19,13
DA:20,13
DA:24,29
DA:26,13
DA:27,13
DA:30,13
DA:31,13
DA:32,1
DA:33,1
DA:35,12
DA:42,13
DA:44,29
DA:45,29
DA:48,29
DA:50,13
DA:51,13
DA:54,13
DA:55,13
DA:56,13
DA:57,13
DA:58,13
DA:59,13
DA:60,13
DA:61,13
DA:64,29
DA:65,29
DA:74,29
DA:81,174
DA:83,29
DA:84,29
DA:87,29
DA:88,29
DA:90,13
DA:91,13
DA:94,13
DA:95,13
DA:96,13
DA:97,13
DA:99,13
DA:103,13
DA:104,13
DA:105,13
DA:106,13
DA:107,13
DA:108,13
DA:109,13
DA:112,29
DA:113,1
DA:114,29
DA:117,29
DA:119,3
DA:120,3
DA:123,3
DA:124,3
DA:125,1
DA:126,1
DA:127,1
DA:129,2
DA:136,3
DA:138,29
DA:139,29
DA:144,52
DA:145,52
DA:146,52
DA:147,52
DA:148,52
DA:149,52
DA:152,52
DA:153,52
DA:154,52
DA:156,0
DA:157,0
DA:158,0
DA:161,52
DA:162,26
DA:186,26
DA:292,0
DA:294,0
DA:299,0
DA:326,0
DA:328,0
DA:331,72
DA:348,12
DA:353,24
DA:358,36
DA:363,48
DA:368,60
DA:373,72
DA:395,13
DA:521,0
DA:523,0
DA:529,0
LF:103
LH:92
BRDA:13,0,0,29
BRDA:13,0,1,3
BRDA:13,1,0,32
BRDA:13,1,1,31
BRDA:18,2,0,13
BRDA:18,2,1,16
BRDA:18,3,0,29
BRDA:18,3,1,28
BRDA:18,3,2,13
BRDA:27,4,0,13
BRDA:27,4,1,13
BRDA:27,4,2,13
BRDA:31,5,0,1
BRDA:31,5,1,12
BRDA:32,6,0,1
BRDA:32,6,1,0
BRDA:33,7,0,1
BRDA:33,7,1,0
BRDA:33,8,0,1
BRDA:33,8,1,0
BRDA:33,9,0,1
BRDA:33,9,1,0
BRDA:37,10,0,12
BRDA:37,10,1,0
BRDA:38,11,0,12
BRDA:38,11,1,0
BRDA:38,12,0,12
BRDA:38,12,1,0
BRDA:38,13,0,12
BRDA:38,13,1,0
BRDA:39,14,0,12
BRDA:39,14,1,0
BRDA:39,15,0,12
BRDA:39,15,1,0
BRDA:51,16,0,13
BRDA:51,16,1,13
BRDA:54,17,0,13
BRDA:54,17,1,0
BRDA:55,18,0,13
BRDA:55,18,1,0
BRDA:56,19,0,13
BRDA:56,19,1,0
BRDA:57,20,0,13
BRDA:57,20,1,0
BRDA:58,21,0,13
BRDA:58,21,1,0
BRDA:59,22,0,13
BRDA:59,22,1,0
BRDA:60,23,0,13
BRDA:60,23,1,0
BRDA:65,24,0,12
BRDA:65,24,1,17
BRDA:91,25,0,13
BRDA:91,25,1,13
BRDA:95,26,0,13
BRDA:95,26,1,0
BRDA:98,27,0,13
BRDA:98,27,1,1
BRDA:99,28,0,13
BRDA:99,28,1,1
BRDA:103,29,0,13
BRDA:103,29,1,0
BRDA:104,30,0,13
BRDA:104,30,1,0
BRDA:105,31,0,13
BRDA:105,31,1,0
BRDA:106,32,0,13
BRDA:106,32,1,0
BRDA:107,33,0,13
BRDA:107,33,1,0
BRDA:108,34,0,13
BRDA:108,34,1,0
BRDA:109,35,0,13
BRDA:109,35,1,0
BRDA:117,36,0,29
BRDA:117,36,1,26
BRDA:120,37,0,3
BRDA:120,37,1,3
BRDA:124,38,0,1
BRDA:124,38,1,2
BRDA:125,39,0,1
BRDA:125,39,1,0
BRDA:126,40,0,1
BRDA:126,40,1,0
BRDA:127,41,0,1
BRDA:127,41,1,0
BRDA:131,42,0,2
BRDA:131,42,1,0
BRDA:132,43,0,2
BRDA:132,43,1,0
BRDA:133,44,0,2
BRDA:133,44,1,0
BRDA:145,45,0,0
BRDA:145,45,1,52
BRDA:146,46,0,0
BRDA:146,46,1,52
BRDA:147,47,0,0
BRDA:147,47,1,52
BRDA:148,48,0,0
BRDA:148,48,1,52
BRDA:153,49,0,52
BRDA:153,49,1,0
BRDA:153,50,0,52
BRDA:153,50,1,0
BRDA:156,51,0,0
BRDA:156,51,1,0
BRDA:157,52,0,0
BRDA:157,52,1,0
BRDA:161,53,0,26
BRDA:161,53,1,26
BRDA:161,54,0,52
BRDA:161,54,1,51
BRDA:161,54,2,26
BRDA:202,55,0,26
BRDA:202,55,1,26
BRDA:205,56,0,0
BRDA:205,56,1,26
BRDA:205,57,0,0
BRDA:205,57,1,26
BRDA:206,58,0,26
BRDA:206,58,1,26
BRDA:210,59,0,0
BRDA:210,59,1,26
BRDA:210,60,0,0
BRDA:210,60,1,26
BRDA:211,61,0,0
BRDA:211,61,1,26
BRDA:211,62,0,0
BRDA:211,62,1,26
BRDA:215,63,0,0
BRDA:215,63,1,26
BRDA:215,64,0,0
BRDA:215,64,1,26
BRDA:233,65,0,26
BRDA:233,65,1,0
BRDA:251,66,0,0
BRDA:251,66,1,0
BRDA:261,67,0,0
BRDA:261,67,1,0
BRDA:296,68,0,0
BRDA:296,68,1,0
BRDA:297,69,0,0
BRDA:297,69,1,0
BRDA:340,70,0,26
BRDA:340,70,1,12
BRDA:348,71,0,12
BRDA:348,71,1,0
BRDA:350,72,0,12
BRDA:350,72,1,0
BRDA:353,73,0,12
BRDA:353,73,1,0
BRDA:355,74,0,12
BRDA:355,74,1,0
BRDA:358,75,0,12
BRDA:358,75,1,0
BRDA:360,76,0,12
BRDA:360,76,1,0
BRDA:363,77,0,12
BRDA:363,77,1,0
BRDA:365,78,0,12
BRDA:365,78,1,0
BRDA:368,79,0,12
BRDA:368,79,1,0
BRDA:370,80,0,12
BRDA:370,80,1,0
BRDA:373,81,0,12
BRDA:373,81,1,0
BRDA:375,82,0,12
BRDA:375,82,1,0
BRDA:429,83,0,26
BRDA:429,83,1,26
BRDA:459,84,0,0
BRDA:459,84,1,26
BRDA:486,85,0,24
BRDA:486,85,1,2
BRDA:497,86,0,24
BRDA:497,86,1,2
BRDA:508,87,0,26
BRDA:508,87,1,2
BRDA:525,88,0,0
BRDA:525,88,1,0
BRDA:526,89,0,0
BRDA:526,89,1,0
BRDA:527,90,0,0
BRDA:527,90,1,0
BRDA:562,91,0,26
BRDA:562,91,1,26
BRDA:562,91,2,0
BRDA:568,92,0,0
BRDA:568,92,1,0
BRDA:574,93,0,0
BRDA:574,93,1,0
BRDA:580,94,0,0
BRDA:580,94,1,0
BRDA:586,95,0,0
BRDA:586,95,1,0
BRF:196
BRH:110
end_of_record
TN:
SF:src\components\DashboardFinanceiro.js
FN:5,(anonymous_0)
FN:11,(anonymous_1)
FN:24,(anonymous_2)
FN:36,(anonymous_3)
FN:40,(anonymous_4)
FN:52,(anonymous_5)
FN:62,(anonymous_6)
FN:66,(anonymous_7)
FN:67,(anonymous_8)
FN:85,(anonymous_9)
FN:90,(anonymous_10)
FN:96,(anonymous_11)
FN:108,(anonymous_12)
FN:112,(anonymous_13)
FN:113,(anonymous_14)
FN:133,(anonymous_15)
FN:134,(anonymous_16)
FN:144,(anonymous_17)
FN:148,(anonymous_18)
FN:149,(anonymous_19)
FN:167,(anonymous_20)
FN:173,(anonymous_21)
FN:207,(anonymous_22)
FN:208,(anonymous_23)
FN:316,(anonymous_24)
FN:317,(anonymous_25)
FN:319,(anonymous_26)
FN:325,(anonymous_27)
FN:362,(anonymous_28)
FN:364,(anonymous_29)
FN:366,(anonymous_30)
FN:394,(anonymous_31)
FN:395,(anonymous_32)
FN:426,(anonymous_33)
FN:488,(anonymous_34)
FN:489,(anonymous_35)
FN:491,(anonymous_36)
FN:497,(anonymous_37)
FNF:38
FNH:27
FNDA:16,(anonymous_0)
FNDA:10,(anonymous_1)
FNDA:12,(anonymous_2)
FNDA:12,(anonymous_3)
FNDA:12,(anonymous_4)
FNDA:12,(anonymous_5)
FNDA:12,(anonymous_6)
FNDA:12,(anonymous_7)
FNDA:6,(anonymous_8)
FNDA:11,(anonymous_9)
FNDA:5,(anonymous_10)
FNDA:24,(anonymous_11)
FNDA:12,(anonymous_12)
FNDA:12,(anonymous_13)
FNDA:18,(anonymous_14)
FNDA:24,(anonymous_15)
FNDA:12,(anonymous_16)
FNDA:3,(anonymous_17)
FNDA:3,(anonymous_18)
FNDA:1,(anonymous_19)
FNDA:0,(anonymous_20)
FNDA:48,(anonymous_21)
FNDA:12,(anonymous_22)
FNDA:12,(anonymous_23)
FNDA:0,(anonymous_24)
FNDA:0,(anonymous_25)
FNDA:0,(anonymous_26)
FNDA:0,(anonymous_27)
FNDA:0,(anonymous_28)
FNDA:0,(anonymous_29)
FNDA:12,(anonymous_30)
FNDA:6,(anonymous_31)
FNDA:12,(anonymous_32)
FNDA:12,(anonymous_33)
FNDA:0,(anonymous_34)
FNDA:0,(anonymous_35)
FNDA:0,(anonymous_36)
FNDA:0,(anonymous_37)
DA:5,2
DA:6,16
DA:7,16
DA:8,16
DA:9,16
DA:11,16
DA:12,10
DA:14,6
DA:15,6
DA:17,6
DA:18,6
DA:19,6
DA:23,6
DA:24,6
DA:25,12
DA:35,6
DA:37,12
DA:38,12
DA:41,12
DA:42,12
DA:43,12
DA:45,12
DA:46,12
DA:47,12
DA:48,12
DA:52,12
DA:58,6
DA:61,6
DA:63,12
DA:64,12
DA:67,12
DA:68,12
DA:69,12
DA:71,12
DA:72,1
DA:73,1
DA:74,1
DA:76,11
DA:83,12
DA:85,11
DA:90,6
DA:91,6
DA:94,6
DA:95,6
DA:96,6
DA:97,24
DA:107,6
DA:109,12
DA:110,12
DA:113,18
DA:114,12
DA:115,12
DA:116,12
DA:118,12
DA:119,12
DA:120,12
DA:121,12
DA:124,12
DA:125,12
DA:126,12
DA:127,12
DA:132,6
DA:133,24
DA:134,12
DA:140,6
DA:143,6
DA:145,3
DA:146,3
DA:149,3
DA:150,3
DA:151,3
DA:153,3
DA:154,1
DA:155,1
DA:156,1
DA:158,2
DA:165,3
DA:167,6
DA:168,6
DA:173,16
DA:174,48
DA:175,12
DA:176,12
DA:177,12
DA:180,16
DA:182,16
DA:183,4
DA:207,12
DA:208,12
DA:209,12
DA:211,12
DA:316,0
DA:317,0
DA:319,0
DA:325,0
DA:362,0
DA:364,0
DA:367,12
DA:394,6
DA:396,12
DA:427,12
DA:428,12
DA:429,12
DA:430,12
DA:432,12
DA:488,0
DA:489,0
DA:491,0
DA:497,0
LF:109
LH:99
BRDA:12,0,0,6
BRDA:12,0,1,4
BRDA:12,1,0,10
BRDA:12,1,1,9
BRDA:12,1,2,7
BRDA:17,2,0,6
BRDA:17,2,1,0
BRDA:17,3,0,6
BRDA:17,3,1,6
BRDA:17,3,2,6
BRDA:38,4,0,12
BRDA:38,4,1,12
BRDA:41,5,0,12
BRDA:41,5,1,0
BRDA:42,6,0,12
BRDA:42,6,1,0
BRDA:43,7,0,12
BRDA:43,7,1,0
BRDA:43,8,0,12
BRDA:43,8,1,0
BRDA:43,9,0,12
BRDA:43,9,1,0
BRDA:54,10,0,12
BRDA:54,10,1,0
BRDA:55,11,0,12
BRDA:55,11,1,0
BRDA:64,12,0,12
BRDA:64,12,1,12
BRDA:64,12,2,12
BRDA:68,13,0,12
BRDA:68,13,1,0
BRDA:69,14,0,12
BRDA:69,14,1,0
BRDA:69,15,0,12
BRDA:69,15,1,0
BRDA:69,16,0,12
BRDA:69,16,1,0
BRDA:71,17,0,1
BRDA:71,17,1,11
BRDA:87,18,0,11
BRDA:87,18,1,0
BRDA:88,19,0,11
BRDA:88,19,1,0
BRDA:110,20,0,12
BRDA:110,20,1,12
BRDA:114,21,0,12
BRDA:114,21,1,0
BRDA:114,22,0,12
BRDA:114,22,1,12
BRDA:115,23,0,12
BRDA:115,23,1,0
BRDA:116,24,0,12
BRDA:116,24,1,0
BRDA:116,25,0,12
BRDA:116,25,1,0
BRDA:116,26,0,12
BRDA:116,26,1,0
BRDA:125,27,0,12
BRDA:125,27,1,0
BRDA:136,28,0,12
BRDA:136,28,1,0
BRDA:137,29,0,12
BRDA:137,29,1,0
BRDA:143,30,0,6
BRDA:143,30,1,3
BRDA:146,31,0,3
BRDA:146,31,1,3
BRDA:150,32,0,3
BRDA:150,32,1,0
BRDA:151,33,0,3
BRDA:151,33,1,0
BRDA:153,34,0,1
BRDA:153,34,1,2
BRDA:156,35,0,1
BRDA:156,35,1,0
BRDA:162,36,0,2
BRDA:162,36,1,0
BRDA:174,37,0,36
BRDA:174,37,1,12
BRDA:175,38,0,0
BRDA:175,38,1,12
BRDA:176,39,0,0
BRDA:176,39,1,12
BRDA:182,40,0,4
BRDA:182,40,1,12
BRDA:182,41,0,16
BRDA:182,41,1,15
BRDA:182,41,2,12
BRDA:209,42,0,6
BRDA:209,42,1,6
BRDA:257,43,0,12
BRDA:257,43,1,0
BRDA:320,44,0,0
BRDA:320,44,1,0
BRDA:321,45,0,0
BRDA:321,45,1,0
BRDA:322,46,0,0
BRDA:322,46,1,0
BRDA:323,47,0,0
BRDA:323,47,1,0
BRDA:427,48,0,0
BRDA:427,48,1,12
BRDA:427,49,0,12
BRDA:427,49,1,0
BRDA:428,50,0,0
BRDA:428,50,1,12
BRDA:428,51,0,12
BRDA:428,51,1,0
BRDA:429,52,0,0
BRDA:429,52,1,12
BRDA:429,53,0,12
BRDA:429,53,1,0
BRDA:430,54,0,0
BRDA:430,54,1,12
BRDA:430,55,0,12
BRDA:430,55,1,0
BRDA:475,56,0,12
BRDA:475,56,1,2
BRDA:492,57,0,0
BRDA:492,57,1,0
BRDA:492,58,0,0
BRDA:492,58,1,0
BRDA:493,59,0,0
BRDA:493,59,1,0
BRDA:494,60,0,0
BRDA:494,60,1,0
BRDA:495,61,0,0
BRDA:495,61,1,0
BRF:128
BRH:73
end_of_record
TN:
SF:src\components\DashboardOperacional.js
FN:5,(anonymous_0)
FN:13,(anonymous_1)
FN:26,(anonymous_2)
FN:30,(anonymous_3)
FN:31,(anonymous_4)
FN:50,(anonymous_5)
FN:56,(anonymous_6)
FN:62,(anonymous_7)
FN:66,(anonymous_8)
FN:69,(anonymous_9)
FN:91,(anonymous_10)
FN:98,(anonymous_11)
FN:103,(anonymous_12)
FN:107,(anonymous_13)
FN:108,(anonymous_14)
FN:131,(anonymous_15)
FN:136,(anonymous_16)
FN:143,(anonymous_17)
FN:167,(anonymous_18)
FN:174,(anonymous_19)
FN:177,(anonymous_20)
FN:180,(anonymous_21)
FN:196,(anonymous_22)
FN:202,(anonymous_23)
FN:209,(anonymous_24)
FN:215,(anonymous_25)
FN:223,(anonymous_26)
FN:260,(anonymous_27)
FN:263,(anonymous_28)
FN:276,(anonymous_29)
FN:279,(anonymous_30)
FN:301,(anonymous_31)
FN:305,(anonymous_32)
FN:309,(anonymous_33)
FN:320,(anonymous_34)
FN:321,(anonymous_35)
FN:322,(anonymous_36)
FN:325,(anonymous_37)
FN:326,(anonymous_38)
FN:327,(anonymous_39)
FN:330,(anonymous_40)
FN:331,(anonymous_41)
FN:332,(anonymous_42)
FN:333,(anonymous_43)
FN:346,(anonymous_44)
FN:416,(anonymous_45)
FN:418,(anonymous_46)
FN:427,(anonymous_47)
FN:516,(anonymous_48)
FN:551,(anonymous_49)
FN:552,(anonymous_50)
FN:554,(anonymous_51)
FN:560,(anonymous_52)
FN:601,(anonymous_53)
FN:639,(anonymous_54)
FN:640,(anonymous_55)
FN:642,(anonymous_56)
FN:649,(anonymous_57)
FN:711,(anonymous_58)
FN:757,(anonymous_59)
FN:797,(anonymous_60)
FN:797,(anonymous_61)
FN:798,(anonymous_62)
FN:799,(anonymous_63)
FN:801,(anonymous_64)
FN:802,(anonymous_65)
FN:803,(anonymous_66)
FN:804,(anonymous_67)
FNF:68
FNH:52
FNDA:180,(anonymous_0)
FNDA:93,(anonymous_1)
FNDA:135,(anonymous_2)
FNDA:4,(anonymous_3)
FNDA:1,(anonymous_4)
FNDA:3,(anonymous_5)
FNDA:0,(anonymous_6)
FNDA:135,(anonymous_7)
FNDA:133,(anonymous_8)
FNDA:83,(anonymous_9)
FNDA:84,(anonymous_10)
FNDA:1,(anonymous_11)
FNDA:3,(anonymous_12)
FNDA:3,(anonymous_13)
FNDA:1,(anonymous_14)
FNDA:0,(anonymous_15)
FNDA:135,(anonymous_16)
FNDA:134,(anonymous_17)
FNDA:135,(anonymous_18)
FNDA:134,(anonymous_19)
FNDA:85,(anonymous_20)
FNDA:85,(anonymous_21)
FNDA:1,(anonymous_22)
FNDA:579,(anonymous_23)
FNDA:498,(anonymous_24)
FNDA:84,(anonymous_25)
FNDA:1,(anonymous_26)
FNDA:0,(anonymous_27)
FNDA:334,(anonymous_28)
FNDA:0,(anonymous_29)
FNDA:330,(anonymous_30)
FNDA:81,(anonymous_31)
FNDA:81,(anonymous_32)
FNDA:81,(anonymous_33)
FNDA:81,(anonymous_34)
FNDA:2,(anonymous_35)
FNDA:81,(anonymous_36)
FNDA:81,(anonymous_37)
FNDA:2,(anonymous_38)
FNDA:81,(anonymous_39)
FNDA:81,(anonymous_40)
FNDA:2,(anonymous_41)
FNDA:2,(anonymous_42)
FNDA:2,(anonymous_43)
FNDA:81,(anonymous_44)
FNDA:0,(anonymous_45)
FNDA:0,(anonymous_46)
FNDA:498,(anonymous_47)
FNDA:82,(anonymous_48)
FNDA:0,(anonymous_49)
FNDA:0,(anonymous_50)
FNDA:0,(anonymous_51)
FNDA:0,(anonymous_52)
FNDA:0,(anonymous_53)
FNDA:0,(anonymous_54)
FNDA:0,(anonymous_55)
FNDA:0,(anonymous_56)
FNDA:0,(anonymous_57)
FNDA:81,(anonymous_58)
FNDA:81,(anonymous_59)
FNDA:672,(anonymous_60)
FNDA:324,(anonymous_61)
FNDA:1,(anonymous_62)
FNDA:1,(anonymous_63)
FNDA:1,(anonymous_64)
FNDA:1,(anonymous_65)
FNDA:0,(anonymous_66)
FNDA:1,(anonymous_67)
DA:5,2
DA:6,180
DA:7,180
DA:8,180
DA:9,180
DA:10,180
DA:11,180
DA:13,180
DA:14,93
DA:16,87
DA:17,87
DA:19,87
DA:20,77
DA:21,77
DA:25,87
DA:27,135
DA:28,135
DA:31,4
DA:32,4
DA:33,1
DA:34,1
DA:35,1
DA:36,1
DA:37,1
DA:39,3
DA:48,4
DA:50,3
DA:56,87
DA:57,87
DA:60,87
DA:61,87
DA:63,135
DA:64,135
DA:67,133
DA:68,133
DA:69,84
DA:70,84
DA:83,133
DA:84,133
DA:85,133
DA:86,133
DA:87,133
DA:90,87
DA:91,84
DA:98,87
DA:99,87
DA:102,87
DA:104,3
DA:105,3
DA:108,3
DA:109,3
DA:110,1
DA:111,1
DA:112,1
DA:113,1
DA:115,1
DA:116,1
DA:118,2
DA:119,2
DA:129,3
DA:131,87
DA:132,87
DA:135,87
DA:137,135
DA:138,135
DA:139,135
DA:140,135
DA:141,135
DA:144,134
DA:145,134
DA:146,134
DA:147,134
DA:148,134
DA:149,134
DA:150,134
DA:151,134
DA:152,134
DA:155,87
DA:156,87
DA:165,87
DA:166,87
DA:168,135
DA:169,135
DA:170,135
DA:171,135
DA:172,135
DA:175,134
DA:176,134
DA:177,85
DA:178,85
DA:180,85
DA:184,134
DA:185,134
DA:186,134
DA:187,134
DA:188,134
DA:189,134
DA:190,134
DA:193,87
DA:196,1
DA:202,180
DA:203,579
DA:204,176
DA:205,176
DA:206,176
DA:209,180
DA:210,498
DA:211,340
DA:212,340
DA:215,180
DA:216,84
DA:217,84
DA:218,84
DA:221,180
DA:222,180
DA:223,1
DA:226,180
DA:227,12
DA:251,168
DA:260,0
DA:264,334
DA:276,0
DA:280,330
DA:301,81
DA:305,81
DA:309,81
DA:320,81
DA:321,2
DA:322,81
DA:325,81
DA:326,2
DA:327,81
DA:330,81
DA:331,2
DA:332,2
DA:333,2
DA:346,81
DA:416,0
DA:418,0
DA:428,498
DA:517,82
DA:551,0
DA:552,0
DA:554,0
DA:560,0
DA:602,0
DA:603,0
DA:604,0
DA:613,0
DA:639,0
DA:640,0
DA:642,0
DA:649,0
DA:712,81
DA:758,81
DA:797,672
DA:799,1
DA:801,1
DA:802,1
DA:803,0
DA:804,1
DA:807,1
DA:808,1
DA:809,1
DA:810,1
DA:812,1
LF:166
LH:149
BRDA:14,0,0,87
BRDA:14,0,1,6
BRDA:14,1,0,93
BRDA:14,1,1,92
BRDA:19,2,0,77
BRDA:19,2,1,10
BRDA:19,3,0,87
BRDA:19,3,1,84
BRDA:19,3,2,80
BRDA:28,4,0,135
BRDA:28,4,1,134
BRDA:28,4,2,134
BRDA:28,4,3,133
BRDA:28,4,4,130
BRDA:32,5,0,1
BRDA:32,5,1,3
BRDA:33,6,0,1
BRDA:33,6,1,0
BRDA:34,7,0,1
BRDA:34,7,1,0
BRDA:34,8,0,1
BRDA:34,8,1,0
BRDA:34,9,0,1
BRDA:34,9,1,0
BRDA:35,10,0,1
BRDA:35,10,1,0
BRDA:36,11,0,1
BRDA:36,11,1,0
BRDA:41,12,0,3
BRDA:41,12,1,0
BRDA:42,13,0,3
BRDA:42,13,1,0
BRDA:42,14,0,3
BRDA:42,14,1,0
BRDA:42,15,0,3
BRDA:42,15,1,0
BRDA:43,16,0,3
BRDA:43,16,1,1
BRDA:44,17,0,3
BRDA:44,17,1,1
BRDA:52,18,0,3
BRDA:52,18,1,0
BRDA:53,19,0,2
BRDA:53,19,1,1
BRDA:54,20,0,2
BRDA:54,20,1,1
BRDA:64,21,0,135
BRDA:64,21,1,134
BRDA:64,21,2,134
BRDA:68,22,0,84
BRDA:68,22,1,49
BRDA:72,23,0,84
BRDA:72,23,1,5
BRDA:73,24,0,84
BRDA:73,24,1,5
BRDA:83,25,0,133
BRDA:83,25,1,0
BRDA:84,26,0,133
BRDA:84,26,1,0
BRDA:84,27,0,133
BRDA:84,27,1,0
BRDA:84,28,0,133
BRDA:84,28,1,0
BRDA:85,29,0,133
BRDA:85,29,1,130
BRDA:86,30,0,133
BRDA:86,30,1,130
BRDA:93,31,0,84
BRDA:93,31,1,0
BRDA:94,32,0,3
BRDA:94,32,1,81
BRDA:95,33,0,3
BRDA:95,33,1,81
BRDA:102,34,0,87
BRDA:102,34,1,84
BRDA:105,35,0,3
BRDA:105,35,1,3
BRDA:109,36,0,1
BRDA:109,36,1,2
BRDA:110,37,0,1
BRDA:110,37,1,0
BRDA:111,38,0,1
BRDA:111,38,1,0
BRDA:112,39,0,1
BRDA:112,39,1,0
BRDA:113,40,0,1
BRDA:113,40,1,0
BRDA:113,41,0,1
BRDA:113,41,1,0
BRDA:113,42,0,1
BRDA:113,42,1,0
BRDA:114,43,0,1
BRDA:114,43,1,0
BRDA:115,44,0,1
BRDA:115,44,1,0
BRDA:115,45,0,1
BRDA:115,45,1,0
BRDA:115,46,0,1
BRDA:115,46,1,0
BRDA:116,47,0,1
BRDA:116,47,1,0
BRDA:118,48,0,2
BRDA:118,48,1,0
BRDA:118,49,0,2
BRDA:118,49,1,0
BRDA:118,50,0,2
BRDA:118,50,1,0
BRDA:121,51,0,2
BRDA:121,51,1,0
BRDA:122,52,0,2
BRDA:122,52,1,0
BRDA:123,53,0,2
BRDA:123,53,1,0
BRDA:125,54,0,2
BRDA:125,54,1,0
BRDA:126,55,0,2
BRDA:126,55,1,0
BRDA:126,56,0,2
BRDA:126,56,1,0
BRDA:138,57,0,135
BRDA:138,57,1,134
BRDA:139,58,0,135
BRDA:139,58,1,0
BRDA:140,59,0,135
BRDA:140,59,1,0
BRDA:141,60,0,135
BRDA:141,60,1,134
BRDA:141,60,2,134
BRDA:144,61,0,134
BRDA:144,61,1,1
BRDA:145,62,0,134
BRDA:145,62,1,1
BRDA:146,63,0,134
BRDA:146,63,1,1
BRDA:147,64,0,134
BRDA:147,64,1,1
BRDA:148,65,0,134
BRDA:148,65,1,1
BRDA:149,66,0,134
BRDA:149,66,1,1
BRDA:150,67,0,134
BRDA:150,67,1,134
BRDA:151,68,0,134
BRDA:151,68,1,1
BRDA:156,69,0,83
BRDA:156,69,1,4
BRDA:169,70,0,135
BRDA:169,70,1,134
BRDA:170,71,0,135
BRDA:170,71,1,0
BRDA:171,72,0,135
BRDA:171,72,1,0
BRDA:172,73,0,135
BRDA:172,73,1,134
BRDA:172,73,2,134
BRDA:176,74,0,85
BRDA:176,74,1,49
BRDA:179,75,0,85
BRDA:179,75,1,6
BRDA:180,76,0,85
BRDA:180,76,1,5
BRDA:184,77,0,134
BRDA:184,77,1,1
BRDA:185,78,0,134
BRDA:185,78,1,1
BRDA:186,79,0,134
BRDA:186,79,1,1
BRDA:187,80,0,134
BRDA:187,80,1,1
BRDA:188,81,0,134
BRDA:188,81,1,1
BRDA:189,82,0,134
BRDA:189,82,1,1
BRDA:190,83,0,134
BRDA:190,83,1,1
BRDA:203,84,0,403
BRDA:203,84,1,176
BRDA:204,85,0,0
BRDA:204,85,1,176
BRDA:205,86,0,0
BRDA:205,86,1,176
BRDA:210,87,0,158
BRDA:210,87,1,340
BRDA:211,88,0,0
BRDA:211,88,1,340
BRDA:216,89,0,0
BRDA:216,89,1,84
BRDA:216,90,0,84
BRDA:216,90,1,0
BRDA:217,91,0,0
BRDA:217,91,1,84
BRDA:217,92,0,84
BRDA:217,92,1,0
BRDA:226,93,0,12
BRDA:226,93,1,168
BRDA:226,94,0,180
BRDA:226,94,1,179
BRDA:226,94,2,168
BRDA:296,95,0,0
BRDA:296,95,1,168
BRDA:296,96,0,168
BRDA:296,96,1,168
BRDA:308,97,0,80
BRDA:308,97,1,88
BRDA:330,98,0,1
BRDA:330,98,1,167
BRDA:345,99,0,80
BRDA:345,99,1,88
BRDA:358,100,0,168
BRDA:358,100,1,0
BRDA:376,101,0,0
BRDA:376,101,1,0
BRDA:386,102,0,0
BRDA:386,102,1,0
BRDA:403,103,0,168
BRDA:403,103,1,83
BRDA:408,104,0,83
BRDA:408,104,1,3
BRDA:409,105,0,83
BRDA:409,105,1,3
BRDA:410,106,0,83
BRDA:410,106,1,3
BRDA:411,107,0,83
BRDA:411,107,1,3
BRDA:412,108,0,83
BRDA:412,108,1,3
BRDA:413,109,0,83
BRDA:413,109,1,3
BRDA:421,110,0,83
BRDA:421,110,1,3
BRDA:422,111,0,83
BRDA:422,111,1,3
BRDA:423,112,0,83
BRDA:423,112,1,3
BRDA:424,113,0,83
BRDA:424,113,1,3
BRDA:425,114,0,83
BRDA:425,114,1,3
BRDA:426,115,0,83
BRDA:426,115,1,3
BRDA:437,116,0,168
BRDA:437,116,1,83
BRDA:446,117,0,83
BRDA:446,117,1,3
BRDA:450,118,0,83
BRDA:450,118,1,3
BRDA:455,119,0,83
BRDA:455,119,1,3
BRDA:459,120,0,83
BRDA:459,120,1,3
BRDA:464,121,0,83
BRDA:464,121,1,3
BRDA:468,122,0,83
BRDA:468,122,1,3
BRDA:473,123,0,83
BRDA:473,123,1,3
BRDA:477,124,0,83
BRDA:477,124,1,3
BRDA:482,125,0,83
BRDA:482,125,1,3
BRDA:486,126,0,83
BRDA:486,126,1,3
BRDA:491,127,0,83
BRDA:491,127,1,3
BRDA:495,128,0,83
BRDA:495,128,1,3
BRDA:555,129,0,0
BRDA:555,129,1,0
BRDA:556,130,0,0
BRDA:556,130,1,0
BRDA:557,131,0,0
BRDA:557,131,1,0
BRDA:558,132,0,0
BRDA:558,132,1,0
BRDA:602,133,0,0
BRDA:602,133,1,0
BRDA:602,134,0,0
BRDA:602,134,1,0
BRDA:602,134,2,0
BRDA:626,135,0,168
BRDA:626,135,1,2
BRDA:643,136,0,0
BRDA:643,136,1,0
BRDA:644,137,0,0
BRDA:644,137,1,0
BRDA:645,138,0,0
BRDA:645,138,1,0
BRDA:646,139,0,0
BRDA:646,139,1,0
BRDA:647,140,0,0
BRDA:647,140,1,0
BRDA:807,141,0,1
BRDA:807,141,1,0
BRDA:807,142,0,0
BRDA:807,142,1,0
BRDA:808,143,0,1
BRDA:808,143,1,0
BRDA:808,144,0,0
BRDA:808,144,1,0
BRDA:809,145,0,1
BRDA:809,145,1,0
BRDA:809,146,0,0
BRDA:809,146,1,0
BRDA:810,147,0,1
BRDA:810,147,1,0
BRDA:810,148,0,0
BRDA:810,148,1,0
BRF:307
BRH:219
end_of_record
TN:
SF:src\components\DashboardRH.js
FN:5,(anonymous_0)
FN:12,(anonymous_1)
FN:26,(anonymous_2)
FN:30,(anonymous_3)
FN:33,(anonymous_4)
FN:58,(anonymous_5)
FN:59,(anonymous_6)
FN:73,(anonymous_7)
FN:76,(anonymous_8)
FN:81,(anonymous_9)
FN:85,(anonymous_10)
FN:86,(anonymous_11)
FN:105,(anonymous_12)
FN:118,(anonymous_13)
FN:123,(anonymous_14)
FN:124,(anonymous_15)
FN:133,(anonymous_16)
FN:138,(anonymous_17)
FN:151,(anonymous_18)
FN:168,(anonymous_19)
FN:169,(anonymous_20)
FN:213,(anonymous_21)
FN:219,(anonymous_22)
FN:220,(anonymous_23)
FN:251,(anonymous_24)
FN:252,(anonymous_25)
FN:256,(anonymous_26)
FN:319,(anonymous_27)
FN:321,(anonymous_28)
FN:333,(anonymous_29)
FN:438,(anonymous_30)
FN:471,(anonymous_31)
FN:472,(anonymous_32)
FN:474,(anonymous_33)
FN:481,(anonymous_34)
FN:531,(anonymous_35)
FN:562,(anonymous_36)
FN:610,(anonymous_37)
FN:669,(anonymous_38)
FN:670,(anonymous_39)
FN:672,(anonymous_40)
FN:716,(anonymous_41)
FNF:42
FNH:31
FNDA:7,(anonymous_0)
FNDA:6,(anonymous_1)
FNDA:2,(anonymous_2)
FNDA:2,(anonymous_3)
FNDA:1,(anonymous_4)
FNDA:1,(anonymous_5)
FNDA:1,(anonymous_6)
FNDA:2,(anonymous_7)
FNDA:0,(anonymous_8)
FNDA:2,(anonymous_9)
FNDA:2,(anonymous_10)
FNDA:1,(anonymous_11)
FNDA:2,(anonymous_12)
FNDA:1,(anonymous_13)
FNDA:1,(anonymous_14)
FNDA:1,(anonymous_15)
FNDA:0,(anonymous_16)
FNDA:2,(anonymous_17)
FNDA:1,(anonymous_18)
FNDA:2,(anonymous_19)
FNDA:1,(anonymous_20)
FNDA:7,(anonymous_21)
FNDA:2,(anonymous_22)
FNDA:2,(anonymous_23)
FNDA:1,(anonymous_24)
FNDA:1,(anonymous_25)
FNDA:1,(anonymous_26)
FNDA:0,(anonymous_27)
FNDA:0,(anonymous_28)
FNDA:9,(anonymous_29)
FNDA:2,(anonymous_30)
FNDA:0,(anonymous_31)
FNDA:0,(anonymous_32)
FNDA:0,(anonymous_33)
FNDA:0,(anonymous_34)
FNDA:0,(anonymous_35)
FNDA:1,(anonymous_36)
FNDA:1,(anonymous_37)
FNDA:1,(anonymous_38)
FNDA:0,(anonymous_39)
FNDA:0,(anonymous_40)
FNDA:1,(anonymous_41)
DA:5,2
DA:6,7
DA:7,7
DA:8,7
DA:9,7
DA:10,7
DA:12,7
DA:13,6
DA:15,1
DA:16,1
DA:18,1
DA:19,1
DA:20,1
DA:24,1
DA:25,1
DA:27,2
DA:28,2
DA:31,2
DA:32,2
DA:33,1
DA:34,1
DA:47,2
DA:48,2
DA:49,2
DA:50,2
DA:51,2
DA:52,2
DA:53,2
DA:57,1
DA:58,1
DA:60,1
DA:61,1
DA:63,1
DA:73,2
DA:76,1
DA:77,1
DA:80,1
DA:82,2
DA:83,2
DA:86,2
DA:87,2
DA:88,0
DA:89,0
DA:90,0
DA:91,0
DA:92,0
DA:94,2
DA:103,2
DA:106,2
DA:107,2
DA:109,2
DA:118,1
DA:119,1
DA:122,1
DA:123,1
DA:124,1
DA:133,1
DA:134,1
DA:137,1
DA:138,1
DA:139,2
DA:150,1
DA:151,1
DA:152,1
DA:153,1
DA:154,1
DA:155,1
DA:156,1
DA:159,1
DA:160,1
DA:161,1
DA:162,1
DA:167,1
DA:168,2
DA:170,1
DA:171,1
DA:173,1
DA:183,1
DA:186,1
DA:187,1
DA:192,1
DA:193,1
DA:194,1
DA:207,1
DA:213,7
DA:214,7
DA:215,5
DA:216,0
DA:219,7
DA:220,2
DA:221,2
DA:222,2
DA:223,2
DA:226,7
DA:227,5
DA:251,2
DA:252,2
DA:253,2
DA:254,2
DA:255,2
DA:256,1
DA:258,2
DA:319,0
DA:321,0
DA:334,9
DA:439,2
DA:471,0
DA:472,0
DA:474,0
DA:481,0
DA:532,0
DA:533,0
DA:534,0
DA:544,0
DA:563,1
DA:611,1
DA:669,1
DA:670,0
DA:673,0
DA:674,0
DA:716,1
LF:121
LH:102
BRDA:13,0,0,1
BRDA:13,0,1,5
BRDA:13,1,0,6
BRDA:13,1,1,5
BRDA:13,1,2,2
BRDA:18,2,0,1
BRDA:18,2,1,0
BRDA:18,3,0,1
BRDA:18,3,1,1
BRDA:18,3,2,1
BRDA:28,4,0,2
BRDA:28,4,1,2
BRDA:28,4,2,2
BRDA:28,4,3,0
BRDA:32,5,0,1
BRDA:32,5,1,1
BRDA:36,6,0,1
BRDA:36,6,1,0
BRDA:37,7,0,1
BRDA:37,7,1,0
BRDA:47,8,0,2
BRDA:47,8,1,0
BRDA:47,9,0,2
BRDA:47,9,1,0
BRDA:47,10,0,0
BRDA:47,10,1,0
BRDA:48,11,0,2
BRDA:48,11,1,0
BRDA:49,12,0,2
BRDA:49,12,1,0
BRDA:50,13,0,2
BRDA:50,13,1,0
BRDA:51,14,0,2
BRDA:51,14,1,0
BRDA:52,15,0,2
BRDA:52,15,1,0
BRDA:67,16,0,1
BRDA:67,16,1,0
BRDA:68,17,0,1
BRDA:68,17,1,0
BRDA:69,18,0,1
BRDA:69,18,1,0
BRDA:70,19,0,1
BRDA:70,19,1,0
BRDA:83,20,0,2
BRDA:83,20,1,2
BRDA:83,20,2,2
BRDA:83,20,3,0
BRDA:83,21,0,2
BRDA:83,21,1,0
BRDA:83,22,0,0
BRDA:83,22,1,0
BRDA:87,23,0,0
BRDA:87,23,1,2
BRDA:88,24,0,0
BRDA:88,24,1,0
BRDA:89,25,0,0
BRDA:89,25,1,0
BRDA:90,26,0,0
BRDA:90,26,1,0
BRDA:91,27,0,0
BRDA:91,27,1,0
BRDA:96,28,0,2
BRDA:96,28,1,0
BRDA:97,29,0,2
BRDA:97,29,1,0
BRDA:98,30,0,2
BRDA:98,30,1,0
BRDA:99,31,0,2
BRDA:99,31,1,0
BRDA:113,32,0,2
BRDA:113,32,1,0
BRDA:114,33,0,2
BRDA:114,33,1,0
BRDA:115,34,0,2
BRDA:115,34,1,0
BRDA:152,35,0,1
BRDA:152,35,1,0
BRDA:160,36,0,1
BRDA:160,36,1,0
BRDA:177,37,0,1
BRDA:177,37,1,0
BRDA:178,38,0,1
BRDA:178,38,1,0
BRDA:179,39,0,1
BRDA:179,39,1,0
BRDA:186,40,0,1
BRDA:186,40,1,0
BRDA:192,41,0,1
BRDA:192,41,1,0
BRDA:193,42,0,1
BRDA:193,42,1,0
BRDA:195,43,0,1
BRDA:195,43,1,0
BRDA:195,44,0,1
BRDA:195,44,1,0
BRDA:196,45,0,1
BRDA:196,45,1,0
BRDA:197,46,0,1
BRDA:197,46,1,0
BRDA:198,47,0,1
BRDA:198,47,1,0
BRDA:198,48,0,1
BRDA:198,48,1,0
BRDA:199,49,0,1
BRDA:199,49,1,0
BRDA:200,50,0,1
BRDA:200,50,1,0
BRDA:201,51,0,1
BRDA:201,51,1,0
BRDA:201,52,0,1
BRDA:201,52,1,0
BRDA:202,53,0,1
BRDA:202,53,1,0
BRDA:203,54,0,1
BRDA:203,54,1,0
BRDA:214,55,0,2
BRDA:214,55,1,5
BRDA:215,56,0,5
BRDA:215,56,1,0
BRDA:221,57,0,0
BRDA:221,57,1,2
BRDA:222,58,0,0
BRDA:222,58,1,2
BRDA:226,59,0,5
BRDA:226,59,1,2
BRDA:226,60,0,7
BRDA:226,60,1,6
BRDA:226,60,2,2
BRDA:254,61,0,1
BRDA:254,61,1,1
BRDA:255,62,0,1
BRDA:255,62,1,1
BRDA:303,63,0,2
BRDA:303,63,1,1
BRDA:308,64,0,1
BRDA:308,64,1,0
BRDA:308,65,0,1
BRDA:308,65,1,0
BRDA:309,66,0,1
BRDA:309,66,1,0
BRDA:310,67,0,1
BRDA:310,67,1,0
BRDA:311,68,0,1
BRDA:311,68,1,0
BRDA:311,69,0,1
BRDA:311,69,1,0
BRDA:312,70,0,1
BRDA:312,70,1,0
BRDA:313,71,0,1
BRDA:313,71,1,0
BRDA:314,72,0,1
BRDA:314,72,1,0
BRDA:314,73,0,1
BRDA:314,73,1,0
BRDA:315,74,0,1
BRDA:315,74,1,0
BRDA:316,75,0,1
BRDA:316,75,1,0
BRDA:324,76,0,1
BRDA:324,76,1,0
BRDA:324,77,0,1
BRDA:324,77,1,0
BRDA:325,78,0,1
BRDA:325,78,1,0
BRDA:326,79,0,1
BRDA:326,79,1,0
BRDA:327,80,0,1
BRDA:327,80,1,0
BRDA:327,81,0,1
BRDA:327,81,1,0
BRDA:328,82,0,1
BRDA:328,82,1,0
BRDA:329,83,0,1
BRDA:329,83,1,0
BRDA:330,84,0,1
BRDA:330,84,1,0
BRDA:330,85,0,1
BRDA:330,85,1,0
BRDA:331,86,0,1
BRDA:331,86,1,0
BRDA:332,87,0,1
BRDA:332,87,1,0
BRDA:343,88,0,2
BRDA:343,88,1,1
BRDA:352,89,0,1
BRDA:352,89,1,0
BRDA:352,90,0,1
BRDA:352,90,1,0
BRDA:356,91,0,1
BRDA:356,91,1,0
BRDA:356,92,0,1
BRDA:356,92,1,0
BRDA:358,93,0,1
BRDA:358,93,1,0
BRDA:362,94,0,1
BRDA:362,94,1,0
BRDA:365,95,0,1
BRDA:365,95,1,0
BRDA:369,96,0,1
BRDA:369,96,1,0
BRDA:372,97,0,1
BRDA:372,97,1,0
BRDA:376,98,0,1
BRDA:376,98,1,0
BRDA:376,99,0,1
BRDA:376,99,1,0
BRDA:380,100,0,1
BRDA:380,100,1,0
BRDA:380,101,0,1
BRDA:380,101,1,0
BRDA:382,102,0,1
BRDA:382,102,1,0
BRDA:386,103,0,1
BRDA:386,103,1,0
BRDA:389,104,0,1
BRDA:389,104,1,0
BRDA:393,105,0,1
BRDA:393,105,1,0
BRDA:396,106,0,1
BRDA:396,106,1,0
BRDA:400,107,0,1
BRDA:400,107,1,0
BRDA:400,108,0,1
BRDA:400,108,1,0
BRDA:403,109,0,1
BRDA:403,109,1,0
BRDA:407,110,0,1
BRDA:407,110,1,0
BRDA:410,111,0,1
BRDA:410,111,1,0
BRDA:414,112,0,1
BRDA:414,112,1,0
BRDA:417,113,0,1
BRDA:417,113,1,0
BRDA:421,114,0,1
BRDA:421,114,1,0
BRDA:475,115,0,0
BRDA:475,115,1,0
BRDA:476,116,0,0
BRDA:476,116,1,0
BRDA:477,117,0,0
BRDA:477,117,1,0
BRDA:478,118,0,0
BRDA:478,118,1,0
BRDA:479,119,0,0
BRDA:479,119,1,0
BRDA:532,120,0,0
BRDA:532,120,1,0
BRDA:532,121,0,0
BRDA:532,121,1,0
BRDA:532,121,2,0
BRF:252
BRH:127
end_of_record
TN:
SF:src\components\PeriodFilter.js
FN:3,(anonymous_0)
FN:20,(anonymous_1)
FN:22,(anonymous_2)
FN:26,(anonymous_3)
FN:29,(anonymous_4)
FN:98,(anonymous_5)
FN:102,(anonymous_6)
FN:115,(anonymous_7)
FN:120,(anonymous_8)
FN:158,(anonymous_9)
FN:161,(anonymous_10)
FN:176,(anonymous_11)
FN:190,(anonymous_12)
FN:211,(anonymous_13)
FNF:14
FNH:14
FNDA:132,(anonymous_0)
FNDA:103,(anonymous_1)
FNDA:11,(anonymous_2)
FNDA:103,(anonymous_3)
FNDA:21,(anonymous_4)
FNDA:42,(anonymous_5)
FNDA:1,(anonymous_6)
FNDA:1,(anonymous_7)
FNDA:132,(anonymous_8)
FNDA:9,(anonymous_9)
FNDA:1056,(anonymous_10)
FNDA:1,(anonymous_11)
FNDA:1,(anonymous_12)
FNDA:1010,(anonymous_13)
DA:3,2
DA:4,132
DA:5,132
DA:6,132
DA:9,132
DA:20,132
DA:22,103
DA:23,11
DA:26,103
DA:29,132
DA:30,21
DA:32,21
DA:35,21
DA:37,2
DA:38,2
DA:39,2
DA:42,1
DA:43,1
DA:44,1
DA:47,1
DA:48,1
DA:49,1
DA:53,1
DA:54,1
DA:55,1
DA:59,1
DA:60,1
DA:61,1
DA:65,1
DA:66,1
DA:67,1
DA:71,12
DA:72,12
DA:73,12
DA:77,2
DA:78,0
DA:79,0
DA:81,2
DA:82,2
DA:84,2
DA:87,0
DA:90,21
DA:91,21
DA:93,21
DA:94,19
DA:98,132
DA:99,42
DA:102,132
DA:103,1
DA:104,1
DA:105,1
DA:107,1
DA:108,1
DA:110,0
DA:115,132
DA:116,1
DA:117,1
DA:120,132
DA:121,132
DA:123,23
DA:124,23
DA:125,23
DA:128,23
DA:129,0
DA:132,23
DA:133,23
DA:134,23
DA:136,23
DA:138,0
DA:142,132
DA:158,9
DA:162,1056
DA:176,1
DA:190,1
DA:211,1010
LF:75
LH:69
BRDA:3,0,0,5
BRDA:35,1,0,2
BRDA:35,1,1,1
BRDA:35,1,2,1
BRDA:35,1,3,1
BRDA:35,1,4,1
BRDA:35,1,5,1
BRDA:35,1,6,12
BRDA:35,1,7,2
BRDA:35,1,8,0
BRDA:77,2,0,0
BRDA:77,2,1,2
BRDA:93,3,0,19
BRDA:93,3,1,2
BRDA:103,4,0,1
BRDA:103,4,1,0
BRDA:103,5,0,1
BRDA:103,5,1,1
BRDA:107,6,0,1
BRDA:107,6,1,0
BRDA:121,7,0,109
BRDA:121,7,1,23
BRDA:121,8,0,132
BRDA:121,8,1,23
BRDA:128,9,0,0
BRDA:128,9,1,23
BRDA:128,10,0,23
BRDA:128,10,1,23
BRDA:178,11,0,132
BRDA:178,11,1,105
BRDA:192,12,0,132
BRDA:192,12,1,105
BRDA:200,13,0,132
BRDA:200,13,1,120
BRF:34
BRH:29
end_of_record
TN:
SF:src\components\PeriodSummary.js
FN:4,(anonymous_0)
FN:10,(anonymous_1)
FNF:2
FNH:2
FNDA:4,(anonymous_0)
FNDA:8,(anonymous_1)
DA:4,2
DA:5,4
DA:6,0
DA:10,4
DA:11,8
DA:18,4
DA:19,4
DA:20,4
DA:21,4
DA:22,4
DA:23,4
DA:26,4
DA:29,4
DA:30,4
DA:33,4
DA:34,3
DA:35,1
DA:37,0
DA:41,4
DA:43,4
LF:20
LH:18
BRDA:5,0,0,0
BRDA:5,0,1,4
BRDA:5,1,0,4
BRDA:5,1,1,4
BRDA:5,1,2,4
BRDA:33,2,0,3
BRDA:33,2,1,1
BRDA:33,3,0,4
BRDA:33,3,1,4
BRDA:35,4,0,0
BRDA:35,4,1,1
BRF:11
BRH:9
end_of_record
TN:
SF:src\utils\dataLoader.js
FN:7,(anonymous_0)
FN:15,(anonymous_1)
FN:23,(anonymous_2)
FN:30,(anonymous_3)
FN:39,(anonymous_4)
FN:78,(anonymous_5)
FN:84,(anonymous_6)
FN:120,(anonymous_7)
FN:162,(anonymous_8)
FN:170,(anonymous_9)
FN:170,(anonymous_10)
FN:183,(anonymous_11)
FN:200,(anonymous_12)
FN:201,(anonymous_13)
FN:202,(anonymous_14)
FN:203,(anonymous_15)
FN:215,(anonymous_16)
FN:254,(anonymous_17)
FN:268,(anonymous_18)
FN:271,(anonymous_19)
FN:272,(anonymous_20)
FN:273,(anonymous_21)
FN:274,(anonymous_22)
FN:275,(anonymous_23)
FN:276,(anonymous_24)
FN:277,(anonymous_25)
FN:278,(anonymous_26)
FN:279,(anonymous_27)
FN:290,(anonymous_28)
FN:291,(anonymous_29)
FN:292,(anonymous_30)
FN:309,(anonymous_31)
FN:311,(anonymous_32)
FN:404,(anonymous_33)
FN:407,(anonymous_34)
FN:420,(anonymous_35)
FN:423,(anonymous_36)
FN:444,(anonymous_37)
FN:447,(anonymous_38)
FN:451,(anonymous_39)
FN:454,(anonymous_40)
FN:458,(anonymous_41)
FN:463,(anonymous_42)
FN:483,(anonymous_43)
FN:487,(anonymous_44)
FN:496,(anonymous_45)
FN:506,(anonymous_46)
FN:517,(anonymous_47)
FN:531,(anonymous_48)
FN:532,(anonymous_49)
FN:532,(anonymous_50)
FN:533,(anonymous_51)
FN:533,(anonymous_52)
FN:546,(anonymous_53)
FN:552,(anonymous_54)
FN:572,(anonymous_55)
FN:586,(anonymous_56)
FN:604,(anonymous_57)
FN:620,(anonymous_58)
FN:625,(anonymous_59)
FN:631,(anonymous_60)
FN:636,(anonymous_61)
FN:645,(anonymous_62)
FN:649,(anonymous_63)
FN:674,(anonymous_64)
FN:678,(anonymous_65)
FN:685,(anonymous_66)
FN:691,(anonymous_67)
FN:700,(anonymous_68)
FN:706,(anonymous_69)
FN:721,(anonymous_70)
FN:733,(anonymous_71)
FN:757,(anonymous_72)
FN:768,(anonymous_73)
FN:774,(anonymous_74)
FN:788,(anonymous_75)
FN:799,(anonymous_76)
FN:801,(anonymous_77)
FN:805,(anonymous_78)
FNF:79
FNH:54
FNDA:2,(anonymous_0)
FNDA:2,(anonymous_1)
FNDA:2,(anonymous_2)
FNDA:0,(anonymous_3)
FNDA:0,(anonymous_4)
FNDA:47,(anonymous_5)
FNDA:9,(anonymous_6)
FNDA:10,(anonymous_7)
FNDA:9,(anonymous_8)
FNDA:10,(anonymous_9)
FNDA:10,(anonymous_10)
FNDA:0,(anonymous_11)
FNDA:0,(anonymous_12)
FNDA:0,(anonymous_13)
FNDA:0,(anonymous_14)
FNDA:0,(anonymous_15)
FNDA:0,(anonymous_16)
FNDA:11,(anonymous_17)
FNDA:10,(anonymous_18)
FNDA:10,(anonymous_19)
FNDA:10,(anonymous_20)
FNDA:10,(anonymous_21)
FNDA:10,(anonymous_22)
FNDA:10,(anonymous_23)
FNDA:10,(anonymous_24)
FNDA:10,(anonymous_25)
FNDA:10,(anonymous_26)
FNDA:10,(anonymous_27)
FNDA:10,(anonymous_28)
FNDA:10,(anonymous_29)
FNDA:10,(anonymous_30)
FNDA:0,(anonymous_31)
FNDA:0,(anonymous_32)
FNDA:4,(anonymous_33)
FNDA:7,(anonymous_34)
FNDA:4,(anonymous_35)
FNDA:6,(anonymous_36)
FNDA:6,(anonymous_37)
FNDA:3,(anonymous_38)
FNDA:2,(anonymous_39)
FNDA:3,(anonymous_40)
FNDA:4,(anonymous_41)
FNDA:5,(anonymous_42)
FNDA:2,(anonymous_43)
FNDA:4,(anonymous_44)
FNDA:6,(anonymous_45)
FNDA:6,(anonymous_46)
FNDA:6,(anonymous_47)
FNDA:3,(anonymous_48)
FNDA:6,(anonymous_49)
FNDA:2,(anonymous_50)
FNDA:6,(anonymous_51)
FNDA:2,(anonymous_52)
FNDA:8,(anonymous_53)
FNDA:0,(anonymous_54)
FNDA:5,(anonymous_55)
FNDA:10,(anonymous_56)
FNDA:0,(anonymous_57)
FNDA:0,(anonymous_58)
FNDA:0,(anonymous_59)
FNDA:0,(anonymous_60)
FNDA:0,(anonymous_61)
FNDA:0,(anonymous_62)
FNDA:0,(anonymous_63)
FNDA:0,(anonymous_64)
FNDA:0,(anonymous_65)
FNDA:0,(anonymous_66)
FNDA:0,(anonymous_67)
FNDA:8,(anonymous_68)
FNDA:0,(anonymous_69)
FNDA:6,(anonymous_70)
FNDA:12,(anonymous_71)
FNDA:0,(anonymous_72)
FNDA:6,(anonymous_73)
FNDA:0,(anonymous_74)
FNDA:6,(anonymous_75)
FNDA:5,(anonymous_76)
FNDA:1,(anonymous_77)
FNDA:6,(anonymous_78)
DA:4,1
DA:7,1
DA:8,2
DA:11,2
DA:12,0
DA:15,2
DA:16,2
DA:24,2
DA:25,0
DA:27,2
DA:28,2
DA:31,0
DA:32,0
DA:39,1
DA:40,0
DA:50,0
DA:61,0
DA:72,0
DA:73,0
DA:78,1
DA:79,47
DA:84,1
DA:85,9
DA:89,9
DA:120,9
DA:121,10
DA:122,10
DA:126,10
DA:135,10
DA:136,10
DA:138,10
DA:140,0
DA:141,0
DA:142,0
DA:147,10
DA:148,10
DA:150,10
DA:162,1
DA:163,9
DA:165,9
DA:166,9
DA:167,9
DA:170,10
DA:171,9
DA:172,9
DA:174,0
DA:177,0
DA:178,0
DA:182,0
DA:183,0
DA:184,0
DA:185,0
DA:186,0
DA:194,0
DA:195,0
DA:196,0
DA:200,0
DA:201,0
DA:202,0
DA:203,0
DA:207,0
DA:208,0
DA:209,0
DA:211,0
DA:212,0
DA:213,0
DA:215,0
DA:217,0
DA:218,0
DA:220,0
DA:243,0
DA:244,0
DA:245,0
DA:246,0
DA:250,0
DA:254,1
DA:255,11
DA:257,11
DA:258,2
DA:262,9
DA:265,9
DA:268,10
DA:271,10
DA:272,10
DA:273,10
DA:274,10
DA:275,10
DA:276,10
DA:277,10
DA:278,10
DA:279,10
DA:282,9
DA:283,9
DA:286,9
DA:287,9
DA:290,10
DA:291,10
DA:292,10
DA:293,9
DA:296,9
DA:297,9
DA:298,9
DA:299,9
DA:302,9
DA:303,9
DA:304,9
DA:307,9
DA:308,9
DA:309,0
DA:310,0
DA:311,0
DA:316,9
DA:317,9
DA:318,9
DA:319,9
DA:322,9
DA:323,9
DA:324,9
DA:325,8
DA:326,8
DA:329,9
DA:330,9
DA:331,4
DA:333,9
DA:334,9
DA:335,6
DA:337,9
DA:338,9
DA:339,9
DA:342,9
DA:343,9
DA:345,9
DA:404,1
DA:405,4
DA:407,2
DA:408,7
DA:409,7
DA:412,5
DA:413,5
DA:415,5
DA:420,1
DA:421,4
DA:423,3
DA:427,6
DA:429,2
DA:430,4
DA:432,2
DA:433,2
DA:436,2
DA:439,4
DA:444,1
DA:445,6
DA:447,3
DA:451,1
DA:452,2
DA:454,3
DA:458,1
DA:459,4
DA:461,2
DA:463,2
DA:464,5
DA:465,5
DA:466,4
DA:476,5
DA:477,5
DA:478,5
DA:479,5
DA:480,5
DA:483,2
DA:487,1
DA:488,4
DA:490,3
DA:491,3
DA:494,3
DA:496,3
DA:497,6
DA:506,3
DA:507,6
DA:508,6
DA:509,6
DA:510,6
DA:511,6
DA:512,6
DA:517,3
DA:518,6
DA:519,6
DA:520,6
DA:522,6
DA:531,3
DA:532,6
DA:533,6
DA:535,3
DA:546,1
DA:547,8
DA:550,4
DA:551,4
DA:552,0
DA:553,0
DA:554,0
DA:557,0
DA:558,0
DA:560,0
DA:564,4
DA:565,4
DA:572,4
DA:573,5
DA:574,5
DA:576,5
DA:577,4
DA:585,5
DA:586,5
DA:587,10
DA:588,10
DA:589,10
DA:590,10
DA:591,10
DA:592,10
DA:593,10
DA:594,10
DA:595,10
DA:596,10
DA:597,10
DA:598,10
DA:599,10
DA:603,4
DA:604,0
DA:620,1
DA:621,0
DA:624,0
DA:625,0
DA:626,0
DA:627,0
DA:630,0
DA:631,0
DA:632,0
DA:633,0
DA:636,0
DA:637,0
DA:638,0
DA:640,0
DA:641,0
DA:644,0
DA:645,0
DA:646,0
DA:648,0
DA:649,0
DA:650,0
DA:653,0
DA:654,0
DA:656,0
DA:674,0
DA:678,1
DA:679,0
DA:680,0
DA:682,0
DA:685,0
DA:686,0
DA:687,0
DA:691,0
DA:692,0
DA:693,0
DA:696,0
DA:700,1
DA:701,8
DA:704,4
DA:705,4
DA:706,0
DA:707,0
DA:708,0
DA:711,0
DA:712,0
DA:714,0
DA:718,4
DA:719,4
DA:721,4
DA:722,6
DA:723,6
DA:725,6
DA:726,4
DA:732,6
DA:733,6
DA:734,12
DA:735,12
DA:736,12
DA:737,12
DA:738,12
DA:739,12
DA:740,12
DA:741,12
DA:746,4
DA:747,4
DA:756,4
DA:757,0
DA:768,1
DA:769,6
DA:772,4
DA:773,4
DA:774,0
DA:775,0
DA:776,0
DA:779,0
DA:780,0
DA:782,0
DA:786,4
DA:788,4
DA:789,6
DA:790,6
DA:792,6
DA:793,5
DA:795,6
DA:798,4
DA:799,4
DA:800,5
DA:801,5
DA:802,5
DA:805,6
DA:812,4
LF:317
LH:218
BRDA:7,0,0,2
BRDA:11,1,0,0
BRDA:11,1,1,2
BRDA:24,2,0,0
BRDA:24,2,1,2
BRDA:85,3,0,0
BRDA:85,3,1,9
BRDA:85,4,0,9
BRDA:85,4,1,9
BRDA:121,5,0,10
BRDA:121,5,1,10
BRDA:126,6,0,10
BRDA:126,6,1,0
BRDA:126,6,2,10
BRDA:126,6,3,10
BRDA:126,6,4,10
BRDA:126,6,5,10
BRDA:126,6,6,10
BRDA:126,6,7,10
BRDA:138,7,0,0
BRDA:138,7,1,10
BRDA:138,8,0,10
BRDA:138,8,1,0
BRDA:141,9,0,0
BRDA:141,9,1,0
BRDA:142,10,0,0
BRDA:142,10,1,0
BRDA:147,11,0,0
BRDA:147,11,1,10
BRDA:147,12,0,10
BRDA:147,12,1,0
BRDA:148,13,0,0
BRDA:148,13,1,10
BRDA:148,14,0,10
BRDA:148,14,1,0
BRDA:163,15,0,0
BRDA:163,15,1,9
BRDA:163,16,0,9
BRDA:163,16,1,9
BRDA:172,17,0,9
BRDA:172,17,1,0
BRDA:177,18,0,0
BRDA:177,18,1,0
BRDA:177,19,0,0
BRDA:177,19,1,0
BRDA:177,19,2,0
BRDA:185,20,0,0
BRDA:185,20,1,0
BRDA:194,21,0,0
BRDA:194,21,1,0
BRDA:195,22,0,0
BRDA:195,22,1,0
BRDA:196,23,0,0
BRDA:196,23,1,0
BRDA:211,24,0,0
BRDA:211,24,1,0
BRDA:211,24,2,0
BRDA:244,25,0,0
BRDA:244,25,1,0
BRDA:257,26,0,2
BRDA:257,26,1,9
BRDA:257,27,0,11
BRDA:257,27,1,10
BRDA:268,28,0,10
BRDA:268,28,1,1
BRDA:271,29,0,10
BRDA:271,29,1,10
BRDA:272,30,0,10
BRDA:272,30,1,10
BRDA:273,31,0,10
BRDA:273,31,1,10
BRDA:274,32,0,10
BRDA:274,32,1,7
BRDA:275,33,0,10
BRDA:275,33,1,7
BRDA:276,34,0,10
BRDA:276,34,1,7
BRDA:277,35,0,10
BRDA:277,35,1,3
BRDA:278,36,0,10
BRDA:278,36,1,5
BRDA:279,37,0,10
BRDA:279,37,1,5
BRDA:283,38,0,8
BRDA:283,38,1,1
BRDA:287,39,0,8
BRDA:287,39,1,1
BRDA:290,40,0,10
BRDA:290,40,1,2
BRDA:291,41,0,10
BRDA:291,41,1,8
BRDA:292,42,0,10
BRDA:292,42,1,2
BRDA:296,43,0,7
BRDA:296,43,1,2
BRDA:297,44,0,7
BRDA:297,44,1,2
BRDA:298,45,0,7
BRDA:298,45,1,2
BRDA:299,46,0,7
BRDA:299,46,1,2
BRDA:308,47,0,0
BRDA:308,47,1,9
BRDA:308,48,0,9
BRDA:308,48,1,0
BRDA:310,49,0,0
BRDA:310,49,1,0
BRDA:311,50,0,0
BRDA:311,50,1,0
BRDA:318,51,0,7
BRDA:318,51,1,2
BRDA:323,52,0,0
BRDA:323,52,1,9
BRDA:324,53,0,1
BRDA:324,53,1,8
BRDA:325,54,0,0
BRDA:325,54,1,8
BRDA:326,55,0,4
BRDA:326,55,1,4
BRDA:330,56,0,5
BRDA:330,56,1,4
BRDA:331,57,0,0
BRDA:331,57,1,4
BRDA:334,58,0,3
BRDA:334,58,1,6
BRDA:335,59,0,0
BRDA:335,59,1,6
BRDA:338,60,0,0
BRDA:338,60,1,9
BRDA:339,61,0,0
BRDA:339,61,1,9
BRDA:342,62,0,8
BRDA:342,62,1,1
BRDA:343,63,0,0
BRDA:343,63,1,9
BRDA:394,64,0,9
BRDA:394,64,1,7
BRDA:395,65,0,9
BRDA:395,65,1,7
BRDA:405,66,0,2
BRDA:405,66,1,2
BRDA:405,67,0,4
BRDA:405,67,1,3
BRDA:409,68,0,2
BRDA:409,68,1,5
BRDA:415,69,0,5
BRDA:415,69,1,5
BRDA:421,70,0,1
BRDA:421,70,1,3
BRDA:421,71,0,4
BRDA:421,71,1,3
BRDA:427,72,0,2
BRDA:427,72,1,4
BRDA:430,73,0,2
BRDA:430,73,1,2
BRDA:433,74,0,2
BRDA:433,74,1,0
BRDA:439,75,0,4
BRDA:439,75,1,4
BRDA:445,76,0,5
BRDA:445,76,1,1
BRDA:445,77,0,6
BRDA:445,77,1,5
BRDA:445,77,2,4
BRDA:452,78,0,1
BRDA:452,78,1,1
BRDA:452,79,0,2
BRDA:452,79,1,2
BRDA:452,79,2,2
BRDA:459,80,0,2
BRDA:459,80,1,2
BRDA:459,81,0,4
BRDA:459,81,1,3
BRDA:465,82,0,4
BRDA:465,82,1,1
BRDA:476,83,0,5
BRDA:476,83,1,0
BRDA:477,84,0,5
BRDA:477,84,1,2
BRDA:477,85,0,5
BRDA:477,85,1,2
BRDA:477,86,0,5
BRDA:477,86,1,3
BRDA:478,87,0,5
BRDA:478,87,1,2
BRDA:479,88,0,5
BRDA:479,88,1,2
BRDA:488,89,0,1
BRDA:488,89,1,3
BRDA:488,90,0,4
BRDA:488,90,1,4
BRDA:488,90,2,3
BRDA:508,91,0,6
BRDA:508,91,1,0
BRDA:509,92,0,6
BRDA:509,92,1,0
BRDA:510,93,0,6
BRDA:510,93,1,3
BRDA:510,94,0,6
BRDA:510,94,1,3
BRDA:510,95,0,6
BRDA:510,95,1,3
BRDA:511,96,0,6
BRDA:511,96,1,0
BRDA:512,97,0,6
BRDA:512,97,1,0
BRDA:518,98,0,5
BRDA:518,98,1,1
BRDA:519,99,0,5
BRDA:519,99,1,1
BRDA:520,100,0,5
BRDA:520,100,1,1
BRDA:546,101,0,8
BRDA:546,102,0,8
BRDA:547,103,0,4
BRDA:547,103,1,4
BRDA:547,104,0,8
BRDA:547,104,1,6
BRDA:551,105,0,0
BRDA:551,105,1,4
BRDA:551,106,0,4
BRDA:551,106,1,0
BRDA:554,107,0,0
BRDA:554,107,1,0
BRDA:560,108,0,0
BRDA:560,108,1,0
BRDA:576,109,0,4
BRDA:576,109,1,1
BRDA:587,110,0,10
BRDA:587,110,1,10
BRDA:588,111,0,10
BRDA:588,111,1,10
BRDA:589,112,0,10
BRDA:589,112,1,6
BRDA:590,113,0,10
BRDA:590,113,1,10
BRDA:591,114,0,10
BRDA:591,114,1,10
BRDA:592,115,0,10
BRDA:592,115,1,10
BRDA:593,116,0,10
BRDA:593,116,1,10
BRDA:594,117,0,10
BRDA:594,117,1,10
BRDA:595,118,0,10
BRDA:595,118,1,10
BRDA:595,119,0,10
BRDA:595,119,1,10
BRDA:596,120,0,10
BRDA:596,120,1,10
BRDA:597,121,0,10
BRDA:597,121,1,10
BRDA:598,122,0,10
BRDA:598,122,1,10
BRDA:599,123,0,10
BRDA:599,123,1,10
BRDA:621,124,0,0
BRDA:621,124,1,0
BRDA:621,125,0,0
BRDA:621,125,1,0
BRDA:625,126,0,0
BRDA:625,126,1,0
BRDA:626,127,0,0
BRDA:626,127,1,0
BRDA:631,128,0,0
BRDA:631,128,1,0
BRDA:632,129,0,0
BRDA:632,129,1,0
BRDA:637,130,0,0
BRDA:637,130,1,0
BRDA:638,131,0,0
BRDA:638,131,1,0
BRDA:644,132,0,0
BRDA:644,132,1,0
BRDA:645,133,0,0
BRDA:645,133,1,0
BRDA:646,134,0,0
BRDA:646,134,1,0
BRDA:648,135,0,0
BRDA:648,135,1,0
BRDA:649,136,0,0
BRDA:649,136,1,0
BRDA:650,137,0,0
BRDA:650,137,1,0
BRDA:653,138,0,0
BRDA:653,138,1,0
BRDA:654,139,0,0
BRDA:654,139,1,0
BRDA:659,140,0,0
BRDA:659,140,1,0
BRDA:660,141,0,0
BRDA:660,141,1,0
BRDA:661,142,0,0
BRDA:661,142,1,0
BRDA:662,143,0,0
BRDA:662,143,1,0
BRDA:663,144,0,0
BRDA:663,144,1,0
BRDA:664,145,0,0
BRDA:664,145,1,0
BRDA:665,146,0,0
BRDA:665,146,1,0
BRDA:666,147,0,0
BRDA:666,147,1,0
BRDA:667,148,0,0
BRDA:667,148,1,0
BRDA:668,149,0,0
BRDA:668,149,1,0
BRDA:674,150,0,0
BRDA:674,150,1,0
BRDA:679,151,0,0
BRDA:679,151,1,0
BRDA:679,152,0,0
BRDA:679,152,1,0
BRDA:679,153,0,0
BRDA:679,153,1,0
BRDA:680,154,0,0
BRDA:680,154,1,0
BRDA:680,155,0,0
BRDA:680,155,1,0
BRDA:680,156,0,0
BRDA:680,156,1,0
BRDA:700,157,0,8
BRDA:700,158,0,8
BRDA:701,159,0,4
BRDA:701,159,1,4
BRDA:701,160,0,8
BRDA:701,160,1,6
BRDA:705,161,0,0
BRDA:705,161,1,4
BRDA:705,162,0,4
BRDA:705,162,1,0
BRDA:708,163,0,0
BRDA:708,163,1,0
BRDA:714,164,0,0
BRDA:714,164,1,0
BRDA:725,165,0,4
BRDA:725,165,1,2
BRDA:734,166,0,12
BRDA:734,166,1,2
BRDA:735,167,0,12
BRDA:735,167,1,8
BRDA:736,168,0,12
BRDA:736,168,1,12
BRDA:737,169,0,12
BRDA:737,169,1,6
BRDA:738,170,0,12
BRDA:738,170,1,12
BRDA:739,171,0,12
BRDA:739,171,1,12
BRDA:740,172,0,12
BRDA:740,172,1,12
BRDA:741,173,0,12
BRDA:741,173,1,12
BRDA:747,174,0,0
BRDA:747,174,1,4
BRDA:768,175,0,6
BRDA:768,176,0,6
BRDA:769,177,0,2
BRDA:769,177,1,4
BRDA:769,178,0,6
BRDA:769,178,1,5
BRDA:773,179,0,0
BRDA:773,179,1,4
BRDA:773,180,0,4
BRDA:773,180,1,0
BRDA:776,181,0,0
BRDA:776,181,1,0
BRDA:782,182,0,0
BRDA:782,182,1,0
BRDA:790,183,0,6
BRDA:790,183,1,4
BRDA:792,184,0,5
BRDA:792,184,1,1
BRF:374
BRH:236
end_of_record
TN:
SF:src\utils\formatters.js
FN:3,(anonymous_0)
FN:13,(anonymous_1)
FN:23,(anonymous_2)
FN:31,(anonymous_3)
FN:36,(anonymous_4)
FNF:5
FNH:5
FNDA:226,(anonymous_0)
FNDA:1604,(anonymous_1)
FNDA:16,(anonymous_2)
FNDA:929,(anonymous_3)
FNDA:315,(anonymous_4)
DA:3,6
DA:4,226
DA:5,20
DA:8,206
DA:9,206
DA:10,206
DA:13,6
DA:14,1604
DA:15,58
DA:18,1546
DA:19,1546
DA:20,1546
DA:23,6
DA:24,16
DA:25,5
DA:28,11
DA:31,6
DA:32,929
DA:33,898
DA:36,6
DA:37,315
DA:38,34
DA:40,281
DA:41,281
DA:42,281
LF:25
LH:25
BRDA:4,0,0,20
BRDA:4,0,1,206
BRDA:4,1,0,226
BRDA:4,1,1,224
BRDA:4,1,2,208
BRDA:14,2,0,58
BRDA:14,2,1,1546
BRDA:14,3,0,1604
BRDA:14,3,1,1602
BRDA:14,3,2,1548
BRDA:24,4,0,5
BRDA:24,4,1,11
BRDA:24,5,0,16
BRDA:24,5,1,14
BRDA:24,5,2,12
BRDA:32,6,0,31
BRDA:32,6,1,898
BRDA:32,7,0,929
BRDA:32,7,1,927
BRDA:32,7,2,899
BRDA:37,8,0,34
BRDA:37,8,1,281
BRDA:37,9,0,315
BRDA:37,9,1,301
BRDA:37,9,2,291
BRF:25
BRH:25
end_of_record
